4.707890382660812924e-03
2.543414366919466083e-03
2.017863202462612596e-03
1.566142286220728293e-03
1.258742567143015904e-03
1.001032722383036208e-03
8.144220351979846936e-04
6.703286526018657591e-04
5.889381776508899888e-04
5.569601329505223433e-04
5.560163568708365901e-04
5.396973225416797863e-04
4.378038226087193783e-04
2.812291410691922168e-04
2.105428226486736601e-04
1.857961641180633043e-04
1.503607587427218805e-04
1.199763684333386520e-04
1.095854297478540581e-04
9.153911012920412876e-05
6.813752144354501511e-05
4.699420650214755976e-05
2.984342634158980445e-05
2.713582679608647326e-05
2.710991622233479827e-05
2.624724116508957137e-05
2.124319218288346127e-05
1.301705238768271748e-05
9.251110468145034589e-06
3.746393103580595245e-06
9.621807820931230488e-07
2.966947686469725296e-07
8.899392468675103176e-08
1.849046820740393732e-08
