6.577019955160389175e-01
4.848660799587301007e-01
3.643349013916620249e-01
2.702315309141141708e-01
1.927981379633422754e-01
1.312501245190475230e-01
8.538923729317282607e-02
5.590557827955301012e-02
3.989691965441707205e-02
3.299257327624785519e-02
2.802407140223697052e-02
1.660624077055805267e-02
1.262694600253896730e-02
1.258691090044309832e-02
1.213194917923992797e-02
1.087231836768143799e-02
1.032654525481118551e-02
1.027897905045749814e-02
1.025807776209273006e-02
1.004519658303978588e-02
9.652477465023167127e-03
9.369349190135229516e-03
8.296491431203518660e-03
2.859015301748046162e-03
6.412239043428147279e-04
2.898280158045720106e-04
7.922973576104800405e-05
5.327292131014779191e-06
5.723231809781281573e-07
4.303001520668708066e-08
3.653048017184812158e-09
