9.795316245275010464e-03
5.680110344521698863e-03
3.859026500413714582e-03
2.865310771077289077e-03
2.446235353933659019e-03
2.178000569012793729e-03
1.761314664694385622e-03
1.474722589955338413e-03
1.340704872017722425e-03
1.282991393550025287e-03
1.282974410951710905e-03
1.234968108724570929e-03
1.141417000304401725e-03
9.647731529542314614e-04
7.229932570801798518e-04
5.754846897683906469e-04
4.896568465840216242e-04
4.369158121549086599e-04
4.032955338259315049e-04
3.869169004976942138e-04
3.754185195381062510e-04
3.654245511774899236e-04
3.619763790088647301e-04
3.610683161066614421e-04
3.590664145285111337e-04
3.443035782642399996e-04
3.260452276989596354e-04
2.969848598704503701e-04
2.517825990722680120e-04
2.066979265177672827e-04
1.657966880904929055e-04
1.386367493415831742e-04
1.138945369579632047e-04
9.832994787378602597e-05
8.111589581036352220e-05
6.645216029142780216e-05
5.722695592534248800e-05
4.893070731608425061e-05
4.364813442472912605e-05
3.975041656271271334e-05
3.480781703137507838e-05
2.947527865091523344e-05
2.199212546852013451e-05
1.481230792090820098e-05
1.010388885298983566e-05
6.523388176279712697e-06
4.259995327343128354e-06
2.677105056581255906e-06
1.556278226258010081e-06
8.219007645291209811e-07
4.413910767763674197e-07
2.130697304460278182e-07
1.221219009796735897e-07
7.068330363681362274e-08
3.737190507272186634e-08
1.892962160586671554e-08
