3.687255919993733064e-03
2.429550218755355349e-03
1.803356848115436704e-03
1.353137239871463537e-03
9.967040884831170500e-04
7.019968136705154920e-04
4.723347746131242755e-04
3.050598223567911106e-04
2.000427247989326708e-04
1.438933715917178446e-04
1.200146160078924208e-04
1.012635326210013494e-04
5.779771516647199124e-05
4.440941552927240270e-05
4.429301032974863037e-05
4.252985714912276249e-05
3.800587620834773231e-05
3.657109051602171315e-05
3.640062488881901114e-05
3.630188940296810019e-05
3.530701229199382450e-05
3.292336943214761648e-05
1.840630297684352714e-05
1.137653879734080653e-05
9.892645803944259811e-06
2.892376929954682887e-06
4.224171560543913737e-07
1.527200807552909736e-07
1.270912144108593083e-08
