3.763683743618987439e-03
2.469002605845505797e-03
1.846009371788297866e-03
1.376080024365034741e-03
1.027324052722393541e-03
7.070901464924841126e-04
4.595040664344846059e-04
2.875176159229268563e-04
1.813518647745785578e-04
1.239063919614991896e-04
9.700057458836825841e-05
8.201759907827125466e-05
5.880174541123986225e-05
4.730908019931448532e-05
4.659495804027290861e-05
4.521395998526490814e-05
4.073727334543163675e-05
3.311845908322577718e-05
2.756488098910047727e-05
2.598315134153007246e-05
2.493509716255304899e-05
2.435302486019614868e-05
2.276220982831267376e-05
2.016129672950416659e-05
1.759933074692866716e-05
1.285313747014584594e-05
3.876389151823379541e-06
1.047241292520641481e-06
1.985248602723023860e-07
3.231581524930242320e-08
