5.671854156198121721e-01
4.218661166951244712e-01
3.363551906523509216e-01
2.920225517105487500e-01
2.754451035197139075e-01
2.742652809088791943e-01
2.723820809337526572e-01
2.455962933763992939e-01
2.091716860830775959e-01
1.652409996442786022e-01
1.248917361813642324e-01
1.048612769129609462e-01
9.125470881883149254e-02
7.650712055291737645e-02
6.653942741893102697e-02
6.285096526457667476e-02
6.065035104324495441e-02
5.769581223308588996e-02
5.442991549172807725e-02
5.151296579494590161e-02
4.938074608317023773e-02
4.899431303064692711e-02
4.898828927548271039e-02
4.853305397367661117e-02
4.837191825985266702e-02
4.815708585759119476e-02
4.776941702110968496e-02
4.691567715728711674e-02
4.541496137570827374e-02
4.241944387513219700e-02
3.740744459005134609e-02
3.149623313383511508e-02
2.711662014014562874e-02
2.286416960040076399e-02
1.681110864525058035e-02
1.232689741442604715e-02
7.889733996317545295e-03
5.076557060764671711e-03
3.359832234042478636e-03
2.317052736949171392e-03
1.638745738831217606e-03
1.257345100896841653e-03
9.495816814030965053e-04
7.238910932096212806e-04
5.444707269424125390e-04
3.650034710852609440e-04
2.322327662168270147e-04
1.467086436894361225e-04
8.436300767211876424e-05
5.411303553958490798e-05
3.072209417774882594e-05
1.633672641181628226e-05
1.025378407445510701e-05
7.052592014072532355e-06
5.026104922009021644e-06
3.589775882850955019e-06
2.393651937470284215e-06
1.569539782835504261e-06
1.038206973108225037e-06
6.314735028707537084e-07
3.089779784657272773e-07
1.632559331339683304e-07
9.303054853038136224e-08
5.248933640421247591e-08
2.777861431604447949e-08
1.443381672785909384e-08
7.617244033542105685e-09
