5.498217058592288486e-01
4.175789678809141980e-01
3.321787235224460400e-01
2.727537285647926302e-01
2.200099965418806924e-01
1.742733644254300385e-01
1.486665212141549397e-01
1.351052236667918405e-01
1.308052003480229264e-01
1.307815746839868232e-01
1.237850002167638769e-01
9.630962384209812432e-02
5.643318031332315160e-02
3.513175261214229045e-02
3.071954311222691719e-02
2.773398348350132950e-02
2.359783509473192126e-02
2.212272849752654549e-02
1.983462706018660968e-02
1.583649872861224786e-02
1.335782180076324280e-02
1.025629166575726947e-02
7.805462727833997923e-03
7.356718340821212336e-03
7.313565145821294446e-03
7.234573656814521393e-03
5.931360363899583314e-03
2.867974405782500614e-03
1.057430783049948930e-03
4.735502260226518659e-04
1.729517022634367114e-04
4.386511338257556651e-05
9.368952681684660310e-06
2.050951482924349169e-06
5.233266693953995345e-07
1.515515516715855755e-07
3.850676553745936869e-08
8.568527833202755685e-09
