6.456690164683674960e-01
4.865583419022412870e-01
3.669692246182780782e-01
2.707646643839283773e-01
1.860195968285636714e-01
1.218838230805655704e-01
7.461438939981294982e-02
4.739474932242621064e-02
3.212794282614381269e-02
2.559237030112647068e-02
2.179271622138522629e-02
1.598167442355661119e-02
1.291345620358989345e-02
1.265962704531969213e-02
1.195840084210706908e-02
1.113316693936647686e-02
1.027770116655335811e-02
8.823683358722663253e-03
7.514134104425852084e-03
7.121537681094689161e-03
6.461878716698146036e-03
6.047685250072249059e-03
5.740474810776416241e-03
5.528991083928017775e-03
4.644771379958567877e-03
2.186907693333421145e-03
6.186663300601705218e-04
7.386897114840659730e-05
1.276704730779922015e-05
1.283587585958859768e-06
1.963409826292594913e-07
2.439318078641634787e-08
1.605024685360862288e-09
