1.442923170018988073e-02
7.573796454785284779e-03
4.490980611746202625e-03
2.722133731258604729e-03
1.544678503727162913e-03
9.447907941776709315e-04
7.279175117031662931e-04
6.415826209532634423e-04
6.075984930782557351e-04
6.052417986250413842e-04
6.043536943166075365e-04
5.687865636388654512e-04
4.664341023469173453e-04
3.311917951291417760e-04
2.127822853586946105e-04
1.377031065087920266e-04
8.282483200314677595e-05
4.937167426224889756e-05
2.665669183207896730e-05
1.307435970181534116e-05
7.303711913511829363e-06
3.984951686106105528e-06
2.124375272159935514e-06
1.082762282073765990e-06
5.682603449407016206e-07
2.864761654472315632e-07
1.462429169388850489e-07
8.576377414802146953e-08
4.983641463630960933e-08
2.695302902265776658e-08
1.491875612136529714e-08
