9.479549302001642752e-04
0.000000000000000000e+00
7.774449412402728403e-03
0.000000000000000000e+00
4.371589952588938316e-02
0.000000000000000000e+00
8.475702365154393070e-02
0.000000000000000000e+00
1.346104104691644987e-01
0.000000000000000000e+00
1.857639541324080934e-01
0.000000000000000000e+00
2.392650071759353514e-01
0.000000000000000000e+00
2.955097105056014861e-01
0.000000000000000000e+00
3.542742658290361502e-01
0.000000000000000000e+00
4.089487794487960959e-01
0.000000000000000000e+00
4.625325961082582538e-01
0.000000000000000000e+00
5.140203659757526244e-01
0.000000000000000000e+00
5.643348674000649989e-01
0.000000000000000000e+00
6.128184916075665178e-01
0.000000000000000000e+00
6.569944630827004861e-01
0.000000000000000000e+00
6.978142987578029866e-01
0.000000000000000000e+00
7.356962093772974054e-01
0.000000000000000000e+00
7.691724398767342263e-01
0.000000000000000000e+00
8.015484221359171491e-01
0.000000000000000000e+00
8.300034760425899494e-01
0.000000000000000000e+00
8.569299471078768438e-01
0.000000000000000000e+00
8.784855599976906237e-01
0.000000000000000000e+00
8.981165670837761850e-01
0.000000000000000000e+00
9.158292254697278922e-01
0.000000000000000000e+00
9.313407951217352876e-01
0.000000000000000000e+00
9.435258004002379240e-01
0.000000000000000000e+00
9.546611983308284088e-01
0.000000000000000000e+00
9.624361074601395227e-01
0.000000000000000000e+00
9.704156594116125634e-01
0.000000000000000000e+00
9.746819958981538523e-01
0.000000000000000000e+00
1.020774102481277756e+00
0.000000000000000000e+00
9.782678845289998204e-01
0.000000000000000000e+00
1.018916754591300267e+00
1.702672421202085814e-04
1.018916754591300267e+00
-1.702672421202085814e-04
9.802670739122945065e-01
0.000000000000000000e+00
9.806697577013088196e-01
2.287086957000278743e-03
9.806697577013088196e-01
-2.287086957000278743e-03
1.016083468249322275e+00
7.302604246112696929e-03
1.016083468249322275e+00
-7.302604246112696929e-03
1.017403231202091307e+00
0.000000000000000000e+00
1.012675935362886914e+00
1.200224420832789358e-02
1.012675935362886914e+00
-1.200224420832789358e-02
1.005296520085110057e+00
1.646418264669144774e-02
1.005296520085110057e+00
-1.646418264669144774e-02
1.016114963907565949e+00
5.144444603802450500e-03
1.016114963907565949e+00
-5.144444603802450500e-03
9.839772190919707784e-01
8.082896851124964782e-03
9.839772190919707784e-01
-8.082896851124964782e-03
9.819042213720792223e-01
0.000000000000000000e+00
9.987456955411817550e-01
1.693827191938079499e-02
9.987456955411817550e-01
-1.693827191938079499e-02
9.884028190252509560e-01
1.275223338362028828e-02
9.884028190252509560e-01
-1.275223338362028828e-02
9.833612578692811912e-01
5.574660452331309073e-03
9.833612578692811912e-01
-5.574660452331309073e-03
1.000015623193247993e+00
1.667008661546393045e-02
1.000015623193247993e+00
-1.667008661546393045e-02
1.014375310649068940e+00
8.313260223528677606e-03
1.014375310649068940e+00
-8.313260223528677606e-03
1.016224285624732548e+00
0.000000000000000000e+00
1.002131618749641184e+00
1.628740096159324649e-02
1.002131618749641184e+00
-1.628740096159324649e-02
9.825584777801535941e-01
1.026155365446432613e-03
9.825584777801535941e-01
-1.026155365446432613e-03
9.828590053375979574e-01
0.000000000000000000e+00
1.009737929728659722e+00
1.277408062689953071e-02
1.009737929728659722e+00
-1.277408062689953071e-02
9.832146658150139329e-01
0.000000000000000000e+00
9.886812363791461777e-01
1.178559422722421333e-02
9.886812363791461777e-01
-1.178559422722421333e-02
9.836646561870858729e-01
2.844905209969322314e-03
9.836646561870858729e-01
-2.844905209969322314e-03
1.011679209082259057e+00
1.063212825849514653e-02
1.011679209082259057e+00
-1.063212825849514653e-02
1.014113109346303609e+00
6.159190158372177502e-03
1.014113109346303609e+00
-6.159190158372177502e-03
1.015129101889323593e+00
9.102698763314676870e-04
1.015129101889323593e+00
-9.102698763314676870e-04
1.007775143986141764e+00
1.333156292332371255e-02
1.007775143986141764e+00
-1.333156292332371255e-02
1.012467791542257523e+00
8.887918128076672392e-03
1.012467791542257523e+00
-8.887918128076672392e-03
1.003565563840190578e+00
1.504766353110090910e-02
1.003565563840190578e+00
-1.504766353110090910e-02
9.912614842101464818e-01
1.309197447300535985e-02
9.912614842101464818e-01
-1.309197447300535985e-02
1.012650773479989885e+00
7.149555369852083134e-03
1.012650773479989885e+00
-7.149555369852083134e-03
9.847700980470849297e-01
0.000000000000000000e+00
9.869846983023646825e-01
8.024120480041509185e-03
9.869846983023646825e-01
-8.024120480041509185e-03
9.894964470737301898e-01
1.059975547356706987e-02
9.894964470737301898e-01
-1.059975547356706987e-02
9.909016956037592916e-01
1.194428855659712858e-02
9.909016956037592916e-01
-1.194428855659712858e-02
1.014323261070657844e+00
0.000000000000000000e+00
1.014113128514338547e+00
0.000000000000000000e+00
1.007971237865373126e+00
1.233472554933828270e-02
1.007971237865373126e+00
-1.233472554933828270e-02
1.006388763767012140e+00
1.311261849342250548e-02
1.006388763767012140e+00
-1.311261849342250548e-02
1.013819360368516165e+00
1.763757247427703671e-03
1.013819360368516165e+00
-1.763757247427703671e-03
1.001440358330441427e+00
1.432608867044006529e-02
1.001440358330441427e+00
-1.432608867044006529e-02
1.012590470776463025e+00
5.812208692373582210e-03
1.012590470776463025e+00
-5.812208692373582210e-03
9.994574100318753818e-01
1.423791829822233790e-02
9.994574100318753818e-01
-1.423791829822233790e-02
9.983634889673465018e-01
1.408365316334453214e-02
9.983634889673465018e-01
-1.408365316334453214e-02
1.009127418186706482e+00
1.050496909954127395e-02
1.009127418186706482e+00
-1.050496909954127395e-02
1.011333913990234645e+00
7.680380918294049848e-03
1.011333913990234645e+00
-7.680380918294049848e-03
1.005720254577870065e+00
1.264231209080021907e-02
1.005720254577870065e+00
-1.264231209080021907e-02
9.885224412271382821e-01
8.691370432807406579e-03
9.885224412271382821e-01
-8.691370432807406579e-03
1.003090373211115161e+00
1.331501914379353349e-02
1.003090373211115161e+00
-1.331501914379353349e-02
9.933005651854076579e-01
1.256202947906293055e-02
9.933005651854076579e-01
-1.256202947906293055e-02
1.012890399124405594e+00
2.150471689716571336e-03
1.012890399124405594e+00
-2.150471689716571336e-03
9.963524129318508393e-01
1.316490211473077786e-02
9.963524129318508393e-01
-1.316490211473077786e-02
9.875366850005140584e-01
6.432373549028516137e-03
9.875366850005140584e-01
-6.432373549028516137e-03
9.870587970373705389e-01
5.358576057348025945e-03
9.870587970373705389e-01
-5.358576057348025945e-03
9.865831363627539652e-01
4.094583455141822398e-03
9.865831363627539652e-01
-4.094583455141822398e-03
9.860133348364790162e-01
7.950617589596849309e-04
9.860133348364790162e-01
-7.950617589596849309e-04
9.931286550346722919e-01
1.183888034322748764e-02
9.931286550346722919e-01
-1.183888034322748764e-02
1.012287803101409978e+00
3.476305425253616022e-03
1.012287803101409978e+00
-3.476305425253616022e-03
1.003479843495328261e+00
1.255008341856689302e-02
1.003479843495328261e+00
-1.255008341856689302e-02
1.009685494548531626e+00
8.423710268098658777e-03
1.009685494548531626e+00
-8.423710268098658777e-03
1.008078071095822370e+00
1.000407399805519106e-02
1.008078071095822370e+00
-1.000407399805519106e-02
1.005804983034272793e+00
1.125781932499109010e-02
1.005804983034272793e+00
-1.125781932499109010e-02
1.006494032729709609e+00
1.082401160876468073e-02
1.006494032729709609e+00
-1.082401160876468073e-02
1.001506724966462203e+00
1.259957326802643544e-02
1.001506724966462203e+00
-1.259957326802643544e-02
1.010094752739510993e+00
6.893477975919397663e-03
1.010094752739510993e+00
-6.893477975919397663e-03
1.011170349620211795e+00
3.935502611348704743e-03
1.011170349620211795e+00
-3.935502611348704743e-03
1.008774610782642522e+00
8.288790971172301306e-03
1.008774610782642522e+00
-8.288790971172301306e-03
9.973337087709488458e-01
1.257507708383007877e-02
9.973337087709488458e-01
-1.257507708383007877e-02
9.982321571673704597e-01
1.257086168125264372e-02
9.982321571673704597e-01
-1.257086168125264372e-02
1.003786436445888164e+00
1.159194341278890414e-02
1.003786436445888164e+00
-1.159194341278890414e-02
9.921103228849985634e-01
1.061679184006760444e-02
9.921103228849985634e-01
-1.061679184006760444e-02
9.869387687703321532e-01
3.110055564603142041e-03
9.869387687703321532e-01
-3.110055564603142041e-03
9.922872561184733486e-01
1.035705386869694745e-02
9.922872561184733486e-01
-1.035705386869694745e-02
9.930843321048272720e-01
1.071496541718596103e-02
9.930843321048272720e-01
-1.071496541718596103e-02
9.888742083032519004e-01
6.631384621767781075e-03
9.888742083032519004e-01
-6.631384621767781075e-03
9.953092642865957185e-01
1.153758426226643256e-02
9.953092642865957185e-01
-1.153758426226643256e-02
1.003719331883871302e+00
1.122285750582139967e-02
1.003719331883871302e+00
-1.122285750582139967e-02
1.009741152305608569e+00
6.130318367034979718e-03
1.009741152305608569e+00
-6.130318367034979718e-03
1.011253452006301456e+00
1.756852104603217083e-03
1.011253452006301456e+00
-1.756852104603217083e-03
9.870440780719432761e-01
0.000000000000000000e+00
1.006634340756727308e+00
9.118046201351179963e-03
1.006634340756727308e+00
-9.118046201351179963e-03
9.998618452137238988e-01
1.150893551176452451e-02
9.998618452137238988e-01
-1.150893551176452451e-02
9.892752136599760604e-01
5.839334833681392861e-03
9.892752136599760604e-01
-5.839334833681392861e-03
1.006583654934738448e+00
8.333620048947582015e-03
1.006583654934738448e+00
-8.333620048947582015e-03
1.007556981349226000e+00
7.250744414843265581e-03
1.007556981349226000e+00
-7.250744414843265581e-03
1.009966756920682496e+00
0.000000000000000000e+00
1.009763504948764767e+00
2.691174171942391051e-03
1.009763504948764767e+00
-2.691174171942391051e-03
1.007118218252736064e+00
7.366117734443387334e-03
1.007118218252736064e+00
-7.366117734443387334e-03
1.008831283211846452e+00
4.339113758105726977e-03
1.008831283211846452e+00
-4.339113758105726977e-03
9.988675617619446889e-01
1.107226853679849771e-02
9.988675617619446889e-01
-1.107226853679849771e-02
1.001795331270642464e+00
1.019703314641562907e-02
1.001795331270642464e+00
-1.019703314641562907e-02
9.911342092560659900e-01
7.434703318477980070e-03
9.911342092560659900e-01
-7.434703318477980070e-03
9.883789646000045170e-01
2.958091215843430734e-03
9.883789646000045170e-01
-2.958091215843430734e-03
9.951343617782770767e-01
9.725109419764012622e-03
9.951343617782770767e-01
-9.725109419764012622e-03
9.884495945192837141e-01
2.121663270327097707e-03
9.884495945192837141e-01
-2.121663270327097707e-03
9.962185850296300105e-01
9.829885694958333947e-03
9.962185850296300105e-01
-9.829885694958333947e-03
9.987283468832599542e-01
1.018110599212142253e-02
9.987283468832599542e-01
-1.018110599212142253e-02
9.892311911972742067e-01
3.325394865555381455e-03
9.892311911972742067e-01
-3.325394865555381455e-03
9.890188692982421204e-01
0.000000000000000000e+00
9.891121470132991922e-01
2.247776565758778742e-03
9.891121470132991922e-01
-2.247776565758778742e-03
9.893161167505271081e-01
1.652270432441024133e-03
9.893161167505271081e-01
-1.652270432441024133e-03
1.009412719776223044e+00
5.376638961578012518e-04
1.009412719776223044e+00
-5.376638961578012518e-04
9.912956869248025216e-01
5.852409587579015214e-03
9.912956869248025216e-01
-5.852409587579015214e-03
9.934078757537934123e-01
7.882285100110101791e-03
9.934078757537934123e-01
-7.882285100110101791e-03
1.007590529272993196e+00
4.712049027047119157e-03
1.007590529272993196e+00
-4.712049027047119157e-03
1.008604624646940451e+00
1.447599832086891077e-03
1.008604624646940451e+00
-1.447599832086891077e-03
1.004359627121911736e+00
8.015681095191552752e-03
1.004359627121911736e+00
-8.015681095191552752e-03
9.949421025893763204e-01
8.145717406866301302e-03
9.949421025893763204e-01
-8.145717406866301302e-03
9.915429287060457675e-01
4.894363558975631072e-03
9.915429287060457675e-01
-4.894363558975631072e-03
1.004328287580279699e+00
7.367181641568693561e-03
1.004328287580279699e+00
-7.367181641568693561e-03
1.003279259213657015e+00
7.644685927858213895e-03
1.003279259213657015e+00
-7.644685927858213895e-03
1.005190767568638233e+00
6.103504573594633643e-03
1.005190767568638233e+00
-6.103504573594633643e-03
1.007676652300560249e+00
5.332384248666909889e-04
1.007676652300560249e+00
-5.332384248666909889e-04
1.007254698588071040e+00
1.581715731560172930e-03
1.007254698588071040e+00
-1.581715731560172930e-03
1.007166352775924700e+00
0.000000000000000000e+00
9.995456296342488667e-01
8.858998442102848994e-03
9.995456296342488667e-01
-8.858998442102848994e-03
9.995133556107435036e-01
8.554760000432502787e-03
9.995133556107435036e-01
-8.554760000432502787e-03
1.006737083364534824e+00
0.000000000000000000e+00
1.000818437485387458e+00
8.108433634920961253e-03
1.000818437485387458e+00
-8.108433634920961253e-03
9.936419754047729480e-01
6.532519826450084235e-03
9.936419754047729480e-01
-6.532519826450084235e-03
9.933213255181561063e-01
5.969041536871255368e-03
9.933213255181561063e-01
-5.969041536871255368e-03
9.915914969855246230e-01
3.221659273715548905e-03
9.915914969855246230e-01
-3.221659273715548905e-03
9.923526109938194395e-01
3.629905376717956419e-03
9.923526109938194395e-01
-3.629905376717956419e-03
9.913137185314401245e-01
2.528043987827880150e-04
9.913137185314401245e-01
-2.528043987827880150e-04
9.964176481807706098e-01
7.471337433266143219e-03
9.964176481807706098e-01
-7.471337433266143219e-03
9.952901537188894032e-01
6.574506135479793976e-03
9.952901537188894032e-01
-6.574506135479793976e-03
1.006226016148084712e+00
0.000000000000000000e+00
1.005811161224120731e+00
3.101381464699372141e-03
1.005811161224120731e+00
-3.101381464699372141e-03
9.976641570330009312e-01
7.125781481147088620e-03
9.976641570330009312e-01
-7.125781481147088620e-03
1.002361789292259164e+00
6.516687062170054001e-03
1.002361789292259164e+00
-6.516687062170054001e-03
1.004355320027876086e+00
4.274650576010397864e-03
1.004355320027876086e+00
-4.274650576010397864e-03
1.004785964096434281e+00
3.183119457711286286e-03
1.004785964096434281e+00
-3.183119457711286286e-03
9.927730057001638020e-01
1.892108051985173312e-03
9.927730057001638020e-01
-1.892108051985173312e-03
9.926081841072954548e-01
0.000000000000000000e+00
1.003938275427573412e+00
4.120919467368897721e-03
1.003938275427573412e+00
-4.120919467368897721e-03
9.998373779708700226e-01
6.324553058936381936e-03
9.998373779708700226e-01
-6.324553058936381936e-03
1.004267124845444448e+00
0.000000000000000000e+00
9.961160169606426695e-01
5.394267671195329683e-03
9.961160169606426695e-01
-5.394267671195329683e-03
9.967908809382302060e-01
5.625411358550677296e-03
9.967908809382302060e-01
-5.625411358550677296e-03
9.956539740823109330e-01
4.749439954935264808e-03
9.956539740823109330e-01
-4.749439954935264808e-03
1.002715471451324447e+00
4.530301243825071711e-03
1.002715471451324447e+00
-4.530301243825071711e-03
1.001148719644897156e+00
5.447933188769232306e-03
1.001148719644897156e+00
-5.447933188769232306e-03
9.984164351936803961e-01
5.334113357692456953e-03
9.984164351936803961e-01
-5.334113357692456953e-03
9.940684859695393394e-01
2.076011247686799024e-03
9.940684859695393394e-01
-2.076011247686799024e-03
9.940819436696065603e-01
0.000000000000000000e+00
9.942855938440755548e-01
8.073698716439385061e-04
9.942855938440755548e-01
-8.073698716439385061e-04
1.000936701835739573e+00
4.526234549429011475e-03
1.000936701835739573e+00
-4.526234549429011475e-03
9.953754365967791840e-01
0.000000000000000000e+00
9.958111672499601053e-01
2.596237214823203868e-03
9.958111672499601053e-01
-2.596237214823203868e-03
9.977438205343867050e-01
4.121499191619608024e-03
9.977438205343867050e-01
-4.121499191619608024e-03
9.955412049839518218e-01
2.832978160106275670e-04
9.955412049839518218e-01
-2.832978160106275670e-04
1.001876854594664579e+00
3.052569890459206573e-03
1.001876854594664579e+00
-3.052569890459206573e-03
1.001049777259526152e+00
3.581466944259939500e-03
1.001049777259526152e+00
-3.581466944259939500e-03
1.002708811256751043e+00
0.000000000000000000e+00
1.002732003459093635e+00
1.038598874472214210e-03
1.002732003459093635e+00
-1.038598874472214210e-03
9.975651813964263592e-01
2.915777766657098088e-03
9.975651813964263592e-01
-2.915777766657098088e-03
1.001029946965450224e+00
0.000000000000000000e+00
1.001815400718468974e+00
1.448061037105590355e-03
1.001815400718468974e+00
-1.448061037105590355e-03
9.991933013593929935e-01
3.252240868977478942e-03
9.991933013593929935e-01
-3.252240868977478942e-03
9.997392156073022784e-01
2.835889251232083172e-03
9.997392156073022784e-01
-2.835889251232083172e-03
1.000143009642210590e+00
2.244358650552396358e-03
1.000143009642210590e+00
-2.244358650552396358e-03
9.990208899254378050e-01
1.825568321838114171e-03
9.990208899254378050e-01
-1.825568321838114171e-03
9.980913115156804238e-01
3.637901577241678852e-04
9.980913115156804238e-01
-3.637901577241678852e-04
9.975748878993886404e-01
0.000000000000000000e+00
1.000117195203367393e+00
0.000000000000000000e+00
9.986805191999044151e-01
0.000000000000000000e+00
