1.000000000000000000e+00
0.000000000000000000e+00
1.000000000000000000e+00
0.000000000000000000e+00
1.000000000000000000e+00
0.000000000000000000e+00
1.000000000000000000e+00
0.000000000000000000e+00
1.000000000000000000e+00
0.000000000000000000e+00
1.000000000000000000e+00
0.000000000000000000e+00
1.000000000000000000e+00
0.000000000000000000e+00
1.000000000000000000e+00
0.000000000000000000e+00
1.000000000000000000e+00
0.000000000000000000e+00
1.000000000000000000e+00
0.000000000000000000e+00
1.000000000000000000e+00
0.000000000000000000e+00
1.000000000000000000e+00
0.000000000000000000e+00
1.000000000000000000e+00
0.000000000000000000e+00
1.000000000000000000e+00
0.000000000000000000e+00
1.000000000000000000e+00
0.000000000000000000e+00
1.000000000000000000e+00
0.000000000000000000e+00
1.000000000000000000e+00
0.000000000000000000e+00
1.000000000000000000e+00
0.000000000000000000e+00
1.000000000000000000e+00
0.000000000000000000e+00
1.000000000000000000e+00
0.000000000000000000e+00
1.000000000000000000e+00
0.000000000000000000e+00
1.000000000000000000e+00
0.000000000000000000e+00
1.000000000000000000e+00
0.000000000000000000e+00
1.000000000000000000e+00
0.000000000000000000e+00
1.000000000000000000e+00
0.000000000000000000e+00
1.000000000000000000e+00
0.000000000000000000e+00
1.000000000000000000e+00
0.000000000000000000e+00
1.000000000000000000e+00
0.000000000000000000e+00
1.000000000000000000e+00
0.000000000000000000e+00
1.000000000000000000e+00
0.000000000000000000e+00
1.000000000000000000e+00
0.000000000000000000e+00
1.000000000000000000e+00
0.000000000000000000e+00
1.000000000000000000e+00
0.000000000000000000e+00
1.000000000000000000e+00
0.000000000000000000e+00
1.000000000000000000e+00
0.000000000000000000e+00
1.000000000000000000e+00
0.000000000000000000e+00
1.000000000000000000e+00
0.000000000000000000e+00
1.000000000000000000e+00
0.000000000000000000e+00
1.000000000000000000e+00
0.000000000000000000e+00
1.000000000000000000e+00
0.000000000000000000e+00
1.000000000000000000e+00
0.000000000000000000e+00
1.000000000000000000e+00
0.000000000000000000e+00
1.000000000000000000e+00
0.000000000000000000e+00
1.000000000000000000e+00
0.000000000000000000e+00
1.000000000000000000e+00
0.000000000000000000e+00
1.000000000000000000e+00
0.000000000000000000e+00
1.000000000000000000e+00
0.000000000000000000e+00
1.000000000000000000e+00
0.000000000000000000e+00
1.000000000000000000e+00
0.000000000000000000e+00
1.000000000000000000e+00
0.000000000000000000e+00
1.000000000000000000e+00
0.000000000000000000e+00
1.000000000000000000e+00
0.000000000000000000e+00
1.000000000000000000e+00
0.000000000000000000e+00
1.000000000000000000e+00
0.000000000000000000e+00
1.000000000000000000e+00
0.000000000000000000e+00
1.000000000000000000e+00
0.000000000000000000e+00
1.000000000000000000e+00
0.000000000000000000e+00
1.000000000000000000e+00
0.000000000000000000e+00
1.000000000000000000e+00
0.000000000000000000e+00
1.000000000000000000e+00
0.000000000000000000e+00
1.000000000000000000e+00
0.000000000000000000e+00
1.000000000000000000e+00
0.000000000000000000e+00
1.000000000000000000e+00
0.000000000000000000e+00
1.000000000000000000e+00
0.000000000000000000e+00
1.000000000000000000e+00
0.000000000000000000e+00
1.000000000000000000e+00
0.000000000000000000e+00
1.000000000000000000e+00
0.000000000000000000e+00
1.000000000000000000e+00
0.000000000000000000e+00
1.000000000000000000e+00
0.000000000000000000e+00
1.000000000000000000e+00
0.000000000000000000e+00
1.000000000000000000e+00
0.000000000000000000e+00
1.000000000000000000e+00
0.000000000000000000e+00
1.000000000000000000e+00
0.000000000000000000e+00
1.000000000000000000e+00
0.000000000000000000e+00
1.000000000000000000e+00
0.000000000000000000e+00
1.000000000000000000e+00
0.000000000000000000e+00
1.000000000000000000e+00
0.000000000000000000e+00
1.000000000000000000e+00
0.000000000000000000e+00
1.000000000000000000e+00
0.000000000000000000e+00
1.000000000000000000e+00
0.000000000000000000e+00
1.000000000000000000e+00
0.000000000000000000e+00
1.000000000000000000e+00
0.000000000000000000e+00
1.000000000000000000e+00
0.000000000000000000e+00
1.000000000000000000e+00
0.000000000000000000e+00
1.000000000000000000e+00
0.000000000000000000e+00
1.000000000000000000e+00
0.000000000000000000e+00
1.000000000000000000e+00
0.000000000000000000e+00
1.000000000000000000e+00
0.000000000000000000e+00
1.000000000000000000e+00
0.000000000000000000e+00
1.000000000000000000e+00
0.000000000000000000e+00
1.000000000000000000e+00
0.000000000000000000e+00
1.000000000000000000e+00
0.000000000000000000e+00
1.000000000000000000e+00
0.000000000000000000e+00
1.000000000000000000e+00
0.000000000000000000e+00
1.000000000000000000e+00
0.000000000000000000e+00
1.000000000000000000e+00
0.000000000000000000e+00
1.000000000000000000e+00
0.000000000000000000e+00
3.490050152872846076e-03
0.000000000000000000e+00
4.025032188620891738e-01
0.000000000000000000e+00
4.433761601999393065e-01
1.973294520057210510e-01
4.433761601999393065e-01
-1.973294520057210510e-01
9.829960845177536655e-01
5.933449650084975380e-01
9.829960845177536655e-01
-5.933449650084975380e-01
8.799194969905450581e-01
5.703023270902428665e-01
8.799194969905450581e-01
-5.703023270902428665e-01
4.552413978501357317e-01
9.160755578845967972e-02
4.552413978501357317e-01
-9.160755578845967972e-02
7.854054692386152059e-01
5.182902572948994147e-01
7.854054692386152059e-01
-5.182902572948994147e-01
1.403656097205011832e+00
4.214269879807839292e-01
1.403656097205011832e+00
-4.214269879807839292e-01
1.528477855636710236e+00
2.277475310556704713e-01
1.528477855636710236e+00
-2.277475310556704713e-01
1.501562866332446955e+00
2.743528949683685103e-01
1.501562866332446955e+00
-2.743528949683685103e-01
6.392537754507811032e-01
4.035396825799016374e-01
6.392537754507811032e-01
-4.035396825799016374e-01
5.107220368600302596e-01
1.870220826483212917e-01
5.107220368600302596e-01
-1.870220826483212917e-01
4.946817348942758596e-01
3.898197070548647947e-02
4.946817348942758596e-01
-3.898197070548647947e-02
5.407296030623782723e-01
2.060168082639523834e-01
5.407296030623782723e-01
-2.060168082639523834e-01
6.085987103261936149e-01
3.258420294550978258e-01
6.085987103261936149e-01
-3.258420294550978258e-01
6.268468229169241734e-01
3.469043310941998248e-01
6.268468229169241734e-01
-3.469043310941998248e-01
7.131942583093313637e-01
4.307621056551835803e-01
7.131942583093313637e-01
-4.307621056551835803e-01
8.871483417416023975e-01
5.115935425987568896e-01
8.871483417416023975e-01
-5.115935425987568896e-01
1.044547180932545061e+00
5.440436431760703462e-01
1.044547180932545061e+00
-5.440436431760703462e-01
5.910170503002094566e-01
2.410050278795856649e-01
5.910170503002094566e-01
-2.410050278795856649e-01
5.668656242314837890e-01
1.390719073002769091e-01
5.668656242314837890e-01
-1.390719073002769091e-01
7.206674767003410365e-01
3.762909472531500987e-01
7.206674767003410365e-01
-3.762909472531500987e-01
1.212745369298705800e+00
4.795286193334256652e-01
1.212745369298705800e+00
-4.795286193334256652e-01
1.269740805248555926e+00
4.460867112958621372e-01
1.269740805248555926e+00
-4.460867112958621372e-01
9.583729592272531850e-01
4.916054846127779765e-01
9.583729592272531850e-01
-4.916054846127779765e-01
1.114222769652835954e+00
4.993499968687205581e-01
1.114222769652835954e+00
-4.993499968687205581e-01
1.412414208941602745e+00
3.064180562662520702e-01
1.412414208941602745e+00
-3.064180562662520702e-01
1.478538492957289563e+00
1.828279674948498357e-01
1.478538492957289563e+00
-1.828279674948498357e-01
1.490756971974934508e+00
0.000000000000000000e+00
1.481817082584190093e+00
1.016136833822107455e-01
1.481817082584190093e+00
-1.016136833822107455e-01
1.139431934247073119e+00
4.731963771766508620e-01
1.139431934247073119e+00
-4.731963771766508620e-01
1.040102495698720153e+00
4.822390560175139895e-01
1.040102495698720153e+00
-4.822390560175139895e-01
1.469679496618775172e+00
5.597070805283401590e-02
1.469679496618775172e+00
-5.597070805283401590e-02
5.778870863222572707e-01
4.537447784934513229e-02
5.778870863222572707e-01
-4.537447784934513229e-02
1.443821675070545485e+00
1.147757052476539447e-01
1.443821675070545485e+00
-1.147757052476539447e-01
1.392010675840994693e+00
2.522634691982996724e-01
1.392010675840994693e+00
-2.522634691982996724e-01
1.415084503011827088e+00
1.808699090977987645e-01
1.415084503011827088e+00
-1.808699090977987645e-01
1.221827266830489922e+00
4.003804883926854741e-01
1.221827266830489922e+00
-4.003804883926854741e-01
1.305080662950156345e+00
3.280389841473080881e-01
1.305080662950156345e+00
-3.280389841473080881e-01
1.055352023304960030e+00
4.400843781537364663e-01
1.055352023304960030e+00
-4.400843781537364663e-01
1.260502312907885170e+00
3.502275384858702378e-01
1.260502312907885170e+00
-3.502275384858702378e-01
5.936111773873836706e-01
0.000000000000000000e+00
7.728539684910040730e-01
3.651781181893115624e-01
7.728539684910040730e-01
-3.651781181893115624e-01
1.392752123665135899e+00
0.000000000000000000e+00
6.455148186601178395e-01
2.130365984580073480e-01
6.455148186601178395e-01
-2.130365984580073480e-01
7.113275736027170337e-01
2.912650600110926469e-01
7.113275736027170337e-01
-2.912650600110926469e-01
7.891729991687395085e-01
3.583020729874138444e-01
7.891729991687395085e-01
-3.583020729874138444e-01
1.276901840381658548e+00
3.031561615755430372e-01
1.276901840381658548e+00
-3.031561615755430372e-01
1.300869515389919684e+00
2.731839631260497558e-01
1.300869515389919684e+00
-2.731839631260497558e-01
1.355075493079358484e+00
1.817946245710480024e-01
1.355075493079358484e+00
-1.817946245710480024e-01
6.341693794320943933e-01
1.309504457777268538e-01
6.341693794320943933e-01
-1.309504457777268538e-01
1.368871405855552448e+00
3.848816937767767649e-02
1.368871405855552448e+00
-3.848816937767767649e-02
1.323238297797775243e+00
1.875058858538723172e-01
1.323238297797775243e+00
-1.875058858538723172e-01
1.344138213791401526e+00
7.000627408343204627e-02
1.344138213791401526e+00
-7.000627408343204627e-02
1.331969755673726219e+00
1.010596257775709245e-01
1.331969755673726219e+00
-1.010596257775709245e-01
9.101355947275353575e-01
3.802962516134283377e-01
9.101355947275353575e-01
-3.802962516134283377e-01
1.066195472036392644e+00
3.842744145366357444e-01
1.066195472036392644e+00
-3.842744145366357444e-01
1.049029828845982948e+00
3.775032481753933800e-01
1.049029828845982948e+00
-3.775032481753933800e-01
1.147218606768440674e+00
3.410524186555876081e-01
1.147218606768440674e+00
-3.410524186555876081e-01
9.733769353822607773e-01
3.740285025208403002e-01
9.733769353822607773e-01
-3.740285025208403002e-01
6.297808968799507578e-01
7.371507976329332024e-02
6.297808968799507578e-01
-7.371507976329332024e-02
7.039758072257600308e-01
2.250777633888872975e-01
7.039758072257600308e-01
-2.250777633888872975e-01
8.624364545447760211e-01
3.357605502986845125e-01
8.624364545447760211e-01
-3.357605502986845125e-01
8.285179784152321147e-01
3.163035399730636521e-01
8.285179784152321147e-01
-3.163035399730636521e-01
6.907905281979656031e-01
1.782782184357146471e-01
6.907905281979656031e-01
-1.782782184357146471e-01
1.294148896213180855e+00
1.692871538098895956e-01
1.294148896213180855e+00
-1.692871538098895956e-01
1.110049801402223313e+00
3.234701585786510236e-01
1.110049801402223313e+00
-3.234701585786510236e-01
6.924016273381417008e-01
9.075528169201484141e-02
6.924016273381417008e-01
-9.075528169201484141e-02
7.396132478715633507e-01
1.847216335771838247e-01
7.396132478715633507e-01
-1.847216335771838247e-01
7.896659143344215703e-01
2.426590541205506102e-01
7.896659143344215703e-01
-2.426590541205506102e-01
9.556251935518296214e-01
3.141246665661981963e-01
9.556251935518296214e-01
-3.141246665661981963e-01
1.218988764498374788e+00
2.198015644617185016e-01
1.218988764498374788e+00
-2.198015644617185016e-01
1.070385218331662447e+00
3.016890462497683334e-01
1.070385218331662447e+00
-3.016890462497683334e-01
1.186971038761071906e+00
2.344438429851408434e-01
1.186971038761071906e+00
-2.344438429851408434e-01
1.247289700196985152e+00
1.549537006885706725e-01
1.247289700196985152e+00
-1.549537006885706725e-01
1.245957657056469436e+00
7.747153941944597000e-02
1.245957657056469436e+00
-7.747153941944597000e-02
1.221105241608225533e+00
0.000000000000000000e+00
1.204947365169283469e+00
1.393831536351582134e-01
1.204947365169283469e+00
-1.393831536351582134e-01
1.037292392535377861e+00
2.859389833905094380e-01
1.037292392535377861e+00
-2.859389833905094380e-01
1.152545948343545845e+00
2.090563970776853908e-01
1.152545948343545845e+00
-2.090563970776853908e-01
1.001723708329268936e+00
2.772959120912771858e-01
1.001723708329268936e+00
-2.772959120912771858e-01
1.099082414123573104e+00
2.311007118861304888e-01
1.099082414123573104e+00
-2.311007118861304888e-01
7.224196099969770746e-01
6.145634636116149851e-02
7.224196099969770746e-01
-6.145634636116149851e-02
7.482602336132980758e-01
0.000000000000000000e+00
8.338834560859487155e-01
2.125692697001672626e-01
8.338834560859487155e-01
-2.125692697001672626e-01
1.146222717678891501e+00
0.000000000000000000e+00
9.081288133926839201e-01
2.386309014442300480e-01
9.081288133926839201e-01
-2.386309014442300480e-01
9.426830167916757652e-01
2.286965748021365652e-01
9.426830167916757652e-01
-2.286965748021365652e-01
7.911629557661608025e-01
1.042973449189614488e-01
7.911629557661608025e-01
-1.042973449189614488e-01
9.263701378013400323e-01
2.132079351389286892e-01
9.263701378013400323e-01
-2.132079351389286892e-01
8.267928391632248797e-01
1.258863096324260855e-01
8.267928391632248797e-01
-1.258863096324260855e-01
1.007957293607947946e+00
1.891369601681442414e-01
1.007957293607947946e+00
-1.891369601681442414e-01
1.136772785203722158e+00
9.249335229866786912e-02
1.136772785203722158e+00
-9.249335229866786912e-02
1.082831757359256075e+00
0.000000000000000000e+00
1.102116865294298975e+00
1.153412795760835746e-01
1.102116865294298975e+00
-1.153412795760835746e-01
8.564252441374272662e-01
8.424625033707480726e-02
8.564252441374272662e-01
-8.424625033707480726e-02
1.000133988457418077e+00
1.084017140138062857e-01
1.000133988457418077e+00
-1.084017140138062857e-01
8.904690236426191507e-01
3.022261988282286954e-02
8.904690236426191507e-01
-3.022261988282286954e-02
9.036897228315162733e-01
0.000000000000000000e+00
9.651699635051360637e-01
6.541845523503334037e-02
9.651699635051360637e-01
-6.541845523503334037e-02
9.272778745578716952e-01
0.000000000000000000e+00
1.054844086811232540e+00
0.000000000000000000e+00
9.900548400629005652e-01
1.762696607832961102e-02
9.900548400629005652e-01
-1.762696607832961102e-02
9.996424309846645428e-01
3.678755796088116134e-04
9.996424309846645428e-01
-3.678755796088116134e-04
1.000357568273298803e+00
3.476980344410815688e-04
1.000357568273298803e+00
-3.476980344410815688e-04
1.000001970856335021e+00
3.892644651435041295e-06
1.000001970856335021e+00
-3.892644651435041295e-06
9.999960722370117017e-01
0.000000000000000000e+00
1.000002120748920031e+00
0.000000000000000000e+00
9.999985874273771280e-01
1.802368888337385612e-06
9.999985874273771280e-01
-1.802368888337385612e-06
1.000000796635032829e+00
0.000000000000000000e+00
9.999998072937159588e-01
0.000000000000000000e+00
1.000000148012468504e+00
0.000000000000000000e+00
9.999999499236220668e-01
0.000000000000000000e+00
9.999999918866389059e-01
1.365847870037725326e-08
9.999999918866389059e-01
-1.365847870037725326e-08
1.000000002843998592e+00
1.248631984909531619e-08
1.000000002843998592e+00
-1.248631984909531619e-08
1.000000004348300608e+00
0.000000000000000000e+00
9.999999984120919727e-01
1.697550766260182771e-09
9.999999984120919727e-01
-1.697550766260182771e-09
9.999999997686201958e-01
3.626893242215104515e-10
9.999999997686201958e-01
-3.626893242215104515e-10
1.000000000008183898e+00
8.536838938880045835e-11
1.000000000008183898e+00
-8.536838938880045835e-11
9.999999999997561950e-01
0.000000000000000000e+00
9.999999999968767206e-01
0.000000000000000000e+00
1.000000000003625988e+00
0.000000000000000000e+00
1.000000000000000666e+00
0.000000000000000000e+00
1.000000000000310418e+00
0.000000000000000000e+00
1.000000000000000000e+00
0.000000000000000000e+00
1.000000000000000000e+00
0.000000000000000000e+00
1.000000000000000000e+00
0.000000000000000000e+00
1.000000000000000000e+00
0.000000000000000000e+00
1.000000000000000000e+00
0.000000000000000000e+00
1.000000000000000000e+00
0.000000000000000000e+00
1.000000000000000000e+00
0.000000000000000000e+00
1.000000000000000000e+00
0.000000000000000000e+00
1.000000000000000000e+00
0.000000000000000000e+00
1.000000000000000000e+00
0.000000000000000000e+00
1.000000000000000000e+00
0.000000000000000000e+00
1.000000000000000000e+00
0.000000000000000000e+00
1.000000000000000000e+00
0.000000000000000000e+00
1.000000000000000000e+00
0.000000000000000000e+00
1.000000000000000000e+00
0.000000000000000000e+00
1.000000000000000000e+00
0.000000000000000000e+00
1.000000000000000000e+00
0.000000000000000000e+00
1.000000000000000000e+00
0.000000000000000000e+00
1.000000000000000000e+00
0.000000000000000000e+00
