-6.874380621704836297e-03
0.000000000000000000e+00
7.277857739013893906e-03
0.000000000000000000e+00
4.243414672829955853e-02
0.000000000000000000e+00
8.610887596953223366e-02
0.000000000000000000e+00
1.285512480208283181e-01
0.000000000000000000e+00
1.778905782381896006e-01
0.000000000000000000e+00
2.417529652542919627e-01
0.000000000000000000e+00
2.972492970095287346e-01
0.000000000000000000e+00
3.536298357017061966e-01
0.000000000000000000e+00
4.099364378501564321e-01
0.000000000000000000e+00
4.670037118781291130e-01
0.000000000000000000e+00
5.174608840247220121e-01
0.000000000000000000e+00
5.650300897299059821e-01
0.000000000000000000e+00
6.119528450795577168e-01
0.000000000000000000e+00
6.595461691641730795e-01
0.000000000000000000e+00
7.000518147824869031e-01
0.000000000000000000e+00
7.332878193633451946e-01
0.000000000000000000e+00
7.670754443655037891e-01
0.000000000000000000e+00
7.990263418609995227e-01
0.000000000000000000e+00
8.304824447039270696e-01
0.000000000000000000e+00
8.603959583130736943e-01
0.000000000000000000e+00
8.770830930767892220e-01
0.000000000000000000e+00
9.001456226612751799e-01
0.000000000000000000e+00
9.149390480460179997e-01
0.000000000000000000e+00
9.272550858706494203e-01
0.000000000000000000e+00
1.060448152090481821e+00
0.000000000000000000e+00
9.377503086493310658e-01
0.000000000000000000e+00
9.392873024402759174e-01
7.098111913637698313e-03
9.392873024402759174e-01
-7.098111913637698313e-03
1.055667335934172169e+00
5.737241637561074810e-04
1.055667335934172169e+00
-5.737241637561074810e-04
1.023896876878549023e+00
5.102953458407213927e-02
1.023896876878549023e+00
-5.102953458407213927e-02
1.020483653700793081e+00
5.134472981499973304e-02
1.020483653700793081e+00
-5.134472981499973304e-02
1.045163540858909723e+00
2.821791393452016336e-02
1.045163540858909723e+00
-2.821791393452016336e-02
1.049154043651491897e+00
1.709955607601082103e-02
1.049154043651491897e+00
-1.709955607601082103e-02
9.529637161505611909e-01
3.364493137223372593e-02
9.529637161505611909e-01
-3.364493137223372593e-02
9.841344013626933673e-01
5.266250010245014657e-02
9.841344013626933673e-01
-5.266250010245014657e-02
9.637230566599173098e-01
4.365250103633807471e-02
9.637230566599173098e-01
-4.365250103633807471e-02
1.050903961682459364e+00
4.684961299847827630e-03
1.050903961682459364e+00
-4.684961299847827630e-03
9.752561185640564734e-01
4.745598683829668762e-02
9.752561185640564734e-01
-4.745598683829668762e-02
9.443562302903795169e-01
0.000000000000000000e+00
9.842359545197301163e-01
5.035348795559003998e-02
9.842359545197301163e-01
-5.035348795559003998e-02
1.018393010020833156e+00
4.708818569642350682e-02
1.018393010020833156e+00
-4.708818569642350682e-02
1.001117443364552884e+00
5.015671097332247835e-02
1.001117443364552884e+00
-5.015671097332247835e-02
1.047982169819063003e+00
8.332515567043181914e-03
1.047982169819063003e+00
-8.332515567043181914e-03
1.045975784736372649e+00
1.631369921899040315e-02
1.045975784736372649e+00
-1.631369921899040315e-02
1.036865810827820367e+00
3.185689803919696667e-02
1.036865810827820367e+00
-3.185689803919696667e-02
1.023652347432884913e+00
4.248118319311205981e-02
1.023652347432884913e+00
-4.248118319311205981e-02
9.482428183228189811e-01
1.665020475501131567e-02
9.482428183228189811e-01
-1.665020475501131567e-02
1.036727737376515579e+00
3.024137165556464724e-02
1.036727737376515579e+00
-3.024137165556464724e-02
1.031147759078078430e+00
3.591569856076846229e-02
1.031147759078078430e+00
-3.591569856076846229e-02
9.619504580282318695e-01
3.469379530581926524e-02
9.619504580282318695e-01
-3.469379530581926524e-02
9.474029241907095944e-01
6.936572178822529924e-03
9.474029241907095944e-01
-6.936572178822529924e-03
9.482283634444288456e-01
8.981173322646401197e-03
9.482283634444288456e-01
-8.981173322646401197e-03
1.039839704164175149e+00
2.282981625424989128e-02
1.039839704164175149e+00
-2.282981625424989128e-02
1.043104663893008821e+00
1.644623761008610560e-02
1.043104663893008821e+00
-1.644623761008610560e-02
1.043905431112519766e+00
1.235144214474432484e-02
1.043905431112519766e+00
-1.235144214474432484e-02
1.037627593581872398e+00
2.554746816169163950e-02
1.037627593581872398e+00
-2.554746816169163950e-02
9.578488734848359387e-01
2.844270649259846018e-02
9.578488734848359387e-01
-2.844270649259846018e-02
9.820890042389012198e-01
4.453608559764433289e-02
9.820890042389012198e-01
-4.453608559764433289e-02
1.007905887559510161e+00
4.529871327759880245e-02
1.007905887559510161e+00
-4.529871327759880245e-02
9.949490612539224621e-01
4.623687695144543947e-02
9.949490612539224621e-01
-4.623687695144543947e-02
9.504771809347273281e-01
0.000000000000000000e+00
9.512599628627802506e-01
1.322506143827289170e-02
9.512599628627802506e-01
-1.322506143827289170e-02
9.683871482588928270e-01
3.631904815884246657e-02
9.683871482588928270e-01
-3.631904815884246657e-02
9.549109943622647867e-01
2.028065420309136183e-02
9.549109943622647867e-01
-2.028065420309136183e-02
9.577153979051906685e-01
2.490600568009644286e-02
9.577153979051906685e-01
-2.490600568009644286e-02
9.595627859362922951e-01
2.647138867676565935e-02
9.595627859362922951e-01
-2.647138867676565935e-02
9.524569438166173851e-01
1.022598357896812964e-02
9.524569438166173851e-01
-1.022598357896812964e-02
9.525934903545112409e-01
0.000000000000000000e+00
1.032051928335279145e+00
3.108809265890517121e-02
1.032051928335279145e+00
-3.108809265890517121e-02
1.027703771907447550e+00
3.491717536273877820e-02
1.027703771907447550e+00
-3.491717536273877820e-02
9.542723765177223427e-01
9.184654347184585330e-03
9.542723765177223427e-01
-9.184654347184585330e-03
9.641172182743082963e-01
2.890239111504057379e-02
9.641172182743082963e-01
-2.890239111504057379e-02
9.750800699348054490e-01
3.785519249525941959e-02
9.750800699348054490e-01
-3.785519249525941959e-02
9.556719018520087872e-01
1.254017316243090548e-02
9.556719018520087872e-01
-1.254017316243090548e-02
9.964575005960292220e-01
4.333729712000218559e-02
9.964575005960292220e-01
-4.333729712000218559e-02
1.023756384509128869e+00
3.662870530621176873e-02
1.023756384509128869e+00
-3.662870530621176873e-02
9.577319404870181518e-01
1.591069932272921525e-02
9.577319404870181518e-01
-1.591069932272921525e-02
9.715820973181088505e-01
3.426778235601848216e-02
9.715820973181088505e-01
-3.426778235601848216e-02
9.871244722423722084e-01
4.108241680925912159e-02
9.871244722423722084e-01
-4.108241680925912159e-02
1.041316021929813651e+00
1.095595166144170199e-02
1.041316021929813651e+00
-1.095595166144170199e-02
1.030569424539980350e+00
2.905077267571419541e-02
1.030569424539980350e+00
-2.905077267571419541e-02
1.042096614597189941e+00
0.000000000000000000e+00
1.039311250822974930e+00
1.425470384381347273e-02
1.039311250822974930e+00
-1.425470384381347273e-02
1.020739011208946279e+00
3.626775109609171183e-02
1.020739011208946279e+00
-3.626775109609171183e-02
9.888106773423974705e-01
4.046975604968842954e-02
9.888106773423974705e-01
-4.046975604968842954e-02
1.000221981005388505e+00
4.077516218980196255e-02
1.000221981005388505e+00
-4.077516218980196255e-02
1.015967897806787645e+00
3.707264102804162104e-02
1.015967897806787645e+00
-3.707264102804162104e-02
1.010951857357367700e+00
3.892034609693004188e-02
1.010951857357367700e+00
-3.892034609693004188e-02
1.026088417362734040e+00
2.991667397016710764e-02
1.026088417362734040e+00
-2.991667397016710764e-02
1.039418412086799748e+00
7.208275033349343351e-03
1.039418412086799748e+00
-7.208275033349343351e-03
1.029314140837671365e+00
2.594993757474580928e-02
1.029314140837671365e+00
-2.594993757474580928e-02
1.037654167769181957e+00
9.895804239337852720e-03
1.037654167769181957e+00
-9.895804239337852720e-03
1.000888060010872271e+00
3.923820476902192822e-02
1.000888060010872271e+00
-3.923820476902192822e-02
9.956085122697133638e-01
3.874961084250629767e-02
9.956085122697133638e-01
-3.874961084250629767e-02
9.751390527000922681e-01
3.369641386487852441e-02
9.751390527000922681e-01
-3.369641386487852441e-02
9.583667729369850230e-01
0.000000000000000000e+00
1.005056598856500338e+00
3.791895952761038802e-02
1.005056598856500338e+00
-3.791895952761038802e-02
1.006433942814710214e+00
3.730536556377409690e-02
1.006433942814710214e+00
-3.730536556377409690e-02
9.683623439241844100e-01
2.702510387663847533e-02
9.683623439241844100e-01
-2.702510387663847533e-02
9.835453275586245603e-01
3.573016822880865917e-02
9.835453275586245603e-01
-3.573016822880865917e-02
9.773285252424950276e-01
3.289006163054931237e-02
9.773285252424950276e-01
-3.289006163054931237e-02
9.611481669310834031e-01
1.550849973404003386e-02
9.611481669310834031e-01
-1.550849973404003386e-02
9.648285394490780931e-01
2.102614781797484955e-02
9.648285394490780931e-01
-2.102614781797484955e-02
9.632068827941253630e-01
1.754244577673226904e-02
9.632068827941253630e-01
-1.754244577673226904e-02
9.732397199643012531e-01
2.889577633383738978e-02
9.732397199643012531e-01
-2.889577633383738978e-02
9.890675714201950797e-01
3.630726932673056934e-02
9.890675714201950797e-01
-3.630726932673056934e-02
1.037773461536971586e+00
7.673390947037145087e-04
1.037773461536971586e+00
-7.673390947037145087e-04
1.030711428437140587e+00
1.999354817239282905e-02
1.030711428437140587e+00
-1.999354817239282905e-02
1.035468675347784195e+00
0.000000000000000000e+00
1.012465007897363600e+00
3.436845114998551137e-02
1.012465007897363600e+00
-3.436845114998551137e-02
9.841475996470907539e-01
3.322101095383891284e-02
9.841475996470907539e-01
-3.322101095383891284e-02
9.924241114250069717e-01
3.413577710003430632e-02
9.924241114250069717e-01
-3.413577710003430632e-02
9.692508670748741784e-01
2.123849488118587439e-02
9.692508670748741784e-01
-2.123849488118587439e-02
1.015708749386285081e+00
3.078185626159910676e-02
1.015708749386285081e+00
-3.078185626159910676e-02
1.032802342965837950e+00
9.698491772075979594e-03
1.032802342965837950e+00
-9.698491772075979594e-03
9.619326952557991639e-01
2.183466512365229029e-03
9.619326952557991639e-01
-2.183466512365229029e-03
9.655204088109927696e-01
1.344609807700758441e-02
9.655204088109927696e-01
-1.344609807700758441e-02
1.003303169054305943e+00
3.313949675431709929e-02
1.003303169054305943e+00
-3.313949675431709929e-02
1.024916167975909786e+00
2.105532313206539413e-02
1.024916167975909786e+00
-2.105532313206539413e-02
1.032069054737712932e+00
5.687274364244824382e-03
1.032069054737712932e+00
-5.687274364244824382e-03
9.644353432298871098e-01
7.282121787449137053e-03
9.644353432298871098e-01
-7.282121787449137053e-03
9.792314059518116842e-01
2.618876113233309030e-02
9.792314059518116842e-01
-2.618876113233309030e-02
9.778411970052321989e-01
2.530850227497181276e-02
9.778411970052321989e-01
-2.530850227497181276e-02
1.014927686033894272e+00
2.869835793332748894e-02
1.014927686033894272e+00
-2.869835793332748894e-02
1.028497783052818804e+00
1.134807939937350699e-02
1.028497783052818804e+00
-1.134807939937350699e-02
1.026771250962173809e+00
1.440592390383579197e-02
1.026771250962173809e+00
-1.440592390383579197e-02
9.654825762652723409e-01
2.937114387515695965e-03
9.654825762652723409e-01
-2.937114387515695965e-03
1.028499098425235347e+00
0.000000000000000000e+00
1.013151995415489282e+00
2.785434102354506641e-02
1.013151995415489282e+00
-2.785434102354506641e-02
1.028005018165485396e+00
3.845349230012410236e-03
1.028005018165485396e+00
-3.845349230012410236e-03
9.786914158434972810e-01
2.233739342014516918e-02
9.786914158434972810e-01
-2.233739342014516918e-02
1.006924723961593937e+00
2.775248686925269395e-02
1.006924723961593937e+00
-2.775248686925269395e-02
9.686902813236279997e-01
0.000000000000000000e+00
1.013582281110887662e+00
2.444965386765584475e-02
1.013582281110887662e+00
-2.444965386765584475e-02
9.688463277399476103e-01
2.799587910579339443e-03
9.688463277399476103e-01
-2.799587910579339443e-03
9.719071542522976781e-01
1.268670861743736999e-02
9.719071542522976781e-01
-1.268670861743736999e-02
9.733019252360726181e-01
1.409095979062979093e-02
9.733019252360726181e-01
-1.409095979062979093e-02
1.026440037770774971e+00
0.000000000000000000e+00
1.023535388586653383e+00
1.240875701940935376e-02
1.023535388586653383e+00
-1.240875701940935376e-02
1.019659064689770078e+00
1.791577728196274560e-02
1.019659064689770078e+00
-1.791577728196274560e-02
1.024880581350631426e+00
0.000000000000000000e+00
1.018454883412193368e+00
1.696709819205761624e-02
1.018454883412193368e+00
-1.696709819205761624e-02
1.022615223129476059e+00
7.715165774243241091e-03
1.022615223129476059e+00
-7.715165774243241091e-03
1.021278461200406218e+00
0.000000000000000000e+00
1.011911200150037882e+00
2.227569642537163483e-02
1.011911200150037882e+00
-2.227569642537163483e-02
1.002568368828659295e+00
2.621128610903900730e-02
1.002568368828659295e+00
-2.621128610903900730e-02
9.980272029228960395e-01
2.566182442596417687e-02
9.980272029228960395e-01
-2.566182442596417687e-02
9.865946051307832310e-01
2.281115162463634785e-02
9.865946051307832310e-01
-2.281115162463634785e-02
1.007827919210434242e+00
2.241851587900774850e-02
1.007827919210434242e+00
-2.241851587900774850e-02
1.012234448211832394e+00
1.874026205074317414e-02
1.012234448211832394e+00
-1.874026205074317414e-02
1.016138681668497634e+00
1.361749659233219521e-02
1.016138681668497634e+00
-1.361749659233219521e-02
1.002171796896387246e+00
2.292562223278718850e-02
1.002171796896387246e+00
-2.292562223278718850e-02
1.004400464727972953e+00
2.156784307466383388e-02
1.004400464727972953e+00
-2.156784307466383388e-02
1.009074926847316922e+00
1.827859822897772921e-02
1.009074926847316922e+00
-1.827859822897772921e-02
9.873428458334263524e-01
2.142879928537796269e-02
9.873428458334263524e-01
-2.142879928537796269e-02
9.915197657121055386e-01
2.102119657155917046e-02
9.915197657121055386e-01
-2.102119657155917046e-02
9.807773025521357990e-01
1.635938533694203043e-02
9.807773025521357990e-01
-1.635938533694203043e-02
9.866787598938742132e-01
1.908119924525969457e-02
9.866787598938742132e-01
-1.908119924525969457e-02
1.016395212414560323e+00
9.422108796257580923e-03
1.016395212414560323e+00
-9.422108796257580923e-03
1.017479668442954344e+00
0.000000000000000000e+00
9.978739919437447092e-01
2.015395212945254866e-02
9.978739919437447092e-01
-2.015395212945254866e-02
1.015388171238128079e+00
7.964982274469629975e-03
1.015388171238128079e+00
-7.964982274469629975e-03
1.015992927285691572e+00
3.809230204289420704e-03
1.015992927285691572e+00
-3.809230204289420704e-03
1.011948178619178407e+00
1.061490009821686696e-02
1.011948178619178407e+00
-1.061490009821686696e-02
9.748952197513460760e-01
5.954284524518224653e-03
9.748952197513460760e-01
-5.954284524518224653e-03
9.745145152252685516e-01
1.053641495656785707e-03
9.745145152252685516e-01
-1.053641495656785707e-03
9.790967988126859645e-01
1.057843030052510978e-02
9.790967988126859645e-01
-1.057843030052510978e-02
9.768595631910490518e-01
5.087112150539045176e-03
9.768595631910490518e-01
-5.087112150539045176e-03
9.813532963929252340e-01
1.232423173283929418e-02
9.813532963929252340e-01
-1.232423173283929418e-02
1.014239894083032612e+00
1.240026256947372859e-03
1.014239894083032612e+00
-1.240026256947372859e-03
1.003227461660373798e+00
1.558416808374218400e-02
1.003227461660373798e+00
-1.558416808374218400e-02
9.914348195051082557e-01
1.457112488027149239e-02
9.914348195051082557e-01
-1.457112488027149239e-02
1.008644673215525422e+00
0.000000000000000000e+00
1.001386215793140355e+00
1.328297436223771846e-02
1.001386215793140355e+00
-1.328297436223771846e-02
1.008108095407883598e+00
5.718700075238363455e-03
1.008108095407883598e+00
-5.718700075238363455e-03
1.008206856500265980e+00
0.000000000000000000e+00
9.788064509759337728e-01
0.000000000000000000e+00
9.956100320905270085e-01
1.143811630219489575e-02
9.956100320905270085e-01
-1.143811630219489575e-02
1.002675101590938311e+00
7.235710910484728642e-03
1.002675101590938311e+00
-7.235710910484728642e-03
1.003888296616449516e+00
3.464741361073817461e-03
1.003888296616449516e+00
-3.464741361073817461e-03
1.002428381843982752e+00
4.159782564219502606e-03
1.002428381843982752e+00
-4.159782564219502606e-03
9.999897970222707544e-01
6.658785944515337868e-03
9.999897970222707544e-01
-6.658785944515337868e-03
9.958902195688286163e-01
9.356017989627849613e-03
9.958902195688286163e-01
-9.356017989627849613e-03
9.915971961226880405e-01
9.425676726802513158e-03
9.915971961226880405e-01
-9.425676726802513158e-03
9.862073096777379533e-01
8.909061508983852698e-03
9.862073096777379533e-01
-8.909061508983852698e-03
9.818859738394575265e-01
0.000000000000000000e+00
9.871050327595729534e-01
7.853499553652597623e-03
9.871050327595729534e-01
-7.853499553652597623e-03
9.851040575739701266e-01
5.535838000550247738e-03
9.851040575739701266e-01
-5.535838000550247738e-03
9.877201034550724401e-01
0.000000000000000000e+00
9.920747552428481608e-01
1.167892845836918754e-03
9.920747552428481608e-01
-1.167892845836918754e-03
9.894210362842978945e-01
2.358273837871838891e-03
9.894210362842978945e-01
-2.358273837871838891e-03
9.880210425587300227e-01
1.409586334584067265e-03
9.880210425587300227e-01
-1.409586334584067265e-03
