-6.916637009085887210e-03
0.000000000000000000e+00
7.323889821596984984e-03
0.000000000000000000e+00
4.236939008635127318e-02
0.000000000000000000e+00
1.810089906649137437e-01
0.000000000000000000e+00
8.847769873573893551e-02
0.000000000000000000e+00
1.307575152774165528e-01
0.000000000000000000e+00
2.414312250609595978e-01
0.000000000000000000e+00
3.012758031477902332e-01
0.000000000000000000e+00
3.568462764534696685e-01
0.000000000000000000e+00
4.160020007136878695e-01
0.000000000000000000e+00
4.663651917445156836e-01
0.000000000000000000e+00
5.167074270059396346e-01
0.000000000000000000e+00
5.618041171184188221e-01
0.000000000000000000e+00
6.082145655927606587e-01
0.000000000000000000e+00
6.506955902472632003e-01
0.000000000000000000e+00
6.995237885292054925e-01
0.000000000000000000e+00
7.337275301484600387e-01
0.000000000000000000e+00
7.669513784474388807e-01
0.000000000000000000e+00
7.996511638859545856e-01
0.000000000000000000e+00
8.273592472842906664e-01
0.000000000000000000e+00
8.594037793591318142e-01
0.000000000000000000e+00
8.810913006980671813e-01
0.000000000000000000e+00
9.077318264468946518e-01
0.000000000000000000e+00
9.220446786782992010e-01
0.000000000000000000e+00
1.065207514438870184e+00
3.978719653192321765e-03
1.065207514438870184e+00
-3.978719653192321765e-03
9.299299243668179837e-01
0.000000000000000000e+00
1.058818705386928016e+00
0.000000000000000000e+00
9.490953738700023123e-01
4.287393687315794316e-02
9.490953738700023123e-01
-4.287393687315794316e-02
9.585070608318673191e-01
4.815943781667383211e-02
9.585070608318673191e-01
-4.815943781667383211e-02
9.384140966553324859e-01
3.931432967347346652e-03
9.384140966553324859e-01
-3.931432967347346652e-03
9.388703681818613145e-01
0.000000000000000000e+00
9.436313108890785895e-01
1.964220073118036480e-02
9.436313108890785895e-01
-1.964220073118036480e-02
9.422437471657036934e-01
9.340579785867201071e-03
9.422437471657036934e-01
-9.340579785867201071e-03
9.679719644751789698e-01
4.744608655650904561e-02
9.679719644751789698e-01
-4.744608655650904561e-02
9.448460467682010533e-01
1.076437350933386744e-02
9.448460467682010533e-01
-1.076437350933386744e-02
9.718965079629564574e-01
4.789373588612517302e-02
9.718965079629564574e-01
-4.789373588612517302e-02
1.053646810453574334e+00
0.000000000000000000e+00
1.053220456778745540e+00
4.449827547041670592e-03
1.053220456778745540e+00
-4.449827547041670592e-03
9.457494493482487830e-01
0.000000000000000000e+00
1.046041957325575034e+00
2.840279775450341160e-02
1.046041957325575034e+00
-2.840279775450341160e-02
1.019655801519106841e+00
5.072145636152603637e-02
1.019655801519106841e+00
-5.072145636152603637e-02
1.049784787728370583e+00
1.447897034109648338e-02
1.049784787728370583e+00
-1.447897034109648338e-02
1.040765162569943003e+00
3.330040678856735492e-02
1.040765162569943003e+00
-3.330040678856735492e-02
1.028392970276917007e+00
4.555239935893817121e-02
1.028392970276917007e+00
-4.555239935893817121e-02
9.882219933851195126e-01
5.283123445692868014e-02
9.882219933851195126e-01
-5.283123445692868014e-02
9.575629748276424102e-01
3.312814248045030385e-02
9.575629748276424102e-01
-3.312814248045030385e-02
9.897276902992128145e-01
5.191119518181438325e-02
9.897276902992128145e-01
-5.191119518181438325e-02
1.024379181911465597e+00
4.670277040835228710e-02
1.024379181911465597e+00
-4.670277040835228710e-02
1.004801178279898233e+00
5.193671672058683408e-02
1.004801178279898233e+00
-5.193671672058683408e-02
1.048209988107274615e+00
1.124666124224459399e-02
1.048209988107274615e+00
-1.124666124224459399e-02
1.047921349480429143e+00
0.000000000000000000e+00
1.009978583203358093e+00
5.022271907647671285e-02
1.009978583203358093e+00
-5.022271907647671285e-02
1.047934876847064434e+00
5.651158902339060118e-03
1.047934876847064434e+00
-5.651158902339060118e-03
1.031667227236182871e+00
3.819557938318906415e-02
1.031667227236182871e+00
-3.819557938318906415e-02
1.030634992805550709e+00
3.806949446587349489e-02
1.030634992805550709e+00
-3.806949446587349489e-02
1.047212765724784722e+00
0.000000000000000000e+00
1.039130478557031889e+00
2.802642610977965076e-02
1.039130478557031889e+00
-2.802642610977965076e-02
1.043068578497610366e+00
1.812530108979294383e-02
1.043068578497610366e+00
-1.812530108979294383e-02
1.045552537529918835e+00
5.858378121703748664e-03
1.045552537529918835e+00
-5.858378121703748664e-03
1.039596927401856385e+00
2.489401346710785889e-02
1.039596927401856385e+00
-2.489401346710785889e-02
9.543492528407364617e-01
2.363782591961607546e-02
9.543492528407364617e-01
-2.363782591961607546e-02
9.629298872395758435e-01
3.598850807870623836e-02
9.629298872395758435e-01
-3.598850807870623836e-02
1.010993108543979169e+00
4.798316257401931406e-02
1.010993108543979169e+00
-4.798316257401931406e-02
9.655921654890344819e-01
3.771920740419100471e-02
9.655921654890344819e-01
-3.771920740419100471e-02
1.044754542155484245e+00
0.000000000000000000e+00
1.006331803735497132e+00
4.839347902826943854e-02
1.006331803735497132e+00
-4.839347902826943854e-02
9.885022218617012246e-01
4.745813900648250538e-02
9.885022218617012246e-01
-4.745813900648250538e-02
1.027038158997800377e+00
3.790659476330526106e-02
1.027038158997800377e+00
-3.790659476330526106e-02
1.021454326616545671e+00
4.209680281712650796e-02
1.021454326616545671e+00
-4.209680281712650796e-02
1.001438785765139894e+00
4.714130793699729954e-02
1.001438785765139894e+00
-4.714130793699729954e-02
1.015056348516852225e+00
4.376190773751818114e-02
1.015056348516852225e+00
-4.376190773751818114e-02
1.040840325095371277e+00
1.443249908977766935e-02
1.040840325095371277e+00
-1.443249908977766935e-02
9.587326547280992095e-01
2.664617899060619730e-02
9.587326547280992095e-01
-2.664617899060619730e-02
9.514989514316531949e-01
1.087263930783863644e-02
9.514989514316531949e-01
-1.087263930783863644e-02
9.728150064745058057e-01
3.925030971319200257e-02
9.728150064745058057e-01
-3.925030971319200257e-02
9.545425243705548679e-01
1.606881521178515557e-02
9.545425243705548679e-01
-1.606881521178515557e-02
9.533720973510295682e-01
1.248530740291732034e-02
9.533720973510295682e-01
-1.248530740291732034e-02
1.001584339034612192e+00
4.500865004885426512e-02
1.001584339034612192e+00
-4.500865004885426512e-02
1.031634716311692568e+00
2.952972559560205351e-02
1.031634716311692568e+00
-2.952972559560205351e-02
1.040209510175254426e+00
0.000000000000000000e+00
1.033606771868571750e+00
2.411928476452117678e-02
1.033606771868571750e+00
-2.411928476452117678e-02
1.035183619865109428e+00
2.114960587744325188e-02
1.035183619865109428e+00
-2.114960587744325188e-02
1.029435026952958410e+00
2.918621421400360155e-02
1.029435026952958410e+00
-2.918621421400360155e-02
9.685655090927435262e-01
3.370262721791928567e-02
9.685655090927435262e-01
-3.370262721791928567e-02
9.653134907581856217e-01
2.914327377949936515e-02
9.653134907581856217e-01
-2.914327377949936515e-02
1.012761817047222124e+00
4.042874253243135957e-02
1.012761817047222124e+00
-4.042874253243135957e-02
1.015180938203748662e+00
3.878641976619554010e-02
1.015180938203748662e+00
-3.878641976619554010e-02
9.891402598512218924e-01
4.129846693619096398e-02
9.891402598512218924e-01
-4.129846693619096398e-02
9.561499970398272819e-01
1.115494158827158751e-02
9.561499970398272819e-01
-1.115494158827158751e-02
9.718620414333911661e-01
3.329553459732744608e-02
9.718620414333911661e-01
-3.329553459732744608e-02
1.021632403982960513e+00
3.289390621480708238e-02
1.021632403982960513e+00
-3.289390621480708238e-02
1.036616917580370778e+00
6.345097632243116431e-03
1.036616917580370778e+00
-6.345097632243116431e-03
1.014154676933108679e+00
3.687281654255557262e-02
1.014154676933108679e+00
-3.687281654255557262e-02
1.026122624799888250e+00
2.699470176218021072e-02
1.026122624799888250e+00
-2.699470176218021072e-02
1.004593303855754849e+00
3.968958484271108839e-02
1.004593303855754849e+00
-3.968958484271108839e-02
1.035037843252433198e+00
4.293275770695869145e-03
1.035037843252433198e+00
-4.293275770695869145e-03
1.030939378922425487e+00
1.743375401767580796e-02
1.030939378922425487e+00
-1.743375401767580796e-02
1.028392103313582773e+00
1.973077859979331661e-02
1.028392103313582773e+00
-1.973077859979331661e-02
1.027250151519427224e+00
2.095451356665018264e-02
1.027250151519427224e+00
-2.095451356665018264e-02
9.574956846925914977e-01
4.665139084996835529e-03
9.574956846925914977e-01
-4.665139084996835529e-03
9.578457233044542773e-01
0.000000000000000000e+00
9.920330513632580338e-01
3.783202526015413958e-02
9.920330513632580338e-01
-3.783202526015413958e-02
9.807485581237216365e-01
3.432200942595285686e-02
9.807485581237216365e-01
-3.432200942595285686e-02
9.742503230153600757e-01
3.016095068848661381e-02
9.742503230153600757e-01
-3.016095068848661381e-02
9.607672277160552721e-01
1.151643436709950431e-02
9.607672277160552721e-01
-1.151643436709950431e-02
9.757471389774734494e-01
2.996317457584865215e-02
9.757471389774734494e-01
-2.996317457584865215e-02
9.849907552523899934e-01
3.485814713929660802e-02
9.849907552523899934e-01
-3.485814713929660802e-02
9.649900282737970958e-01
1.932210469449779228e-02
9.649900282737970958e-01
-1.932210469449779228e-02
1.010010361121435718e+00
3.472747017608750902e-02
1.010010361121435718e+00
-3.472747017608750902e-02
9.604453775103768409e-01
0.000000000000000000e+00
9.696873699771737520e-01
2.325230845357622450e-02
9.696873699771737520e-01
-2.325230845357622450e-02
9.673384412348762229e-01
2.050817944161095058e-02
9.673384412348762229e-01
-2.050817944161095058e-02
1.030104090882129730e+00
1.143511823565596976e-02
1.030104090882129730e+00
-1.143511823565596976e-02
1.004520943773119290e+00
3.522211385082316126e-02
1.004520943773119290e+00
-3.522211385082316126e-02
1.029869021829729503e+00
6.788512310689564372e-03
1.029869021829729503e+00
-6.788512310689564372e-03
1.028550348645147938e+00
9.483221801444537483e-03
1.028550348645147938e+00
-9.483221801444537483e-03
9.709456302493330027e-01
2.226693368424298436e-02
9.709456302493330027e-01
-2.226693368424298436e-02
9.615699353095711333e-01
1.147770437126900212e-03
9.615699353095711333e-01
-1.147770437126900212e-03
1.000399059858045447e+00
3.411363733889621885e-02
1.000399059858045447e+00
-3.411363733889621885e-02
1.005776959910406720e+00
3.247935576978788763e-02
1.005776959910406720e+00
-3.247935576978788763e-02
9.896901510057141138e-01
3.273106999130926537e-02
9.896901510057141138e-01
-3.273106999130926537e-02
9.922524743879530540e-01
3.273705205382745204e-02
9.922524743879530540e-01
-3.273705205382745204e-02
1.001263480985377319e+00
3.243187539531179608e-02
1.001263480985377319e+00
-3.243187539531179608e-02
9.648500646001232361e-01
8.857297713068409961e-03
9.648500646001232361e-01
-8.857297713068409961e-03
9.831001748168741727e-01
2.841298172009203843e-02
9.831001748168741727e-01
-2.841298172009203843e-02
9.849167065377573138e-01
2.882610239160900145e-02
9.849167065377573138e-01
-2.882610239160900145e-02
1.012530726865524588e+00
2.779968327310573112e-02
1.012530726865524588e+00
-2.779968327310573112e-02
1.015760413916020788e+00
2.524209833707218714e-02
1.015760413916020788e+00
-2.524209833707218714e-02
9.682052567390941888e-01
1.356637626671246613e-02
9.682052567390941888e-01
-1.356637626671246613e-02
9.656688652630067704e-01
5.560663578902625033e-03
9.656688652630067704e-01
-5.560663578902625033e-03
9.654647880748301603e-01
5.391814930355517434e-04
9.654647880748301603e-01
-5.391814930355517434e-04
9.975149641528395783e-01
3.014834758157033598e-02
9.975149641528395783e-01
-3.014834758157033598e-02
1.022985347945733592e+00
1.522700080334648057e-02
1.022985347945733592e+00
-1.522700080334648057e-02
1.020524848586335853e+00
1.869534378023280513e-02
1.020524848586335853e+00
-1.869534378023280513e-02
1.019173415518406678e+00
1.989666656888391949e-02
1.019173415518406678e+00
-1.989666656888391949e-02
1.026610480837665484e+00
1.038061463648542147e-03
1.026610480837665484e+00
-1.038061463648542147e-03
1.025889363606685034e+00
4.868087494446400598e-03
1.025889363606685034e+00
-4.868087494446400598e-03
1.025815941558715583e+00
0.000000000000000000e+00
1.015580328293163914e+00
2.310497185510802451e-02
1.015580328293163914e+00
-2.310497185510802451e-02
1.024743397672596590e+00
0.000000000000000000e+00
1.016273174463304230e+00
2.085617477594839397e-02
1.016273174463304230e+00
-2.085617477594839397e-02
1.020287335145709573e+00
1.523289495632105736e-02
1.020287335145709573e+00
-1.523289495632105736e-02
1.001920621182725846e+00
2.827830542544959233e-02
1.001920621182725846e+00
-2.827830542544959233e-02
9.939100749386904354e-01
2.780997036085787466e-02
9.939100749386904354e-01
-2.780997036085787466e-02
1.011364783228606568e+00
2.184356591990118529e-02
1.011364783228606568e+00
-2.184356591990118529e-02
1.005996530139145584e+00
2.480255049893000802e-02
1.005996530139145584e+00
-2.480255049893000802e-02
9.951001889685371360e-01
2.676492435040118273e-02
9.951001889685371360e-01
-2.676492435040118273e-02
9.702044102548580407e-01
9.031141482135979920e-03
9.702044102548580407e-01
-9.031141482135979920e-03
1.014586682248392657e+00
1.780066557547845332e-02
1.014586682248392657e+00
-1.780066557547845332e-02
1.005386397124165887e+00
2.222110025406091871e-02
1.005386397124165887e+00
-2.222110025406091871e-02
1.001393148191962901e+00
2.377915477582182024e-02
1.001393148191962901e+00
-2.377915477582182024e-02
9.797182305232052801e-01
1.927655659577386105e-02
9.797182305232052801e-01
-1.927655659577386105e-02
9.767189909649169888e-01
1.612402284850226325e-02
9.767189909649169888e-01
-1.612402284850226325e-02
9.722559798228284089e-01
4.650845122456673947e-03
9.722559798228284089e-01
-4.650845122456673947e-03
1.020159995016373333e+00
5.183362934174406619e-03
1.020159995016373333e+00
-5.183362934174406619e-03
1.020406908070875085e+00
0.000000000000000000e+00
9.816724216055138230e-01
1.727231680912443695e-02
9.816724216055138230e-01
-1.727231680912443695e-02
9.779115777203362114e-01
1.333033851603403208e-02
9.779115777203362114e-01
-1.333033851603403208e-02
9.805384000699941538e-01
1.563950423105934032e-02
9.805384000699941538e-01
-1.563950423105934032e-02
9.949440898026040703e-01
2.176174717988887952e-02
9.949440898026040703e-01
-2.176174717988887952e-02
9.926315726060204181e-01
2.082260729529031296e-02
9.926315726060204181e-01
-2.082260729529031296e-02
1.016080117996656318e+00
9.648572093334703906e-03
1.016080117996656318e+00
-9.648572093334703906e-03
9.999726343813284402e-01
1.951604041007930918e-02
9.999726343813284402e-01
-1.951604041007930918e-02
9.759877252279894888e-01
0.000000000000000000e+00
9.766578352921559958e-01
6.741353235725520109e-03
9.766578352921559958e-01
-6.741353235725520109e-03
9.889388332101149981e-01
1.752859733343204232e-02
9.889388332101149981e-01
-1.752859733343204232e-02
9.797728224509804074e-01
9.037235926793828547e-03
9.797728224509804074e-01
-9.037235926793828547e-03
1.015075221632614877e+00
7.239651296504895014e-03
1.015075221632614877e+00
-7.239651296504895014e-03
9.785206615292125765e-01
3.095025815703856403e-03
9.785206615292125765e-01
-3.095025815703856403e-03
9.872655508213599163e-01
1.313339326060963472e-02
9.872655508213599163e-01
-1.313339326060963472e-02
9.799498150281790165e-01
0.000000000000000000e+00
1.014454658657675923e+00
0.000000000000000000e+00
9.930345100443978001e-01
1.513253288118600326e-02
9.930345100443978001e-01
-1.513253288118600326e-02
1.001096868133521500e+00
1.512646476885846566e-02
1.001096868133521500e+00
-1.512646476885846566e-02
1.013466724619463299e+00
5.030276197671686503e-03
1.013466724619463299e+00
-5.030276197671686503e-03
9.966597547624986841e-01
1.456529646635430601e-02
9.966597547624986841e-01
-1.456529646635430601e-02
9.841829911118202823e-01
0.000000000000000000e+00
9.840815220858654122e-01
3.698742862831251848e-03
9.840815220858654122e-01
-3.698742862831251848e-03
1.011824221885210484e+00
0.000000000000000000e+00
9.868448160647502743e-01
7.219553854691065399e-03
9.868448160647502743e-01
-7.219553854691065399e-03
9.931920962345188730e-01
1.116279202295944635e-02
9.931920962345188730e-01
-1.116279202295944635e-02
1.009885750712570696e+00
0.000000000000000000e+00
1.009134902359362540e+00
7.283889045556195090e-03
1.009134902359362540e+00
-7.283889045556195090e-03
1.009176577633226435e+00
5.161200597195825246e-03
1.009176577633226435e+00
-5.161200597195825246e-03
9.883167516772870531e-01
3.237744536675184193e-03
9.883167516772870531e-01
-3.237744536675184193e-03
9.910706809889118230e-01
0.000000000000000000e+00
1.003826727582390443e+00
7.570538131246286329e-03
1.003826727582390443e+00
-7.570538131246286329e-03
9.921986714190452750e-01
2.791375032581007356e-03
9.921986714190452750e-01
-2.791375032581007356e-03
9.975199706002084721e-01
7.571879734049190465e-03
9.975199706002084721e-01
-7.571879734049190465e-03
1.003966280481260576e+00
0.000000000000000000e+00
1.002376345223895404e+00
4.300240917251034120e-03
1.002376345223895404e+00
-4.300240917251034120e-03
9.983330455706713735e-01
3.188252538965800735e-03
9.983330455706713735e-01
-3.188252538965800735e-03
9.970279199569593853e-01
0.000000000000000000e+00
1.001410858151703609e+00
0.000000000000000000e+00
