1.000000000000000000e+00
0.000000000000000000e+00
1.000000000000000000e+00
0.000000000000000000e+00
1.000000000000000000e+00
0.000000000000000000e+00
1.000000000000000000e+00
0.000000000000000000e+00
3.869695318315692634e-02
0.000000000000000000e+00
1.224153428680001404e-01
0.000000000000000000e+00
4.017376301989764031e-01
0.000000000000000000e+00
5.932980596269755713e-01
0.000000000000000000e+00
7.200518420611813353e-01
0.000000000000000000e+00
1.134687847570715169e+00
1.127008603168492551e-01
1.134687847570715169e+00
-1.127008603168492551e-01
8.435694828590255545e-01
0.000000000000000000e+00
8.396428848334973605e-01
6.354009292261009190e-02
8.396428848334973605e-01
-6.354009292261009190e-02
9.065768093801199745e-01
0.000000000000000000e+00
9.001252854095220801e-01
1.006365898845543311e-01
9.001252854095220801e-01
-1.006365898845543311e-01
9.711315991175741846e-01
1.133254074746371937e-01
9.711315991175741846e-01
-1.133254074746371937e-01
9.268253201746412540e-01
8.142448520505896070e-02
9.268253201746412540e-01
-8.142448520505896070e-02
9.168579220612012026e-01
3.640513738573783464e-02
9.168579220612012026e-01
-3.640513738573783464e-02
1.055939858510544838e+00
7.538345212822805674e-02
1.055939858510544838e+00
-7.538345212822805674e-02
1.105460429657290300e+00
0.000000000000000000e+00
1.088588073169491022e+00
0.000000000000000000e+00
1.072390625852446711e+00
3.248886341253903048e-02
1.072390625852446711e+00
-3.248886341253903048e-02
1.009238944386257275e+00
5.819624807422985047e-02
1.009238944386257275e+00
-5.819624807422985047e-02
1.034519675644004710e+00
0.000000000000000000e+00
1.011531730384747085e+00
1.249492399963365169e-02
1.011531730384747085e+00
-1.249492399963365169e-02
