 (2.586245774252428700e-04+0.000000000000000000e+00j)
 (6.913546005853623590e-03+0.000000000000000000e+00j)
 (4.379744760540622839e-02+0.000000000000000000e+00j)
 (8.506359983781697220e-02+0.000000000000000000e+00j)
 (1.332466978204602248e-01+0.000000000000000000e+00j)
 (1.854680487288380142e-01+0.000000000000000000e+00j)
 (2.403497974726419850e-01+0.000000000000000000e+00j)
 (2.969020864646297886e-01+0.000000000000000000e+00j)
 (3.535161764648589999e-01+0.000000000000000000e+00j)
 (4.085230290642346551e-01+0.000000000000000000e+00j)
 (4.629436901435672325e-01+0.000000000000000000e+00j)
 (5.148533385847121613e-01+0.000000000000000000e+00j)
 (5.645431479287406074e-01+0.000000000000000000e+00j)
 (6.118573346564927240e-01+0.000000000000000000e+00j)
 (6.559387081898702121e-01+0.000000000000000000e+00j)
 (6.974635114386291690e-01+0.000000000000000000e+00j)
 (7.348653838381060677e-01+0.000000000000000000e+00j)
 (7.697544684119801417e-01+0.000000000000000000e+00j)
 (8.020353364299889209e-01+0.000000000000000000e+00j)
 (8.305953820254142750e-01+0.000000000000000000e+00j)
 (8.565263770013764599e-01+0.000000000000000000e+00j)
 (8.792474941175549841e-01+0.000000000000000000e+00j)
 (8.991412214779915812e-01+0.000000000000000000e+00j)
 (9.166037008565197652e-01+0.000000000000000000e+00j)
 (9.312010774293663085e-01+0.000000000000000000e+00j)
 (9.439222110088311135e-01+0.000000000000000000e+00j)
 (9.549040367565433396e-01+0.000000000000000000e+00j)
 (9.636778913101433641e-01+0.000000000000000000e+00j)
 (9.706539381540262301e-01+0.000000000000000000e+00j)
 (9.774645536976689364e-01+0.000000000000000000e+00j)
 (9.822127354993843706e-01+0.000000000000000000e+00j)
 (9.863433926017239894e-01+0.000000000000000000e+00j)
 (9.888880995257531836e-01+0.000000000000000000e+00j)
 (9.913832337096364355e-01+0.000000000000000000e+00j)
 (9.935401933883585279e-01+8.769922791571117555e-04j)
 (9.935401933883585279e-01+-8.769922791571117555e-04j)
 (1.006209504387020059e+00+0.000000000000000000e+00j)
 (9.988976837293053190e-01+6.071892317188637943e-03j)
 (9.988976837293053190e-01+-6.071892317188637943e-03j)
 (9.937751491808053395e-01+4.267169522533536153e-05j)
 (9.937751491808053395e-01+-4.267169522533536153e-05j)
 (1.005699528270359355e+00+9.557327793186189049e-04j)
 (1.005699528270359355e+00+-9.557327793186189049e-04j)
 (1.005556036293485223e+00+8.552930763870768109e-04j)
 (1.005556036293485223e+00+-8.552930763870768109e-04j)
 (9.979659733008710010e-01+5.188954200122548703e-03j)
 (9.979659733008710010e-01+-5.188954200122548703e-03j)
 (1.004616292376098396e+00+3.050123314342853467e-03j)
 (1.004616292376098396e+00+-3.050123314342853467e-03j)
 (1.005265673182431874e+00+0.000000000000000000e+00j)
 (9.948405289848305522e-01+1.830215205405667572e-03j)
 (9.948405289848305522e-01+-1.830215205405667572e-03j)
 (9.964572547596473040e-01+3.979684918670395657e-03j)
 (9.964572547596473040e-01+-3.979684918670395657e-03j)
 (9.945381921247484769e-01+7.850707962062703925e-05j)
 (9.945381921247484769e-01+-7.850707962062703925e-05j)
 (1.004897738644341842e+00+1.691417055817439176e-03j)
 (1.004897738644341842e+00+-1.691417055817439176e-03j)
 (9.981646153037366798e-01+4.826017080733460002e-03j)
 (9.981646153037366798e-01+-4.826017080733460002e-03j)
 (9.972069787747170899e-01+4.364174142283207963e-03j)
 (9.972069787747170899e-01+-4.364174142283207963e-03j)
 (9.961148571810598540e-01+3.361824509296103790e-03j)
 (9.961148571810598540e-01+-3.361824509296103790e-03j)
 (9.951516788633154587e-01+1.785704100724879329e-03j)
 (9.951516788633154587e-01+-1.785704100724879329e-03j)
 (9.948864107497021880e-01+9.509278056107064656e-04j)
 (9.948864107497021880e-01+-9.509278056107064656e-04j)
 (1.004324865427854263e+00+2.643092675780152421e-03j)
 (1.004324865427854263e+00+-2.643092675780152421e-03j)
 (1.004801159039391711e+00+1.349184695454474841e-03j)
 (1.004801159039391711e+00+-1.349184695454474841e-03j)
 (1.004833768666776983e+00+0.000000000000000000e+00j)
 (1.003857176420387631e+00+3.268697402976649975e-03j)
 (1.003857176420387631e+00+-3.268697402976649975e-03j)
 (1.004775375459533215e+00+8.980116926560868839e-04j)
 (1.004775375459533215e+00+-8.980116926560868839e-04j)
 (1.003993852490922656e+00+2.893098557257240116e-03j)
 (1.003993852490922656e+00+-2.893098557257240116e-03j)
 (9.964920815741056259e-01+3.528646152889145654e-03j)
 (9.964920815741056259e-01+-3.528646152889145654e-03j)
 (9.948733546244745707e-01+0.000000000000000000e+00j)
 (9.949043514721480630e-01+0.000000000000000000e+00j)
 (9.960236648432467810e-01+2.938159593984112413e-03j)
 (9.960236648432467810e-01+-2.938159593984112413e-03j)
 (9.968325650474594291e-01+3.714653176214621072e-03j)
 (9.968325650474594291e-01+-3.714653176214621072e-03j)
 (1.003449436634193948e+00+3.433310129706058141e-03j)
 (1.003449436634193948e+00+-3.433310129706058141e-03j)
 (9.956977199021732616e-01+2.315054738451079782e-03j)
 (9.956977199021732616e-01+-2.315054738451079782e-03j)
 (9.955574871250258973e-01+1.920694815297448611e-03j)
 (9.955574871250258973e-01+-1.920694815297448611e-03j)
 (1.003656200573975532e+00+3.069009940070907983e-03j)
 (1.003656200573975532e+00+-3.069009940070907983e-03j)
 (9.984435836094025518e-01+4.477505973067361610e-03j)
 (9.984435836094025518e-01+-4.477505973067361610e-03j)
 (9.952859702555503230e-01+8.521956605854538866e-04j)
 (9.952859702555503230e-01+-8.521956605854538866e-04j)
 (9.994654694696766262e-01+4.638275484888642122e-03j)
 (9.994654694696766262e-01+-4.638275484888642122e-03j)
 (1.001235868570291565e+00+4.526562552881854481e-03j)
 (1.001235868570291565e+00+-4.526562552881854481e-03j)
 (1.002850582810850044e+00+3.694369298014198253e-03j)
 (1.002850582810850044e+00+-3.694369298014198253e-03j)
 (9.962729339584562860e-01+2.706246798958514624e-03j)
 (9.962729339584562860e-01+-2.706246798958514624e-03j)
 (9.954360089262829225e-01+0.000000000000000000e+00j)
 (9.988346056646957294e-01+4.400799560792265433e-03j)
 (9.988346056646957294e-01+-4.400799560792265433e-03j)
 (9.957344366243887634e-01+1.468482980558311318e-03j)
 (9.957344366243887634e-01+-1.468482980558311318e-03j)
 (9.955462887323094368e-01+0.000000000000000000e+00j)
 (9.976561941376865805e-01+3.806043137652260523e-03j)
 (9.976561941376865805e-01+-3.806043137652260523e-03j)
 (9.961433492517638433e-01+2.196947444726865886e-03j)
 (9.961433492517638433e-01+-2.196947444726865886e-03j)
 (1.001982633955290414e+00+4.105996466451104082e-03j)
 (1.001982633955290414e+00+-4.105996466451104082e-03j)
 (1.003624933141035847e+00+2.645342317877516589e-03j)
 (1.003624933141035847e+00+-2.645342317877516589e-03j)
 (1.002555805863818428e+00+3.657238546671754027e-03j)
 (1.002555805863818428e+00+-3.657238546671754027e-03j)
 (1.001989427456670523e+00+3.951293676044328844e-03j)
 (1.001989427456670523e+00+-3.951293676044328844e-03j)
 (9.984042565221105114e-01+4.053136183494431173e-03j)
 (9.984042565221105114e-01+-4.053136183494431173e-03j)
 (1.003964171049656517e+00+1.878527858595956980e-03j)
 (1.003964171049656517e+00+-1.878527858595956980e-03j)
 (1.002462330195345253e+00+3.517362532163546742e-03j)
 (1.002462330195345253e+00+-3.517362532163546742e-03j)
 (1.002943406266247450e+00+3.028392751544670657e-03j)
 (1.002943406266247450e+00+-3.028392751544670657e-03j)
 (1.003234698096832078e+00+2.696450604566062118e-03j)
 (1.003234698096832078e+00+-2.696450604566062118e-03j)
 (9.961377430173832259e-01+1.517563283475208569e-03j)
 (9.961377430173832259e-01+-1.517563283475208569e-03j)
 (9.984042301609414860e-01+3.835566943821089748e-03j)
 (9.984042301609414860e-01+-3.835566943821089748e-03j)
 (1.001970321606779457e+00+3.672340881672033191e-03j)
 (1.001970321606779457e+00+-3.672340881672033191e-03j)
 (1.000191864814566678e+00+4.123675205384036424e-03j)
 (1.000191864814566678e+00+-4.123675205384036424e-03j)
 (1.000205834397561722e+00+4.045960391050451924e-03j)
 (1.000205834397561722e+00+-4.045960391050451924e-03j)
 (9.995857184818854879e-01+3.984068448928958575e-03j)
 (9.995857184818854879e-01+-3.984068448928958575e-03j)
 (9.990097029312230426e-01+3.844129952368868612e-03j)
 (9.990097029312230426e-01+-3.844129952368868612e-03j)
 (9.979073298674262515e-01+3.413373399506645575e-03j)
 (9.979073298674262515e-01+-3.413373399506645575e-03j)
 (1.000432454645284519e+00+3.957238912487943787e-03j)
 (1.000432454645284519e+00+-3.957238912487943787e-03j)
 (1.001534621974405681e+00+3.728201889419917921e-03j)
 (1.001534621974405681e+00+-3.728201889419917921e-03j)
 (1.004198806041312286e+00+5.762611367214305136e-04j)
 (1.004198806041312286e+00+-5.762611367214305136e-04j)
 (1.004197597419772992e+00+0.000000000000000000e+00j)
 (1.002275510523076063e+00+3.362311403286240979e-03j)
 (1.002275510523076063e+00+-3.362311403286240979e-03j)
 (1.003945954095277093e+00+1.081476296932599003e-03j)
 (1.003945954095277093e+00+-1.081476296932599003e-03j)
 (1.004076921032180714e+00+5.336665435068515271e-04j)
 (1.004076921032180714e+00+-5.336665435068515271e-04j)
 (1.003995483166695735e+00+4.644260584845452114e-04j)
 (1.003995483166695735e+00+-4.644260584845452114e-04j)
 (1.001474083117525726e+00+3.647033121639529658e-03j)
 (1.001474083117525726e+00+-3.647033121639529658e-03j)
 (9.959596501828619219e-01+3.335079227964888709e-05j)
 (9.959596501828619219e-01+-3.335079227964888709e-05j)
 (9.960038835558618908e-01+3.710804012030215746e-04j)
 (9.960038835558618908e-01+-3.710804012030215746e-04j)
 (1.002841605583362661e+00+2.625683912074894526e-03j)
 (1.002841605583362661e+00+-2.625683912074894526e-03j)
 (9.961787203944647562e-01+5.850860890579183361e-04j)
 (9.961787203944647562e-01+-5.850860890579183361e-04j)
 (1.000865827836379118e+00+3.615399633298711259e-03j)
 (1.000865827836379118e+00+-3.615399633298711259e-03j)
 (9.973322000962898670e-01+2.587937180208383595e-03j)
 (9.973322000962898670e-01+-2.587937180208383595e-03j)
 (9.971578569140866488e-01+2.378023766197381091e-03j)
 (9.971578569140866488e-01+-2.378023766197381091e-03j)
 (9.980971788290494695e-01+3.055867065410524091e-03j)
 (9.980971788290494695e-01+-3.055867065410524091e-03j)
 (9.970626939533344668e-01+1.948313755777487380e-03j)
 (9.970626939533344668e-01+-1.948313755777487380e-03j)
 (1.000614921758823161e+00+3.394098517597226271e-03j)
 (1.000614921758823161e+00+-3.394098517597226271e-03j)
 (9.966445804487040760e-01+6.520772508767853134e-04j)
 (9.966445804487040760e-01+-6.520772508767853134e-04j)
 (9.969716490605957659e-01+1.437375579992077219e-03j)
 (9.969716490605957659e-01+-1.437375579992077219e-03j)
 (9.981347603217849418e-01+2.793884577396396705e-03j)
 (9.981347603217849418e-01+-2.793884577396396705e-03j)
 (1.003600005684062602e+00+0.000000000000000000e+00j)
 (1.000205211329326049e+00+3.334153708752059502e-03j)
 (1.000205211329326049e+00+-3.334153708752059502e-03j)
 (9.995211371201121464e-01+3.312661506269959713e-03j)
 (9.995211371201121464e-01+-3.312661506269959713e-03j)
 (9.974895426546113164e-01+2.058448861494068406e-03j)
 (9.974895426546113164e-01+-2.058448861494068406e-03j)
 (9.977490561889756915e-01+2.339003544869128638e-03j)
 (9.977490561889756915e-01+-2.339003544869128638e-03j)
 (9.967846121416018557e-01+0.000000000000000000e+00j)
 (9.981886448848429350e-01+2.551999649114092446e-03j)
 (9.981886448848429350e-01+-2.551999649114092446e-03j)
 (9.971209551118640491e-01+9.505916702103760002e-04j)
 (9.971209551118640491e-01+-9.505916702103760002e-04j)
 (1.003366230641064227e+00+7.843011090004447898e-04j)
 (1.003366230641064227e+00+-7.843011090004447898e-04j)
 (9.976428454082748587e-01+1.807728070219305179e-03j)
 (9.976428454082748587e-01+-1.807728070219305179e-03j)
 (9.972097050900010640e-01+0.000000000000000000e+00j)
 (1.001730375641441517e+00+2.838157754377040442e-03j)
 (1.001730375641441517e+00+-2.838157754377040442e-03j)
 (9.988562736932546926e-01+2.831192686801957490e-03j)
 (9.988562736932546926e-01+-2.831192686801957490e-03j)
 (9.990480622657269549e-01+2.891316718005158912e-03j)
 (9.990480622657269549e-01+-2.891316718005158912e-03j)
 (1.002303575032993832e+00+2.371879164016271399e-03j)
 (1.002303575032993832e+00+-2.371879164016271399e-03j)
 (1.002794798319903258e+00+1.706266263431195813e-03j)
 (1.002794798319903258e+00+-1.706266263431195813e-03j)
 (9.976524253497254247e-01+1.335416955604525058e-03j)
 (9.976524253497254247e-01+-1.335416955604525058e-03j)
 (9.973548882863125797e-01+3.334791992230128933e-04j)
 (9.973548882863125797e-01+-3.334791992230128933e-04j)
 (9.990629028170597836e-01+2.653556375733366786e-03j)
 (9.990629028170597836e-01+-2.653556375733366786e-03j)
 (9.993558216783661186e-01+2.703271957593485122e-03j)
 (9.993558216783661186e-01+-2.703271957593485122e-03j)
 (1.002669804326770553e+00+1.517661769737576423e-03j)
 (1.002669804326770553e+00+-1.517661769737576423e-03j)
 (1.003039102460012488e+00+2.647023313104916969e-04j)
 (1.003039102460012488e+00+-2.647023313104916969e-04j)
 (1.002747566461665407e+00+1.147071027846570260e-03j)
 (1.002747566461665407e+00+-1.147071027846570260e-03j)
 (1.002911755451155518e+00+3.674384339700207140e-04j)
 (1.002911755451155518e+00+-3.674384339700207140e-04j)
 (1.001839574995817106e+00+2.253624536168423974e-03j)
 (1.001839574995817106e+00+-2.253624536168423974e-03j)
 (1.000554378139741907e+00+2.748902876459020928e-03j)
 (1.000554378139741907e+00+-2.748902876459020928e-03j)
 (9.987180084664444291e-01+2.229727879911710692e-03j)
 (9.987180084664444291e-01+-2.229727879911710692e-03j)
 (9.975571506881760753e-01+0.000000000000000000e+00j)
 (1.000955269432032724e+00+2.621445020564811164e-03j)
 (1.000955269432032724e+00+-2.621445020564811164e-03j)
 (1.002649233654901106e+00+8.539660706389184909e-04j)
 (1.002649233654901106e+00+-8.539660706389184909e-04j)
 (9.977398534845413058e-01+0.000000000000000000e+00j)
 (9.978631849484878025e-01+9.767893100691643973e-04j)
 (9.978631849484878025e-01+-9.767893100691643973e-04j)
 (1.002261397228703110e+00+1.470648627722752431e-03j)
 (1.002261397228703110e+00+-1.470648627722752431e-03j)
 (1.000396313046289620e+00+2.498925433902627734e-03j)
 (1.000396313046289620e+00+-2.498925433902627734e-03j)
 (1.000884211268768809e+00+2.439834703163574342e-03j)
 (1.000884211268768809e+00+-2.439834703163574342e-03j)
 (9.986164258425979101e-01+1.769116478206243098e-03j)
 (9.986164258425979101e-01+-1.769116478206243098e-03j)
 (9.983240441417979838e-01+1.390937686577089528e-03j)
 (9.983240441417979838e-01+-1.390937686577089528e-03j)
 (1.002043190439860121e+00+1.589387376094703172e-03j)
 (1.002043190439860121e+00+-1.589387376094703172e-03j)
 (1.000991902160414337e+00+2.205809657917933656e-03j)
 (1.000991902160414337e+00+-2.205809657917933656e-03j)
 (1.002278860691730555e+00+0.000000000000000000e+00j)
 (1.002414920813370802e+00+4.442398936803372252e-04j)
 (1.002414920813370802e+00+-4.442398936803372252e-04j)
 (1.001700802804355250e+00+1.730261145997169297e-03j)
 (1.001700802804355250e+00+-1.730261145997169297e-03j)
 (1.000447681800244126e+00+2.174380344466537822e-03j)
 (1.000447681800244126e+00+-2.174380344466537822e-03j)
 (9.996090192574418332e-01+2.084392004083493108e-03j)
 (9.996090192574418332e-01+-2.084392004083493108e-03j)
 (1.001655567975827887e+00+1.441846192627515167e-03j)
 (1.001655567975827887e+00+-1.441846192627515167e-03j)
 (1.001808672947633871e+00+1.226774970737044054e-03j)
 (1.001808672947633871e+00+-1.226774970737044054e-03j)
 (1.001304891812396569e+00+1.632970435382343107e-03j)
 (1.001304891812396569e+00+-1.632970435382343107e-03j)
 (9.984772877261980373e-01+1.169585602543478766e-03j)
 (9.984772877261980373e-01+-1.169585602543478766e-03j)
 (1.000082472377981091e+00+1.884871382671502544e-03j)
 (1.000082472377981091e+00+-1.884871382671502544e-03j)
 (9.982438596282172671e-01+0.000000000000000000e+00j)
 (9.983758069820973802e-01+7.704811603798069264e-04j)
 (9.983758069820973802e-01+-7.704811603798069264e-04j)
 (9.982684240008214971e-01+6.635848520745122063e-05j)
 (9.982684240008214971e-01+-6.635848520745122063e-05j)
 (9.996612758290839285e-01+1.696698748572469809e-03j)
 (9.996612758290839285e-01+-1.696698748572469809e-03j)
 (9.995223441718258384e-01+1.651517803495150104e-03j)
 (9.995223441718258384e-01+-1.651517803495150104e-03j)
 (9.985527458703706838e-01+4.582092262538840126e-04j)
 (9.985527458703706838e-01+-4.582092262538840126e-04j)
 (9.986651465208999934e-01+2.516984697263855699e-04j)
 (9.986651465208999934e-01+-2.516984697263855699e-04j)
 (1.001597587677682810e+00+1.070461643687071075e-03j)
 (1.001597587677682810e+00+-1.070461643687071075e-03j)
 (9.994143930037151513e-01+1.347377637761584292e-03j)
 (9.994143930037151513e-01+-1.347377637761584292e-03j)
 (1.001921810224297715e+00+0.000000000000000000e+00j)
 (1.001920468942166575e+00+4.525051170477998024e-04j)
 (1.001920468942166575e+00+-4.525051170477998024e-04j)
 (1.001661729708160919e+00+7.415826821017180602e-04j)
 (1.001661729708160919e+00+-7.415826821017180602e-04j)
 (1.001724287038484817e+00+4.109112883464782827e-04j)
 (1.001724287038484817e+00+-4.109112883464782827e-04j)
 (9.990666995382528892e-01+7.056331816409605173e-04j)
 (9.990666995382528892e-01+-7.056331816409605173e-04j)
 (9.993591700960396951e-01+1.038522938602155690e-03j)
 (9.993591700960396951e-01+-1.038522938602155690e-03j)
 (9.990670745629323113e-01+3.670788687451577458e-04j)
 (9.990670745629323113e-01+-3.670788687451577458e-04j)
 (1.001175008460928773e+00+1.102603024681904917e-03j)
 (1.001175008460928773e+00+-1.102603024681904917e-03j)
 (1.000680230508639079e+00+1.362909094006191542e-03j)
 (1.000680230508639079e+00+-1.362909094006191542e-03j)
 (9.998836931893761992e-01+1.247186047371393654e-03j)
 (9.998836931893761992e-01+-1.247186047371393654e-03j)
 (1.000221202782833441e+00+1.274096540605482424e-03j)
 (1.000221202782833441e+00+-1.274096540605482424e-03j)
 (1.000778849935972659e+00+1.161594208537221080e-03j)
 (1.000778849935972659e+00+-1.161594208537221080e-03j)
 (1.001357933270888623e+00+2.421151128578341301e-04j)
 (1.001357933270888623e+00+-2.421151128578341301e-04j)
 (1.001056921995743032e+00+0.000000000000000000e+00j)
 (1.000802077669261880e+00+7.882692874583689278e-04j)
 (1.000802077669261880e+00+-7.882692874583689278e-04j)
 (9.998314298435801994e-01+1.625935177682350994e-04j)
 (9.998314298435801994e-01+-1.625935177682350994e-04j)
 (1.000557372636387221e+00+3.683206908213864750e-04j)
 (1.000557372636387221e+00+-3.683206908213864750e-04j)
 (1.000831124200053823e+00+0.000000000000000000e+00j)
 (1.000125034951289571e+00+3.129656495743664193e-04j)
 (1.000125034951289571e+00+-3.129656495743664193e-04j)
 (1.000112194494753082e+00+0.000000000000000000e+00j)
 (1.000728668977621583e+00+0.000000000000000000e+00j)
