1.000000000000000000e+00
0.000000000000000000e+00
1.000000000000000000e+00
0.000000000000000000e+00
1.000000000000000000e+00
0.000000000000000000e+00
1.000000000000000000e+00
0.000000000000000000e+00
1.000000000000000000e+00
0.000000000000000000e+00
1.000000000000000000e+00
0.000000000000000000e+00
1.000000000000000000e+00
0.000000000000000000e+00
1.000000000000000000e+00
0.000000000000000000e+00
1.000000000000000000e+00
0.000000000000000000e+00
1.000000000000000000e+00
0.000000000000000000e+00
1.000000000000000000e+00
0.000000000000000000e+00
1.000000000000000000e+00
0.000000000000000000e+00
1.000000000000000000e+00
0.000000000000000000e+00
1.000000000000000000e+00
0.000000000000000000e+00
1.000000000000000000e+00
0.000000000000000000e+00
1.000000000000000000e+00
0.000000000000000000e+00
1.000000000000000000e+00
0.000000000000000000e+00
1.000000000000000000e+00
0.000000000000000000e+00
1.000000000000000000e+00
0.000000000000000000e+00
1.000000000000000000e+00
0.000000000000000000e+00
1.000000000000000000e+00
0.000000000000000000e+00
1.000000000000000000e+00
0.000000000000000000e+00
1.000000000000000000e+00
0.000000000000000000e+00
1.000000000000000000e+00
0.000000000000000000e+00
1.000000000000000000e+00
0.000000000000000000e+00
1.000000000000000000e+00
0.000000000000000000e+00
1.000000000000000000e+00
0.000000000000000000e+00
1.000000000000000000e+00
0.000000000000000000e+00
1.000000000000000000e+00
0.000000000000000000e+00
1.000000000000000000e+00
0.000000000000000000e+00
1.000000000000000000e+00
0.000000000000000000e+00
1.000000000000000000e+00
0.000000000000000000e+00
1.000000000000000000e+00
0.000000000000000000e+00
1.000000000000000000e+00
0.000000000000000000e+00
1.000000000000000000e+00
0.000000000000000000e+00
1.000000000000000000e+00
0.000000000000000000e+00
1.000000000000000000e+00
0.000000000000000000e+00
1.000000000000000000e+00
0.000000000000000000e+00
1.000000000000000000e+00
0.000000000000000000e+00
1.000000000000000000e+00
0.000000000000000000e+00
1.000000000000000000e+00
0.000000000000000000e+00
1.000000000000000000e+00
0.000000000000000000e+00
1.000000000000000000e+00
0.000000000000000000e+00
1.000000000000000000e+00
0.000000000000000000e+00
1.000000000000000000e+00
0.000000000000000000e+00
1.000000000000000000e+00
0.000000000000000000e+00
1.000000000000000000e+00
0.000000000000000000e+00
1.000000000000000000e+00
0.000000000000000000e+00
1.000000000000000000e+00
0.000000000000000000e+00
1.000000000000000000e+00
0.000000000000000000e+00
1.000000000000000000e+00
0.000000000000000000e+00
1.000000000000000000e+00
0.000000000000000000e+00
1.000000000000000000e+00
0.000000000000000000e+00
1.000000000000000000e+00
0.000000000000000000e+00
1.000000000000000000e+00
0.000000000000000000e+00
1.000000000000000000e+00
0.000000000000000000e+00
1.000000000000000000e+00
0.000000000000000000e+00
1.000000000000000000e+00
0.000000000000000000e+00
1.000000000000000000e+00
0.000000000000000000e+00
1.000000000000000000e+00
0.000000000000000000e+00
-1.506447398510211803e-02
0.000000000000000000e+00
5.853660758371721506e-01
0.000000000000000000e+00
9.344589248958605765e-01
1.834587670757176492e-01
9.344589248958605765e-01
-1.834587670757176492e-01
8.080710315179722159e-01
0.000000000000000000e+00
8.137297029584391606e-01
3.921189090972341390e-02
8.137297029584391606e-01
-3.921189090972341390e-02
1.023204575968527097e+00
1.837148113458597354e-01
1.023204575968527097e+00
-1.837148113458597354e-01
9.032126148695994727e-01
1.527433205755291401e-01
9.032126148695994727e-01
-1.527433205755291401e-01
9.510339348080005806e-01
1.740527857838196635e-01
9.510339348080005806e-01
-1.740527857838196635e-01
1.173887725552054118e+00
6.768044877271472970e-02
1.173887725552054118e+00
-6.768044877271472970e-02
1.108282089874895737e+00
1.486096371609224587e-01
1.108282089874895737e+00
-1.486096371609224587e-01
8.238849548648281562e-01
0.000000000000000000e+00
8.772878073448848735e-01
1.260336049523589907e-01
8.772878073448848735e-01
-1.260336049523589907e-01
8.379980306970885584e-01
6.755999672431900471e-02
8.379980306970885584e-01
-6.755999672431900471e-02
1.180209464024316368e+00
2.160537401236742316e-02
1.180209464024316368e+00
-2.160537401236742316e-02
1.161272363409736164e+00
8.125396891455860526e-02
1.161272363409736164e+00
-8.125396891455860526e-02
1.053682352318250803e+00
1.672407844480023886e-01
1.053682352318250803e+00
-1.672407844480023886e-01
8.532821449591403429e-01
8.690857018599716655e-02
8.532821449591403429e-01
-8.690857018599716655e-02
9.821484999505110114e-01
1.699610606939914170e-01
9.821484999505110114e-01
-1.699610606939914170e-01
1.171618287921553980e+00
1.452214525793602343e-02
1.171618287921553980e+00
-1.452214525793602343e-02
1.151887112079108766e+00
7.702692844177567999e-02
1.151887112079108766e+00
-7.702692844177567999e-02
1.163236172342930974e+00
3.889026626276077120e-02
1.163236172342930974e+00
-3.889026626276077120e-02
1.155153412885153053e+00
6.588856724659829245e-02
1.155153412885153053e+00
-6.588856724659829245e-02
1.130008411544711100e+00
1.084125121763958866e-01
1.130008411544711100e+00
-1.084125121763958866e-01
1.063020853556652323e+00
1.570407671301173036e-01
1.063020853556652323e+00
-1.570407671301173036e-01
9.372527514942816662e-01
1.554164392904827940e-01
9.372527514942816662e-01
-1.554164392904827940e-01
9.075132142318520501e-01
1.368254678224280763e-01
9.075132142318520501e-01
-1.368254678224280763e-01
8.449015930469631064e-01
4.627498994646663671e-02
8.449015930469631064e-01
-4.627498994646663671e-02
8.404884399821312968e-01
1.368319706884654763e-02
8.404884399821312968e-01
-1.368319706884654763e-02
1.117701246632388123e+00
1.118329995220092854e-01
1.117701246632388123e+00
-1.118329995220092854e-01
1.019715583388580260e+00
1.606617103962308113e-01
1.019715583388580260e+00
-1.606617103962308113e-01
8.757639115895299309e-01
9.790868172355148003e-02
8.757639115895299309e-01
-9.790868172355148003e-02
8.713806651333964037e-01
9.135859361877939067e-02
8.713806651333964037e-01
-9.135859361877939067e-02
9.585789181788115787e-01
1.522895655798593151e-01
9.585789181788115787e-01
-1.522895655798593151e-01
9.349653536631812312e-01
1.419291915686393957e-01
9.349653536631812312e-01
-1.419291915686393957e-01
1.029852696527088884e+00
1.543839817909208878e-01
1.029852696527088884e+00
-1.543839817909208878e-01
1.089342237963983662e+00
1.312381423037552453e-01
1.089342237963983662e+00
-1.312381423037552453e-01
9.774367782720727593e-01
1.531716888840557733e-01
9.774367782720727593e-01
-1.531716888840557733e-01
1.084501313459482752e+00
1.312348729959672000e-01
1.084501313459482752e+00
-1.312348729959672000e-01
1.071517296617124915e+00
1.350125411287781407e-01
1.071517296617124915e+00
-1.350125411287781407e-01
8.936375103120655083e-01
1.051950686036725174e-01
8.936375103120655083e-01
-1.051950686036725174e-01
8.653875534134114478e-01
6.126977115373596211e-02
8.653875534134114478e-01
-6.126977115373596211e-02
8.543154138993360736e-01
1.522561178447477855e-02
8.543154138993360736e-01
-1.522561178447477855e-02
9.037219727805312353e-01
1.108832599481262698e-01
9.037219727805312353e-01
-1.108832599481262698e-01
1.008939024329736700e+00
1.478071487528365147e-01
1.008939024329736700e+00
-1.478071487528365147e-01
8.931804396512128541e-01
9.430662823620793167e-02
8.931804396512128541e-01
-9.430662823620793167e-02
8.649882103224533214e-01
3.840342636684426075e-02
8.649882103224533214e-01
-3.840342636684426075e-02
1.091820304830119381e+00
1.155206070473590030e-01
1.091820304830119381e+00
-1.155206070473590030e-01
1.130614072672975645e+00
6.875502062027738504e-02
1.130614072672975645e+00
-6.875502062027738504e-02
1.145928465309335564e+00
1.430378336073480187e-02
1.145928465309335564e+00
-1.430378336073480187e-02
1.107387210749052553e+00
9.592216780054277359e-02
1.107387210749052553e+00
-9.592216780054277359e-02
1.142286281424563565e+00
2.080928912886084725e-02
1.142286281424563565e+00
-2.080928912886084725e-02
8.641547275244488846e-01
0.000000000000000000e+00
9.398503051093858307e-01
1.261912265539395506e-01
9.398503051093858307e-01
-1.261912265539395506e-01
1.134047899645803437e+00
4.126279545441581542e-02
1.134047899645803437e+00
-4.126279545441581542e-02
1.075929762787692923e+00
1.188074431464071906e-01
1.075929762787692923e+00
-1.188074431464071906e-01
1.123494584054514966e+00
5.897569786434340294e-02
1.123494584054514966e+00
-5.897569786434340294e-02
1.114006992146147734e+00
7.182168638128705318e-02
1.114006992146147734e+00
-7.182168638128705318e-02
9.776333897368700843e-01
1.349493044176715839e-01
9.776333897368700843e-01
-1.349493044176715839e-01
9.165297201809364802e-01
1.031582499680592235e-01
9.165297201809364802e-01
-1.031582499680592235e-01
1.047073177683535139e+00
1.240091120752731119e-01
1.047073177683535139e+00
-1.240091120752731119e-01
1.086999941334489961e+00
9.804272639645254805e-02
1.086999941334489961e+00
-9.804272639645254805e-02
1.127907298334589026e+00
0.000000000000000000e+00
8.851504798617397807e-01
5.800617986166067830e-02
8.851504798617397807e-01
-5.800617986166067830e-02
1.026173169192747814e+00
1.259028026847007209e-01
1.026173169192747814e+00
-1.259028026847007209e-01
1.122376788762812438e+00
2.470990686821342153e-02
1.122376788762812438e+00
-2.470990686821342153e-02
8.775370834555309418e-01
1.580968067252293274e-02
8.775370834555309418e-01
-1.580968067252293274e-02
9.061196551474344218e-01
7.761595236308958812e-02
9.061196551474344218e-01
-7.761595236308958812e-02
9.489141922309927146e-01
1.114859931488974554e-01
9.489141922309927146e-01
-1.114859931488974554e-01
9.917160319874011032e-01
1.224970895331853882e-01
9.917160319874011032e-01
-1.224970895331853882e-01
9.811451189320354871e-01
1.199031425184913235e-01
9.811451189320354871e-01
-1.199031425184913235e-01
8.860260625837548254e-01
2.831396070376547211e-02
8.860260625837548254e-01
-2.831396070376547211e-02
1.111207775768623840e+00
4.179735970764388020e-02
1.111207775768623840e+00
-4.179735970764388020e-02
1.113491111847304982e+00
0.000000000000000000e+00
1.044614365643581788e+00
1.095789058705419206e-01
1.044614365643581788e+00
-1.095789058705419206e-01
1.086034137223847340e+00
7.971286752716968960e-02
1.086034137223847340e+00
-7.971286752716968960e-02
1.080226292792962894e+00
8.440628127351526566e-02
1.080226292792962894e+00
-8.440628127351526566e-02
9.262994674894928782e-01
9.162548452833761681e-02
9.262994674894928782e-01
-9.162548452833761681e-02
1.065751199877855715e+00
9.299181879878139212e-02
1.065751199877855715e+00
-9.299181879878139212e-02
8.933182534045113199e-01
0.000000000000000000e+00
9.521765827063914944e-01
1.035492899976065834e-01
9.521765827063914944e-01
-1.035492899976065834e-01
8.963044394038104379e-01
3.025804255064994466e-02
8.963044394038104379e-01
-3.025804255064994466e-02
1.001930085465079667e+00
1.079291619186987794e-01
1.001930085465079667e+00
-1.079291619186987794e-01
1.015690416183167910e+00
1.033722836682524210e-01
1.015690416183167910e+00
-1.033722836682524210e-01
9.827541527904537499e-01
1.011880982482689789e-01
9.827541527904537499e-01
-1.011880982482689789e-01
9.356012278301117924e-01
7.975620589266982363e-02
9.356012278301117924e-01
-7.975620589266982363e-02
9.219263733358268320e-01
6.425563429133537841e-02
9.219263733358268320e-01
-6.425563429133537841e-02
9.176868891593434885e-01
5.386173988446930211e-02
9.176868891593434885e-01
-5.386173988446930211e-02
9.080901211257911276e-01
2.574917069746746404e-02
9.080901211257911276e-01
-2.574917069746746404e-02
9.143819966166766289e-01
3.744918611752626886e-02
9.143819966166766289e-01
-3.744918611752626886e-02
9.105201041427850583e-01
1.896115440625589918e-03
9.105201041427850583e-01
-1.896115440625589918e-03
1.032010566905234850e+00
9.527287955253059548e-02
1.032010566905234850e+00
-9.527287955253059548e-02
9.395072477493024987e-01
7.255704716020190681e-02
9.395072477493024987e-01
-7.255704716020190681e-02
1.082344265387106930e+00
5.733632656827147844e-02
1.082344265387106930e+00
-5.733632656827147844e-02
1.026247558095131795e+00
9.240338972399950168e-02
1.026247558095131795e+00
-9.240338972399950168e-02
1.080218813849495474e+00
5.087490330100452596e-02
1.080218813849495474e+00
-5.087490330100452596e-02
1.095557680438853154e+00
0.000000000000000000e+00
1.092878902568276800e+00
9.871082597916212842e-03
1.092878902568276800e+00
-9.871082597916212842e-03
9.764145541431343833e-01
8.776665679767516048e-02
9.764145541431343833e-01
-8.776665679767516048e-02
9.571896015184095940e-01
7.837708016581827752e-02
9.571896015184095940e-01
-7.837708016581827752e-02
1.002040369696981514e+00
9.050226250877349554e-02
1.002040369696981514e+00
-9.050226250877349554e-02
1.086197179216269237e+00
1.588532144260848197e-02
1.086197179216269237e+00
-1.588532144260848197e-02
1.067222713341126283e+00
5.486295732574796719e-02
1.067222713341126283e+00
-5.486295732574796719e-02
1.015307150896314736e+00
8.611689628150741294e-02
1.015307150896314736e+00
-8.611689628150741294e-02
1.065688100974279573e+00
4.484864363393971376e-02
1.065688100974279573e+00
-4.484864363393971376e-02
1.073389192477432807e+00
0.000000000000000000e+00
1.050653107260334229e+00
5.954655640605546058e-02
1.050653107260334229e+00
-5.954655640605546058e-02
1.069895486951387920e+00
2.884218782188285868e-02
1.069895486951387920e+00
-2.884218782188285868e-02
1.071858669597419489e+00
1.726601154548988021e-02
1.071858669597419489e+00
-1.726601154548988021e-02
1.002293200753017643e+00
7.924990037251207486e-02
1.002293200753017643e+00
-7.924990037251207486e-02
1.029150436954564984e+00
6.609358003910259516e-02
1.029150436954564984e+00
-6.609358003910259516e-02
9.344610110303048778e-01
3.750470971934924402e-02
9.344610110303048778e-01
-3.750470971934924402e-02
9.571388809955201360e-01
6.215532095364615511e-02
9.571388809955201360e-01
-6.215532095364615511e-02
9.443864203195254658e-01
4.929694578678098238e-02
9.443864203195254658e-01
-4.929694578678098238e-02
9.336706943529669012e-01
4.242744378701596673e-03
9.336706943529669012e-01
-4.242744378701596673e-03
9.451047692682554846e-01
4.437586589964181982e-02
9.451047692682554846e-01
-4.437586589964181982e-02
9.403652684253758220e-01
2.355557433009861437e-02
9.403652684253758220e-01
-2.355557433009861437e-02
9.843023132676450571e-01
6.623986874316432905e-02
9.843023132676450571e-01
-6.623986874316432905e-02
9.732565518645441838e-01
5.985895320741750625e-02
9.732565518645441838e-01
-5.985895320741750625e-02
1.006802550940489205e+00
6.398054663406489706e-02
1.006802550940489205e+00
-6.398054663406489706e-02
1.050582059733236040e+00
3.130431685262522606e-02
1.050582059733236040e+00
-3.130431685262522606e-02
9.480592653768814548e-01
0.000000000000000000e+00
1.039804320600527854e+00
4.027895072909820628e-02
1.039804320600527854e+00
-4.027895072909820628e-02
1.017283698521566526e+00
5.501956161730732486e-02
1.017283698521566526e+00
-5.501956161730732486e-02
9.665525914852332034e-01
4.378854180998486417e-02
9.665525914852332034e-01
-4.378854180998486417e-02
1.040323597589730475e+00
3.174069528436836152e-02
1.040323597589730475e+00
-3.174069528436836152e-02
1.048941666370657444e+00
0.000000000000000000e+00
9.639994695565716754e-01
3.537277638258471552e-02
9.639994695565716754e-01
-3.537277638258471552e-02
9.980339443318271275e-01
4.772725697447600252e-02
9.980339443318271275e-01
-4.772725697447600252e-02
1.016601993487952660e+00
4.226832941137780714e-02
1.016601993487952660e+00
-4.226832941137780714e-02
9.790418423305454754e-01
3.824738666200895587e-02
9.790418423305454754e-01
-3.824738666200895587e-02
1.038497206747683865e+00
3.029734472802267896e-03
1.038497206747683865e+00
-3.029734472802267896e-03
1.006532690670147279e+00
4.148969892601517273e-02
1.006532690670147279e+00
-4.148969892601517273e-02
9.612887293652150333e-01
5.339620000636710086e-03
9.612887293652150333e-01
-5.339620000636710086e-03
9.679799426954560637e-01
2.054101969264288466e-02
9.679799426954560637e-01
-2.054101969264288466e-02
9.707536366080661283e-01
0.000000000000000000e+00
1.023865840919995440e+00
2.202989573620394576e-02
1.023865840919995440e+00
-2.202989573620394576e-02
9.730844019531035283e-01
0.000000000000000000e+00
9.777509276929213788e-01
0.000000000000000000e+00
9.895861809160833023e-01
2.511191762680196546e-02
9.895861809160833023e-01
-2.511191762680196546e-02
1.023514855165105431e+00
0.000000000000000000e+00
1.006607784835909625e+00
2.236671546706342842e-02
1.006607784835909625e+00
-2.236671546706342842e-02
1.018724785740503069e+00
6.992856273054004305e-03
1.018724785740503069e+00
-6.992856273054004305e-03
9.908149998942105130e-01
1.443722370544534180e-02
9.908149998942105130e-01
-1.443722370544534180e-02
9.889469131226922283e-01
0.000000000000000000e+00
1.006701663405935587e+00
1.728147609235057905e-02
1.006701663405935587e+00
-1.728147609235057905e-02
1.006339892970181449e+00
0.000000000000000000e+00
9.988757352315843496e-01
1.111886934325446129e-02
9.988757352315843496e-01
-1.111886934325446129e-02
1.005275745621492245e+00
6.661037898324606403e-03
1.005275745621492245e+00
-6.661037898324606403e-03
9.999999999986652899e-01
0.000000000000000000e+00
1.000000000000001332e+00
0.000000000000000000e+00
