1.000000000000000000e+00
0.000000000000000000e+00
1.000000000000000000e+00
0.000000000000000000e+00
1.000000000000000000e+00
0.000000000000000000e+00
1.000000000000000000e+00
0.000000000000000000e+00
1.000000000000000000e+00
0.000000000000000000e+00
1.000000000000000000e+00
0.000000000000000000e+00
1.000000000000000000e+00
0.000000000000000000e+00
1.000000000000000000e+00
0.000000000000000000e+00
1.000000000000000000e+00
0.000000000000000000e+00
1.000000000000000000e+00
0.000000000000000000e+00
1.000000000000000000e+00
0.000000000000000000e+00
1.000000000000000000e+00
0.000000000000000000e+00
1.000000000000000000e+00
0.000000000000000000e+00
1.000000000000000000e+00
0.000000000000000000e+00
1.000000000000000000e+00
0.000000000000000000e+00
1.000000000000000000e+00
0.000000000000000000e+00
1.000000000000000000e+00
0.000000000000000000e+00
1.000000000000000000e+00
0.000000000000000000e+00
1.000000000000000000e+00
0.000000000000000000e+00
1.000000000000000000e+00
0.000000000000000000e+00
1.000000000000000000e+00
0.000000000000000000e+00
1.000000000000000000e+00
0.000000000000000000e+00
1.000000000000000000e+00
0.000000000000000000e+00
1.000000000000000000e+00
0.000000000000000000e+00
1.000000000000000000e+00
0.000000000000000000e+00
1.000000000000000000e+00
0.000000000000000000e+00
1.000000000000000000e+00
0.000000000000000000e+00
1.000000000000000000e+00
0.000000000000000000e+00
-8.839765917521411054e-02
0.000000000000000000e+00
-1.233742820793094254e-02
0.000000000000000000e+00
-7.671986330429387407e-03
0.000000000000000000e+00
1.316355328789821366e-01
0.000000000000000000e+00
1.457151759653155798e-01
0.000000000000000000e+00
1.796684691295331593e-01
0.000000000000000000e+00
2.004761309039439776e-01
0.000000000000000000e+00
2.739748261386439898e-01
0.000000000000000000e+00
2.875477764545263382e-01
0.000000000000000000e+00
3.357540661568135243e-01
0.000000000000000000e+00
3.426810671830579635e-01
0.000000000000000000e+00
1.281517267533343052e+00
5.447074580679530653e-01
1.281517267533343052e+00
-5.447074580679530653e-01
9.760463280761095817e-01
5.938702087841304378e-01
9.760463280761095817e-01
-5.938702087841304378e-01
6.169957954221623186e-01
4.687120226578590509e-01
6.169957954221623186e-01
-4.687120226578590509e-01
1.386455412107657770e+00
4.361335803131770605e-01
1.386455412107657770e+00
-4.361335803131770605e-01
1.450722231583058131e+00
3.360572944674696250e-01
1.450722231583058131e+00
-3.360572944674696250e-01
1.197605863552901884e+00
5.150217614584506887e-01
1.197605863552901884e+00
-5.150217614584506887e-01
5.214567713350131140e-01
3.118271988134831418e-01
5.214567713350131140e-01
-3.118271988134831418e-01
4.194510000189012322e-01
0.000000000000000000e+00
1.477848626615447358e+00
2.613748446116307411e-01
1.477848626615447358e+00
-2.613748446116307411e-01
1.024110196189953026e+00
5.319579139368471044e-01
1.024110196189953026e+00
-5.319579139368471044e-01
6.745910266762653595e-01
4.305385673043966577e-01
6.745910266762653595e-01
-4.305385673043966577e-01
4.266975372939217914e-01
0.000000000000000000e+00
4.615781702868077541e-01
1.413910239549406311e-01
4.615781702868077541e-01
-1.413910239549406311e-01
1.514857053561738498e+00
0.000000000000000000e+00
1.516995983246276047e+00
0.000000000000000000e+00
1.184785682331692236e+00
4.718434453287265185e-01
1.184785682331692236e+00
-4.718434453287265185e-01
1.340102696712027530e+00
3.570732798896595339e-01
1.340102696712027530e+00
-3.570732798896595339e-01
1.484960330009712948e+00
0.000000000000000000e+00
1.453897555823788101e+00
1.908902034577883156e-01
1.453897555823788101e+00
-1.908902034577883156e-01
1.317118754275667936e+00
3.602919956253071154e-01
1.317118754275667936e+00
-3.602919956253071154e-01
1.439316458658753461e+00
1.910541861443300904e-01
1.439316458658753461e+00
-1.910541861443300904e-01
1.303214190060645095e+00
3.620261140700741231e-01
1.303214190060645095e+00
-3.620261140700741231e-01
1.399368412146809293e+00
2.534356517282033150e-01
1.399368412146809293e+00
-2.534356517282033150e-01
4.451030611749391963e-01
0.000000000000000000e+00
9.585581549293695769e-01
4.930567134637237059e-01
9.585581549293695769e-01
-4.930567134637237059e-01
1.461808581127149509e+00
0.000000000000000000e+00
1.425773964220353740e+00
1.331429989748878495e-01
1.425773964220353740e+00
-1.331429989748878495e-01
1.437972705901280790e+00
7.445611379039762667e-02
1.437972705901280790e+00
-7.445611379039762667e-02
1.440971266568747300e+00
3.160069801862209343e-02
1.440971266568747300e+00
-3.160069801862209343e-02
1.439075883539578493e+00
0.000000000000000000e+00
5.866011159816107989e-01
3.027069785056119566e-01
5.866011159816107989e-01
-3.027069785056119566e-01
5.240804317776033283e-01
2.051505202538962402e-01
5.240804317776033283e-01
-2.051505202538962402e-01
1.064093425304964313e+00
4.600860060294656440e-01
1.064093425304964313e+00
-4.600860060294656440e-01
1.009422142367973674e+00
4.711302820247313949e-01
1.009422142367973674e+00
-4.711302820247313949e-01
4.715211201550231768e-01
0.000000000000000000e+00
1.411453538449887857e+00
0.000000000000000000e+00
1.157286680454332028e+00
4.032122242077092467e-01
1.157286680454332028e+00
-4.032122242077092467e-01
1.205355297927523495e+00
3.727407950838697581e-01
1.205355297927523495e+00
-3.727407950838697581e-01
1.372246746501191605e+00
1.692619033625731295e-01
1.372246746501191605e+00
-1.692619033625731295e-01
5.302014693463434902e-01
1.526028620296859539e-01
5.302014693463434902e-01
-1.526028620296859539e-01
1.265713166122373723e+00
3.106964348293607125e-01
1.265713166122373723e+00
-3.106964348293607125e-01
8.068456915561417198e-01
3.996826741331810928e-01
8.068456915561417198e-01
-3.996826741331810928e-01
7.682588114674064883e-01
3.797440629871568496e-01
7.682588114674064883e-01
-3.797440629871568496e-01
9.936414001379039185e-01
4.367428520791871160e-01
9.936414001379039185e-01
-4.367428520791871160e-01
7.393899777853236710e-01
3.593430713104164287e-01
7.393899777853236710e-01
-3.593430713104164287e-01
9.920652306653332531e-01
4.268544787813007835e-01
9.920652306653332531e-01
-4.268544787813007835e-01
9.740288274199342400e-01
4.203355392628430054e-01
9.740288274199342400e-01
-4.203355392628430054e-01
8.929098795144914114e-01
4.128391507467515931e-01
8.929098795144914114e-01
-4.128391507467515931e-01
9.165820123012833331e-01
4.047350215755899372e-01
9.165820123012833331e-01
-4.047350215755899372e-01
1.395803050215724150e+00
0.000000000000000000e+00
5.214096697117212020e-01
1.109845611960890432e-01
5.214096697117212020e-01
-1.109845611960890432e-01
8.012221430174912840e-01
3.749364836030089077e-01
8.012221430174912840e-01
-3.749364836030089077e-01
1.317245177144193757e+00
2.346365197432749572e-01
1.317245177144193757e+00
-2.346365197432749572e-01
1.092629285815421403e+00
3.809264761571874991e-01
1.092629285815421403e+00
-3.809264761571874991e-01
6.948321754040007736e-01
3.197879239581964406e-01
6.948321754040007736e-01
-3.197879239581964406e-01
6.749294919927760761e-01
3.020317427914941955e-01
6.749294919927760761e-01
-3.020317427914941955e-01
6.457078680211965072e-01
2.673633055561399630e-01
6.457078680211965072e-01
-2.673633055561399630e-01
5.306529796091270512e-01
6.617016657606339392e-02
5.306529796091270512e-01
-6.617016657606339392e-02
8.964891006892823366e-01
3.796361643453499135e-01
8.964891006892823366e-01
-3.796361643453499135e-01
1.052536262736166961e+00
3.754512955305767674e-01
1.052536262736166961e+00
-3.754512955305767674e-01
1.002812598567405900e+00
3.675622797422778976e-01
1.002812598567405900e+00
-3.675622797422778976e-01
9.704400958381215192e-01
3.683558636759421412e-01
9.704400958381215192e-01
-3.683558636759421412e-01
5.308792854488023627e-01
0.000000000000000000e+00
6.835216211277921339e-01
2.682256781721821248e-01
6.835216211277921339e-01
-2.682256781721821248e-01
5.488006413516244297e-01
0.000000000000000000e+00
5.440459374496013911e-01
2.942776314472703506e-02
5.440459374496013911e-01
-2.942776314472703506e-02
1.129265932757866686e+00
3.356834854226410925e-01
1.129265932757866686e+00
-3.356834854226410925e-01
6.294930810726333537e-01
1.832217440631020711e-01
6.294930810726333537e-01
-1.832217440631020711e-01
6.652820007268663849e-01
2.221353614517538322e-01
6.652820007268663849e-01
-2.221353614517538322e-01
6.867793604931222706e-01
2.272435234623332023e-01
6.867793604931222706e-01
-2.272435234623332023e-01
1.353552892724732448e+00
9.210594626027041737e-03
1.353552892724732448e+00
-9.210594626027041737e-03
1.241322431147492633e+00
2.515285247010742853e-01
1.241322431147492633e+00
-2.515285247010742853e-01
1.256269280986403114e+00
2.405364384187231586e-01
1.256269280986403114e+00
-2.405364384187231586e-01
1.277869743730116969e+00
2.103919939842173736e-01
1.277869743730116969e+00
-2.103919939842173736e-01
1.250989964048623726e+00
2.274118434836162606e-01
1.250989964048623726e+00
-2.274118434836162606e-01
1.323160749600825303e+00
6.443283600249496978e-02
1.323160749600825303e+00
-6.443283600249496978e-02
1.272846426098985129e+00
1.866438699888380570e-01
1.272846426098985129e+00
-1.866438699888380570e-01
7.303738233088028498e-01
2.440815794330414845e-01
7.303738233088028498e-01
-2.440815794330414845e-01
1.095490315279754379e+00
2.910785982446467135e-01
1.095490315279754379e+00
-2.910785982446467135e-01
1.150505244939006522e+00
2.667288849798241102e-01
1.150505244939006522e+00
-2.667288849798241102e-01
1.268430890270802358e+00
1.316705039345314188e-01
1.268430890270802358e+00
-1.316705039345314188e-01
1.288492335120979604e+00
0.000000000000000000e+00
1.287608274392421759e+00
1.736065509094801909e-02
1.287608274392421759e+00
-1.736065509094801909e-02
1.209386228570292321e+00
2.005329139463749577e-01
1.209386228570292321e+00
-2.005329139463749577e-01
1.180374855783653310e+00
2.175102894775246543e-01
1.180374855783653310e+00
-2.175102894775246543e-01
1.165405699788768512e+00
2.279899075808665410e-01
1.165405699788768512e+00
-2.279899075808665410e-01
1.260605825098681132e+00
0.000000000000000000e+00
5.852402291770371079e-01
0.000000000000000000e+00
1.215130478735955810e+00
1.383008084061732035e-01
1.215130478735955810e+00
-1.383008084061732035e-01
1.231562124472676212e+00
7.129719369977446930e-02
1.231562124472676212e+00
-7.129719369977446930e-02
1.111004109367512704e+00
2.289131831195063416e-01
1.111004109367512704e+00
-2.289131831195063416e-01
1.054904494158786399e+00
2.395346396158610502e-01
1.054904494158786399e+00
-2.395346396158610502e-01
9.168289895559622593e-01
2.661304598195540771e-01
9.168289895559622593e-01
-2.661304598195540771e-01
8.075296570927841255e-01
2.412022576175938127e-01
8.075296570927841255e-01
-2.412022576175938127e-01
7.644993493977171317e-01
2.145219519890867177e-01
7.644993493977171317e-01
-2.145219519890867177e-01
9.332874259095222946e-01
2.478468003713011070e-01
9.332874259095222946e-01
-2.478468003713011070e-01
1.114529906968220629e+00
1.819937256270097448e-01
1.114529906968220629e+00
-1.819937256270097448e-01
1.123310031776834528e+00
1.678619313009366565e-01
1.123310031776834528e+00
-1.678619313009366565e-01
1.162288930208916771e+00
9.708502201744306781e-02
1.162288930208916771e+00
-9.708502201744306781e-02
1.188122027539256775e+00
8.737006287502839530e-03
1.188122027539256775e+00
-8.737006287502839530e-03
6.174145061058323725e-01
7.261766247555723197e-02
6.174145061058323725e-01
-7.261766247555723197e-02
1.178692642310523730e+00
0.000000000000000000e+00
6.590038872448156226e-01
1.134479031728303500e-01
6.590038872448156226e-01
-1.134479031728303500e-01
8.235710131746906137e-01
2.097187498295919883e-01
8.235710131746906137e-01
-2.097187498295919883e-01
7.251327322123821695e-01
1.517902468254550830e-01
7.251327322123821695e-01
-1.517902468254550830e-01
8.149584132302913897e-01
1.563426648310615730e-01
8.149584132302913897e-01
-1.563426648310615730e-01
7.355599326099738766e-01
8.872958955454531005e-02
7.355599326099738766e-01
-8.872958955454531005e-02
6.552521628186156466e-01
1.129134334163273481e-02
6.552521628186156466e-01
-1.129134334163273481e-02
6.820137195893241078e-01
1.337762784663158559e-02
6.820137195893241078e-01
-1.337762784663158559e-02
7.227982168289572851e-01
4.702462106515531426e-02
7.227982168289572851e-01
-4.702462106515531426e-02
7.274447363395328825e-01
0.000000000000000000e+00
8.547344813154780230e-01
1.637791740965968135e-01
8.547344813154780230e-01
-1.637791740965968135e-01
1.009263943205115588e+00
1.842325101037826651e-01
1.009263943205115588e+00
-1.842325101037826651e-01
7.786588655397693737e-01
0.000000000000000000e+00
7.905007015322134123e-01
8.730123491499160171e-02
7.905007015322134123e-01
-8.730123491499160171e-02
1.034668449712454752e+00
1.540837968190730822e-01
1.034668449712454752e+00
-1.540837968190730822e-01
8.601510557780159827e-01
1.210688618050085180e-01
8.601510557780159827e-01
-1.210688618050085180e-01
7.937767340719075193e-01
0.000000000000000000e+00
8.192259763009180906e-01
0.000000000000000000e+00
8.694776884320501997e-01
0.000000000000000000e+00
9.561358240728762281e-01
1.269606027917350721e-01
9.561358240728762281e-01
-1.269606027917350721e-01
6.596823250702179564e-01
0.000000000000000000e+00
6.596691233381479780e-01
0.000000000000000000e+00
6.596481921611734300e-01
0.000000000000000000e+00
6.596590452341410948e-01
0.000000000000000000e+00
6.596593256015018669e-01
0.000000000000000000e+00
6.596551044478564663e-01
0.000000000000000000e+00
9.044267753586857639e-01
4.899699417936887597e-02
9.044267753586857639e-01
-4.899699417936887597e-02
1.106003417823790302e+00
0.000000000000000000e+00
9.017896247098320384e-01
7.130004947512674773e-03
9.017896247098320384e-01
-7.130004947512674773e-03
9.645710696002089968e-01
8.774028003739897663e-02
9.645710696002089968e-01
-8.774028003739897663e-02
1.096531766949586206e+00
2.800951974827530985e-02
1.096531766949586206e+00
-2.800951974827530985e-02
1.080750281209912789e+00
5.427153024750435567e-02
1.080750281209912789e+00
-5.427153024750435567e-02
1.040364884109446386e+00
8.271863827147606096e-02
1.040364884109446386e+00
-8.271863827147606096e-02
1.004391911563459638e+00
9.067295982166387325e-02
1.004391911563459638e+00
-9.067295982166387325e-02
1.047229156035540898e+00
0.000000000000000000e+00
1.022811829503399661e+00
3.869896077189975605e-03
1.022811829503399661e+00
-3.869896077189975605e-03
9.827425352252745494e-01
6.217965106172331988e-03
9.827425352252745494e-01
-6.217965106172331988e-03
9.904700044232975786e-01
1.540635806204763286e-02
9.904700044232975786e-01
-1.540635806204763286e-02
1.001726983664399384e+00
1.847384012346219018e-02
1.001726983664399384e+00
-1.847384012346219018e-02
1.013695808124634112e+00
1.432228270573501425e-02
1.013695808124634112e+00
-1.432228270573501425e-02
9.961139592952842348e-01
2.261223281916155490e-03
9.961139592952842348e-01
-2.261223281916155490e-03
1.003864626745882394e+00
2.225320972360611549e-03
1.003864626745882394e+00
-2.225320972360611549e-03
1.000020986969426318e+00
4.469145469607974791e-03
1.000020986969426318e+00
-4.469145469607974791e-03
1.000121821702460778e+00
0.000000000000000000e+00
1.000035274364768689e+00
1.149928339477826830e-04
1.000035274364768689e+00
-1.149928339477826830e-04
9.999052426065897503e-01
6.650235852507350195e-05
9.999052426065897503e-01
-6.650235852507350195e-05
9.999476098029147497e-01
5.360955312515881539e-05
9.999476098029147497e-01
-5.360955312515881539e-05
1.000051050193264679e+00
5.084638314623930500e-05
1.000051050193264679e+00
-5.084638314623930500e-05
1.000001935777405038e+00
9.138174370871693053e-07
1.000001935777405038e+00
-9.138174370871693053e-07
9.999991412300852645e-01
2.103147020380160800e-06
9.999991412300852645e-01
-2.103147020380160800e-06
9.999984386129994185e-01
4.611947334007037909e-07
9.999984386129994185e-01
-4.611947334007037909e-07
9.999990458775589453e-01
0.000000000000000000e+00
1.000000607032711653e+00
1.199519081924965681e-06
1.000000607032711653e+00
-1.199519081924965681e-06
1.000000408633915594e+00
7.870579450389020708e-07
1.000000408633915594e+00
-7.870579450389020708e-07
9.999998991219585243e-01
0.000000000000000000e+00
1.000000004806959497e+00
0.000000000000000000e+00
9.999999948398277105e-01
0.000000000000000000e+00
9.999999993948013310e-01
0.000000000000000000e+00
1.000000000303374659e+00
5.949472675530879095e-10
1.000000000303374659e+00
-5.949472675530879095e-10
9.999999999999347189e-01
0.000000000000000000e+00
1.000000000000000444e+00
1.314805962141175827e-14
1.000000000000000444e+00
-1.314805962141175827e-14
1.000000000000003775e+00
0.000000000000000000e+00
9.999999999999975575e-01
1.332267629550187849e-15
9.999999999999975575e-01
-1.332267629550187849e-15
1.000000000000000000e+00
0.000000000000000000e+00
1.000000000000000000e+00
0.000000000000000000e+00
1.000000000000000000e+00
0.000000000000000000e+00
1.000000000000000000e+00
0.000000000000000000e+00
1.000000000000000000e+00
0.000000000000000000e+00
1.000000000000000000e+00
0.000000000000000000e+00
1.000000000000000000e+00
0.000000000000000000e+00
1.000000000000000000e+00
0.000000000000000000e+00
1.000000000000000000e+00
0.000000000000000000e+00
1.000000000000000000e+00
0.000000000000000000e+00
1.000000000000000000e+00
0.000000000000000000e+00
