1.000000000000000000e+00
0.000000000000000000e+00
1.000000000000000000e+00
0.000000000000000000e+00
3.516921480687620893e-03
0.000000000000000000e+00
9.126845552375992265e-02
0.000000000000000000e+00
3.912443550583712959e-01
0.000000000000000000e+00
6.167696860907397882e-01
0.000000000000000000e+00
7.732548253416321460e-01
0.000000000000000000e+00
8.816049959006835302e-01
0.000000000000000000e+00
1.065033248774074348e+00
0.000000000000000000e+00
9.431715599208623235e-01
0.000000000000000000e+00
1.040785028714002136e+00
0.000000000000000000e+00
1.008739257993186200e+00
4.638771985554222127e-02
1.008739257993186200e+00
-4.638771985554222127e-02
1.035675312416528770e+00
1.021876406757598992e-02
1.035675312416528770e+00
-1.021876406757598992e-02
9.820744360949777985e-01
3.003390140461430907e-02
9.820744360949777985e-01
-3.003390140461430907e-02
1.003846788182248151e+00
3.087460745153422503e-02
1.003846788182248151e+00
-3.087460745153422503e-02
1.024209261920508540e+00
1.557141310300359446e-02
1.024209261920508540e+00
-1.557141310300359446e-02
9.681828170477855267e-01
9.777261336868138183e-03
9.681828170477855267e-01
-9.777261336868138183e-03
9.746400793693995590e-01
0.000000000000000000e+00
1.013572750112059717e+00
4.199919885751678475e-03
1.013572750112059717e+00
-4.199919885751678475e-03
1.010030056966076062e+00
0.000000000000000000e+00
9.823214392490899893e-01
1.155695693696317562e-02
9.823214392490899893e-01
-1.155695693696317562e-02
9.887111212772428104e-01
1.228653473879206225e-02
9.887111212772428104e-01
-1.228653473879206225e-02
1.002351236279476643e+00
3.107412930948636257e-03
1.002351236279476643e+00
-3.107412930948636257e-03
1.000111365119398021e+00
0.000000000000000000e+00
