1.000000000000000000e+00
0.000000000000000000e+00
-8.315455182417767765e-03
0.000000000000000000e+00
2.365188465132036719e-02
0.000000000000000000e+00
1.293069922799832683e-01
0.000000000000000000e+00
4.912688163405111441e-02
0.000000000000000000e+00
9.024612065844100917e-02
0.000000000000000000e+00
1.889729534678805389e-01
0.000000000000000000e+00
2.382162675296942977e-01
0.000000000000000000e+00
3.000612720377571763e-01
0.000000000000000000e+00
3.653316344485082467e-01
0.000000000000000000e+00
4.067471819041894032e-01
0.000000000000000000e+00
4.628031981408700091e-01
0.000000000000000000e+00
5.150810686744144995e-01
0.000000000000000000e+00
5.640099865977943328e-01
0.000000000000000000e+00
6.090379299553575487e-01
0.000000000000000000e+00
6.526763864849534080e-01
0.000000000000000000e+00
7.039526214299460793e-01
0.000000000000000000e+00
7.498741088542101307e-01
0.000000000000000000e+00
8.363144108439488633e-01
1.107771272059105694e-01
8.363144108439488633e-01
-1.107771272059105694e-01
8.088655518285579049e-01
0.000000000000000000e+00
8.132962593139743124e-01
4.278376525903671013e-02
8.132962593139743124e-01
-4.278376525903671013e-02
1.198942781625215837e+00
0.000000000000000000e+00
8.471574828215351349e-01
1.007364552243458361e-01
8.471574828215351349e-01
-1.007364552243458361e-01
8.183264912205674424e-01
0.000000000000000000e+00
8.291588576204864669e-01
6.425226372545468634e-02
8.291588576204864669e-01
-6.425226372545468634e-02
1.136128729639100943e+00
1.114238223189360222e-01
1.136128729639100943e+00
-1.114238223189360222e-01
9.776880535144905071e-01
1.686563111215882704e-01
9.776880535144905071e-01
-1.686563111215882704e-01
1.174381803431338689e+00
2.398324733402182676e-02
1.174381803431338689e+00
-2.398324733402182676e-02
8.589334800044317042e-01
1.032326472519522198e-01
8.589334800044317042e-01
-1.032326472519522198e-01
8.467807580623846198e-01
8.551588263078482854e-02
8.467807580623846198e-01
-8.551588263078482854e-02
9.191775863177558126e-01
1.473435039904329169e-01
9.191775863177558126e-01
-1.473435039904329169e-01
1.047522979086391359e+00
1.591855340179506861e-01
1.047522979086391359e+00
-1.591855340179506861e-01
8.318064723230766955e-01
4.352901632058321646e-02
8.318064723230766955e-01
-4.352901632058321646e-02
1.171145699018504072e+00
9.055982915651631521e-04
1.171145699018504072e+00
-9.055982915651631521e-04
9.997596261320271793e-01
1.617643954769914794e-01
9.997596261320271793e-01
-1.617643954769914794e-01
8.721794246211731494e-01
1.054565877333989571e-01
8.721794246211731494e-01
-1.054565877333989571e-01
1.127547307209765926e+00
1.051977070895782768e-01
1.127547307209765926e+00
-1.051977070895782768e-01
1.154901191678818329e+00
6.095481058904317351e-02
1.154901191678818329e+00
-6.095481058904317351e-02
8.401987771564537466e-01
4.437307737823089487e-02
8.401987771564537466e-01
-4.437307737823089487e-02
8.511349574689581754e-01
6.648833247930791002e-02
8.511349574689581754e-01
-6.648833247930791002e-02
1.089514848844876482e+00
1.324201216011224314e-01
1.089514848844876482e+00
-1.324201216011224314e-01
1.125764728147726323e+00
9.985734432728136933e-02
1.125764728147726323e+00
-9.985734432728136933e-02
1.139038810956611636e+00
8.010569369719539035e-02
1.139038810956611636e+00
-8.010569369719539035e-02
1.157365444271721167e+00
3.436771558607373128e-02
1.157365444271721167e+00
-3.436771558607373128e-02
1.073910063297299988e+00
1.363023479464399723e-01
1.073910063297299988e+00
-1.363023479464399723e-01
9.543747165290424883e-01
1.471498254952282869e-01
9.543747165290424883e-01
-1.471498254952282869e-01
8.438695637897736246e-01
2.324849888508964679e-02
8.438695637897736246e-01
-2.324849888508964679e-02
8.424343184387741434e-01
0.000000000000000000e+00
8.540563602581847658e-01
5.384569420628911030e-02
8.540563602581847658e-01
-5.384569420628911030e-02
8.454551352361889816e-01
3.726691347248283371e-03
8.454551352361889816e-01
-3.726691347248283371e-03
8.793652420941429071e-01
9.147496618804763779e-02
8.793652420941429071e-01
-9.147496618804763779e-02
9.034680909690293582e-01
1.146915608796700153e-01
9.034680909690293582e-01
-1.146915608796700153e-01
8.525102367370822609e-01
1.800238332184835727e-02
8.525102367370822609e-01
-1.800238332184835727e-02
9.409803917998473821e-01
1.369287736206338812e-01
9.409803917998473821e-01
-1.369287736206338812e-01
8.720907598229628022e-01
7.335416606131360540e-02
8.720907598229628022e-01
-7.335416606131360540e-02
8.681872084441402126e-01
5.915334584343212576e-02
8.681872084441402126e-01
-5.915334584343212576e-02
9.186193915113789465e-01
1.188088617042155487e-01
9.186193915113789465e-01
-1.188088617042155487e-01
9.349988934422259756e-01
1.290756902357534375e-01
9.349988934422259756e-01
-1.290756902357534375e-01
8.589202382051159823e-01
8.242986496372265229e-03
8.589202382051159823e-01
-8.242986496372265229e-03
9.435188551069435547e-01
1.298844379341267397e-01
9.435188551069435547e-01
-1.298844379341267397e-01
9.879535250647623057e-01
1.418881087674639108e-01
9.879535250647623057e-01
-1.418881087674639108e-01
8.956302919905249071e-01
8.978994335670369142e-02
8.956302919905249071e-01
-8.978994335670369142e-02
1.000414110055894312e+00
1.444240441386631657e-01
1.000414110055894312e+00
-1.444240441386631657e-01
1.134926834505890714e+00
7.065611892823447926e-02
1.134926834505890714e+00
-7.065611892823447926e-02
1.123551547833320452e+00
8.604273958299622771e-02
1.123551547833320452e+00
-8.604273958299622771e-02
1.012369678084326319e+00
1.424860823452779868e-01
1.012369678084326319e+00
-1.424860823452779868e-01
1.002759742207171012e+00
1.409167214741025576e-01
1.002759742207171012e+00
-1.409167214741025576e-01
1.091106082700521895e+00
1.123414982239714227e-01
1.091106082700521895e+00
-1.123414982239714227e-01
1.082666643146868557e+00
1.159762320944236758e-01
1.082666643146868557e+00
-1.159762320944236758e-01
1.143990749572523447e+00
0.000000000000000000e+00
1.099848936567709323e+00
1.040402032235685365e-01
1.099848936567709323e+00
-1.040402032235685365e-01
1.146316080533980042e+00
1.161561908111204654e-02
1.146316080533980042e+00
-1.161561908111204654e-02
1.137728637115219543e+00
5.153447557523635481e-02
1.137728637115219543e+00
-5.153447557523635481e-02
1.136420065348916486e+00
4.800476172700469252e-02
1.136420065348916486e+00
-4.800476172700469252e-02
8.746755621326482988e-01
4.432092979462588789e-02
8.746755621326482988e-01
-4.432092979462588789e-02
1.134472471633823698e+00
4.295210119098113316e-02
1.134472471633823698e+00
-4.295210119098113316e-02
1.110682737086987615e+00
8.169337887821760680e-02
1.110682737086987615e+00
-8.169337887821760680e-02
1.011576219605893057e+00
1.321184408459825932e-01
1.011576219605893057e+00
-1.321184408459825932e-01
1.133064011925778658e+00
0.000000000000000000e+00
1.007532521348771137e+00
1.313740804507263493e-01
1.007532521348771137e+00
-1.313740804507263493e-01
1.039959251083657499e+00
1.260745166443018594e-01
1.039959251083657499e+00
-1.260745166443018594e-01
1.094874933257497851e+00
9.465522995966337005e-02
1.094874933257497851e+00
-9.465522995966337005e-02
9.680809227842733788e-01
1.228596383484975713e-01
9.680809227842733788e-01
-1.228596383484975713e-01
1.080752167128235630e+00
1.023696939686827567e-01
1.080752167128235630e+00
-1.023696939686827567e-01
1.132032025518034946e+00
1.064738085620099868e-02
1.132032025518034946e+00
-1.064738085620099868e-02
1.127835835195250436e+00
3.035959565622469228e-02
1.127835835195250436e+00
-3.035959565622469228e-02
1.107345018236374434e+00
7.318400297017471634e-02
1.107345018236374434e+00
-7.318400297017471634e-02
1.044094451916699029e+00
1.191092531177959796e-01
1.044094451916699029e+00
-1.191092531177959796e-01
9.401301919833302545e-01
1.095953392660240777e-01
9.401301919833302545e-01
-1.095953392660240777e-01
8.769038469719406814e-01
1.700321706418174081e-02
8.769038469719406814e-01
-1.700321706418174081e-02
9.073014587906526041e-01
8.386492841197655534e-02
9.073014587906526041e-01
-8.386492841197655534e-02
8.913877998988188889e-01
6.168094680242437039e-02
8.913877998988188889e-01
-6.168094680242437039e-02
1.033179902403801975e+00
1.203418452106442132e-01
1.033179902403801975e+00
-1.203418452106442132e-01
1.115468935954627927e+00
5.271576855679981077e-02
1.115468935954627927e+00
-5.271576855679981077e-02
9.974315128912233375e-01
1.204760861558477336e-01
9.974315128912233375e-01
-1.204760861558477336e-01
9.034119201007200228e-01
6.935654620397241343e-02
9.034119201007200228e-01
-6.935654620397241343e-02
9.233268433344519188e-01
8.845064121050662254e-02
9.233268433344519188e-01
-8.845064121050662254e-02
8.951595143412582889e-01
4.871728504725521963e-02
8.951595143412582889e-01
-4.871728504725521963e-02
9.432855377417017628e-01
9.801540388941216986e-02
9.432855377417017628e-01
-9.801540388941216986e-02
9.372130970665781824e-01
9.150263477065893880e-02
9.372130970665781824e-01
-9.150263477065893880e-02
1.012717850984021783e+00
1.113823304459336250e-01
1.012717850984021783e+00
-1.113823304459336250e-01
9.977780459440961369e-01
1.104737572239347099e-01
9.977780459440961369e-01
-1.104737572239347099e-01
8.952562978239326785e-01
1.561199914499887022e-02
8.952562978239326785e-01
-1.561199914499887022e-02
8.977391404359342797e-01
0.000000000000000000e+00
8.974992213431178811e-01
2.741318798480196078e-02
8.974992213431178811e-01
-2.741318798480196078e-02
9.542034620265211764e-01
9.248685999498812427e-02
9.542034620265211764e-01
-9.248685999498812427e-02
9.847397681837704031e-01
1.027042019065456530e-01
9.847397681837704031e-01
-1.027042019065456530e-01
9.112015772861381535e-01
5.120691153370653809e-02
9.112015772861381535e-01
-5.120691153370653809e-02
9.050958001245532625e-01
3.371921728074958602e-02
9.050958001245532625e-01
-3.371921728074958602e-02
1.118109170863356150e+00
0.000000000000000000e+00
9.246805113370923923e-01
6.661929476617921286e-02
9.246805113370923923e-01
-6.661929476617921286e-02
1.025404235504626005e+00
1.045688892991720326e-01
1.025404235504626005e+00
-1.045688892991720326e-01
1.036433771439292162e+00
1.015725218639265820e-01
1.036433771439292162e+00
-1.015725218639265820e-01
9.168289334241754851e-01
5.224216914418804147e-02
9.168289334241754851e-01
-5.224216914418804147e-02
9.411537048626219537e-01
7.686216733039434590e-02
9.411537048626219537e-01
-7.686216733039434590e-02
1.052352194553596743e+00
9.379330032770553938e-02
1.052352194553596743e+00
-9.379330032770553938e-02
1.108427721815858025e+00
3.054073155525991248e-02
1.108427721815858025e+00
-3.054073155525991248e-02
1.098746726308619692e+00
5.042012414050209973e-02
1.098746726308619692e+00
-5.042012414050209973e-02
1.089946502814022278e+00
6.263252453265193143e-02
1.089946502814022278e+00
-6.263252453265193143e-02
1.106364973422640174e+00
0.000000000000000000e+00
1.106415113745744971e+00
1.846709200343765733e-02
1.106415113745744971e+00
-1.846709200343765733e-02
1.102421751018407337e+00
0.000000000000000000e+00
1.067239586743194080e+00
7.720016556957864928e-02
1.067239586743194080e+00
-7.720016556957864928e-02
1.074468571062821676e+00
6.789417697488051018e-02
1.074468571062821676e+00
-6.789417697488051018e-02
1.046794247038779879e+00
8.569947224272714270e-02
1.046794247038779879e+00
-8.569947224272714270e-02
9.940005777145628496e-01
9.291950650340971563e-02
9.940005777145628496e-01
-9.291950650340971563e-02
1.033614078403787495e+00
8.635620094148438453e-02
1.033614078403787495e+00
-8.635620094148438453e-02
1.092725175814065253e+00
0.000000000000000000e+00
1.085694511582841359e+00
4.220787061855500039e-02
1.085694511582841359e+00
-4.220787061855500039e-02
1.091829808967108573e+00
2.325547513671703120e-02
1.091829808967108573e+00
-2.325547513671703120e-02
1.078370105177171023e+00
5.075102559985141676e-02
1.078370105177171023e+00
-5.075102559985141676e-02
9.073671064867557812e-01
0.000000000000000000e+00
9.107863627835574016e-01
2.088695197689661304e-02
9.107863627835574016e-01
-2.088695197689661304e-02
9.620893881877450315e-01
8.122094596737214345e-02
9.620893881877450315e-01
-8.122094596737214345e-02
1.061908741908785814e+00
6.647058810871123158e-02
1.061908741908785814e+00
-6.647058810871123158e-02
1.085071979278952714e+00
3.080494156783192272e-02
1.085071979278952714e+00
-3.080494156783192272e-02
1.046034046812973184e+00
7.640020198106285687e-02
1.046034046812973184e+00
-7.640020198106285687e-02
1.011861134260920725e+00
8.517202734035494993e-02
1.011861134260920725e+00
-8.517202734035494993e-02
9.330449192157641569e-01
5.501799489426665440e-02
9.330449192157641569e-01
-5.501799489426665440e-02
9.475864503919663173e-01
6.754936598185069807e-02
9.475864503919663173e-01
-6.754936598185069807e-02
9.792615448446910786e-01
8.062694587388777312e-02
9.792615448446910786e-01
-8.062694587388777312e-02
1.032442664263085730e+00
7.599018937715908140e-02
1.032442664263085730e+00
-7.599018937715908140e-02
1.075487567773870889e+00
3.825920288118140472e-02
1.075487567773870889e+00
-3.825920288118140472e-02
9.155909406328807121e-01
0.000000000000000000e+00
9.286191659465221626e-01
3.737435300431799640e-02
9.286191659465221626e-01
-3.737435300431799640e-02
1.040413690364815125e+00
6.959552712004900277e-02
1.040413690364815125e+00
-6.959552712004900277e-02
1.006877261863591055e+00
7.270717754651567777e-02
1.006877261863591055e+00
-7.270717754651567777e-02
9.535712304305955511e-01
5.598946195760490241e-02
9.535712304305955511e-01
-5.598946195760490241e-02
9.319406912995618075e-01
0.000000000000000000e+00
9.303643345787244723e-01
1.009119280936483787e-02
9.303643345787244723e-01
-1.009119280936483787e-02
9.636342076435191473e-01
5.886532488365607552e-02
9.636342076435191473e-01
-5.886532488365607552e-02
1.066346249776898958e+00
3.143002248684684252e-02
1.066346249776898958e+00
-3.143002248684684252e-02
1.069630037375514764e+00
2.460984056734575112e-02
1.069630037375514764e+00
-2.460984056734575112e-02
1.067426073346397164e+00
1.870340321035800571e-02
1.067426073346397164e+00
-1.870340321035800571e-02
9.840828103863172860e-01
6.494023144072502696e-02
9.840828103863172860e-01
-6.494023144072502696e-02
9.917058570533245909e-01
6.605399114289385587e-02
9.917058570533245909e-01
-6.605399114289385587e-02
1.062094305273693085e+00
8.573401152601868233e-03
1.062094305273693085e+00
-8.573401152601868233e-03
1.023301487602083171e+00
6.184597903248667539e-02
1.023301487602083171e+00
-6.184597903248667539e-02
1.036232522571766790e+00
5.395533640603048658e-02
1.036232522571766790e+00
-5.395533640603048658e-02
1.040539492874884786e+00
4.573981077757929836e-02
1.040539492874884786e+00
-4.573981077757929836e-02
1.052579850968000441e+00
1.558208183040141540e-02
1.052579850968000441e+00
-1.558208183040141540e-02
1.019249236132198977e+00
5.459001447564296172e-02
1.019249236132198977e+00
-5.459001447564296172e-02
1.042454451341441324e+00
3.267108112237756407e-02
1.042454451341441324e+00
-3.267108112237756407e-02
9.538061524788135070e-01
4.246522386403184246e-02
9.538061524788135070e-01
-4.246522386403184246e-02
1.043382911790178946e+00
2.314485756581805258e-03
1.043382911790178946e+00
-2.314485756581805258e-03
1.003787465084671426e+00
5.183144893926525110e-02
1.003787465084671426e+00
-5.183144893926525110e-02
1.024741075128078105e+00
4.084945665908450152e-02
1.024741075128078105e+00
-4.084945665908450152e-02
9.408576301040881829e-01
8.713020438438082854e-03
9.408576301040881829e-01
-8.713020438438082854e-03
9.480778896969175307e-01
2.772907565128843871e-02
9.480778896969175307e-01
-2.772907565128843871e-02
9.941511758101451157e-01
4.972687516012474357e-02
9.941511758101451157e-01
-4.972687516012474357e-02
9.809024077357489935e-01
4.678092059385603740e-02
9.809024077357489935e-01
-4.678092059385603740e-02
1.027596518791371372e+00
2.925906990346554756e-02
1.027596518791371372e+00
-2.925906990346554756e-02
9.575373345347319987e-01
3.067782968997259663e-02
9.575373345347319987e-01
-3.067782968997259663e-02
1.028383080782453884e+00
1.358624901953022455e-02
1.028383080782453884e+00
-1.358624901953022455e-02
9.507531211782535019e-01
0.000000000000000000e+00
9.668553568001820864e-01
3.025322734382058371e-02
9.668553568001820864e-01
-3.025322734382058371e-02
9.937454807020252856e-01
3.540008019058187710e-02
9.937454807020252856e-01
-3.540008019058187710e-02
1.008707962726125729e+00
2.800141158085173165e-02
1.008707962726125729e+00
-2.800141158085173165e-02
9.727230455204285420e-01
2.635223147384139000e-02
9.727230455204285420e-01
-2.635223147384139000e-02
1.002833988032072465e+00
2.180884530780640221e-02
1.002833988032072465e+00
-2.180884530780640221e-02
1.012816001780258546e+00
0.000000000000000000e+00
9.597144299616453544e-01
3.616587430567371787e-03
9.597144299616453544e-01
-3.616587430567371787e-03
9.678032759168967436e-01
0.000000000000000000e+00
9.750210336657432197e-01
9.458966300089681478e-03
9.750210336657432197e-01
-9.458966300089681478e-03
9.729432093524194025e-01
0.000000000000000000e+00
9.759559476437617009e-01
0.000000000000000000e+00
9.873541634896574326e-01
0.000000000000000000e+00
9.907878279367420271e-01
0.000000000000000000e+00
1.007372046239293439e+00
0.000000000000000000e+00
1.002361029091499267e+00
1.936493160615719794e-03
1.002361029091499267e+00
-1.936493160615719794e-03
