1.000000000000000000e+00
0.000000000000000000e+00
1.000000000000000000e+00
0.000000000000000000e+00
1.000000000000000000e+00
0.000000000000000000e+00
1.000000000000000000e+00
0.000000000000000000e+00
1.000000000000000000e+00
0.000000000000000000e+00
1.000000000000000000e+00
0.000000000000000000e+00
1.000000000000000000e+00
0.000000000000000000e+00
1.000000000000000000e+00
0.000000000000000000e+00
1.000000000000000000e+00
0.000000000000000000e+00
1.000000000000000000e+00
0.000000000000000000e+00
1.000000000000000000e+00
0.000000000000000000e+00
1.000000000000000000e+00
0.000000000000000000e+00
1.000000000000000000e+00
0.000000000000000000e+00
1.000000000000000000e+00
0.000000000000000000e+00
1.000000000000000000e+00
0.000000000000000000e+00
1.000000000000000000e+00
0.000000000000000000e+00
1.000000000000000000e+00
0.000000000000000000e+00
1.000000000000000000e+00
0.000000000000000000e+00
1.000000000000000000e+00
0.000000000000000000e+00
1.000000000000000000e+00
0.000000000000000000e+00
1.000000000000000000e+00
0.000000000000000000e+00
1.000000000000000000e+00
0.000000000000000000e+00
1.000000000000000000e+00
0.000000000000000000e+00
1.000000000000000000e+00
0.000000000000000000e+00
1.000000000000000000e+00
0.000000000000000000e+00
1.000000000000000000e+00
0.000000000000000000e+00
1.000000000000000000e+00
0.000000000000000000e+00
1.000000000000000000e+00
0.000000000000000000e+00
-1.138860588774593952e-01
0.000000000000000000e+00
-4.483835748967536505e-02
0.000000000000000000e+00
-3.508651369489386440e-02
0.000000000000000000e+00
1.353450495699378142e-01
0.000000000000000000e+00
1.723505666170054018e-01
0.000000000000000000e+00
1.690168461920117826e+00
0.000000000000000000e+00
2.243677045775853141e-01
1.345064741372980870e-02
2.243677045775853141e-01
-1.345064741372980870e-02
2.471427419169410222e-01
0.000000000000000000e+00
1.293652398640155132e+00
5.371881517398595651e-01
1.293652398640155132e+00
-5.371881517398595651e-01
3.319431598092085212e-01
0.000000000000000000e+00
8.127443029530048157e-01
5.864790494516605168e-01
8.127443029530048157e-01
-5.864790494516605168e-01
3.535566167438444207e-01
1.296817275041494202e-02
3.535566167438444207e-01
-1.296817275041494202e-02
1.321071302892256938e+00
4.781021068881305403e-01
1.321071302892256938e+00
-4.781021068881305403e-01
8.709005369592115464e-01
5.580968590186042855e-01
8.709005369592115464e-01
-5.580968590186042855e-01
1.325536345071142375e+00
4.507744488405282524e-01
1.325536345071142375e+00
-4.507744488405282524e-01
4.870640208456448739e-01
2.802181541050451918e-01
4.870640208456448739e-01
-2.802181541050451918e-01
1.529881600620157212e+00
5.813160576291726001e-02
1.529881600620157212e+00
-5.813160576291726001e-02
1.404033794931878409e+00
3.082004369403453792e-01
1.404033794931878409e+00
-3.082004369403453792e-01
1.503616725278844157e+00
0.000000000000000000e+00
7.508520024035230112e-01
4.601228760798622419e-01
7.508520024035230112e-01
-4.601228760798622419e-01
4.427143959276601537e-01
7.777671843016094322e-02
4.427143959276601537e-01
-7.777671843016094322e-02
1.414332151436438867e+00
2.467084789022370717e-01
1.414332151436438867e+00
-2.467084789022370717e-01
1.348188077902727766e+00
3.386992298723205397e-01
1.348188077902727766e+00
-3.386992298723205397e-01
1.445271053456476107e+00
1.619836138784397639e-01
1.445271053456476107e+00
-1.619836138784397639e-01
1.481795272933061902e+00
0.000000000000000000e+00
4.457561184918869546e-01
0.000000000000000000e+00
1.459696692669500084e+00
6.183785522780972654e-02
1.459696692669500084e+00
-6.183785522780972654e-02
1.124912555167347561e+00
4.526060536899980669e-01
1.124912555167347561e+00
-4.526060536899980669e-01
1.263391418283224210e+00
3.856704277609294129e-01
1.263391418283224210e+00
-3.856704277609294129e-01
1.433829762642874206e+00
7.557416743110069446e-02
1.433829762642874206e+00
-7.557416743110069446e-02
4.751834689403184875e-01
0.000000000000000000e+00
8.162762802105549831e-01
4.538512265781258770e-01
8.162762802105549831e-01
-4.538512265781258770e-01
1.021048840516998180e+00
4.747690332584674211e-01
1.021048840516998180e+00
-4.747690332584674211e-01
7.610724212527648636e-01
4.238123238725688968e-01
7.610724212527648636e-01
-4.238123238725688968e-01
5.338959700233332217e-01
2.249477841368185960e-01
5.338959700233332217e-01
-2.249477841368185960e-01
5.243241326165697380e-01
1.983135182662627838e-01
5.243241326165697380e-01
-1.983135182662627838e-01
1.071997423681646300e+00
4.554223812231261159e-01
1.071997423681646300e+00
-4.554223812231261159e-01
1.304666030044850267e+00
3.170270005570126060e-01
1.304666030044850267e+00
-3.170270005570126060e-01
1.264513990171333813e+00
3.466024028698550530e-01
1.264513990171333813e+00
-3.466024028698550530e-01
7.974491256975940745e-01
4.118165778471187810e-01
7.974491256975940745e-01
-4.118165778471187810e-01
9.436605344074833202e-01
4.459977380137052916e-01
9.436605344074833202e-01
-4.459977380137052916e-01
6.586091034779056885e-01
3.228898792230902037e-01
6.586091034779056885e-01
-3.228898792230902037e-01
9.830884446140014665e-01
4.410686075488872704e-01
9.830884446140014665e-01
-4.410686075488872704e-01
1.175083399692495867e+00
3.876302208381987024e-01
1.175083399692495867e+00
-3.876302208381987024e-01
1.360941762665081711e+00
1.971782939243459931e-01
1.360941762665081711e+00
-1.971782939243459931e-01
1.054325388954447718e+00
4.160388968412070954e-01
1.054325388954447718e+00
-4.160388968412070954e-01
6.349589643751052392e-01
2.798109278876890205e-01
6.349589643751052392e-01
-2.798109278876890205e-01
4.999454323212218498e-01
0.000000000000000000e+00
6.039425023569596762e-01
2.356365706535709370e-01
6.039425023569596762e-01
-2.356365706535709370e-01
5.529235812509246673e-01
1.573361711802699903e-01
5.529235812509246673e-01
-1.573361711802699903e-01
5.178922283921953973e-01
0.000000000000000000e+00
5.811401988061535295e-01
1.749786728095736876e-01
5.811401988061535295e-01
-1.749786728095736876e-01
5.309199255228214120e-01
8.209856674346528022e-03
5.309199255228214120e-01
-8.209856674346528022e-03
5.508743217493092814e-01
8.536449056460609919e-02
5.508743217493092814e-01
-8.536449056460609919e-02
8.684245441691029743e-01
3.934902171891618283e-01
8.684245441691029743e-01
-3.934902171891618283e-01
7.792935638013078758e-01
3.450973516263807772e-01
7.792935638013078758e-01
-3.450973516263807772e-01
1.388564607453145694e+00
0.000000000000000000e+00
9.712180409667325875e-01
4.024908610189996128e-01
9.712180409667325875e-01
-4.024908610189996128e-01
1.262823752795557919e+00
3.051499647025764927e-01
1.262823752795557919e+00
-3.051499647025764927e-01
1.377765825652276233e+00
0.000000000000000000e+00
1.089051050498010209e+00
3.623027778980578706e-01
1.089051050498010209e+00
-3.623027778980578706e-01
1.361599040964794671e+00
0.000000000000000000e+00
1.297103411545627250e+00
2.058149076167349878e-01
1.297103411545627250e+00
-2.058149076167349878e-01
1.230492331735042688e+00
2.821167375881016848e-01
1.230492331735042688e+00
-2.821167375881016848e-01
1.150386153559413760e+00
3.285112402723107117e-01
1.150386153559413760e+00
-3.285112402723107117e-01
1.189644915762908983e+00
3.038799630810356533e-01
1.189644915762908983e+00
-3.038799630810356533e-01
9.872483469300512571e-01
3.585901231277827117e-01
9.872483469300512571e-01
-3.585901231277827117e-01
1.145428648822534701e+00
3.081900120664599618e-01
1.145428648822534701e+00
-3.081900120664599618e-01
1.264334073418883042e+00
2.120354697336831462e-01
1.264334073418883042e+00
-2.120354697336831462e-01
1.245219595507700339e+00
2.281458640428588591e-01
1.245219595507700339e+00
-2.281458640428588591e-01
7.473241541252568787e-01
2.739035930678023201e-01
7.473241541252568787e-01
-2.739035930678023201e-01
5.757262220732600744e-01
0.000000000000000000e+00
9.132833433275797663e-01
3.360529350097361534e-01
9.132833433275797663e-01
-3.360529350097361534e-01
8.930451078133661014e-01
3.283731286661186188e-01
8.930451078133661014e-01
-3.283731286661186188e-01
7.091274554634430238e-01
2.230154962790137363e-01
7.091274554634430238e-01
-2.230154962790137363e-01
7.797489062302211948e-01
2.672240597384368810e-01
7.797489062302211948e-01
-2.672240597384368810e-01
1.340681720538996924e+00
0.000000000000000000e+00
1.340681165843567113e+00
0.000000000000000000e+00
1.328872284087593059e+00
1.724209411118677454e-02
1.328872284087593059e+00
-1.724209411118677454e-02
1.304663410679534064e+00
8.232503661355349001e-02
1.304663410679534064e+00
-8.232503661355349001e-02
1.236778198276117680e+00
1.886909949089136396e-01
1.236778198276117680e+00
-1.886909949089136396e-01
1.304375006847893870e+00
5.952783463768713396e-02
1.304375006847893870e+00
-5.952783463768713396e-02
1.308659205952096727e+00
0.000000000000000000e+00
1.134190063882055899e+00
2.579872302340464052e-01
1.134190063882055899e+00
-2.579872302340464052e-01
9.431363545872186727e-01
3.073439797616941416e-01
9.431363545872186727e-01
-3.073439797616941416e-01
6.059026095554429503e-01
0.000000000000000000e+00
8.580182206005512180e-01
2.728621108828172548e-01
8.580182206005512180e-01
-2.728621108828172548e-01
6.328126137950051966e-01
9.075129227642805829e-02
6.328126137950051966e-01
-9.075129227642805829e-02
6.176649416633074319e-01
0.000000000000000000e+00
6.837195456646318892e-01
1.389134206948014483e-01
6.837195456646318892e-01
-1.389134206948014483e-01
6.336122760321287739e-01
0.000000000000000000e+00
7.236180654611796825e-01
1.627936606243017281e-01
7.236180654611796825e-01
-1.627936606243017281e-01
6.644667253226266279e-01
7.861537953387917610e-02
6.644667253226266279e-01
-7.861537953387917610e-02
6.470575724141767182e-01
4.246473544168965358e-02
6.470575724141767182e-01
-4.246473544168965358e-02
1.008694256028152658e+00
2.712396913223977801e-01
1.008694256028152658e+00
-2.712396913223977801e-01
6.653364969699779863e-01
2.880829947603975524e-02
6.653364969699779863e-01
-2.880829947603975524e-02
7.146293291528089675e-01
1.057180128295351906e-01
7.146293291528089675e-01
-1.057180128295351906e-01
6.755118025536678283e-01
0.000000000000000000e+00
6.873541425486124901e-01
1.539028048658426344e-02
6.873541425486124901e-01
-1.539028048658426344e-02
6.593163666504389120e-01
0.000000000000000000e+00
6.593184939602360073e-01
0.000000000000000000e+00
6.593194640218767999e-01
0.000000000000000000e+00
6.593249440281661045e-01
0.000000000000000000e+00
8.339200474749211001e-01
2.088568251353464522e-01
8.339200474749211001e-01
-2.088568251353464522e-01
9.136091612982973897e-01
2.336090364013801435e-01
9.136091612982973897e-01
-2.336090364013801435e-01
8.750756915058301999e-01
2.151809365314996669e-01
8.750756915058301999e-01
-2.151809365314996669e-01
9.038639833851149774e-01
2.250032443290425621e-01
9.038639833851149774e-01
-2.250032443290425621e-01
8.239128040354141147e-01
1.639140010824315374e-01
8.239128040354141147e-01
-1.639140010824315374e-01
7.751649892791344643e-01
1.198202396341405684e-01
7.751649892791344643e-01
-1.198202396341405684e-01
8.086580331465742510e-01
1.502208382598705927e-01
8.086580331465742510e-01
-1.502208382598705927e-01
1.257900037054880737e+00
1.058262345515654096e-01
1.257900037054880737e+00
-1.058262345515654096e-01
1.176353650734018652e+00
1.888637734532059576e-01
1.176353650734018652e+00
-1.888637734532059576e-01
1.168643157050718528e+00
1.866333924572494973e-01
1.168643157050718528e+00
-1.866333924572494973e-01
1.114601060983910763e+00
2.063331385575389865e-01
1.114601060983910763e+00
-2.063331385575389865e-01
1.262121191701563117e+00
1.272902516099961613e-02
1.262121191701563117e+00
-1.272902516099961613e-02
1.232755005903849010e+00
8.374412223539637323e-02
1.232755005903849010e+00
-8.374412223539637323e-02
1.243392250202307370e+00
0.000000000000000000e+00
1.054957527324850375e+00
2.058018398710007857e-01
1.054957527324850375e+00
-2.058018398710007857e-01
7.665104889997084170e-01
0.000000000000000000e+00
7.866233134933136029e-01
0.000000000000000000e+00
1.184962478026840405e+00
6.723142312604948878e-02
1.184962478026840405e+00
-6.723142312604948878e-02
1.200344310841666040e+00
0.000000000000000000e+00
8.204524084715961729e-01
0.000000000000000000e+00
8.428242364613626192e-01
0.000000000000000000e+00
8.502031800399889594e-01
4.971016316431720733e-02
8.502031800399889594e-01
-4.971016316431720733e-02
8.675827433015903534e-01
6.830911673375664184e-02
8.675827433015903534e-01
-6.830911673375664184e-02
9.278772400463553005e-01
1.142721651748429407e-01
9.278772400463553005e-01
-1.142721651748429407e-01
9.863086386591419785e-01
1.369905151245410513e-01
9.863086386591419785e-01
-1.369905151245410513e-01
1.069060461331860612e+00
1.461614835338696516e-01
1.069060461331860612e+00
-1.461614835338696516e-01
1.143062540544560690e+00
1.061587255761007736e-01
1.143062540544560690e+00
-1.061587255761007736e-01
1.115785164222423465e+00
1.145374154522752069e-01
1.115785164222423465e+00
-1.145374154522752069e-01
1.171104673103353200e+00
0.000000000000000000e+00
1.131985066811904250e+00
0.000000000000000000e+00
1.039417003773621673e+00
1.263092576374404696e-01
1.039417003773621673e+00
-1.263092576374404696e-01
1.088949555893941046e+00
7.986123677981850355e-02
1.088949555893941046e+00
-7.986123677981850355e-02
8.740377069575152591e-01
0.000000000000000000e+00
1.032469614306809502e+00
8.567435765856803997e-02
1.032469614306809502e+00
-8.567435765856803997e-02
1.085078347051348535e+00
3.279476138348576958e-02
1.085078347051348535e+00
-3.279476138348576958e-02
1.102980161822709748e+00
0.000000000000000000e+00
9.244581384853147732e-01
5.422210247018051377e-02
9.244581384853147732e-01
-5.422210247018051377e-02
1.059813221628520319e+00
0.000000000000000000e+00
1.049308328324989770e+00
0.000000000000000000e+00
9.573438988597221533e-01
0.000000000000000000e+00
9.927381516127045114e-01
0.000000000000000000e+00
9.965239929249907203e-01
6.309641131767290169e-03
9.965239929249907203e-01
-6.309641131767290169e-03
1.006865760219601835e+00
0.000000000000000000e+00
1.003673843791266673e+00
5.977620376749233702e-03
1.003673843791266673e+00
-5.977620376749233702e-03
1.004018713378978633e+00
0.000000000000000000e+00
1.002996893270228895e+00
2.517875922174743399e-03
1.002996893270228895e+00
-2.517875922174743399e-03
1.000722728483073531e+00
3.948815978701224715e-03
1.000722728483073531e+00
-3.948815978701224715e-03
9.962566256614223681e-01
1.390851246797572636e-03
9.962566256614223681e-01
-1.390851246797572636e-03
9.980145979805452594e-01
3.413675473780035732e-03
9.980145979805452594e-01
-3.413675473780035732e-03
1.000809508838894413e+00
7.917523418384134291e-04
1.000809508838894413e+00
-7.917523418384134291e-04
9.991917249843172977e-01
8.113130911483721914e-04
9.991917249843172977e-01
-8.113130911483721914e-04
1.000389475875908873e+00
2.356957481499668498e-04
1.000389475875908873e+00
-2.356957481499668498e-04
9.999960561471474829e-01
4.655119640633564849e-04
9.999960561471474829e-01
-4.655119640633564849e-04
9.996130329933479164e-01
2.297264807033169167e-04
9.996130329933479164e-01
-2.297264807033169167e-04
9.999857584577307446e-01
1.423480747045822858e-05
9.999857584577307446e-01
-1.423480747045822858e-05
1.000014250752363276e+00
1.425745180605296090e-05
1.000014250752363276e+00
-1.425745180605296090e-05
9.999994466305108798e-01
9.575996076334047817e-07
9.999994466305108798e-01
-9.575996076334047817e-07
9.999991478058370964e-01
0.000000000000000000e+00
1.000001104928503137e+00
0.000000000000000000e+00
1.000000425954373551e+00
7.382175150651594794e-07
1.000000425954373551e+00
-7.382175150651594794e-07
1.000000012543919681e+00
8.827254655208603628e-09
1.000000012543919681e+00
-8.827254655208603628e-09
9.999999885956100121e-01
9.735254737170263393e-09
9.999999885956100121e-01
-9.735254737170263393e-09
9.999999947795255029e-01
0.000000000000000000e+00
9.999999952888684041e-01
0.000000000000000000e+00
1.000000006202408809e+00
0.000000000000000000e+00
1.000000001954056028e+00
2.050397972272589528e-09
1.000000001954056028e+00
-2.050397972272589528e-09
1.000000001177916209e+00
0.000000000000000000e+00
9.999999996992881002e-01
1.290204363378688215e-09
9.999999996992881002e-01
-1.290204363378688215e-09
1.000000000373787223e+00
5.657156529656962807e-10
1.000000000373787223e+00
-5.657156529656962807e-10
1.000000000000007772e+00
0.000000000000000000e+00
1.000000000000005551e+00
0.000000000000000000e+00
9.999999999999991118e-01
1.029578477528903406e-15
9.999999999999991118e-01
-1.029578477528903406e-15
9.999999999999981126e-01
0.000000000000000000e+00
9.999999999999984457e-01
6.449812927423887983e-16
9.999999999999984457e-01
-6.449812927423887983e-16
1.000000000000000444e+00
0.000000000000000000e+00
1.000000000000000000e+00
0.000000000000000000e+00
1.000000000000000000e+00
0.000000000000000000e+00
1.000000000000000000e+00
0.000000000000000000e+00
1.000000000000000000e+00
0.000000000000000000e+00
1.000000000000000000e+00
0.000000000000000000e+00
1.000000000000000000e+00
0.000000000000000000e+00
1.000000000000000000e+00
0.000000000000000000e+00
1.000000000000000000e+00
0.000000000000000000e+00
1.000000000000000000e+00
0.000000000000000000e+00
1.000000000000000000e+00
0.000000000000000000e+00
1.000000000000000000e+00
0.000000000000000000e+00
