1.000000000000000000e+00
0.000000000000000000e+00
1.000000000000000000e+00
0.000000000000000000e+00
1.000000000000000000e+00
0.000000000000000000e+00
1.000000000000000000e+00
0.000000000000000000e+00
1.000000000000000000e+00
0.000000000000000000e+00
1.000000000000000000e+00
0.000000000000000000e+00
1.000000000000000000e+00
0.000000000000000000e+00
1.000000000000000000e+00
0.000000000000000000e+00
1.000000000000000000e+00
0.000000000000000000e+00
1.000000000000000000e+00
0.000000000000000000e+00
1.000000000000000000e+00
0.000000000000000000e+00
1.000000000000000000e+00
0.000000000000000000e+00
1.000000000000000000e+00
0.000000000000000000e+00
1.000000000000000000e+00
0.000000000000000000e+00
1.000000000000000000e+00
0.000000000000000000e+00
1.000000000000000000e+00
0.000000000000000000e+00
1.000000000000000000e+00
0.000000000000000000e+00
1.000000000000000000e+00
0.000000000000000000e+00
1.000000000000000000e+00
0.000000000000000000e+00
1.000000000000000000e+00
0.000000000000000000e+00
1.000000000000000000e+00
0.000000000000000000e+00
1.000000000000000000e+00
0.000000000000000000e+00
1.000000000000000000e+00
0.000000000000000000e+00
1.000000000000000000e+00
0.000000000000000000e+00
1.000000000000000000e+00
0.000000000000000000e+00
1.000000000000000000e+00
0.000000000000000000e+00
1.000000000000000000e+00
0.000000000000000000e+00
1.000000000000000000e+00
0.000000000000000000e+00
1.000000000000000000e+00
0.000000000000000000e+00
1.000000000000000000e+00
0.000000000000000000e+00
1.000000000000000000e+00
0.000000000000000000e+00
1.000000000000000000e+00
0.000000000000000000e+00
1.000000000000000000e+00
0.000000000000000000e+00
1.000000000000000000e+00
0.000000000000000000e+00
1.000000000000000000e+00
0.000000000000000000e+00
1.000000000000000000e+00
0.000000000000000000e+00
1.000000000000000000e+00
0.000000000000000000e+00
-6.652838470087019118e-04
0.000000000000000000e+00
5.729148614280459295e-01
0.000000000000000000e+00
1.059164332794894969e+00
9.249388786154185901e-03
1.059164332794894969e+00
-9.249388786154185901e-03
9.413400480746887400e-01
7.036016058368862666e-03
9.413400480746887400e-01
-7.036016058368862666e-03
9.461636741015044816e-01
1.696585639154023217e-02
9.461636741015044816e-01
-1.696585639154023217e-02
9.575854268975125816e-01
3.711961117411977790e-02
9.575854268975125816e-01
-3.711961117411977790e-02
1.046255139178025484e+00
3.178485194399379571e-02
1.046255139178025484e+00
-3.178485194399379571e-02
1.036789474636137243e+00
4.309141077150775712e-02
1.036789474636137243e+00
-4.309141077150775712e-02
1.054126001827298653e+00
0.000000000000000000e+00
1.046699498862468269e+00
2.876262504251033900e-02
1.046699498862468269e+00
-2.876262504251033900e-02
9.967120455683312619e-01
5.666277929593608459e-02
9.967120455683312619e-01
-5.666277929593608459e-02
9.934917985947320229e-01
5.602214464927671167e-02
9.934917985947320229e-01
-5.602214464927671167e-02
1.041925755319844882e+00
3.478770492092253530e-02
1.041925755319844882e+00
-3.478770492092253530e-02
9.625545519716893761e-01
3.983308739101541762e-02
9.625545519716893761e-01
-3.983308739101541762e-02
1.008951658964338360e+00
5.488060737570668590e-02
1.008951658964338360e+00
-5.488060737570668590e-02
9.965221804704744724e-01
5.524017260842092186e-02
9.965221804704744724e-01
-5.524017260842092186e-02
1.050603404091414728e+00
1.654080847391566425e-02
1.050603404091414728e+00
-1.654080847391566425e-02
1.052971410330460600e+00
0.000000000000000000e+00
1.048271647144279228e+00
2.149320705878950133e-02
1.048271647144279228e+00
-2.149320705878950133e-02
1.051526089415181442e+00
3.396930434051327694e-03
1.051526089415181442e+00
-3.396930434051327694e-03
1.028668598683531332e+00
4.525367131270700838e-02
1.028668598683531332e+00
-4.525367131270700838e-02
1.036937061946431538e+00
3.735886147321300366e-02
1.036937061946431538e+00
-3.735886147321300366e-02
9.713584428325330311e-01
4.544162310478109396e-02
9.713584428325330311e-01
-4.544162310478109396e-02
9.817851834680788592e-01
5.057901253016860305e-02
9.817851834680788592e-01
-5.057901253016860305e-02
9.765909558766505683e-01
4.794031617825018216e-02
9.765909558766505683e-01
-4.794031617825018216e-02
1.046533951516757543e+00
1.946487720129619695e-02
1.046533951516757543e+00
-1.946487720129619695e-02
1.008692994836026147e+00
5.231160844961386946e-02
1.008692994836026147e+00
-5.231160844961386946e-02
1.030666948600846400e+00
4.114575170141129140e-02
1.030666948600846400e+00
-4.114575170141129140e-02
9.505118617712526863e-01
1.527735337512286205e-02
9.505118617712526863e-01
-1.527735337512286205e-02
1.019338877167125901e+00
4.779006694071656625e-02
1.019338877167125901e+00
-4.779006694071656625e-02
9.876024986445346432e-01
5.037437939335822484e-02
9.876024986445346432e-01
-5.037437939335822484e-02
1.048423993932748877e+00
0.000000000000000000e+00
9.686374759747962138e-01
4.102785994970990779e-02
9.686374759747962138e-01
-4.102785994970990779e-02
9.491441960005895240e-01
2.612553709082151600e-03
9.491441960005895240e-01
-2.612553709082151600e-03
9.631963738596875935e-01
3.334359019933217511e-02
9.631963738596875935e-01
-3.334359019933217511e-02
9.511329560174166531e-01
3.438738464719854823e-03
9.511329560174166531e-01
-3.438738464719854823e-03
1.034060024401935785e+00
3.372137773563551461e-02
1.034060024401935785e+00
-3.372137773563551461e-02
9.600532636076195558e-01
2.739853509962731845e-02
9.600532636076195558e-01
-2.739853509962731845e-02
9.705170754400619382e-01
3.802670366731946555e-02
9.705170754400619382e-01
-3.802670366731946555e-02
9.592766203372674605e-01
2.485208671850683976e-02
9.592766203372674605e-01
-2.485208671850683976e-02
1.014760017998154851e+00
4.611749526659435910e-02
1.014760017998154851e+00
-4.611749526659435910e-02
9.834117199795824327e-01
4.468923946459769231e-02
9.834117199795824327e-01
-4.468923946459769231e-02
1.023646243382859033e+00
4.090772555911820901e-02
1.023646243382859033e+00
-4.090772555911820901e-02
1.038414297362927341e+00
2.525095588258530893e-02
1.038414297362927341e+00
-2.525095588258530893e-02
1.008112370697924698e+00
4.670855494109234229e-02
1.008112370697924698e+00
-4.670855494109234229e-02
9.763491788533931182e-01
3.980807404154858981e-02
9.763491788533931182e-01
-3.980807404154858981e-02
1.044236359623875288e+00
9.493868730387354689e-04
1.044236359623875288e+00
-9.493868730387354689e-04
9.551759434571363006e-01
8.967726764223644953e-03
9.551759434571363006e-01
-8.967726764223644953e-03
9.891656142997484746e-01
4.410958917944270835e-02
9.891656142997484746e-01
-4.410958917944270835e-02
9.589975422250529569e-01
1.730304661075746792e-02
9.589975422250529569e-01
-1.730304661075746792e-02
9.623265566916094915e-01
2.352048296150828152e-02
9.623265566916094915e-01
-2.352048296150828152e-02
9.714166198592930623e-01
3.284400311690910401e-02
9.714166198592930623e-01
-3.284400311690910401e-02
9.663353570627781775e-01
2.735798162744625117e-02
9.663353570627781775e-01
-2.735798162744625117e-02
9.586782818972904296e-01
1.202263517990102143e-02
9.586782818972904296e-01
-1.202263517990102143e-02
1.023027280184409582e+00
3.773862707842202957e-02
1.023027280184409582e+00
-3.773862707842202957e-02
9.953150604653218103e-01
4.349868823993607858e-02
9.953150604653218103e-01
-4.349868823993607858e-02
1.002548994200645360e+00
4.371156547917712937e-02
1.002548994200645360e+00
-4.371156547917712937e-02
1.037216313621996511e+00
2.068220728453649265e-02
1.037216313621996511e+00
-2.068220728453649265e-02
1.039912923004520984e+00
1.167457041985883910e-02
1.039912923004520984e+00
-1.167457041985883910e-02
1.038296404666263939e+00
1.619831958491022017e-02
1.038296404666263939e+00
-1.619831958491022017e-02
1.016499555597739857e+00
3.988471698482887878e-02
1.016499555597739857e+00
-3.988471698482887878e-02
9.585816396709769815e-01
4.867578799253063047e-03
9.585816396709769815e-01
-4.867578799253063047e-03
1.006734128731429312e+00
4.225079039023858785e-02
1.006734128731429312e+00
-4.225079039023858785e-02
1.034522762161087517e+00
2.159396170482118238e-02
1.034522762161087517e+00
-2.159396170482118238e-02
1.025885286968022614e+00
3.130622610892530577e-02
1.025885286968022614e+00
-3.130622610892530577e-02
1.023691153597314774e+00
3.266386058121451691e-02
1.023691153597314774e+00
-3.266386058121451691e-02
9.878049488783368082e-01
3.878689886913584683e-02
9.878049488783368082e-01
-3.878689886913584683e-02
9.839523999326499348e-01
3.684402381944648641e-02
9.839523999326499348e-01
-3.684402381944648641e-02
9.611904568246798508e-01
5.240567822096666578e-03
9.611904568246798508e-01
-5.240567822096666578e-03
1.007863621430298506e+00
3.944414363734423390e-02
1.007863621430298506e+00
-3.944414363734423390e-02
1.015649325166205541e+00
3.670744310894533124e-02
1.015649325166205541e+00
-3.670744310894533124e-02
9.616164638040067825e-01
0.000000000000000000e+00
9.936361302360772196e-01
3.903298432099563953e-02
9.936361302360772196e-01
-3.903298432099563953e-02
1.037435048080100675e+00
2.617509428944468121e-03
1.037435048080100675e+00
-2.617509428944468121e-03
9.656220092480143347e-01
1.317329026301270779e-02
9.656220092480143347e-01
-1.317329026301270779e-02
9.640403532552341836e-01
1.798525909797311527e-03
9.640403532552341836e-01
-1.798525909797311527e-03
9.696954980109231403e-01
2.098250156708872730e-02
9.696954980109231403e-01
-2.098250156708872730e-02
1.035202761731180088e+00
6.730007677910029851e-03
1.035202761731180088e+00
-6.730007677910029851e-03
1.003931329906436742e+00
3.680598499880080587e-02
1.003931329906436742e+00
-3.680598499880080587e-02
9.858349306888954944e-01
3.356494924548375502e-02
9.858349306888954944e-01
-3.356494924548375502e-02
1.031917768863496399e+00
1.387300651706077984e-02
1.031917768863496399e+00
-1.387300651706077984e-02
9.738083303772502308e-01
2.293869058346792444e-02
9.738083303772502308e-01
-2.293869058346792444e-02
9.729710788407869293e-01
2.018714587384674852e-02
9.729710788407869293e-01
-2.018714587384674852e-02
1.019249217865349610e+00
2.918823900669665489e-02
1.019249217865349610e+00
-2.918823900669665489e-02
9.807042643775425450e-01
2.713821608380068834e-02
9.807042643775425450e-01
-2.713821608380068834e-02
1.027307444965776639e+00
1.827730431471102229e-02
1.027307444965776639e+00
-1.827730431471102229e-02
1.019605348406589229e+00
2.690276812983213861e-02
1.019605348406589229e+00
-2.690276812983213861e-02
1.009035772020081989e+00
3.175314722998377748e-02
1.009035772020081989e+00
-3.175314722998377748e-02
9.971556516150779093e-01
3.292355505411628108e-02
9.971556516150779093e-01
-3.292355505411628108e-02
9.765030117675959076e-01
2.177451570627529642e-02
9.765030117675959076e-01
-2.177451570627529642e-02
9.715079767023617752e-01
1.366585891408383761e-02
9.715079767023617752e-01
-1.366585891408383761e-02
1.022872965305633874e+00
2.201483806314496680e-02
1.022872965305633874e+00
-2.201483806314496680e-02
1.028354988607331100e+00
1.185579985366086442e-02
1.028354988607331100e+00
-1.185579985366086442e-02
1.028348403090279639e+00
0.000000000000000000e+00
9.889678958181171708e-01
2.880189734221777487e-02
9.889678958181171708e-01
-2.880189734221777487e-02
1.027229198615243311e+00
2.794618358216670751e-03
1.027229198615243311e+00
-2.794618358216670751e-03
1.014471079828593414e+00
2.506661774520064362e-02
1.014471079828593414e+00
-2.506661774520064362e-02
1.022587375381168950e+00
1.467603792531119340e-02
1.022587375381168950e+00
-1.467603792531119340e-02
9.739684689040866150e-01
6.757610718614028358e-03
9.739684689040866150e-01
-6.757610718614028358e-03
9.844283225318328778e-01
2.233986036364202926e-02
9.844283225318328778e-01
-2.233986036364202926e-02
9.928969010638802883e-01
2.670049895894937436e-02
9.928969010638802883e-01
-2.670049895894937436e-02
1.015076812960521879e+00
2.210294390647803489e-02
1.015076812960521879e+00
-2.210294390647803489e-02
1.023351485459403021e+00
0.000000000000000000e+00
9.751336852912035891e-01
5.854432004198647198e-03
9.751336852912035891e-01
-5.854432004198647198e-03
9.878000785334293266e-01
2.210392825604507588e-02
9.878000785334293266e-01
-2.210392825604507588e-02
1.002101307342496916e+00
2.524482383730875662e-02
1.002101307342496916e+00
-2.524482383730875662e-02
9.779234892852637362e-01
0.000000000000000000e+00
1.015294255486671293e+00
1.781771849643639175e-02
1.015294255486671293e+00
-1.781771849643639175e-02
9.912412637147013372e-01
2.200974358658603844e-02
9.912412637147013372e-01
-2.200974358658603844e-02
9.828220216304297541e-01
1.511312483202639778e-02
9.828220216304297541e-01
-1.511312483202639778e-02
9.820757276311713468e-01
1.294917675478964372e-02
9.820757276311713468e-01
-1.294917675478964372e-02
1.003367359650058965e+00
2.313097707666953579e-02
1.003367359650058965e+00
-2.313097707666953579e-02
1.002245682118997339e+00
2.276497367497953145e-02
1.002245682118997339e+00
-2.276497367497953145e-02
9.933665324324820745e-01
2.102558116887871115e-02
9.933665324324820745e-01
-2.102558116887871115e-02
9.798937185802538696e-01
5.402397655243947397e-03
9.798937185802538696e-01
-5.402397655243947397e-03
1.013989758851862932e+00
1.465448087569580678e-02
1.013989758851862932e+00
-1.465448087569580678e-02
1.018445416881332388e+00
7.433991183552922898e-03
1.018445416881332388e+00
-7.433991183552922898e-03
1.007755090505842777e+00
1.833480487026122388e-02
1.007755090505842777e+00
-1.833480487026122388e-02
9.986165967261523280e-01
1.945529381604408151e-02
9.986165967261523280e-01
-1.945529381604408151e-02
1.010682451997528375e+00
1.574202457274311365e-02
1.010682451997528375e+00
-1.574202457274311365e-02
1.016482558025895822e+00
0.000000000000000000e+00
1.017433768704707475e+00
3.548816137034721888e-03
1.017433768704707475e+00
-3.548816137034721888e-03
9.822157491621212877e-01
0.000000000000000000e+00
1.015002294813077022e+00
7.054640710584185286e-03
1.015002294813077022e+00
-7.054640710584185286e-03
9.951505146816197467e-01
1.611820431630736628e-02
9.951505146816197467e-01
-1.611820431630736628e-02
1.012449281020308511e+00
1.027837834050825128e-02
1.012449281020308511e+00
-1.027837834050825128e-02
9.835931322277697841e-01
0.000000000000000000e+00
1.002888347871299324e+00
1.550935441741063334e-02
1.002888347871299324e+00
-1.550935441741063334e-02
9.865473471283809914e-01
9.849761287669482265e-03
9.865473471283809914e-01
-9.849761287669482265e-03
9.890659010037375909e-01
1.084240669883196687e-02
9.890659010037375909e-01
-1.084240669883196687e-02
1.012796169427765403e+00
4.048752151535537670e-03
1.012796169427765403e+00
-4.048752151535537670e-03
9.870718834029895694e-01
5.956767694911537132e-03
9.870718834029895694e-01
-5.956767694911537132e-03
1.009015341706427815e+00
9.362042065049891795e-03
1.009015341706427815e+00
-9.362042065049891795e-03
1.004974939613929585e+00
1.217772909703914233e-02
1.004974939613929585e+00
-1.217772909703914233e-02
9.871466243875790525e-01
3.027690674136691764e-03
9.871466243875790525e-01
-3.027690674136691764e-03
1.010376697270250590e+00
0.000000000000000000e+00
9.880271596330023609e-01
0.000000000000000000e+00
9.929299931069834884e-01
9.299579292825370380e-03
9.929299931069834884e-01
-9.299579292825370380e-03
1.003850291031000985e+00
9.950004082943861988e-03
1.003850291031000985e+00
-9.950004082943861988e-03
9.939466481965153477e-01
7.653004361488652957e-03
9.939466481965153477e-01
-7.653004361488652957e-03
9.911715744784636017e-01
0.000000000000000000e+00
1.000250193034006863e+00
9.622191404574303303e-03
1.000250193034006863e+00
-9.622191404574303303e-03
9.922819282018177089e-01
3.277804039749826742e-03
9.922819282018177089e-01
-3.277804039749826742e-03
9.959241814861465869e-01
6.351333156440807162e-03
9.959241814861465869e-01
-6.351333156440807162e-03
9.946502073864029736e-01
3.302286449508531289e-03
9.946502073864029736e-01
-3.302286449508531289e-03
1.001196810634832346e+00
6.710939274294180218e-03
1.001196810634832346e+00
-6.710939274294180218e-03
1.002880329587807484e+00
6.354893688319119063e-03
1.002880329587807484e+00
-6.354893688319119063e-03
1.006261622894669694e+00
3.501233278222185604e-03
1.006261622894669694e+00
-3.501233278222185604e-03
1.005498780222526367e+00
0.000000000000000000e+00
1.003639214875526431e+00
4.206632597796589219e-03
1.003639214875526431e+00
-4.206632597796589219e-03
1.004244382878585640e+00
0.000000000000000000e+00
9.985573004182408674e-01
4.013495072575608454e-03
9.985573004182408674e-01
-4.013495072575608454e-03
1.002392111871841962e+00
2.757558648608729891e-03
1.002392111871841962e+00
-2.757558648608729891e-03
1.003309473009262653e+00
4.612322914298398464e-04
1.003309473009262653e+00
-4.612322914298398464e-04
9.973114150976578607e-01
6.436537384693963087e-04
9.973114150976578607e-01
-6.436537384693963087e-04
9.984216781118082640e-01
2.423569572166499873e-04
9.984216781118082640e-01
-2.423569572166499873e-04
1.000185353701436242e+00
1.736478900478546613e-03
1.000185353701436242e+00
-1.736478900478546613e-03
1.000412142572757679e+00
0.000000000000000000e+00
1.000409021411404087e+00
8.339763545163205415e-04
1.000409021411404087e+00
-8.339763545163205415e-04
9.999999999984696686e-01
0.000000000000000000e+00
1.000000000001452838e+00
0.000000000000000000e+00
1.000000000000019096e+00
0.000000000000000000e+00
