1.000000000000000000e+00
0.000000000000000000e+00
-1.487981803049506779e-02
0.000000000000000000e+00
2.521523898940974950e-02
0.000000000000000000e+00
8.872125609551402559e-02
0.000000000000000000e+00
5.205774045854277832e-02
0.000000000000000000e+00
1.311321878816324449e-01
0.000000000000000000e+00
1.801332032641014269e-01
0.000000000000000000e+00
2.203123783482179299e-01
0.000000000000000000e+00
2.799151717674672191e-01
0.000000000000000000e+00
3.597386455875562494e-01
0.000000000000000000e+00
3.948416329654841905e-01
0.000000000000000000e+00
4.573566496620550259e-01
0.000000000000000000e+00
5.110448091317668640e-01
0.000000000000000000e+00
5.636923882014071019e-01
0.000000000000000000e+00
6.019789572026634783e-01
0.000000000000000000e+00
6.476671574816154076e-01
0.000000000000000000e+00
6.873619112036135625e-01
0.000000000000000000e+00
7.308703991163894020e-01
0.000000000000000000e+00
7.578527687560018267e-01
0.000000000000000000e+00
1.170012948230280347e+00
1.072952601761069380e-01
1.170012948230280347e+00
-1.072952601761069380e-01
1.195767079839176850e+00
0.000000000000000000e+00
7.859724021070859656e-01
0.000000000000000000e+00
1.184424215155263971e+00
0.000000000000000000e+00
1.179917976453340955e+00
2.968331297855459489e-02
1.179917976453340955e+00
-2.968331297855459489e-02
1.172748248578430630e+00
3.757943143832011973e-02
1.172748248578430630e+00
-3.757943143832011973e-02
8.067618457418669342e-01
0.000000000000000000e+00
1.170387532572703115e+00
2.337742344589311544e-02
1.170387532572703115e+00
-2.337742344589311544e-02
1.146155708224946945e+00
9.278098757600274082e-02
1.146155708224946945e+00
-9.278098757600274082e-02
1.160271581295964971e+00
4.719973236771497771e-02
1.160271581295964971e+00
-4.719973236771497771e-02
1.136381007611010130e+00
9.724661314641007415e-02
1.136381007611010130e+00
-9.724661314641007415e-02
8.395161941321331867e-01
8.789676946690308523e-02
8.395161941321331867e-01
-8.789676946690308523e-02
8.296405716443179257e-01
6.963830106932794584e-02
8.296405716443179257e-01
-6.963830106932794584e-02
1.102892516907325149e+00
1.267201161245433694e-01
1.102892516907325149e+00
-1.267201161245433694e-01
1.106644417147364168e+00
1.227182957351730802e-01
1.106644417147364168e+00
-1.227182957351730802e-01
1.157694222901650694e+00
1.482963598910177691e-02
1.157694222901650694e+00
-1.482963598910177691e-02
1.134359396110267593e+00
8.908842713545450653e-02
1.134359396110267593e+00
-8.908842713545450653e-02
8.188662007862688164e-01
0.000000000000000000e+00
1.013431525442692216e+00
1.690453842355514880e-01
1.013431525442692216e+00
-1.690453842355514880e-01
9.737763684830942346e-01
1.672389636982191674e-01
9.737763684830942346e-01
-1.672389636982191674e-01
9.464705026484916406e-01
1.613142866591106839e-01
9.464705026484916406e-01
-1.613142866591106839e-01
1.104229215986775925e+00
1.157771862797739443e-01
1.104229215986775925e+00
-1.157771862797739443e-01
1.143710358096801993e+00
5.450254683890784491e-02
1.143710358096801993e+00
-5.450254683890784491e-02
1.124934465596541200e+00
8.965923896128738524e-02
1.124934465596541200e+00
-8.965923896128738524e-02
1.148472349244745283e+00
0.000000000000000000e+00
1.139233504832869892e+00
5.019041572486186015e-02
1.139233504832869892e+00
-5.019041572486186015e-02
1.141663834719589099e+00
3.656899984048738589e-02
1.141663834719589099e+00
-3.656899984048738589e-02
1.141994300479102886e+00
0.000000000000000000e+00
1.071545408585428127e+00
1.349674888046178134e-01
1.071545408585428127e+00
-1.349674888046178134e-01
1.140523123480808865e+00
0.000000000000000000e+00
9.243813812185401879e-01
1.438603749813312793e-01
9.243813812185401879e-01
-1.438603749813312793e-01
1.022436878085773326e+00
1.543566582547974964e-01
1.022436878085773326e+00
-1.543566582547974964e-01
9.985547879834296703e-01
1.572655382145835834e-01
9.985547879834296703e-01
-1.572655382145835834e-01
1.094068927165764205e+00
1.078508491754305576e-01
1.094068927165764205e+00
-1.078508491754305576e-01
1.002560616264548621e+00
1.549647043647552347e-01
1.002560616264548621e+00
-1.549647043647552347e-01
9.480462733836554357e-01
1.483123628185440412e-01
9.480462733836554357e-01
-1.483123628185440412e-01
8.413495264630062032e-01
6.679895730923125774e-02
8.413495264630062032e-01
-6.679895730923125774e-02
1.003818500969745120e+00
1.506995649428940209e-01
1.003818500969745120e+00
-1.506995649428940209e-01
8.383800344036769214e-01
4.909568785190675244e-02
8.383800344036769214e-01
-4.909568785190675244e-02
8.913230690615897567e-01
1.154053962576214176e-01
8.913230690615897567e-01
-1.154053962576214176e-01
8.335670079493737727e-01
4.753410433809095864e-03
8.335670079493737727e-01
-4.753410433809095864e-03
8.373189395652541611e-01
0.000000000000000000e+00
8.770158894447974696e-01
1.022822406006013013e-01
8.770158894447974696e-01
-1.022822406006013013e-01
9.109489919951421211e-01
1.239686027482001379e-01
9.109489919951421211e-01
-1.239686027482001379e-01
8.492431369896964455e-01
6.368075073071105541e-02
8.492431369896964455e-01
-6.368075073071105541e-02
8.625585229452847891e-01
8.364031294832546815e-02
8.625585229452847891e-01
-8.364031294832546815e-02
1.079171191182547673e+00
1.150506693303184752e-01
1.079171191182547673e+00
-1.150506693303184752e-01
1.036589189001980937e+00
1.377593398768064137e-01
1.036589189001980937e+00
-1.377593398768064137e-01
1.113299297222205331e+00
7.373806260040970117e-02
1.113299297222205331e+00
-7.373806260040970117e-02
1.116289187430683727e+00
6.532402897644301598e-02
1.116289187430683727e+00
-6.532402897644301598e-02
8.412957611793115964e-01
2.865798431218866474e-02
8.412957611793115964e-01
-2.865798431218866474e-02
8.437232621094714613e-01
2.733350015922663204e-02
8.437232621094714613e-01
-2.733350015922663204e-02
8.771997639690684023e-01
9.073463561898867380e-02
8.771997639690684023e-01
-9.073463561898867380e-02
1.105565620761173928e+00
7.466570184866476445e-02
1.105565620761173928e+00
-7.466570184866476445e-02
9.574929914167047418e-01
1.383662230631723666e-01
9.574929914167047418e-01
-1.383662230631723666e-01
1.121473512535761108e+00
3.149093439211452655e-02
1.121473512535761108e+00
-3.149093439211452655e-02
1.116101311400213625e+00
4.994902532629662967e-02
1.116101311400213625e+00
-4.994902532629662967e-02
9.429091539035744374e-01
1.318826974569402288e-01
9.429091539035744374e-01
-1.318826974569402288e-01
1.030949151302073874e+00
1.338404365636080562e-01
1.030949151302073874e+00
-1.338404365636080562e-01
1.054629447885607085e+00
1.199605998776893251e-01
1.054629447885607085e+00
-1.199605998776893251e-01
1.033446953130330304e+00
1.313790354116545767e-01
1.033446953130330304e+00
-1.313790354116545767e-01
9.704626936585806218e-01
1.374731729357761001e-01
9.704626936585806218e-01
-1.374731729357761001e-01
8.569009415264230434e-01
5.145521087327380172e-02
8.569009415264230434e-01
-5.145521087327380172e-02
1.121720428680986981e+00
0.000000000000000000e+00
9.226653279446928035e-01
1.159970969201766233e-01
9.226653279446928035e-01
-1.159970969201766233e-01
1.065345297916984846e+00
1.067826931971202487e-01
1.065345297916984846e+00
-1.067826931971202487e-01
1.071189250800361759e+00
1.019806212443396670e-01
1.071189250800361759e+00
-1.019806212443396670e-01
8.519920017855411309e-01
2.176399013708977398e-02
8.519920017855411309e-01
-2.176399013708977398e-02
1.003143253523893108e+00
1.332956386992444897e-01
1.003143253523893108e+00
-1.332956386992444897e-01
1.038821397601674912e+00
1.210453037923867325e-01
1.038821397601674912e+00
-1.210453037923867325e-01
1.015979004639289140e+00
1.278350077035231569e-01
1.015979004639289140e+00
-1.278350077035231569e-01
8.522357211440114710e-01
0.000000000000000000e+00
9.713961475107476540e-01
1.303567717297821338e-01
9.713961475107476540e-01
-1.303567717297821338e-01
8.713499202857566406e-01
6.627710448054049963e-02
8.713499202857566406e-01
-6.627710448054049963e-02
1.115504032287036651e+00
1.180825277808473552e-02
1.115504032287036651e+00
-1.180825277808473552e-02
9.598437277676046264e-01
1.237823982469078016e-01
9.598437277676046264e-01
-1.237823982469078016e-01
1.002905397906220575e+00
1.257175539537832287e-01
1.002905397906220575e+00
-1.257175539537832287e-01
1.102107804800723789e+00
5.550622477418115652e-02
1.102107804800723789e+00
-5.550622477418115652e-02
8.676093435527756359e-01
4.431398047746915730e-02
8.676093435527756359e-01
-4.431398047746915730e-02
1.062585194324664917e+00
9.798516177736019128e-02
1.062585194324664917e+00
-9.798516177736019128e-02
9.200862454508775823e-01
1.032524678715391470e-01
9.200862454508775823e-01
-1.032524678715391470e-01
8.960432016469597194e-01
8.372404179105315258e-02
8.960432016469597194e-01
-8.372404179105315258e-02
8.641010099949377743e-01
2.182268345665808879e-02
8.641010099949377743e-01
-2.182268345665808879e-02
1.091649208425009121e+00
6.380755276930868969e-02
1.091649208425009121e+00
-6.380755276930868969e-02
8.708233150099569109e-01
0.000000000000000000e+00
9.208185865880640364e-01
9.501198124227965003e-02
9.208185865880640364e-01
-9.501198124227965003e-02
9.436366453415410138e-01
1.063057784075887718e-01
9.436366453415410138e-01
-1.063057784075887718e-01
9.941107164290445830e-01
1.139117037717927022e-01
9.941107164290445830e-01
-1.139117037717927022e-01
8.917371636654660705e-01
6.486461923234304594e-02
8.917371636654660705e-01
-6.486461923234304594e-02
9.155851260465222019e-01
8.514096019022658612e-02
9.155851260465222019e-01
-8.514096019022658612e-02
8.759446712969767290e-01
2.083040211013036103e-02
8.759446712969767290e-01
-2.083040211013036103e-02
8.978620957723478790e-01
6.473367480083234982e-02
8.978620957723478790e-01
-6.473367480083234982e-02
8.778572092993877085e-01
3.420533484636326636e-03
8.778572092993877085e-01
-3.420533484636326636e-03
1.011746628976090800e+00
1.064280790394260129e-01
1.011746628976090800e+00
-1.064280790394260129e-01
9.748545965574038075e-01
1.058434874292810413e-01
9.748545965574038075e-01
-1.058434874292810413e-01
8.869310209582901283e-01
2.964451351712484375e-02
8.869310209582901283e-01
-2.964451351712484375e-02
8.849544373241251538e-01
2.113107534232868887e-02
8.849544373241251538e-01
-2.113107534232868887e-02
8.932009877337464543e-01
4.237106971034663994e-02
8.932009877337464543e-01
-4.237106971034663994e-02
9.075276522021222814e-01
6.563406061749502141e-02
9.075276522021222814e-01
-6.563406061749502141e-02
1.103121211241102850e+00
0.000000000000000000e+00
1.046800897560366872e+00
9.420117354246151931e-02
1.046800897560366872e+00
-9.420117354246151931e-02
1.100433493507596339e+00
2.459144923906054353e-02
1.100433493507596339e+00
-2.459144923906054353e-02
1.090819390215476137e+00
5.331395327228710679e-02
1.090819390215476137e+00
-5.331395327228710679e-02
1.053353801493012387e+00
8.753489450109047665e-02
1.053353801493012387e+00
-8.753489450109047665e-02
1.034183014060423123e+00
9.585088090779195213e-02
1.034183014060423123e+00
-9.585088090779195213e-02
9.093127726538132727e-01
5.962788259132760504e-02
9.093127726538132727e-01
-5.962788259132760504e-02
9.192194715038803920e-01
6.915688535980189788e-02
9.192194715038803920e-01
-6.915688535980189788e-02
1.087722965818375798e+00
4.767744784858764934e-02
1.087722965818375798e+00
-4.767744784858764934e-02
1.076695709294934744e+00
6.167734884405771945e-02
1.076695709294934744e+00
-6.167734884405771945e-02
1.091003529442540643e+00
0.000000000000000000e+00
9.561640554602615083e-01
9.056936893399765431e-02
9.561640554602615083e-01
-9.056936893399765431e-02
1.040744463993333646e+00
8.143417274357178659e-02
1.040744463993333646e+00
-8.143417274357178659e-02
1.087998998690098196e+00
0.000000000000000000e+00
1.080900859148018256e+00
3.831894785666170589e-02
1.080900859148018256e+00
-3.831894785666170589e-02
1.065641021236935382e+00
6.039688827952747335e-02
1.065641021236935382e+00
-6.039688827952747335e-02
1.076185916833162004e+00
4.173972026510973377e-02
1.076185916833162004e+00
-4.173972026510973377e-02
1.083904224481998302e+00
1.507058921894634078e-02
1.083904224481998302e+00
-1.507058921894634078e-02
1.004522595804833607e+00
9.084427310681651713e-02
1.004522595804833607e+00
-9.084427310681651713e-02
9.886399863662268528e-01
9.012160635195985703e-02
9.886399863662268528e-01
-9.012160635195985703e-02
9.637797490449360183e-01
8.487139629956748366e-02
9.637797490449360183e-01
-8.487139629956748366e-02
9.256758291772259062e-01
5.997026447285457723e-02
9.256758291772259062e-01
-5.997026447285457723e-02
9.033860835438815018e-01
1.702105135473363368e-02
9.033860835438815018e-01
-1.702105135473363368e-02
9.044567901375225594e-01
0.000000000000000000e+00
1.038210155020594438e+00
7.490780036893128491e-02
1.038210155020594438e+00
-7.490780036893128491e-02
1.048569412757268671e+00
6.384827668814142820e-02
1.048569412757268671e+00
-6.384827668814142820e-02
9.798666578921013670e-01
8.263586967972191832e-02
9.798666578921013670e-01
-8.263586967972191832e-02
1.061892315012517019e+00
4.605334358932415550e-02
1.061892315012517019e+00
-4.605334358932415550e-02
1.073824788159169819e+00
0.000000000000000000e+00
1.027392479130404546e+00
6.992003993010152685e-02
1.027392479130404546e+00
-6.992003993010152685e-02
9.739340176589996734e-01
7.776953878336242965e-02
9.739340176589996734e-01
-7.776953878336242965e-02
1.067918226151566730e+00
0.000000000000000000e+00
1.061840214056664289e+00
2.968322992917369826e-02
1.061840214056664289e+00
-2.968322992917369826e-02
9.855344807088490811e-01
7.521505017303757590e-02
9.855344807088490811e-01
-7.521505017303757590e-02
1.064974589965663077e+00
0.000000000000000000e+00
1.042199869789725675e+00
5.248567336062207739e-02
1.042199869789725675e+00
-5.248567336062207739e-02
9.205070227463441057e-01
2.830560690582087022e-02
9.205070227463441057e-01
-2.830560690582087022e-02
9.173612927816235940e-01
0.000000000000000000e+00
9.316081853343516350e-01
3.994688090823235449e-02
9.316081853343516350e-01
-3.994688090823235449e-02
9.351440501416641293e-01
4.313652570200279118e-02
9.351440501416641293e-01
-4.313652570200279118e-02
9.207857445061596868e-01
0.000000000000000000e+00
9.240089678074108193e-01
1.413649144765903587e-02
9.240089678074108193e-01
-1.413649144765903587e-02
1.007997386779261539e+00
6.388007951768828740e-02
1.007997386779261539e+00
-6.388007951768828740e-02
9.446248422002594403e-01
4.515028838539650313e-02
9.446248422002594403e-01
-4.515028838539650313e-02
9.574370494691684108e-01
5.368127594500475552e-02
9.574370494691684108e-01
-5.368127594500475552e-02
9.737793641058221095e-01
5.836567461147006836e-02
9.737793641058221095e-01
-5.836567461147006836e-02
9.543590125462098062e-01
4.528144044128413342e-02
9.543590125462098062e-01
-4.528144044128413342e-02
9.638394924785672613e-01
5.191477658382618460e-02
9.638394924785672613e-01
-5.191477658382618460e-02
9.839696548442802282e-01
5.811033289668558061e-02
9.839696548442802282e-01
-5.811033289668558061e-02
1.029295405952296960e+00
5.000352810386984870e-02
1.029295405952296960e+00
-5.000352810386984870e-02
1.022388291110003067e+00
5.297337117659088601e-02
1.022388291110003067e+00
-5.297337117659088601e-02
9.479465335642730528e-01
2.871813626945161554e-02
9.479465335642730528e-01
-2.871813626945161554e-02
9.421216460162873396e-01
1.171044147192392380e-02
9.421216460162873396e-01
-1.171044147192392380e-02
9.435052327890933732e-01
0.000000000000000000e+00
1.057173069380850539e+00
0.000000000000000000e+00
9.737181335075169031e-01
4.133159900450527474e-02
9.737181335075169031e-01
-4.133159900450527474e-02
1.051827370799327976e+00
6.408143579606040939e-03
1.051827370799327976e+00
-6.408143579606040939e-03
1.050207016821096628e+00
0.000000000000000000e+00
1.045775704035037945e+00
0.000000000000000000e+00
1.022099257095271163e+00
3.539331070262378975e-02
1.022099257095271163e+00
-3.539331070262378975e-02
1.034990137566328183e+00
1.957806437089637530e-02
1.034990137566328183e+00
-1.957806437089637530e-02
9.874921977063984002e-01
4.015754399105211231e-02
9.874921977063984002e-01
-4.015754399105211231e-02
9.621974104455620624e-01
1.246535301852325778e-02
9.621974104455620624e-01
-1.246535301852325778e-02
9.606263730020419001e-01
3.625211399321609344e-03
9.606263730020419001e-01
-3.625211399321609344e-03
9.659284103935076304e-01
0.000000000000000000e+00
1.006242424801546909e+00
3.567969779698106775e-02
1.006242424801546909e+00
-3.567969779698106775e-02
9.925276810250567294e-01
3.105436077635197883e-02
9.925276810250567294e-01
-3.105436077635197883e-02
9.692819953486411233e-01
0.000000000000000000e+00
9.766799550137280628e-01
0.000000000000000000e+00
1.013392915303950481e+00
2.892220722636501540e-02
1.013392915303950481e+00
-2.892220722636501540e-02
1.029226882469177262e+00
0.000000000000000000e+00
1.025724396109462200e+00
7.821145716521026373e-03
1.025724396109462200e+00
-7.821145716521026373e-03
9.960618145632665899e-01
0.000000000000000000e+00
1.009277317865076018e+00
1.372363443836534247e-02
1.009277317865076018e+00
-1.372363443836534247e-02
1.009907363504368494e+00
1.815807857887200309e-03
1.009907363504368494e+00
-1.815807857887200309e-03
1.001322721076090660e+00
2.227783102162499054e-03
1.001322721076090660e+00
-2.227783102162499054e-03
1.000028812376252629e+00
0.000000000000000000e+00
