1.067614784258638649e-03
0.000000000000000000e+00
8.394051143292066697e-02
0.000000000000000000e+00
3.752817251894673412e-01
0.000000000000000000e+00
5.988928713389696235e-01
0.000000000000000000e+00
7.684078563757568148e-01
0.000000000000000000e+00
8.763672139776137460e-01
0.000000000000000000e+00
9.386529097733965488e-01
0.000000000000000000e+00
9.707443576654563033e-01
0.000000000000000000e+00
9.872535280720629025e-01
0.000000000000000000e+00
1.006753634238020334e+00
0.000000000000000000e+00
9.935720624598454176e-01
0.000000000000000000e+00
1.004649246555898712e+00
0.000000000000000000e+00
1.003008313997431511e+00
2.530917136422855367e-03
1.003008313997431511e+00
-2.530917136422855367e-03
9.954538075328422941e-01
0.000000000000000000e+00
9.955065266330993534e-01
0.000000000000000000e+00
1.000249772943949900e+00
3.782720495892539104e-03
1.000249772943949900e+00
-3.782720495892539104e-03
9.976276110198096791e-01
3.276439198763284825e-03
9.976276110198096791e-01
-3.276439198763284825e-03
1.003112525265624777e+00
0.000000000000000000e+00
9.964123039353423028e-01
0.000000000000000000e+00
9.977164207411357566e-01
9.209965082017884750e-04
9.977164207411357566e-01
-9.209965082017884750e-04
1.000089797835005179e+00
2.001942720508573421e-03
1.000089797835005179e+00
-2.001942720508573421e-03
1.000444739781165548e+00
0.000000000000000000e+00
1.001089648127011511e+00
3.881655371085320698e-04
1.001089648127011511e+00
-3.881655371085320698e-04
1.000160216772751021e+00
5.855423082847130639e-04
1.000160216772751021e+00
-5.855423082847130639e-04
9.989793056890984291e-01
0.000000000000000000e+00
9.999936222558488685e-01
0.000000000000000000e+00
9.994179378980915240e-01
0.000000000000000000e+00
