1.000949253775894505e-03
0.000000000000000000e+00
7.627481989230729641e-03
0.000000000000000000e+00
4.373852099931215681e-02
0.000000000000000000e+00
8.530693588211563094e-02
0.000000000000000000e+00
1.343355131136088343e-01
0.000000000000000000e+00
1.847288399361943778e-01
0.000000000000000000e+00
2.400808334985486681e-01
0.000000000000000000e+00
2.955311074934067195e-01
0.000000000000000000e+00
3.542157967997006662e-01
0.000000000000000000e+00
4.098220403125396039e-01
0.000000000000000000e+00
4.620034081946621241e-01
0.000000000000000000e+00
5.147510933504062525e-01
0.000000000000000000e+00
5.624979980992661499e-01
0.000000000000000000e+00
6.103381712027278194e-01
0.000000000000000000e+00
6.546412375733969835e-01
0.000000000000000000e+00
6.955572957946648538e-01
0.000000000000000000e+00
7.339875186784583505e-01
0.000000000000000000e+00
7.688128876167339421e-01
0.000000000000000000e+00
8.010076986449982117e-01
0.000000000000000000e+00
8.289865747083335901e-01
0.000000000000000000e+00
8.545084288533655315e-01
0.000000000000000000e+00
8.775156004930281251e-01
0.000000000000000000e+00
8.984522367310956437e-01
0.000000000000000000e+00
9.168749000811338146e-01
0.000000000000000000e+00
9.301725408980493492e-01
0.000000000000000000e+00
9.420177633365377501e-01
0.000000000000000000e+00
9.535746032938584582e-01
0.000000000000000000e+00
9.625232985057579072e-01
0.000000000000000000e+00
9.697340425775130557e-01
0.000000000000000000e+00
9.789729917503935397e-01
1.830379403313080015e-03
9.789729917503935397e-01
-1.830379403313080015e-03
9.816305949415502496e-01
8.739094068386479841e-03
9.816305949415502496e-01
-8.739094068386479841e-03
1.019819902364256237e+00
0.000000000000000000e+00
9.808072361049152699e-01
0.000000000000000000e+00
1.018432727069686017e+00
0.000000000000000000e+00
1.018470174656857852e+00
4.995938499652430439e-04
1.018470174656857852e+00
-4.995938499652430439e-04
9.838785379245409413e-01
9.177313586466008880e-03
9.838785379245409413e-01
-9.177313586466008880e-03
9.857684852733870073e-01
1.112114154145765754e-02
9.857684852733870073e-01
-1.112114154145765754e-02
9.821979124628837932e-01
0.000000000000000000e+00
9.820933826444206982e-01
1.453859239176003926e-03
9.820933826444206982e-01
-1.453859239176003926e-03
9.885814502213819965e-01
1.317623985357110894e-02
9.885814502213819965e-01
-1.317623985357110894e-02
9.835750032672341270e-01
6.325723104952814778e-03
9.835750032672341270e-01
-6.325723104952814778e-03
9.910288875677220055e-01
1.454026152252393435e-02
9.910288875677220055e-01
-1.454026152252393435e-02
9.858393304314627681e-01
9.541225280810861076e-03
9.858393304314627681e-01
-9.541225280810861076e-03
9.832255587782610107e-01
3.644330493454594339e-03
9.832255587782610107e-01
-3.644330493454594339e-03
9.831975592596158275e-01
2.919907118313411817e-03
9.831975592596158275e-01
-2.919907118313411817e-03
9.930144795136510716e-01
1.542057226099706121e-02
9.930144795136510716e-01
-1.542057226099706121e-02
9.839790874543672405e-01
4.871180010077715700e-03
9.839790874543672405e-01
-4.871180010077715700e-03
1.016520669984775527e+00
4.206783315725061943e-03
1.016520669984775527e+00
-4.206783315725061943e-03
9.903702626851960122e-01
1.301067703138691391e-02
9.903702626851960122e-01
-1.301067703138691391e-02
9.894980616077977409e-01
1.222116991143827776e-02
9.894980616077977409e-01
-1.222116991143827776e-02
9.861798091244986519e-01
8.289247443583837652e-03
9.861798091244986519e-01
-8.289247443583837652e-03
9.838598320070948144e-01
8.356849003679053985e-04
9.838598320070948144e-01
-8.356849003679053985e-04
1.004321580759836241e+00
1.585595446131758679e-02
1.004321580759836241e+00
-1.585595446131758679e-02
1.016139780177383045e+00
4.171114812423761149e-03
1.016139780177383045e+00
-4.171114812423761149e-03
9.969234681910434936e-01
1.582410485420472981e-02
9.969234681910434936e-01
-1.582410485420472981e-02
1.008686291647455491e+00
1.402769352142779584e-02
1.008686291647455491e+00
-1.402769352142779584e-02
9.959960645374288379e-01
1.543154707277697227e-02
9.959960645374288379e-01
-1.543154707277697227e-02
1.004854560743322800e+00
1.519297837680969564e-02
1.004854560743322800e+00
-1.519297837680969564e-02
9.890220863101106819e-01
1.030303905927000031e-02
9.890220863101106819e-01
-1.030303905927000031e-02
1.015463824689207817e+00
2.882648216856149598e-03
1.015463824689207817e+00
-2.882648216856149598e-03
1.015662995597333085e+00
0.000000000000000000e+00
1.002201959364616535e+00
1.519881867834091578e-02
1.002201959364616535e+00
-1.519881867834091578e-02
1.007213552333106499e+00
1.361645996509103923e-02
1.007213552333106499e+00
-1.361645996509103923e-02
1.012071646688398108e+00
9.792743690475721324e-03
1.012071646688398108e+00
-9.792743690475721324e-03
1.015317132330932903e+00
3.562910900924057115e-04
1.015317132330932903e+00
-3.562910900924057115e-04
9.953389852730871734e-01
1.427038906938258439e-02
9.953389852730871734e-01
-1.427038906938258439e-02
1.010908545902722722e+00
1.066965874068684372e-02
1.010908545902722722e+00
-1.066965874068684372e-02
1.006273495259329964e+00
1.354812754632768283e-02
1.006273495259329964e+00
-1.354812754632768283e-02
1.013081005627779696e+00
7.623021054396049954e-03
1.013081005627779696e+00
-7.623021054396049954e-03
1.013249254630355090e+00
7.097831160102421530e-03
1.013249254630355090e+00
-7.097831160102421530e-03
9.946505665738083479e-01
1.359488140374994630e-02
9.946505665738083479e-01
-1.359488140374994630e-02
9.935852082663938489e-01
1.302691296363717340e-02
9.935852082663938489e-01
-1.302691296363717340e-02
9.999602742797031318e-01
1.441849099913244600e-02
9.999602742797031318e-01
-1.441849099913244600e-02
9.877453803484386174e-01
7.720943995821618819e-03
9.877453803484386174e-01
-7.720943995821618819e-03
1.012679872957142457e+00
6.896710622438701616e-03
1.012679872957142457e+00
-6.896710622438701616e-03
1.009047839203227381e+00
1.093773394467127506e-02
1.009047839203227381e+00
-1.093773394467127506e-02
1.010617353077380987e+00
9.494213755212284681e-03
1.010617353077380987e+00
-9.494213755212284681e-03
1.008277510360654716e+00
1.114118152195810174e-02
1.008277510360654716e+00
-1.114118152195810174e-02
9.942464267418023027e-01
1.254968331149275418e-02
9.942464267418023027e-01
-1.254968331149275418e-02
9.861626622319306090e-01
3.138447681511434464e-03
9.861626622319306090e-01
-3.138447681511434464e-03
1.012343745705475362e+00
6.044944731451228591e-03
1.012343745705475362e+00
-6.044944731451228591e-03
9.890143844606935630e-01
7.919408760268323300e-03
9.890143844606935630e-01
-7.919408760268323300e-03
9.864605222715825406e-01
2.773420928154250037e-03
9.864605222715825406e-01
-2.773420928154250037e-03
1.003799742475260048e+00
1.284285908988887573e-02
1.003799742475260048e+00
-1.284285908988887573e-02
9.869248338097595941e-01
0.000000000000000000e+00
9.978051720761725862e-01
1.313110722953650909e-02
9.978051720761725862e-01
-1.313110722953650909e-02
9.888124768038140111e-01
6.781957002104791084e-03
9.888124768038140111e-01
-6.781957002104791084e-03
9.874844782029907897e-01
3.830908010685263061e-03
9.874844782029907897e-01
-3.830908010685263061e-03
9.887600578543338514e-01
6.124007719432148292e-03
9.887600578543338514e-01
-6.124007719432148292e-03
9.881913466733107665e-01
4.677189946504212680e-03
9.881913466733107665e-01
-4.677189946504212680e-03
9.987563613485022085e-01
1.275477892111235440e-02
9.987563613485022085e-01
-1.275477892111235440e-02
1.013211067215004313e+00
1.419351969059466038e-03
1.013211067215004313e+00
-1.419351969059466038e-03
1.008544846508469206e+00
9.792602020071762906e-03
1.008544846508469206e+00
-9.792602020071762906e-03
1.003514517226828939e+00
1.224770385850249867e-02
1.003514517226828939e+00
-1.224770385850249867e-02
1.001865369752572121e+00
1.248410408882146341e-02
1.001865369752572121e+00
-1.248410408882146341e-02
1.010020222453646088e+00
7.977158548677780112e-03
1.010020222453646088e+00
-7.977158548677780112e-03
1.011730147316904027e+00
5.068959265192502124e-03
1.011730147316904027e+00
-5.068959265192502124e-03
1.008491854539087740e+00
9.177867820498113172e-03
1.008491854539087740e+00
-9.177867820498113172e-03
1.012246937608816566e+00
3.146994797679833825e-03
1.012246937608816566e+00
-3.146994797679833825e-03
9.965449876961320896e-01
1.187420673210674328e-02
9.965449876961320896e-01
-1.187420673210674328e-02
1.004603181276613855e+00
1.117587973461199244e-02
1.004603181276613855e+00
-1.117587973461199244e-02
1.005575962929203815e+00
1.052912540181894820e-02
1.005575962929203815e+00
-1.052912540181894820e-02
1.010591695704297077e+00
5.871518307353060587e-03
1.010591695704297077e+00
-5.871518307353060587e-03
9.922792693917203977e-01
9.151609797411475178e-03
9.922792693917203977e-01
-9.151609797411475178e-03
9.880433704986554266e-01
1.654549670066678526e-03
9.880433704986554266e-01
-1.654549670066678526e-03
9.882414633104443791e-01
2.121601304857252158e-03
9.882414633104443791e-01
-2.121601304857252158e-03
9.946071779767624577e-01
1.042134671615306193e-02
9.946071779767624577e-01
-1.042134671615306193e-02
9.886387257927359284e-01
0.000000000000000000e+00
9.941184866648267171e-01
9.734350065951639236e-03
9.941184866648267171e-01
-9.734350065951639236e-03
9.930194190776215901e-01
8.862809516517598796e-03
9.930194190776215901e-01
-8.862809516517598796e-03
1.000994564853725066e+00
1.124822850439548445e-02
1.000994564853725066e+00
-1.124822850439548445e-02
9.971832705163855559e-01
1.077659731465918647e-02
9.971832705163855559e-01
-1.077659731465918647e-02
9.976402543555606961e-01
1.084699499423356743e-02
9.976402543555606961e-01
-1.084699499423356743e-02
9.888391279392484412e-01
0.000000000000000000e+00
9.893988751148582450e-01
2.242639281842036952e-03
9.893988751148582450e-01
-2.242639281842036952e-03
9.905211717285504758e-01
4.603362123314412233e-03
9.905211717285504758e-01
-4.603362123314412233e-03
9.921369093606524636e-01
6.787503639526760828e-03
9.921369093606524636e-01
-6.787503639526760828e-03
9.900689229824555238e-01
2.731657841254811654e-03
9.900689229824555238e-01
-2.731657841254811654e-03
9.897324902928744672e-01
0.000000000000000000e+00
9.940662613385973234e-01
8.482843254192365401e-03
9.940662613385973234e-01
-8.482843254192365401e-03
1.005264639573864471e+00
9.529394714679685283e-03
1.005264639573864471e+00
-9.529394714679685283e-03
1.009768496161339790e+00
5.688507173885336450e-03
1.009768496161339790e+00
-5.688507173885336450e-03
9.996482761206773038e-01
1.019569240179209191e-02
9.996482761206773038e-01
-1.019569240179209191e-02
9.930388419109269504e-01
6.319590513125411882e-03
9.930388419109269504e-01
-6.319590513125411882e-03
9.952675944733970770e-01
8.286596763849692071e-03
9.952675944733970770e-01
-8.286596763849692071e-03
9.908852096606790560e-01
1.248016340649475003e-03
9.908852096606790560e-01
-1.248016340649475003e-03
1.011456021213423151e+00
1.242506691715357511e-03
1.011456021213423151e+00
-1.242506691715357511e-03
1.003346573236126416e+00
9.849460602193179856e-03
1.003346573236126416e+00
-9.849460602193179856e-03
1.002713618487677261e+00
9.799320334492763601e-03
1.002713618487677261e+00
-9.799320334492763601e-03
1.006398539955688953e+00
8.071352400049970968e-03
1.006398539955688953e+00
-8.071352400049970968e-03
1.011249912182825783e+00
3.291023389934649257e-04
1.011249912182825783e+00
-3.291023389934649257e-04
9.915449640692741706e-01
0.000000000000000000e+00
1.010283672675883038e+00
3.303870580865883588e-03
1.010283672675883038e+00
-3.303870580865883588e-03
9.992580929375671772e-01
9.158002272789298251e-03
9.992580929375671772e-01
-9.158002272789298251e-03
9.985421410789812047e-01
8.735904140697038286e-03
9.985421410789812047e-01
-8.735904140697038286e-03
9.943062516087617375e-01
6.000699382793008192e-03
9.943062516087617375e-01
-6.000699382793008192e-03
1.009099711587587933e+00
4.475962700570501780e-03
1.009099711587587933e+00
-4.475962700570501780e-03
1.010474298697783491e+00
0.000000000000000000e+00
1.003959236518975340e+00
8.347306103543840686e-03
1.003959236518975340e+00
-8.347306103543840686e-03
1.009985780371362551e+00
4.615222291331273654e-04
1.009985780371362551e+00
-4.615222291331273654e-04
9.975048360756927357e-01
7.497813056471677035e-03
9.975048360756927357e-01
-7.497813056471677035e-03
9.929859272311187812e-01
1.973582883043431980e-03
9.929859272311187812e-01
-1.973582883043431980e-03
9.928673056126103846e-01
1.392502684491399214e-03
9.928673056126103846e-01
-1.392502684491399214e-03
1.001296317869400543e+00
8.199844398323191674e-03
1.001296317869400543e+00
-8.199844398323191674e-03
1.002311833289854182e+00
8.050609876476598134e-03
1.002311833289854182e+00
-8.050609876476598134e-03
1.007996429036824848e+00
4.393431343325185714e-03
1.007996429036824848e+00
-4.393431343325185714e-03
1.004097738920490590e+00
7.225766924387557605e-03
1.004097738920490590e+00
-7.225766924387557605e-03
9.979655589902924895e-01
7.085228489621565352e-03
9.979655589902924895e-01
-7.085228489621565352e-03
1.000862980738449259e+00
7.668332264686784569e-03
1.000862980738449259e+00
-7.668332264686784569e-03
1.002218949666174863e+00
7.525958488609100355e-03
1.002218949666174863e+00
-7.525958488609100355e-03
1.006435687978127103e+00
5.488143429597976131e-03
1.006435687978127103e+00
-5.488143429597976131e-03
1.006903531483149816e+00
4.792109687590809936e-03
1.006903531483149816e+00
-4.792109687590809936e-03
1.008790018707573788e+00
1.476884749753489467e-03
1.008790018707573788e+00
-1.476884749753489467e-03
1.008735512861696604e+00
0.000000000000000000e+00
1.008383328573594584e+00
0.000000000000000000e+00
9.961962377610279473e-01
5.601679588674414803e-03
9.961962377610279473e-01
-5.601679588674414803e-03
1.006947567297345358e+00
3.790519665460134920e-03
1.006947567297345358e+00
-3.790519665460134920e-03
9.950294544483015979e-01
4.320958964557372953e-03
9.950294544483015979e-01
-4.320958964557372953e-03
1.001363700786487509e+00
6.759351182093289480e-03
1.001363700786487509e+00
-6.759351182093289480e-03
1.006918837764506414e+00
2.609602792576258459e-03
1.006918837764506414e+00
-2.609602792576258459e-03
1.007458783190762208e+00
5.259606001322324415e-04
1.007458783190762208e+00
-5.259606001322324415e-04
1.005687137852570245e+00
3.919669029901540203e-03
1.005687137852570245e+00
-3.919669029901540203e-03
1.006624101713587294e+00
1.364473005469002366e-03
1.006624101713587294e+00
-1.364473005469002366e-03
1.006615235593127045e+00
0.000000000000000000e+00
9.944804651418104324e-01
2.849906099040296938e-03
9.944804651418104324e-01
-2.849906099040296938e-03
9.983407762349556513e-01
5.702940459302187522e-03
9.983407762349556513e-01
-5.702940459302187522e-03
9.949579965096408962e-01
2.614925128616257116e-03
9.949579965096408962e-01
-2.614925128616257116e-03
9.947134271785506021e-01
0.000000000000000000e+00
9.950324983359906117e-01
0.000000000000000000e+00
9.988932001797578009e-01
5.655939879133096634e-03
9.988932001797578009e-01
-5.655939879133096634e-03
1.003723110305902555e+00
5.087588149758556777e-03
1.003723110305902555e+00
-5.087588149758556777e-03
1.002767490415990670e+00
5.277285754614009783e-03
1.002767490415990670e+00
-5.277285754614009783e-03
1.004634392075050453e+00
3.646323337321283244e-03
1.004634392075050453e+00
-3.646323337321283244e-03
9.959184101966749303e-01
3.111499300675515511e-03
9.959184101966749303e-01
-3.111499300675515511e-03
9.966822833860725650e-01
3.248563172050797105e-03
9.966822833860725650e-01
-3.248563172050797105e-03
1.004945113138462798e+00
2.256699585907140544e-03
1.004945113138462798e+00
-2.256699585907140544e-03
1.000900314975867955e+00
4.842689948284603467e-03
1.000900314975867955e+00
-4.842689948284603467e-03
1.002184327451496770e+00
4.537523388707190471e-03
1.002184327451496770e+00
-4.537523388707190471e-03
1.004668952918845504e+00
0.000000000000000000e+00
1.000246569586677570e+00
3.995519676841489433e-03
1.000246569586677570e+00
-3.995519676841489433e-03
9.980842045779680927e-01
3.441524456126926652e-03
9.980842045779680927e-01
-3.441524456126926652e-03
9.977338371096657887e-01
3.019864096445071255e-03
9.977338371096657887e-01
-3.019864096445071255e-03
9.960118452365700481e-01
9.088003431655864144e-04
9.960118452365700481e-01
-9.088003431655864144e-04
9.970568376283092116e-01
0.000000000000000000e+00
1.002940884766064578e+00
2.610541557015930419e-03
1.002940884766064578e+00
-2.610541557015930419e-03
1.003707853782684456e+00
8.275431820863027700e-04
1.003707853782684456e+00
-8.275431820863027700e-04
9.977150966701826551e-01
8.154908254210732751e-04
9.977150966701826551e-01
-8.154908254210732751e-04
9.991211308175107497e-01
0.000000000000000000e+00
1.000843770541030908e+00
2.176045190021340392e-03
1.000843770541030908e+00
-2.176045190021340392e-03
1.000065040181261855e+00
2.035657549833020438e-03
1.000065040181261855e+00
-2.035657549833020438e-03
1.002462455149359721e+00
0.000000000000000000e+00
1.001288032819075857e+00
1.623369571701077912e-03
1.001288032819075857e+00
-1.623369571701077912e-03
1.000210800382493881e+00
1.305112881007600189e-03
1.000210800382493881e+00
-1.305112881007600189e-03
1.001651939260455260e+00
4.646517040020305069e-04
1.001651939260455260e+00
-4.646517040020305069e-04
1.000912631553237286e+00
0.000000000000000000e+00
