1.000000000000000000e+00
0.000000000000000000e+00
-2.067499799325703269e-03
0.000000000000000000e+00
7.945524222612726506e-02
0.000000000000000000e+00
3.740618765535229651e-01
0.000000000000000000e+00
6.011479000954829122e-01
0.000000000000000000e+00
7.634568781073957089e-01
0.000000000000000000e+00
8.710431625685509660e-01
0.000000000000000000e+00
9.363958640433815983e-01
0.000000000000000000e+00
9.728262710120546553e-01
0.000000000000000000e+00
9.792269354491437428e-01
0.000000000000000000e+00
1.014711899797189343e+00
0.000000000000000000e+00
9.828706695968425500e-01
8.726119903737308142e-03
9.828706695968425500e-01
-8.726119903737308142e-03
9.853296844276142608e-01
0.000000000000000000e+00
9.999156339652489622e-01
1.489526548881418486e-02
9.999156339652489622e-01
-1.489526548881418486e-02
1.009036854138783745e+00
2.890704000072330071e-04
1.009036854138783745e+00
-2.890704000072330071e-04
1.003685193767338779e+00
1.012208467184331183e-02
1.003685193767338779e+00
-1.012208467184331183e-02
9.902411315066754760e-01
0.000000000000000000e+00
9.934789797658220012e-01
0.000000000000000000e+00
1.001445739681994684e+00
9.283935154200749496e-03
1.001445739681994684e+00
-9.283935154200749496e-03
1.000046057266029909e+00
7.624741254395849856e-03
1.000046057266029909e+00
-7.624741254395849856e-03
1.000099528562770290e+00
0.000000000000000000e+00
1.002084954342280509e+00
5.076471563686818511e-03
1.002084954342280509e+00
-5.076471563686818511e-03
9.998123401457114090e-01
4.764760111395221868e-03
9.998123401457114090e-01
-4.764760111395221868e-03
9.956050427540595882e-01
7.986729508004769247e-04
9.956050427540595882e-01
-7.986729508004769247e-04
1.002616722643092428e+00
0.000000000000000000e+00
