1.000000000000000000e+00
0.000000000000000000e+00
1.000000000000000000e+00
0.000000000000000000e+00
1.000000000000000000e+00
0.000000000000000000e+00
1.000000000000000000e+00
0.000000000000000000e+00
1.000000000000000000e+00
0.000000000000000000e+00
1.000000000000000000e+00
0.000000000000000000e+00
1.000000000000000000e+00
0.000000000000000000e+00
1.000000000000000000e+00
0.000000000000000000e+00
1.000000000000000000e+00
0.000000000000000000e+00
1.000000000000000000e+00
0.000000000000000000e+00
1.000000000000000000e+00
0.000000000000000000e+00
1.000000000000000000e+00
0.000000000000000000e+00
1.000000000000000000e+00
0.000000000000000000e+00
1.000000000000000000e+00
0.000000000000000000e+00
1.000000000000000000e+00
0.000000000000000000e+00
1.000000000000000000e+00
0.000000000000000000e+00
2.318294375528440199e-04
0.000000000000000000e+00
5.719902759420031346e-01
0.000000000000000000e+00
1.009573621687805733e+00
1.659081852066094862e-02
1.009573621687805733e+00
-1.659081852066094862e-02
1.018880199106799278e+00
1.287222692613309563e-03
1.018880199106799278e+00
-1.287222692613309563e-03
1.016957830823526310e+00
6.884033427035874016e-03
1.016957830823526310e+00
-6.884033427035874016e-03
1.011824306078785263e+00
1.379961204829642345e-02
1.011824306078785263e+00
-1.379961204829642345e-02
9.914748994046425068e-01
1.651142315395363533e-02
9.914748994046425068e-01
-1.651142315395363533e-02
9.829410589983629265e-01
6.781197118149351506e-03
9.829410589983629265e-01
-6.781197118149351506e-03
9.816817168587816944e-01
1.677333907073983886e-04
9.816817168587816944e-01
-1.677333907073983886e-04
9.819888132447331941e-01
2.350844131512811862e-03
9.819888132447331941e-01
-2.350844131512811862e-03
1.014843487561150948e+00
9.967798197417243947e-03
1.014843487561150948e+00
-9.967798197417243947e-03
1.004824468877375754e+00
1.718951987434877426e-02
1.004824468877375754e+00
-1.718951987434877426e-02
1.007022314845505306e+00
1.610027545436046661e-02
1.007022314845505306e+00
-1.610027545436046661e-02
9.827547340791553676e-01
2.607543783031218785e-03
9.827547340791553676e-01
-2.607543783031218785e-03
9.918187016671430323e-01
1.544669963734333906e-02
9.918187016671430323e-01
-1.544669963734333906e-02
9.875917405849329311e-01
1.228799526133552561e-02
9.875917405849329311e-01
-1.228799526133552561e-02
9.852620648523722213e-01
9.026831888048394287e-03
9.852620648523722213e-01
-9.026831888048394287e-03
9.869768666446551153e-01
1.114933300974720043e-02
9.869768666446551153e-01
-1.114933300974720043e-02
9.842583110084471842e-01
6.130358502032117948e-03
9.842583110084471842e-01
-6.130358502032117948e-03
1.016851195483103432e+00
3.394941554254041812e-03
1.016851195483103432e+00
-3.394941554254041812e-03
9.988704600962585722e-01
1.714524558140681498e-02
9.988704600962585722e-01
-1.714524558140681498e-02
1.002535251902846980e+00
1.672401687077035293e-02
1.002535251902846980e+00
-1.672401687077035293e-02
1.015735050265684114e+00
5.474921508317721897e-03
1.015735050265684114e+00
-5.474921508317721897e-03
9.965862396215878771e-01
1.630477415719446335e-02
9.965862396215878771e-01
-1.630477415719446335e-02
9.840126021671720125e-01
2.648079779410946605e-03
9.840126021671720125e-01
-2.648079779410946605e-03
9.869999478341031640e-01
9.739119202699644470e-03
9.869999478341031640e-01
-9.739119202699644470e-03
1.012732931752457377e+00
1.026566877123850571e-02
1.012732931752457377e+00
-1.026566877123850571e-02
9.939456737132201791e-01
1.492877777600519831e-02
9.939456737132201791e-01
-1.492877777600519831e-02
9.957009283678210920e-01
1.543697094100915032e-02
9.957009283678210920e-01
-1.543697094100915032e-02
9.901152790781639901e-01
1.251288407445049281e-02
9.901152790781639901e-01
-1.251288407445049281e-02
9.891392447301194935e-01
1.116216985895977613e-02
9.891392447301194935e-01
-1.116216985895977613e-02
9.910301528457317044e-01
1.273743553701608619e-02
9.910301528457317044e-01
-1.273743553701608619e-02
1.006714921028489140e+00
1.428643586990726612e-02
1.006714921028489140e+00
-1.428643586990726612e-02
1.014040074298923955e+00
7.134479468395187214e-03
1.014040074298923955e+00
-7.134479468395187214e-03
1.012963203337297724e+00
8.953663280441488334e-03
1.012963203337297724e+00
-8.953663280441488334e-03
1.011176799263017845e+00
1.102186887420968965e-02
1.011176799263017845e+00
-1.102186887420968965e-02
1.015303478884933774e+00
2.009673842776869140e-03
1.015303478884933774e+00
-2.009673842776869140e-03
1.015395227993472371e+00
1.236862700584222827e-03
1.015395227993472371e+00
-1.236862700584222827e-03
1.003357610342678230e+00
1.506950860364981645e-02
1.003357610342678230e+00
-1.506950860364981645e-02
9.879829741847790947e-01
9.006410905877452328e-03
9.879829741847790947e-01
-9.006410905877452328e-03
9.850358751773946597e-01
5.736549674239675885e-04
9.850358751773946597e-01
-5.736549674239675885e-04
9.858084712982368991e-01
4.093178949637055024e-03
9.858084712982368991e-01
-4.093178949637055024e-03
1.014202699831813437e+00
4.700447059816888380e-03
1.014202699831813437e+00
-4.700447059816888380e-03
1.008712656894277693e+00
1.227629439320464429e-02
1.008712656894277693e+00
-1.227629439320464429e-02
9.997318095171975338e-01
1.487713078778623958e-02
9.997318095171975338e-01
-1.487713078778623958e-02
1.014369332557189196e+00
1.713330195230735979e-03
1.014369332557189196e+00
-1.713330195230735979e-03
1.009410684619379772e+00
1.096095887636829892e-02
1.009410684619379772e+00
-1.096095887636829892e-02
1.010869561732630206e+00
9.179634634585329481e-03
1.010869561732630206e+00
-9.179634634585329481e-03
9.978078345342780153e-01
1.402253048129662415e-02
9.978078345342780153e-01
-1.402253048129662415e-02
1.002884833854857050e+00
1.365258839660339098e-02
1.002884833854857050e+00
-1.365258839660339098e-02
9.958722469398968435e-01
1.321151752873857103e-02
9.958722469398968435e-01
-1.321151752873857103e-02
9.998880340877341899e-01
1.377582180033546863e-02
9.998880340877341899e-01
-1.377582180033546863e-02
9.863856511966064833e-01
9.368500344594949672e-04
9.863856511966064833e-01
-9.368500344594949672e-04
1.008495335152181482e+00
1.091216671193964011e-02
1.008495335152181482e+00
-1.091216671193964011e-02
1.001621881955459870e+00
1.334312487279592022e-02
1.001621881955459870e+00
-1.334312487279592022e-02
9.907296486933686586e-01
1.000909968808267117e-02
9.907296486933686586e-01
-1.000909968808267117e-02
9.935825915817393383e-01
1.179666207092265433e-02
9.935825915817393383e-01
-1.179666207092265433e-02
1.006627481524053902e+00
1.158876748415079219e-02
1.006627481524053902e+00
-1.158876748415079219e-02
9.869398273773730690e-01
0.000000000000000000e+00
1.004633183918510753e+00
1.238350401410745830e-02
1.004633183918510753e+00
-1.238350401410745830e-02
9.885884650561559406e-01
6.178046028146322484e-03
9.885884650561559406e-01
-6.178046028146322484e-03
9.883954548067792611e-01
5.525143646202069006e-03
9.883954548067792611e-01
-5.525143646202069006e-03
1.011212049640764388e+00
6.629327667154392457e-03
1.011212049640764388e+00
-6.629327667154392457e-03
1.012226018448374454e+00
3.895808152606157482e-03
1.012226018448374454e+00
-3.895808152606157482e-03
9.881754222339903526e-01
3.786511870081079451e-03
9.881754222339903526e-01
-3.786511870081079451e-03
1.010638695802729803e+00
6.458199395136699807e-03
1.010638695802729803e+00
-6.458199395136699807e-03
9.927675150833459305e-01
9.847527476629256912e-03
9.927675150833459305e-01
-9.847527476629256912e-03
9.933434465334185504e-01
1.011434135685001200e-02
9.933434465334185504e-01
-1.011434135685001200e-02
9.894040197055438135e-01
5.182819179847927317e-03
9.894040197055438135e-01
-5.182819179847927317e-03
1.005387021317093232e+00
1.051498815058447313e-02
1.005387021317093232e+00
-1.051498815058447313e-02
1.012030836479486995e+00
0.000000000000000000e+00
1.011716205999757534e+00
1.136513526096934049e-03
1.011716205999757534e+00
-1.136513526096934049e-03
9.884331488253548237e-01
0.000000000000000000e+00
1.002127666922457472e+00
1.114472342543658574e-02
1.002127666922457472e+00
-1.114472342543658574e-02
1.000308607000521821e+00
1.132724320911210510e-02
1.000308607000521821e+00
-1.132724320911210510e-02
9.965695959609183197e-01
1.059885210081692314e-02
9.965695959609183197e-01
-1.059885210081692314e-02
9.983236919182782998e-01
1.071492239494706636e-02
9.983236919182782998e-01
-1.071492239494706636e-02
9.895543738993999305e-01
3.321571811378615929e-03
9.895543738993999305e-01
-3.321571811378615929e-03
9.956230076479397617e-01
9.905878461794779405e-03
9.956230076479397617e-01
-9.905878461794779405e-03
9.927868241953228257e-01
7.949305788553918603e-03
9.927868241953228257e-01
-7.949305788553918603e-03
9.915002185468531071e-01
6.406327079178317403e-03
9.915002185468531071e-01
-6.406327079178317403e-03
9.919503256746124986e-01
6.462197407016348830e-03
9.919503256746124986e-01
-6.462197407016348830e-03
9.897193058213640260e-01
4.299411902376453886e-04
9.897193058213640260e-01
-4.299411902376453886e-04
9.907707125260269976e-01
4.379671317600394680e-03
9.907707125260269976e-01
-4.379671317600394680e-03
1.006548426127851448e+00
8.677161484466417579e-03
1.006548426127851448e+00
-8.677161484466417579e-03
1.007604433685026057e+00
7.633911026797599031e-03
1.007604433685026057e+00
-7.633911026797599031e-03
1.005181782836212179e+00
8.958593637129594681e-03
1.005181782836212179e+00
-8.958593637129594681e-03
9.946076644700034830e-01
8.377354140436643268e-03
9.946076644700034830e-01
-8.377354140436643268e-03
1.003250891941290357e+00
9.361745128442072392e-03
1.003250891941290357e+00
-9.361745128442072392e-03
1.009209424976259761e+00
4.588339580763287594e-03
1.009209424976259761e+00
-4.588339580763287594e-03
1.010101053884196354e+00
1.932150336641659744e-03
1.010101053884196354e+00
-1.932150336641659744e-03
9.945141665171889356e-01
7.720436457347111363e-03
9.945141665171889356e-01
-7.720436457347111363e-03
9.985249838219258933e-01
9.227514906342390924e-03
9.985249838219258933e-01
-9.227514906342390924e-03
1.007410243459345267e+00
5.784263307642587178e-03
1.007410243459345267e+00
-5.784263307642587178e-03
1.009294274135088099e+00
1.432552251292804404e-03
1.009294274135088099e+00
-1.432552251292804404e-03
1.008943372874241629e+00
2.548663963274901308e-03
1.008943372874241629e+00
-2.548663963274901308e-03
9.975458943242709875e-01
8.721533281967081691e-03
9.975458943242709875e-01
-8.721533281967081691e-03
9.911572673140791601e-01
5.939530947619175343e-04
9.911572673140791601e-01
-5.939530947619175343e-04
1.004625135870180763e+00
7.494389053880047731e-03
1.004625135870180763e+00
-7.494389053880047731e-03
9.919255884125448564e-01
0.000000000000000000e+00
9.988787318245189173e-01
8.528911452511830221e-03
9.988787318245189173e-01
-8.528911452511830221e-03
9.953944916717820668e-01
7.107813233938213571e-03
9.953944916717820668e-01
-7.107813233938213571e-03
1.001004139473883114e+00
8.319037943570450552e-03
1.001004139473883114e+00
-8.319037943570450552e-03
1.002206863661164293e+00
7.686179523143253124e-03
1.002206863661164293e+00
-7.686179523143253124e-03
1.007623031476431841e+00
1.548097859151308488e-03
1.007623031476431841e+00
-1.548097859151308488e-03
1.006651501812084071e+00
4.258500508003809290e-03
1.006651501812084071e+00
-4.258500508003809290e-03
1.006990593828322567e+00
3.243352928500448529e-03
1.006990593828322567e+00
-3.243352928500448529e-03
1.006041957269968368e+00
4.810273724968222933e-03
1.006041957269968368e+00
-4.810273724968222933e-03
9.925192605957198211e-01
2.063704145304155833e-03
9.925192605957198211e-01
-2.063704145304155833e-03
9.966211434722248574e-01
6.882581087641414554e-03
9.966211434722248574e-01
-6.882581087641414554e-03
9.943879000900991416e-01
4.670790937546321145e-03
9.943879000900991416e-01
-4.670790937546321145e-03
1.004047194475039539e+00
5.883875187554851206e-03
1.004047194475039539e+00
-5.883875187554851206e-03
9.951955814503593567e-01
5.427331130636934078e-03
9.951955814503593567e-01
-5.427331130636934078e-03
1.004518601319838611e+00
5.393425700673561141e-03
1.004518601319838611e+00
-5.393425700673561141e-03
9.939734516786908891e-01
3.399156795251395084e-03
9.939734516786908891e-01
-3.399156795251395084e-03
1.006096846029330472e+00
1.300500599596649681e-03
1.006096846029330472e+00
-1.300500599596649681e-03
9.966906215029465166e-01
5.324739868685734664e-03
9.966906215029465166e-01
-5.324739868685734664e-03
9.939259882452547989e-01
6.105127957752806440e-04
9.939259882452547989e-01
-6.105127957752806440e-04
1.005773551023685819e+00
0.000000000000000000e+00
1.002324424288011162e+00
5.690876573662066729e-03
1.002324424288011162e+00
-5.690876573662066729e-03
1.004290491013427822e+00
3.457909833655379434e-03
1.004290491013427822e+00
-3.457909833655379434e-03
1.000406805023734691e+00
5.511176950016437488e-03
1.000406805023734691e+00
-5.511176950016437488e-03
9.993982745837011183e-01
5.232419601556246094e-03
9.993982745837011183e-01
-5.232419601556246094e-03
1.000549164196824492e+00
5.123571979566708505e-03
1.000549164196824492e+00
-5.123571979566708505e-03
1.004740068454825996e+00
1.351720038391350910e-03
1.004740068454825996e+00
-1.351720038391350910e-03
1.002632269707121937e+00
4.119341772617821605e-03
1.002632269707121937e+00
-4.119341772617821605e-03
9.975755228921243667e-01
3.947443067268957030e-03
9.975755228921243667e-01
-3.947443067268957030e-03
1.003836396427709943e+00
2.057156355858266120e-03
1.003836396427709943e+00
-2.057156355858266120e-03
9.956893168673863759e-01
1.084518941320355458e-03
9.956893168673863759e-01
-1.084518941320355458e-03
1.003662372179458195e+00
0.000000000000000000e+00
1.002074364473428458e+00
3.513641558099838118e-03
1.002074364473428458e+00
-3.513641558099838118e-03
9.962776092769223268e-01
1.555657160891290311e-03
9.962776092769223268e-01
-1.555657160891290311e-03
9.962480985571202652e-01
1.114464504559856042e-03
9.962480985571202652e-01
-1.114464504559856042e-03
9.992420931250396432e-01
3.577403470803930396e-03
9.992420931250396432e-01
-3.577403470803930396e-03
9.969675459615344737e-01
1.942705212152019342e-03
9.969675459615344737e-01
-1.942705212152019342e-03
9.981756653022251236e-01
3.038626821486843394e-03
9.981756653022251236e-01
-3.038626821486843394e-03
1.003239160792988027e+00
1.158780809479011912e-03
1.003239160792988027e+00
-1.158780809479011912e-03
1.000039942569306506e+00
3.331222645730832089e-03
1.000039942569306506e+00
-3.331222645730832089e-03
1.001031784347109044e+00
2.751717716913509339e-03
1.001031784347109044e+00
-2.751717716913509339e-03
9.972601924715104316e-01
4.523345553086352664e-04
9.972601924715104316e-01
-4.523345553086352664e-04
1.002469954383242934e+00
0.000000000000000000e+00
1.002228396934982113e+00
0.000000000000000000e+00
1.002194996448285469e+00
1.210656452853584985e-03
1.002194996448285469e+00
-1.210656452853584985e-03
1.001348684282643564e+00
2.077827585580734049e-03
1.001348684282643564e+00
-2.077827585580734049e-03
9.999748535034038710e-01
2.425946397861761337e-03
9.999748535034038710e-01
-2.425946397861761337e-03
1.001810880430598072e+00
1.307414097937238196e-03
1.001810880430598072e+00
-1.307414097937238196e-03
9.984283040213035587e-01
1.754794356342114295e-03
9.984283040213035587e-01
-1.754794356342114295e-03
9.980572383640642364e-01
1.058638929941214078e-03
9.980572383640642364e-01
-1.058638929941214078e-03
9.991715058717105524e-01
1.893670714885914864e-03
9.991715058717105524e-01
-1.893670714885914864e-03
1.001602741142473274e+00
0.000000000000000000e+00
9.982370724791351790e-01
2.482783612884656129e-04
9.982370724791351790e-01
-2.482783612884656129e-04
1.000856194003350907e+00
9.718827911181635764e-04
1.000856194003350907e+00
-9.718827911181635764e-04
9.992953730256117773e-01
1.007238760484550910e-03
9.992953730256117773e-01
-1.007238760484550910e-03
1.000994530402282257e+00
5.652673399123589416e-04
1.000994530402282257e+00
-5.652673399123589416e-04
1.000966890797886366e+00
0.000000000000000000e+00
1.000241458826494290e+00
1.074783213601260973e-03
1.000241458826494290e+00
-1.074783213601260973e-03
9.996660595923860804e-01
9.004232656132085330e-04
9.996660595923860804e-01
-9.004232656132085330e-04
1.000306307509375658e+00
7.824473051265568588e-04
1.000306307509375658e+00
-7.824473051265568588e-04
9.992434566551963160e-01
4.114719481780233518e-04
9.992434566551963160e-01
-4.114719481780233518e-04
1.000515696356439665e+00
2.576195920273815468e-04
1.000515696356439665e+00
-2.576195920273815468e-04
1.000470092491229757e+00
0.000000000000000000e+00
1.000027830521477812e+00
5.920123117948030258e-04
1.000027830521477812e+00
-5.920123117948030258e-04
9.993318785546991823e-01
8.793002411606771086e-05
9.993318785546991823e-01
-8.793002411606771086e-05
9.994224508095895798e-01
0.000000000000000000e+00
9.997701933332958646e-01
3.308689588314587334e-04
9.997701933332958646e-01
-3.308689588314587334e-04
9.998775597221341016e-01
2.278638789790753941e-04
9.998775597221341016e-01
-2.278638789790753941e-04
9.998272682396422972e-01
1.026033576854865558e-04
9.998272682396422972e-01
-1.026033576854865558e-04
1.000265385176344779e+00
0.000000000000000000e+00
1.000161477044523295e+00
0.000000000000000000e+00
1.000080062299065098e+00
1.564266108180337493e-04
1.000080062299065098e+00
-1.564266108180337493e-04
