 (6.705713187532894026e-05+0.000000000000000000e+00j)
 (6.923521973297144458e-03+0.000000000000000000e+00j)
 (4.395604645573070179e-02+0.000000000000000000e+00j)
 (8.502395959795309988e-02+0.000000000000000000e+00j)
 (1.327961019234090434e-01+0.000000000000000000e+00j)
 (1.851998008750008473e-01+0.000000000000000000e+00j)
 (2.404114581950827223e-01+0.000000000000000000e+00j)
 (2.968287728467914888e-01+0.000000000000000000e+00j)
 (3.531628460464735775e-01+0.000000000000000000e+00j)
 (4.087584702093023381e-01+0.000000000000000000e+00j)
 (4.627891558898442059e-01+0.000000000000000000e+00j)
 (5.148128603173330875e-01+0.000000000000000000e+00j)
 (5.644158983253759754e-01+0.000000000000000000e+00j)
 (6.114461236583794701e-01+0.000000000000000000e+00j)
 (6.555311750134756865e-01+0.000000000000000000e+00j)
 (6.968976549057347425e-01+0.000000000000000000e+00j)
 (7.348799173810404151e-01+0.000000000000000000e+00j)
 (7.700096176996905628e-01+0.000000000000000000e+00j)
 (8.017356675628147800e-01+0.000000000000000000e+00j)
 (8.304188554977124381e-01+0.000000000000000000e+00j)
 (8.560551540730406694e-01+0.000000000000000000e+00j)
 (8.788428189233986609e-01+0.000000000000000000e+00j)
 (8.988463299629010361e-01+0.000000000000000000e+00j)
 (9.161575470944308686e-01+0.000000000000000000e+00j)
 (9.310045664381407793e-01+0.000000000000000000e+00j)
 (9.437463622944511910e-01+0.000000000000000000e+00j)
 (9.543615026103277055e-01+0.000000000000000000e+00j)
 (9.634067998064669291e-01+0.000000000000000000e+00j)
 (9.707577575046717477e-01+0.000000000000000000e+00j)
 (9.767092676237837390e-01+0.000000000000000000e+00j)
 (9.817950945562061715e-01+0.000000000000000000e+00j)
 (9.858349676120226057e-01+0.000000000000000000e+00j)
 (9.890217750194384427e-01+0.000000000000000000e+00j)
 (9.916745963181898826e-01+0.000000000000000000e+00j)
 (9.936195111510046640e-01+0.000000000000000000e+00j)
 (9.952383578003172193e-01+0.000000000000000000e+00j)
 (9.965683722733500449e-01+0.000000000000000000e+00j)
 (9.973505985384291117e-01+0.000000000000000000e+00j)
 (1.001933401259708312e+00+0.000000000000000000e+00j)
 (1.001896637406840318e+00+0.000000000000000000e+00j)
 (9.988910506609285367e-01+1.466339093377670494e-03j)
 (9.988910506609285367e-01+-1.466339093377670494e-03j)
 (1.001261731855689785e+00+1.233103485371175477e-03j)
 (1.001261731855689785e+00+-1.233103485371175477e-03j)
 (9.982059902400246543e-01+3.105178159599032229e-04j)
 (9.982059902400246543e-01+-3.105178159599032229e-04j)
 (9.982003904353417001e-01+0.000000000000000000e+00j)
 (9.984120286865285632e-01+8.393687959310759889e-04j)
 (9.984120286865285632e-01+-8.393687959310759889e-04j)
 (9.983057707989442253e-01+5.763088664284039429e-04j)
 (9.983057707989442253e-01+-5.763088664284039429e-04j)
 (9.982547820778052694e-01+0.000000000000000000e+00j)
 (9.996622881902941238e-01+1.716405293084605254e-03j)
 (9.996622881902941238e-01+-1.716405293084605254e-03j)
 (1.000462939916046512e+00+1.658309980564787092e-03j)
 (1.000462939916046512e+00+-1.658309980564787092e-03j)
 (1.000240587636493483e+00+1.677015390311672755e-03j)
 (1.000240587636493483e+00+-1.677015390311672755e-03j)
 (1.001654146859247918e+00+0.000000000000000000e+00j)
 (9.990022392742294866e-01+1.376597696442971456e-03j)
 (9.990022392742294866e-01+-1.376597696442971456e-03j)
 (9.994670649514039162e-01+1.573563632313498047e-03j)
 (9.994670649514039162e-01+-1.573563632313498047e-03j)
 (9.998118212648408054e-01+1.635664176742030514e-03j)
 (9.998118212648408054e-01+-1.635664176742030514e-03j)
 (1.001476946419437741e+00+6.869091759625829165e-04j)
 (1.001476946419437741e+00+-6.869091759625829165e-04j)
 (1.000090823804771656e+00+1.628834795116258869e-03j)
 (1.000090823804771656e+00+-1.628834795116258869e-03j)
 (1.001597968637224723e+00+2.838434001755210157e-04j)
 (1.001597968637224723e+00+-2.838434001755210157e-04j)
 (1.001596327784479712e+00+1.883508220398596555e-04j)
 (1.001596327784479712e+00+-1.883508220398596555e-04j)
 (9.991812132668052016e-01+1.377839853470371259e-03j)
 (9.991812132668052016e-01+-1.377839853470371259e-03j)
 (9.989487844210674927e-01+1.220053176526779111e-03j)
 (9.989487844210674927e-01+-1.220053176526779111e-03j)
 (9.984334449660235977e-01+3.841468093650828529e-04j)
 (9.984334449660235977e-01+-3.841468093650828529e-04j)
 (1.000695734457593966e+00+1.396590015187613174e-03j)
 (1.000695734457593966e+00+-1.396590015187613174e-03j)
 (9.986416866509777446e-01+7.995917454632787752e-04j)
 (9.986416866509777446e-01+-7.995917454632787752e-04j)
 (9.984440244527411634e-01+1.825402012870825665e-04j)
 (9.984440244527411634e-01+-1.825402012870825665e-04j)
 (1.000380414442308741e+00+1.479800599748726242e-03j)
 (1.000380414442308741e+00+-1.479800599748726242e-03j)
 (9.985182224343596147e-01+3.834740241543313890e-04j)
 (9.985182224343596147e-01+-3.834740241543313890e-04j)
 (9.989595515711864326e-01+1.134083990322315395e-03j)
 (9.989595515711864326e-01+-1.134083990322315395e-03j)
 (9.985044850268520733e-01+1.174204273549883559e-05j)
 (9.985044850268520733e-01+-1.174204273549883559e-05j)
 (9.998915134447354802e-01+1.484351285681299653e-03j)
 (9.998915134447354802e-01+-1.484351285681299653e-03j)
 (9.987484572094273982e-01+8.100590705733121859e-04j)
 (9.987484572094273982e-01+-8.100590705733121859e-04j)
 (9.988940380236672745e-01+9.859721313778299460e-04j)
 (9.988940380236672745e-01+-9.859721313778299460e-04j)
 (1.000928498609821471e+00+1.177816970561622106e-03j)
 (1.000928498609821471e+00+-1.177816970561622106e-03j)
 (1.001168116094476757e+00+9.303482708042921890e-04j)
 (1.001168116094476757e+00+-9.303482708042921890e-04j)
 (1.000688738380183684e+00+1.278706095461007919e-03j)
 (1.000688738380183684e+00+-1.278706095461007919e-03j)
 (1.001436061852350567e+00+0.000000000000000000e+00j)
 (1.001433483013937975e+00+5.702221433946687415e-05j)
 (1.001433483013937975e+00+-5.702221433946687415e-05j)
 (1.001245219201121861e+00+6.991531251435489447e-04j)
 (1.001245219201121861e+00+-6.991531251435489447e-04j)
 (1.001356268619305157e+00+4.348928111012044669e-04j)
 (1.001356268619305157e+00+-4.348928111012044669e-04j)
 (1.001024355659863474e+00+9.722894157404323020e-04j)
 (1.001024355659863474e+00+-9.722894157404323020e-04j)
 (1.001355550462448507e+00+2.501429560748117320e-04j)
 (1.001355550462448507e+00+-2.501429560748117320e-04j)
 (1.001357217234144725e+00+1.147567448060090467e-04j)
 (1.001357217234144725e+00+-1.147567448060090467e-04j)
 (1.001273387891805866e+00+5.397274784759851151e-04j)
 (1.001273387891805866e+00+-5.397274784759851151e-04j)
 (1.000858781081295446e+00+1.097936049167936527e-03j)
 (1.000858781081295446e+00+-1.097936049167936527e-03j)
 (1.001055368770961129e+00+8.649658289675719782e-04j)
 (1.001055368770961129e+00+-8.649658289675719782e-04j)
 (1.000655296992102539e+00+1.215993183667911457e-03j)
 (1.000655296992102539e+00+-1.215993183667911457e-03j)
 (9.997065152717665715e-01+1.398998939182299894e-03j)
 (9.997065152717665715e-01+-1.398998939182299894e-03j)
 (9.991580391952545881e-01+1.156343919996898105e-03j)
 (9.991580391952545881e-01+-1.156343919996898105e-03j)
 (1.001185295912133011e+00+6.108362479652288800e-04j)
 (1.001185295912133011e+00+-6.108362479652288800e-04j)
 (1.001200230845393779e+00+5.292932097242616278e-04j)
 (1.001200230845393779e+00+-5.292932097242616278e-04j)
 (1.001242704171795506e+00+3.616214450169160711e-04j)
 (1.001242704171795506e+00+-3.616214450169160711e-04j)
 (1.000004035248564183e+00+1.364552928738460482e-03j)
 (1.000004035248564183e+00+-1.364552928738460482e-03j)
 (1.000244882328782836e+00+1.316183551862336277e-03j)
 (1.000244882328782836e+00+-1.316183551862336277e-03j)
 (9.988942290292170956e-01+8.685978788282737494e-04j)
 (9.988942290292170956e-01+-8.685978788282737494e-04j)
 (1.000768049207072075e+00+1.034724471546676593e-03j)
 (1.000768049207072075e+00+-1.034724471546676593e-03j)
 (1.001051905065352354e+00+6.588895768727367130e-04j)
 (1.001051905065352354e+00+-6.588895768727367130e-04j)
 (1.000961015356041761e+00+7.883895645527844208e-04j)
 (1.000961015356041761e+00+-7.883895645527844208e-04j)
 (1.000402816369257097e+00+1.217255512656617231e-03j)
 (1.000402816369257097e+00+-1.217255512656617231e-03j)
 (9.996153525623594494e-01+1.286612369418076770e-03j)
 (9.996153525623594494e-01+-1.286612369418076770e-03j)
 (9.990776545437642930e-01+1.011712475473931826e-03j)
 (9.990776545437642930e-01+-1.011712475473931826e-03j)
 (9.986208515451154843e-01+0.000000000000000000e+00j)
 (9.988554576066061008e-01+7.498639574705749655e-04j)
 (9.988554576066061008e-01+-7.498639574705749655e-04j)
 (9.987188878209998233e-01+4.711727116549173497e-04j)
 (9.987188878209998233e-01+-4.711727116549173497e-04j)
 (9.986451415583290636e-01+0.000000000000000000e+00j)
 (1.000537024676242170e+00+1.098739773232196857e-03j)
 (1.000537024676242170e+00+-1.098739773232196857e-03j)
 (1.000351702832180667e+00+1.180884087370997473e-03j)
 (1.000351702832180667e+00+-1.180884087370997473e-03j)
 (9.996342561980590125e-01+1.225501156173142928e-03j)
 (9.996342561980590125e-01+-1.225501156173142928e-03j)
 (1.001164279551040259e+00+2.997964060849177547e-05j)
 (1.001164279551040259e+00+-2.997964060849177547e-05j)
 (9.998838285214681765e-01+1.231421433387880609e-03j)
 (9.998838285214681765e-01+-1.231421433387880609e-03j)
 (9.987377548215859990e-01+2.958740138108434262e-04j)
 (9.987377548215859990e-01+-2.958740138108434262e-04j)
 (9.988920190177132952e-01+6.506516648619181534e-04j)
 (9.988920190177132952e-01+-6.506516648619181534e-04j)
 (1.000032737544966022e+00+1.197163528264247236e-03j)
 (1.000032737544966022e+00+-1.197163528264247236e-03j)
 (9.988585184706897380e-01+4.807651014600573380e-04j)
 (9.988585184706897380e-01+-4.807651014600573380e-04j)
 (9.987704231956968659e-01+9.010729985154330383e-05j)
 (9.987704231956968659e-01+-9.010729985154330383e-05j)
 (1.000034609493563487e+00+1.170837356959492440e-03j)
 (1.000034609493563487e+00+-1.170837356959492440e-03j)
 (1.000478263685168123e+00+1.035839824978196854e-03j)
 (1.000478263685168123e+00+-1.035839824978196854e-03j)
 (9.996932611303781524e-01+1.129293522095443881e-03j)
 (9.996932611303781524e-01+-1.129293522095443881e-03j)
 (1.001063896686036347e+00+3.403241988251052815e-04j)
 (1.001063896686036347e+00+-3.403241988251052815e-04j)
 (1.000545769041047750e+00+9.643917860008180236e-04j)
 (1.000545769041047750e+00+-9.643917860008180236e-04j)
 (9.998894697004303556e-01+1.129817135848228040e-03j)
 (9.998894697004303556e-01+-1.129817135848228040e-03j)
 (9.991507776237442684e-01+8.492346393596438220e-04j)
 (9.991507776237442684e-01+-8.492346393596438220e-04j)
 (9.991484384348996439e-01+8.216903403234727737e-04j)
 (9.991484384348996439e-01+-8.216903403234727737e-04j)
 (9.992765796741828188e-01+9.065986815849448382e-04j)
 (9.992765796741828188e-01+-9.065986815849448382e-04j)
 (9.988973568575659767e-01+0.000000000000000000e+00j)
 (1.000642667535127872e+00+8.399038006783695514e-04j)
 (1.000642667535127872e+00+-8.399038006783695514e-04j)
 (1.000932383161474482e+00+4.881499538015964109e-04j)
 (1.000932383161474482e+00+-4.881499538015964109e-04j)
 (1.000805006261508590e+00+6.571977766027337162e-04j)
 (1.000805006261508590e+00+-6.571977766027337162e-04j)
 (9.989544792346713997e-01+3.233306269674426805e-04j)
 (9.989544792346713997e-01+-3.233306269674426805e-04j)
 (9.989282222262967359e-01+2.244606077311324290e-04j)
 (9.989282222262967359e-01+-2.244606077311324290e-04j)
 (9.995732041449902905e-01+9.804603196437997655e-04j)
 (9.995732041449902905e-01+-9.804603196437997655e-04j)
 (9.992094082154387991e-01+7.305224580933636401e-04j)
 (9.992094082154387991e-01+-7.305224580933636401e-04j)
 (9.997441604961175843e-01+9.999839040414442142e-04j)
 (9.997441604961175843e-01+-9.999839040414442142e-04j)
 (9.991227618378183406e-01+5.337101706421562867e-04j)
 (9.991227618378183406e-01+-5.337101706421562867e-04j)
 (9.992464072929279073e-01+6.957962645701250759e-04j)
 (9.992464072929279073e-01+-6.957962645701250759e-04j)
 (9.999103457953172347e-01+9.775158932947051148e-04j)
 (9.999103457953172347e-01+-9.775158932947051148e-04j)
 (9.993966486550118766e-01+7.999708624161068439e-04j)
 (9.993966486550118766e-01+-7.999708624161068439e-04j)
 (1.000290817708529234e+00+9.135408702874713320e-04j)
 (1.000290817708529234e+00+-9.135408702874713320e-04j)
 (1.000796300034484609e+00+5.442861403247760497e-04j)
 (1.000796300034484609e+00+-5.442861403247760497e-04j)
 (9.995310084183175459e-01+8.447919340589895611e-04j)
 (9.995310084183175459e-01+-8.447919340589895611e-04j)
 (9.991618464973918146e-01+4.349742428290616272e-04j)
 (9.991618464973918146e-01+-4.349742428290616272e-04j)
 (9.994316135079168717e-01+7.468998726475026316e-04j)
 (9.994316135079168717e-01+-7.468998726475026316e-04j)
 (1.000884851600682524e+00+3.359420193448667898e-04j)
 (1.000884851600682524e+00+-3.359420193448667898e-04j)
 (1.000932808219753722e+00+4.462950616847973884e-05j)
 (1.000932808219753722e+00+-4.462950616847973884e-05j)
 (1.000912001804389329e+00+1.669571885671690620e-04j)
 (1.000912001804389329e+00+-1.669571885671690620e-04j)
 (1.000641822952699211e+00+6.258714246289917571e-04j)
 (1.000641822952699211e+00+-6.258714246289917571e-04j)
 (1.000355830672696733e+00+8.241569210745797137e-04j)
 (1.000355830672696733e+00+-8.241569210745797137e-04j)
 (9.996708685135589079e-01+8.517752828575302949e-04j)
 (9.996708685135589079e-01+-8.517752828575302949e-04j)
 (9.991754687517191424e-01+2.601377077697209438e-04j)
 (9.991754687517191424e-01+-2.601377077697209438e-04j)
 (9.991248056159891533e-01+5.101257096856330131e-05j)
 (9.991248056159891533e-01+-5.101257096856330131e-05j)
 (9.991572323697847091e-01+0.000000000000000000e+00j)
 (9.991992577682196064e-01+1.929062882410223988e-04j)
 (9.991992577682196064e-01+-1.929062882410223988e-04j)
 (9.997114080612490294e-01+8.082715786181112697e-04j)
 (9.997114080612490294e-01+-8.082715786181112697e-04j)
 (1.000436583702210225e+00+6.959196554070277247e-04j)
 (1.000436583702210225e+00+-6.959196554070277247e-04j)
 (9.993517197151993159e-01+4.735367279739987776e-04j)
 (9.993517197151993159e-01+-4.735367279739987776e-04j)
 (9.997644248145407531e-01+7.764223616768640502e-04j)
 (9.997644248145407531e-01+-7.764223616768640502e-04j)
 (9.996930213671271215e-01+7.282068150076356121e-04j)
 (9.996930213671271215e-01+-7.282068150076356121e-04j)
 (1.000389546094089699e+00+6.911823665827952984e-04j)
 (1.000389546094089699e+00+-6.911823665827952984e-04j)
 (9.994107808050862740e-01+4.539418308847591307e-04j)
 (9.994107808050862740e-01+-4.539418308847591307e-04j)
 (9.992727805819584530e-01+7.469188512594083747e-06j)
 (9.992727805819584530e-01+-7.469188512594083747e-06j)
 (9.999837613609987574e-01+7.490080916994766884e-04j)
 (9.999837613609987574e-01+-7.490080916994766884e-04j)
 (1.000414426656008215e+00+6.285641042421134979e-04j)
 (1.000414426656008215e+00+-6.285641042421134979e-04j)
 (1.000721293659146527e+00+2.815323824077067653e-04j)
 (1.000721293659146527e+00+-2.815323824077067653e-04j)
 (1.000758245117278067e+00+0.000000000000000000e+00j)
 (1.000705030262899697e+00+1.865372352181859320e-04j)
 (1.000705030262899697e+00+-1.865372352181859320e-04j)
 (1.000627006638454830e+00+2.750111817635893957e-04j)
 (1.000627006638454830e+00+-2.750111817635893957e-04j)
 (1.000683887191930577e+00+9.955789312448949462e-05j)
 (1.000683887191930577e+00+-9.955789312448949462e-05j)
 (1.000647551741191910e+00+0.000000000000000000e+00j)
 (9.995895248082874440e-01+5.463605584912056140e-04j)
 (9.995895248082874440e-01+-5.463605584912056140e-04j)
 (1.000158687376502709e+00+6.719832474943187878e-04j)
 (1.000158687376502709e+00+-6.719832474943187878e-04j)
 (9.999252218589858021e-01+6.672456575339199029e-04j)
 (9.999252218589858021e-01+-6.672456575339199029e-04j)
 (1.000595513583233176e+00+0.000000000000000000e+00j)
 (1.000519120323486222e+00+2.654613372215108456e-04j)
 (1.000519120323486222e+00+-2.654613372215108456e-04j)
 (1.000425384925892391e+00+4.260348875202208297e-04j)
 (1.000425384925892391e+00+-4.260348875202208297e-04j)
 (9.993856491190733493e-01+0.000000000000000000e+00j)
 (9.994743309062363856e-01+0.000000000000000000e+00j)
 (9.994687390866681120e-01+2.701298829114915593e-04j)
 (9.994687390866681120e-01+-2.701298829114915593e-04j)
 (9.998438515583036867e-01+5.195995871797110324e-04j)
 (9.998438515583036867e-01+-5.195995871797110324e-04j)
 (9.995133147393131523e-01+1.473588940633809138e-04j)
 (9.995133147393131523e-01+-1.473588940633809138e-04j)
 (1.000428427207043836e+00+1.750251155459125584e-04j)
 (1.000428427207043836e+00+-1.750251155459125584e-04j)
 (1.000301887957176561e+00+4.144355240157300037e-04j)
 (1.000301887957176561e+00+-4.144355240157300037e-04j)
 (1.000367456513189701e+00+0.000000000000000000e+00j)
 (9.996179305538472892e-01+3.051243666789984588e-04j)
 (9.996179305538472892e-01+-3.051243666789984588e-04j)
 (9.995931382149221278e-01+2.567048540541538013e-04j)
 (9.995931382149221278e-01+-2.567048540541538013e-04j)
 (9.999458537427775573e-01+4.819268971927428763e-04j)
 (9.999458537427775573e-01+-4.819268971927428763e-04j)
 (1.000178079940259535e+00+4.350872447142245416e-04j)
 (1.000178079940259535e+00+-4.350872447142245416e-04j)
 (1.000290647331567140e+00+0.000000000000000000e+00j)
 (1.000198480112296284e+00+3.521559950570899941e-04j)
 (1.000198480112296284e+00+-3.521559950570899941e-04j)
 (1.000039140475327049e+00+3.944303240535389698e-04j)
 (1.000039140475327049e+00+-3.944303240535389698e-04j)
 (9.999571817375765281e-01+3.793352174614383009e-04j)
 (9.999571817375765281e-01+-3.793352174614383009e-04j)
 (1.000169246977481885e+00+0.000000000000000000e+00j)
 (1.000232300147837705e+00+1.943599318931378116e-04j)
 (1.000232300147837705e+00+-1.943599318931378116e-04j)
 (1.000165974600803143e+00+2.710756496095793606e-04j)
 (1.000165974600803143e+00+-2.710756496095793606e-04j)
 (9.997144235599548789e-01+2.496870464491063443e-04j)
 (9.997144235599548789e-01+-2.496870464491063443e-04j)
 (9.996821109883032852e-01+0.000000000000000000e+00j)
 (9.998812861564420063e-01+2.251928377689764601e-04j)
 (9.998812861564420063e-01+-2.251928377689764601e-04j)
 (1.000040156692403093e+00+1.271408314415954015e-04j)
 (1.000040156692403093e+00+-1.271408314415954015e-04j)
 (9.999909827078992119e-01+0.000000000000000000e+00j)
 (9.997694383949654595e-01+1.393660558572058577e-04j)
 (9.997694383949654595e-01+-1.393660558572058577e-04j)
 (9.998681660475252642e-01+1.198597251140521007e-04j)
 (9.998681660475252642e-01+-1.198597251140521007e-04j)
 (9.998886612129922469e-01+6.290058771724090620e-05j)
 (9.998886612129922469e-01+-6.290058771724090620e-05j)
