6.212733343615298338e-03
1.105068922766922271e-02
1.833637628937712094e-02
2.879042970874690077e-02
4.312511623921653353e-02
6.195402745933985267e-02
8.569900054029498671e-02
1.145147166855427640e-01
1.482493369548303908e-01
1.864512628750607803e-01
2.284204462873328789e-01
2.732917297745886542e-01
3.201312098555374464e-01
3.680262589775890048e-01
4.161547294262075147e-01
4.638265362149884274e-01
5.104982754263180933e-01
5.557667258404331845e-01
5.993492731648836225e-01
6.410588758964878009e-01
6.807792623577130220e-01
7.184436897230636054e-01
7.540185176866252004e-01
7.874915101763168002e-01
8.188640257321280203e-01
8.481460916535323857e-01
8.753534279550194697e-01
9.005057009935186763e-01
9.236254967202623956e-01
9.447377188186550923e-01
9.638691933484085927e-01
9.810484048167150695e-01
9.963052893649073649e-01
1.009671060863057024e+00
1.021178066381177585e+00
1.030859647545982805e+00
1.038750019963745608e+00
1.044884163185979986e+00
1.049297717891327419e+00
1.052026886496417957e+00
1.053108354187055618e+00
1.052579206213354546e+00
1.050476854806479121e+00
1.046838976638208685e+00
1.041703448489246009e+00
1.035108298322328757e+00
1.027091651544540074e+00
1.017691688528943095e+00
1.006946606947019651e+00
9.948945823610302330e-01
9.815737388474101710e-01
9.670221205413831456e-01
9.512776659964061743e-01
9.343781861261271082e-01
9.163613499766912751e-01
8.972646613380518277e-01
8.771254530119491077e-01
8.559808709464975518e-01
8.338678651263676800e-01
8.108231842501956166e-01
7.868833716874620299e-01
7.620847587740753326e-01
7.364634651706224444e-01
7.100553986064759293e-01
6.828962559545472821e-01
6.550215251760795887e-01
6.264664874701550978e-01
5.972662254111171798e-01
5.674556242792172522e-01
5.370693830640477229e-01
5.061420148227918636e-01
4.747078637227496456e-01
4.428011066790569217e-01
4.104557669682344367e-01
3.777057212908550565e-01
3.445847117473720966e-01
3.111263577627689791e-01
2.773641649404829379e-01
2.433315399042438043e-01
2.090617994078915187e-01
1.745881853819297724e-01
1.399438769093537815e-01
1.051620013826188166e-01
7.027565021551687718e-02
3.531789117725626925e-02
3.217807265409559502e-04
-3.467962083951865032e-02
-6.965323653953876815e-02
-1.045659609879278779e-01
-1.393846443759371723e-01
-1.740760793698998277e-01
-2.086069900054416670e-01
-2.429440139796328335e-01
-2.770536945647447680e-01
-3.109024661758419961e-01
-3.444566411666639127e-01
-3.776823961648978489e-01
-4.105457624505735592e-01
-4.430126139290564979e-01
-4.750486563835094045e-01
-5.066194144243106878e-01
-5.376902241704927254e-01
-5.682262213762709901e-01
-5.981923339077681590e-01
-6.275532734520548050e-01
-6.562735270214781202e-01
-6.843173520916792096e-01
-7.116487690783168674e-01
-7.382315568333371880e-01
-7.640292519796502146e-01
-7.890051398013112616e-01
-8.131222614085472644e-01
-8.363434084663439183e-01
-8.586311257533847385e-01
-8.799477165358188246e-01
-9.002552480945672508e-01
-9.195155558196224099e-01
-9.376902541623016729e-01
-9.547407479969300947e-01
-9.706282473603212724e-01
-9.853137831636546995e-01
-9.987582255656476393e-01
-1.010922309664288976e+00
-1.021766657503703213e+00
-1.031251810367942667e+00
-1.039338258976452600e+00
-1.045986481305168692e+00
-1.051156985832562896e+00
-1.054810356935197424e+00
-1.056907304684651772e+00
-1.057408722884226160e+00
-1.056275753042385190e+00
-1.053469851263384882e+00
-1.048952863070611086e+00
-1.042687110308100351e+00
-1.034635475841375829e+00
-1.024761509446286967e+00
-1.013029529091760583e+00
-9.994047449459185772e-01
-9.838533844057709699e-01
-9.663428377519459600e-01
-9.468418169051803224e-01
-9.253205431499844646e-01
-9.017509855252725526e-01
-8.761071707117092933e-01
-8.483656607341879541e-01
-8.185063087696494710e-01
-7.865135360057823322e-01
-7.523784867782982166e-01
-7.161026374918535442e-01
-6.777036045896185357e-01
-6.372240880914830097e-01
-5.947448463802538221e-01
-5.504022710876775859e-01
-5.044102194385398086e-01
-4.570842974428726557e-01
-4.088647643325643566e-01
-3.603321463287592619e-01
-3.122082659489309742e-01
-2.653357053040856783e-01
-2.206314111264661149e-01
-1.790154670476019894e-01
-1.413228526771484750e-01
-1.082124446331545198e-01
-8.009108188464121592e-02
-5.706929867668945888e-02
-3.895909382773696250e-02
-2.531436413847269057e-02
-1.550456271429984448e-02
-8.804999370683328636e-03
