6.081248931427070056e-03
8.221095940950483641e-03
1.087775282361895697e-02
1.413401309765469939e-02
1.807674729824487389e-02
2.279505321649374222e-02
2.837802981964296020e-02
3.491223991557630690e-02
4.247895640804297962e-02
5.115131340236513807e-02
6.099150394046981560e-02
7.204817552604260433e-02
8.435417572245466900e-02
9.792478602865473114e-02
1.127565589145084896e-01
1.288268382100614118e-01
1.460940013898431589e-01
1.644984164782558045e-01
1.839640622964553440e-01
2.044007175978463375e-01
2.257065944578136585e-01
2.477712666025256860e-01
2.704787334458984560e-01
2.937104639331857281e-01
3.173482749291785532e-01
3.412769246554543390e-01
3.653863274475722123e-01
3.895733321471990807e-01
4.137430351057132527e-01
4.378096343132786283e-01
4.616968532425745897e-01
4.853379836240084289e-01
5.086756112790404849e-01
5.316610945665777299e-01
5.542538643459936631e-01
5.764206147945973857e-01
5.981344395799499392e-01
6.193739665122486304e-01
6.401225246219153231e-01
6.603673729753508637e-01
6.800990075862123341e-01
6.993105556141809842e-01
7.179972565617072089e-01
7.361560301792250405e-01
7.537851217421118744e-01
7.708838173892496037e-01
7.874522181598880843e-01
8.034910649844001496e-01
8.190016039170301410e-01
8.339854837214679684e-01
8.484446792952570204e-01
8.623814343466673638e-01
8.757982183299719559e-01
8.886976951782860068e-01
9.010826986951546713e-01
9.129562148220187190e-01
9.243213672350562016e-01
9.351814059818845948e-01
9.455396981448401794e-01
9.553997198794322854e-01
9.647650497555957383e-01
9.736393620265668680e-01
9.820264212729338249e-01
9.899300771914441022e-01
9.973542591666773038e-01
1.004302972145517447e+00
1.010780291570714695e+00
1.016790359400113308e+00
1.022337380053499611e+00
1.027425616214698634e+00
1.032059385357442460e+00
1.036243055764599852e+00
1.039981043415934003e+00
1.043277808441597232e+00
1.046137852299400262e+00
1.048565713794039844e+00
1.050565967557167690e+00
1.052143219632351023e+00
1.053302106317029807e+00
1.054047290543632664e+00
1.054383459780623866e+00
1.054315324150683075e+00
1.053847613173710229e+00
1.052985074608782323e+00
1.051732471631422694e+00
1.050094581747937461e+00
1.048076194045061804e+00
1.045682108031918300e+00
1.042917131902951322e+00
1.039786080511352795e+00
1.036293774283396196e+00
1.032445037770883145e+00
1.028244697986456790e+00
1.023697583317936255e+00
1.018808522370273417e+00
1.013582342590377383e+00
1.008023869470960232e+00
1.002137925102981608e+00
9.959293275242521171e-01
9.894028897061432071e-01
9.825634189021897891e-01
9.754157153452909235e-01
9.679645718858218562e-01
9.602147732678567582e-01
9.521710951882593754e-01
9.438383040795492729e-01
9.352211563137479144e-01
9.263243977681121510e-01
9.171527633908681532e-01
9.077109761879241789e-01
8.980037478742689538e-01
8.880357776435520156e-01
8.778117520233275073e-01
8.673363450198100510e-01
8.566142172493422802e-01
8.456500160107723874e-01
8.344483750683215906e-01
8.230139145068282591e-01
8.113512405869925947e-01
7.994649456006217569e-01
7.873596075811183370e-01
7.750397905929916620e-01
7.625100445871021426e-01
7.497749050387734204e-01
7.368388934544349844e-01
7.237065172268681845e-01
7.103822695628275730e-01
6.968706296277965562e-01
6.831760626183653873e-01
6.693030200517412487e-01
6.552559397657490292e-01
6.410392457016976797e-01
6.266573485557795919e-01
6.121146458514483690e-01
5.974155223013070115e-01
5.825643491557090936e-01
5.675654855779345143e-01
5.524232781375458812e-01
5.371420611722764749e-01
5.217261571499196560e-01
5.061798770302161632e-01
4.905075202648548904e-01
4.747133753764941622e-01
4.588017201758946007e-01
4.427768216171640292e-01
4.266429370281780153e-01
4.104043135315582069e-01
3.940651889132049668e-01
3.776297917670524695e-01
3.611023418569571097e-01
3.444870506957191103e-01
3.277881214727047521e-01
3.110097499223786199e-01
2.941561242519261099e-01
2.772314257926522529e-01
2.602398291447373668e-01
2.431855032629021973e-01
2.260726105878757275e-01
2.089053087834597533e-01
1.916877500851294769e-01
1.744240825304544662e-01
1.571184498143430031e-01
1.397749919404413788e-01
1.223978455830224132e-01
1.049911444488736689e-01
8.755902007345219007e-02
7.010560145899605300e-02
5.263501637732260346e-02
3.515139108031777038e-02
1.765885145797911962e-02
1.615226765272943798e-04
-1.733646995306166450e-02
-3.483100046841254571e-02
-5.231794189386253929e-02
-6.979316609570582197e-02
-8.725254305841678715e-02
-1.046919403780061653e-01
-1.221072233343986901e-01
-1.394942537333901944e-01
-1.568488899790252966e-01
-1.741669867840865971e-01
-1.914443940844293424e-01
-2.086769574732477706e-01
-2.258605169706540960e-01
-2.429909071684341892e-01
-2.600639565786482810e-01
-2.770754874888755603e-01
-2.940213150213044080e-01
-3.108972473498651246e-01
-3.276990848316980176e-01
-3.444226201519087760e-01
-3.610636370931475381e-01
-3.776179111146305556e-01
-3.940812083388526288e-01
-4.104492854068316765e-01
-4.267178891885979319e-01
-4.428827560594171819e-01
-4.589396122616791196e-01
-4.748841726744768010e-01
-4.907121413202503168e-01
-5.064192104962544905e-01
-5.220010608469369817e-01
-5.374533605677830339e-01
-5.527717656224492293e-01
-5.679519190189861177e-01
-5.829894510269718610e-01
-5.978799786708677289e-01
-6.126191051509970453e-01
-6.272024202778111457e-01
-6.416254998204902193e-01
-6.558839053621882131e-01
-6.699731840105215275e-01
-6.838888685423251124e-01
-6.976264768246300818e-01
-7.111815121041753507e-01
-7.245494627902739904e-01
-7.377258019481696127e-01
-7.507059875885472300e-01
-7.634854625951554841e-01
-7.760596542905401352e-01
-7.884239749426887878e-01
-8.005738215478968023e-01
-8.125045756860126422e-01
-8.242116036651929711e-01
-8.356902566666578602e-01
-8.469358709618243219e-01
-8.579437673332843683e-01
-8.687092520880927982e-01
-8.792276167682565591e-01
-8.894941384402452744e-01
-8.995040800568796513e-01
-9.092526903849541542e-01
-9.187352048737689181e-01
-9.279468450761082510e-01
-9.368828201681722589e-01
-9.455383264429327861e-01
-9.539085481786658827e-01
-9.619886581455955321e-01
-9.697738178230266293e-01
-9.772591784126325454e-01
-9.844398810555884394e-01
-9.913110576287256226e-01
-9.978678320473297614e-01
-1.004105319758497483e+00
-1.010018629912466492e+00
-1.015602865145482925e+00
-1.020853123389243500e+00
-1.025764498232782929e+00
-1.030332080442407428e+00
-1.034550958540713994e+00
-1.038416220760788988e+00
-1.041922955408096874e+00
-1.045066252814676799e+00
-1.047841206424809046e+00
-1.050242914676833728e+00
-1.052266481871683812e+00
-1.053907020488970669e+00
-1.055159652562159822e+00
-1.056019511343259332e+00
-1.056481743691280784e+00
-1.056541511230284947e+00
-1.056193993533997899e+00
-1.055434389573365994e+00
-1.054257919960263967e+00
-1.052659829770224098e+00
-1.050635390713766881e+00
-1.048179903814376646e+00
-1.045288702448362361e+00
-1.041957154950455822e+00
-1.038180667653674449e+00
-1.033954688001560873e+00
-1.029274707732801719e+00
-1.024136266572489573e+00
-1.018534955633874084e+00
-1.012466421037246711e+00
-1.005926367963090096e+00
-9.989105642709639188e-01
-9.914148457106967127e-01
-9.834351191793828662e-01
-9.749673682944638431e-01
-9.660076575916345387e-01
-9.565521378084136384e-01
-9.465970519638698955e-01
-9.361387407869480315e-01
-9.251736495923496006e-01
-9.136983353735456115e-01
-9.017094758499876184e-01
-8.892038798894943419e-01
-8.761784992334368249e-01
-8.626304454331175098e-01
-8.485570099707659963e-01
-8.339556917630607247e-01
-8.188242334223491126e-01
-8.031606691706758561e-01
-7.869633901968340339e-01
-7.702312308581884537e-01
-7.529635821688882569e-01
-7.351605414769210034e-01
-7.168231039030933394e-01
-6.979534074842534963e-01
-6.785550390413925825e-01
-6.586334122806773994e-01
-6.381962229767182970e-01
-6.172539888377296391e-01
-5.958206745592277143e-01
-5.739143975064701086e-01
-5.515582033861182731e-01
-5.287808927270345460e-01
-5.056178670478116421e-01
-4.821119565679905516e-01
-4.583141790880997934e-01
-4.342843714849667358e-01
-4.100916304194484052e-01
-3.858144922673593102e-01
-3.615407923448719085e-01
-3.373671424140003428e-01
-3.133979854300197321e-01
-2.897442071926909501e-01
-2.665213051184240900e-01
-2.438471477890041539e-01
-2.218393891139992524e-01
-2.006126277960907645e-01
-1.802754336938389990e-01
-1.609273768262342030e-01
-1.426562102522085373e-01
-1.255353546203435422e-01
-1.096218243672184151e-01
-9.495470963163255007e-02
-8.155430120838025321e-02
-6.942190392238692387e-02
-5.854034434008299759e-02
-4.887513489210739553e-02
-4.037621947834161423e-02
-3.298019195255590119e-02
-2.661285727921043967e-02
-2.119199131272174810e-02
-1.663015470619102001e-02
-1.283742422814537244e-02
-9.723922611466231242e-03
-7.202051721658633138e-03
