4.413126247951731917e-03
2.077966380210742592e-02
6.230603462519045815e-02
1.358137516588217575e-01
2.365324182364100802e-01
3.520893726186205552e-01
4.699620059489328372e-01
5.816379091916303867e-01
6.827419322460708262e-01
7.715284054220501453e-01
8.475320395391406914e-01
9.108242358625026069e-01
9.616979866399397725e-01
1.000552248077559714e+00
1.027848970923218364e+00
1.044093127260056875e+00
1.049820147501054901e+00
1.045586528148436667e+00
1.031962421333711077e+00
1.009525761592313886e+00
9.788576745518174915e-01
9.405389466201653503e-01
8.951473939943420666e-01
8.432559799914299825e-01
7.854315521352243090e-01
7.222341065869499754e-01
6.542164787044559837e-01
5.819243973238287237e-01
5.058968198358809731e-01
4.266665334917877361e-01
3.447609269011637223e-01
2.607029384875588773e-01
1.750121257100242245e-01
8.820582498061375898e-02
8.003944123282333593e-04
-8.668750850756135051e-02
-1.737396104669845509e-01
-2.598347060403836117e-01
-3.444473634751962776e-01
-4.270466546898158966e-01
-5.070949631820139691e-01
-5.840468782635798162e-01
-6.573482067918352545e-01
-7.264351517596600027e-01
-7.907336860986454719e-01
-8.496591823859108716e-01
-9.026163566851295172e-01
-9.489995949159477640e-01
-9.881937507322169356e-01
-1.019575520526750489e+00
-1.042515500953744345e+00
-1.056381102203920896e+00
-1.060540457284180782e+00
-1.054367554656593819e+00
-1.037248835089142007e+00
-1.008591587859438476e+00
-9.678347771693046608e-01
-9.144641538937325898e-01
-8.480383080692109887e-01
-7.682487439132467122e-01
-6.750818170930872331e-01
-5.692383879255159540e-01
-4.530476953072677393e-01
-3.319444998229364452e-01
-2.157624004665283646e-01
-1.177862432671192977e-01
-4.960025265523182458e-02
-1.374872721337143215e-02
