6.119358868270478174e-03
8.272320230493870191e-03
1.094482992990010797e-02
1.421991686147027964e-02
1.818461676698373761e-02
2.292809489354820374e-02
2.853939328335520012e-02
3.510486983401188421e-02
4.270542682123121964e-02
5.141365499295121738e-02
6.129103320428107293e-02
7.238534147614933412e-02
8.472843556239978424e-02
9.833452367327359667e-02
1.131990549170003441e-01
1.292983000158621776e-01
1.465896506241149144e-01
1.650126356192676558e-01
1.844905907105464093e-01
2.049328800357806957e-01
2.262375551366476167e-01
2.482942819484876273e-01
2.709873957176804349e-01
2.941989127819199523e-01
3.178113723353047093e-01
3.417103766679876475e-01
3.657867584436096386e-01
3.899383014064090047e-01
4.140710117676565383e-01
4.380999302832933040e-01
4.619495252647665140e-01
4.855537172598206608e-01
5.088555959109890559e-01
5.318068954345027688e-01
5.543673045714309078e-01
5.765036699264897146e-01
5.981891479910715903e-01
6.194023585414508704e-01
6.401265695936597666e-01
6.603489413461800517e-01
6.800598496657099812e-01
6.992522922282499165e-01
7.179213780392825761e-01
7.360639017082224456e-01
7.536779937194368895e-01
7.707628373631156826e-01
7.873184444368217516e-01
8.033454795848467000e-01
8.188451231424960230e-01
8.338189693730616581e-01
8.482689480104113056e-01
8.621972633169757705e-01
8.756063517428029908e-01
8.884988486318227130e-01
9.008775630344109109e-01
9.127454576587713531e-01
9.241056349744199983e-01
9.349613249803553350e-01
9.453158753616937027e-01
9.551727438900120548e-01
9.645354910408238114e-01
9.734077720320338800e-01
9.817933337116973025e-01
9.896960073202514252e-01
9.971197043649875358e-01
1.004068412132634203e+00
1.010546187392498796e+00
1.016557154152758935e+00
1.022105498738780094e+00
1.027195465812342556e+00
1.031831354246113941e+00
1.036017515314206161e+00
1.039758346540072820e+00
1.043058290466088334e+00
1.045921830383264250e+00
1.048353488594184979e+00
1.050357821563702831e+00
1.051939418543761828e+00
1.053102898388779574e+00
1.053852907456694910e+00
1.054194116424348682e+00
1.054131219057063529e+00
1.053668928951648320e+00
1.052811977726956005e+00
1.051565112997307816e+00
1.049933096924940079e+00
1.047920703614406923e+00
1.045532717230761577e+00
1.042773931565288859e+00
1.039649147647042415e+00
1.036163172512424291e+00
1.032320816382453765e+00
1.028126893820812349e+00
1.023586219318803003e+00
1.018703609466682147e+00
1.013483879986173841e+00
1.007931844065782512e+00
1.002052313084571766e+00
9.958500930656548622e-01
9.893299861961289965e-01
9.824967897414079721e-01
9.753552940186480669e-01
9.679102820348589598e-01
9.601665290526382179e-01
9.521288030244370315e-01
9.438018614803195261e-01
9.351904525412509939e-01
9.262993142676980707e-01
9.171331738634748154e-01
9.076967481100081114e-01
8.979947422082952269e-01
8.880318484761053899e-01
8.778127480850439479e-01
8.673421099748875873e-01
8.566245887546308779e-01
8.456648278871047308e-01
8.344674559977146577e-01
8.230370895524146135e-01
8.113783316272866752e-01
7.994957710400091289e-01
7.873939830012547381e-01
7.750775291870691808e-01
7.625509562189394241e-01
7.498187984865235522e-01
7.368855762658307329e-01
7.237557952125776017e-01
7.104339481716304139e-01
6.969245139465840566e-01
6.832319571550072856e-01
6.693607289522188752e-01
6.553152685512197984e-01
6.410999995314305977e-01
6.267193336747087784e-01
6.121776704587056361e-01
5.974793950302903500e-01
5.826288818968121674e-01
5.676304920309932500e-01
5.524885730880615409e-01
5.372074635312784618e-01
5.217914877826346221e-01
5.062449609997767830e-01
4.905721853847459513e-01
4.747774530790846437e-01
4.588650454400601264e-01
4.428392336196860235e-01
4.267042791437437033e-01
4.104644331156276360e-01
3.941239387495644730e-01
3.776870293440380832e-01
3.611579291503214106e-01
3.445408555438072007e-01
3.278400169250551555e-01
3.110596137330795541e-01
2.942038408338127908e-01
2.772768841183541610e-01
2.602829252798972148e-01
2.432261387014891807e-01
2.261106934826061510e-01
2.089407528601317510e-01
1.917204764520652194e-01
1.744540179414355574e-01
1.571455278266535860e-01
1.397991525529796719e-01
1.224190359600775130e-01
1.050093176897049785e-01
8.757413723886457724e-02
7.011762954476465082e-02
5.264393026839032236e-02
3.515717116233167683e-02
1.766148622288710862e-02
1.610072026467158533e-04
-1.734013349440022625e-02
-3.483780295762063661e-02
-5.232786762498227440e-02
-6.980619111172309266e-02
-8.726863862539020744e-02
-1.047110690766720059e-01
-1.221293414486345347e-01
-1.395193108883265032e-01
-1.568768292134230802e-01
-1.741977437541828710e-01
-1.914778985114909127e-01
-2.087131315512620322e-01
-2.258992774652820168e-01
-2.430321641865896276e-01
-2.601076142198970875e-01
-2.771214437006803144e-01
-2.940694618885350553e-01
-3.109474705881553058e-01
-3.277512651626210416e-01
-3.444766317830461055e-01
-3.611193490932649852e-01
-3.776751876308112599e-01
-3.941399076555871517e-01
-4.105092611764387112e-01
-4.267789913721340977e-01
-4.429448295515011624e-01
-4.590024966009808027e-01
-4.749477044321808727e-01
-4.907761522906141649e-01
-5.064835291441620591e-01
-5.220655116564993925e-01
-5.375177661412916530e-01
-5.528359440747787623e-01
-5.680156868727023189e-01
-5.830526216200221379e-01
-5.979423627356029725e-01
-6.126805124064802488e-01
-6.272626574756204887e-01
-6.416843734226930218e-01
-6.559412198042764430e-01
-6.700287435108543965e-01
-6.839424765954845720e-01
-6.976779369251984164e-01
-7.112306270953355769e-01
-7.245960368903850979e-01
-7.377696389413246347e-01
-7.507468934301696484e-01
-7.635232433854239886e-01
-7.760941188076081465e-01
-7.884549335570185669e-01
-8.006010870907921406e-01
-8.125279633772407584e-01
-8.242309324157832684e-01
-8.357053479932362583e-01
-8.469465509408111714e-01
-8.579498658047395310e-01
-8.687106041032696124e-01
-8.792240608525372370e-01
-8.894855199948922264e-01
-8.994902495495934458e-01
-9.092335042184055416e-01
-9.187105256751095794e-01
-9.279165422759924065e-01
-9.368467702902673055e-01
-9.454964138276964469e-01
-9.538606650557235334e-01
-9.619347049232509494e-01
-9.697137041015498893e-01
-9.771928223328606444e-01
-9.843672105293459484e-01
-9.912320100493140496e-01
-9.977823550133043673e-01
-1.004013371942199528e+00
-1.009920180481001628e+00
-1.015497894194987483e+00
-1.020741623681948873e+00
-1.025646474400861097e+00
-1.030207549711747550e+00
-1.034419950296656676e+00
-1.038278777271903097e+00
-1.041779132260445051e+00
-1.044916119490838069e+00
-1.047684847751431336e+00
-1.050080429521836445e+00
-1.052097983144257176e+00
-1.053732636442374249e+00
-1.054979526504212783e+00
-1.055833802070604399e+00
-1.056290626068407956e+00
-1.056345176261907826e+00
-1.055992649016453289e+00
-1.055228259732725826e+00
-1.054047245886600370e+00
-1.052444869562365826e+00
-1.050416419334543772e+00
-1.047957213886773209e+00
-1.045062604400274653e+00
-1.041727976942312894e+00
-1.037948755288927494e+00
-1.033720405122837915e+00
-1.029038436494285502e+00
-1.023898406933273719e+00
-1.018295925936984370e+00
-1.012226657575374889e+00
-1.005686325195727759e+00
-9.986707151862895815e-01
-9.911756811741777584e-01
-9.831971489470625603e-01
-9.747311196377858034e-01
-9.657736772516396506e-01
-9.563209893177659904e-01
-9.463693181076981986e-01
-9.359150228790686921e-01
-9.249545684885541741e-01
-9.134845310373347349e-01
-9.015016091620132732e-01
-8.890026328646929432e-01
-8.759845782056473462e-01
-8.624445840949440667e-01
-8.483799721239303482e-01
-8.337882771086168043e-01
-8.186672822652327763e-01
-8.030150705983835069e-01
-7.868300921399208336e-01
-7.701112505126552765e-01
-7.528580169975896963e-01
-7.350705833955922808e-01
-7.167500502093805403e-01
-6.978986729447871351e-01
-6.785201648666211449e-01
-6.586200700332618396e-01
-6.382062101564934808e-01
-6.172892157089655552e-01
-5.958831399041043531e-01
-5.740061483107065099e-01
-5.516812785291324017e-01
-5.289372491567039258e-01
-5.058092888740992610e-01
-4.823399492467678185e-01
-4.585798530378271676e-01
-4.345883189722497542e-01
-4.104338059911002423e-01
-3.861941033877168694e-01
-3.619562079827783885e-01
-3.378158334035917809e-01
-3.138765032640630781e-01
-2.902482076177096415e-01
-2.670456187753197375e-01
-2.443859005047708810e-01
-2.223861697455778441e-01
-2.011606905260013567e-01
-1.808179310863304301e-01
-1.614575999040688548e-01
-1.431678330246749231e-01
-1.260226566808299309e-01
-1.100798822236262048e-01
-9.537954692626376962e-02
-8.194298483550467582e-02
-6.977258669488814458e-02
-5.885225121960356576e-02
-4.914850054520014666e-02
-4.061218170032685620e-02
-3.318065407754006158e-02
-2.678032881346846528e-02
-2.132942052510907599e-02
-1.674076314561146958e-02
-1.292455226052174888e-02
-9.790893960377137356e-03
-7.252061228641712085e-03
