6.119949040446741838e-03
8.273113580405902501e-03
1.094586887539558163e-02
1.422124742571036042e-02
1.818628764205676429e-02
2.293015555864985275e-02
2.854189235819612827e-02
3.510785289843992851e-02
4.270893391820122786e-02
5.141771715439610868e-02
6.129567084070834670e-02
7.239056106536188862e-02
8.473422860001950108e-02
9.834086464616612067e-02
1.132059016289746617e-01
1.293055928638937868e-01
1.465973154934531730e-01
1.650205860909553790e-01
1.844987287851965474e-01
2.049411038056112300e-01
2.262457577721938007e-01
2.483023595877698886e-01
2.709952499270456006e-01
2.942064542473033506e-01
3.178185209346078288e-01
3.417170674784260620e-01
3.657929388466054643e-01
3.899439348512308556e-01
4.140760740077794599e-01
4.381044108239528501e-01
4.619534253363833387e-01
4.855570472847815511e-01
5.088583739837155839e-01
5.318091459462751525e-01
5.543690556047913276e-01
5.765049524590878383e-01
5.981899941586000802e-01
6.194027985254048074e-01
6.401266333584012536e-01
6.603486575532727665e-01
6.800592464700737638e-01
6.992513929354998714e-01
7.179202058826558153e-01
7.360624779667587214e-01
7.536763378627336918e-01
7.707609663999294147e-01
7.873163755930415730e-01
8.033432274083875946e-01
8.188427022536505229e-01
8.338163930169464333e-01
8.482662292150097150e-01
8.621944140246060595e-01
8.756033840405388347e-01
8.884957739553384082e-01
9.008743912994495728e-01
9.127421988534536457e-01
9.241022989421111555e-01
9.349579217091760208e-01
9.453124141883655351e-01
9.551692345855226085e-01
9.645319413495855310e-01
9.734041910736351833e-01
9.817897295200612717e-01
9.896923880016791353e-01
9.971160783876681366e-01
1.004064785359160217e+00
1.010542567567282779e+00
1.016553548368813953e+00
1.022101912858698780e+00
1.027191906494872020e+00
1.031827827498602135e+00
1.036014027071623378e+00
1.039754902085990196e+00
1.043054895807853821e+00
1.045918489791161088e+00
1.048350207062273665e+00
1.050354602783245328e+00
1.051936267436440975e+00
1.053099818211591376e+00
1.053849901900900887e+00
1.054191189470721657e+00
1.054128373094067372e+00
1.053666165861102844e+00
1.052809300910612533e+00
1.051562525133140413e+00
1.049930599894768779e+00
1.047918299010540899e+00
1.045530406862642758e+00
1.042771717387114938e+00
1.039647031251122566e+00
1.036161153898758291e+00
1.032318895768174816e+00
1.028125071567808746e+00
1.023584496367984986e+00
1.018701986831336948e+00
1.013482356797769324e+00
1.007930420903340396e+00
1.002050988934803932e+00
9.958488681456949543e-01
9.893288594203114572e-01
9.824957600240675770e-01
9.753543601293640508e-01
9.679094425260776902e-01
9.601657828386943594e-01
9.521281489472874782e-01
9.438012973686338292e-01
9.351899772369861585e-01
9.262989258166566264e-01
9.171328707457253593e-01
9.076965275751984752e-01
8.979946025917386887e-01
8.880317873893383007e-01
8.778127634291134074e-01
8.673421989994415382e-01
8.566247487093171520e-01
8.456650566005928793e-01
8.344677512262963504e-01
8.230374483286047038e-01
8.113787510559777871e-01
7.994962480813383454e-01
7.873945152667584102e-01
7.750781132026184350e-01
7.625515898132038117e-01
7.498194786920177046e-01
7.368862996084258876e-01
7.237565587247885013e-01
7.104347485240835036e-01
6.969253479546612118e-01
6.832328224302448572e-01
6.693616216585995815e-01
6.553161853593699737e-01
6.411009377633758444e-01
6.267202910143632177e-01
6.121786438662063512e-01
5.974803822619291216e-01
5.826298791165716029e-01
5.676314960542552246e-01
5.524895822501392217e-01
5.372084743580428645e-01
5.217924983198882760e-01
5.062459679905237930e-01
4.905731858615012264e-01
4.747784436400969144e-01
4.588660242035095815e-01
4.428401985589974776e-01
4.267052272190542395e-01
4.104653628793835662e-01
3.941248480304352375e-01
3.776879144507617192e-01
3.611587894314986502e-01
3.445416878148199191e-01
3.278408194488389160e-01
3.110603849897028983e-01
2.942045784348120696e-01
2.772775870504417539e-01
2.602835920955194893e-01
2.432267681702253992e-01
2.261112832883703794e-01
2.089413023515248324e-01
1.917209831682457621e-01
1.744544815205151811e-01
1.571459469658339214e-01
1.397995268179945960e-01
1.224193646271501956e-01
1.050096006140800314e-01
8.757437210445605247e-02
7.011781642395022163e-02
5.264406908879230851e-02
3.515726214108313291e-02
1.766152827432274780e-02
1.610006162772785411e-04
-1.734018871857474081e-02
-3.483790703673328437e-02
-5.232802026952231012e-02
-6.980639188742440715e-02
-8.726888572281063516e-02
-1.047113632195884186e-01
-1.221296825646692313e-01
-1.395196976746811424e-01
-1.568772605844323820e-01
-1.741982189136922765e-01
-1.914784160119467060e-01
-2.087136900898658720e-01
-2.258998764630123779e-01
-2.430328020511374199e-01
-2.601082895037086229e-01
-2.771221538705365695e-01
-2.940702054968822865e-01
-3.109482461874398251e-01
-3.277520707986453230e-01
-3.444774650673464444e-01
-3.611202092296868504e-01
-3.776760716518695604e-01
-3.941408146203719820e-01
-4.105101883345979585e-01
-4.267799359733157605e-01
-4.429457885558423236e-01
-4.590034688504384675e-01
-4.749486860907377594e-01
-4.907771413316950326e-01
-5.064845231069255993e-01
-5.220665081524819007e-01
-5.375187616239865962e-01
-5.528369365176108996e-01
-5.680166720053881901e-01
-5.830535974159865020e-01
-5.979433266616267506e-01
-6.126814612779453162e-01
-6.272635878907756313e-01
-6.416852825588084119e-01
-6.559421052005107722e-01
-6.700296018378341101e-01
-6.839433052476130426e-01
-6.976787317045697323e-01
-7.112313861925076974e-01
-7.245967561074521113e-01
-7.377703163240890705e-01
-7.507475249254810246e-01
-7.635238269667071753e-01
-7.760946507112235215e-01
-7.884554107431032133e-01
-8.006015072432600688e-01
-8.125283235286069328e-01
-8.242312294538071127e-01
-8.357055798189649831e-01
-8.469467139353603624e-01
-8.579499586653108745e-01
-8.687106238623779619e-01
-8.792240056283627814e-01
-8.894853867475721598e-01
-8.994900358182863487e-01
-9.092332075422701054e-01
-9.187101435209268363e-01
-9.279160735580970210e-01
-9.368462131268395776e-01
-9.454957661197833652e-01
-9.538599253557713542e-01
-9.619338712046844320e-01
-9.697127741930384737e-01
-9.771917958001382631e-01
-9.843660865762581258e-01
-9.912307881692168365e-01
-9.977810343376656288e-01
-1.004011951747242337e+00
-1.009918660187704598e+00
-1.015496273369084435e+00
-1.020739902395817467e+00
-1.025644651858346856e+00
-1.030205624971940459e+00
-1.034417924300466751e+00
-1.038276651828772268e+00
-1.041776909324571232e+00
-1.044913799351731676e+00
-1.047682430988114088e+00
-1.050077917292351115e+00
-1.052095377475178894e+00
-1.053729939505033908e+00
-1.054976740397562951e+00
-1.055830929110731287e+00
-1.056287670163706505e+00
-1.056342140307485522e+00
-1.055989536052173161e+00
-1.055225072943205777e+00
-1.054043989252613223e+00
-1.052441546196152045e+00
-1.050413033506386817e+00
-1.047953770663111239e+00
-1.045059109354189442e+00
-1.041724433765066404e+00
-1.037945169698356818e+00
-1.033716782185381211e+00
-1.029034782506801582e+00
-1.023894727830732654e+00
-1.018292229174287966e+00
-1.012222948797982580e+00
-1.005682611713785812e+00
-9.986670044546995806e-01
-9.911719805754638513e-01
-9.831934670217917782e-01
-9.747274657226795425e-01
-9.657700577883119308e-01
-9.563174140048268379e-01
-9.463657957752252825e-01
-9.359115630809166086e-01
-9.249511799824228220e-01
-9.134812241008557487e-01
-9.014983943623287033e-01
-8.889995209137003807e-01
-8.759815803942657686e-01
-8.624417114969594733e-01
-8.483772367540386439e-01
-8.337856903301147371e-01
-8.186648568165930673e-01
-8.030128216065426372e-01
-7.868280344423044248e-01
-7.701093985124227714e-01
-7.528563891510510198e-01
-7.350691971457699037e-01
-7.167489251706273823e-01
-6.978978315541859434e-01
-6.785196313706967075e-01
-6.586198689680498042e-01
-6.382063694597807091e-01
-6.172897646937147709e-01
-5.958841107783859892e-01
-5.740075721245478935e-01
-5.516831856087841546e-01
-5.289396701179271965e-01
-5.058122508585262134e-01
-4.823434746191035405e-01
-4.585839588068279515e-01
-4.345930155603023870e-01
-4.104390922401617292e-01
-3.861999664145590594e-01
-3.619626236132541530e-01
-3.378227637117935944e-01
-3.138838941838593688e-01
-2.902559921273630827e-01
-2.670537173317532598e-01
-2.443942229977652814e-01
-2.223946178862353518e-01
-2.011691614656299920e-01
-1.808263171269332559e-01
-1.614657978712542852e-01
-1.431757452447555146e-01
-1.260301939483075562e-01
-1.100869690485742486e-01
-9.538612117243866484e-02
-8.194900115828608611e-02
-6.977801599844624114e-02
-5.885708130829823970e-02
-4.915273456746074854e-02
-4.061583704489246660e-02
-3.318375969548513493e-02
-2.678292358970487189e-02
-2.133155003948465286e-02
-1.674247721206869113e-02
-1.292590252958687562e-02
-9.791931974009902492e-03
-7.252836375565683939e-03
