6.061648334771305505e-03
8.194751110076742978e-03
1.084325627942483820e-02
1.408983643601870520e-02
1.802127698531581085e-02
2.272664030763748080e-02
2.829505339848431555e-02
3.481318267439779263e-02
4.236248894969470158e-02
5.101638317434663283e-02
6.083742241385298177e-02
7.187469775664316607e-02
8.416156454983980684e-02
9.771385533990489813e-02
1.125286903272741112e-01
1.285839677550686400e-01
1.458385754328830053e-01
1.642333185101546300e-01
1.836925134499452772e-01
2.041261591423918220e-01
2.254325579902314858e-01
2.475012423195961375e-01
2.702160444967022790e-01
2.934581545232012867e-01
3.171090195586634963e-01
3.410529621833735536e-01
3.651794222247803923e-01
3.893847618569893365e-01
4.135736038641785184e-01
4.376597065420684829e-01
4.615664032476104461e-01
4.852266563203622152e-01
5.085827881270065243e-01
5.315859589287235121e-01
5.541954648900127012e-01
5.763779201384625628e-01
5.981063864230742322e-01
6.193594963309725365e-01
6.401206121863148857e-01
6.603770453845690946e-01
6.801193560660224735e-01
6.993407400044023836e-01
7.180365059676049322e-01
7.362036395697585389e-01
7.538404465939863019e-01
7.709462667386577372e-01
7.875212478713855546e-01
8.035661706578923758e-01
8.190823147356689482e-01
8.340713570233247998e-01
8.485352960859071647e-01
8.624763952460388072e-01
8.758971408943709847e-01
8.888002112948011346e-01
9.011884533512354301e-01
9.130648647302999077e-01
9.244325797476922180e-01
9.352948585839061524e-01
9.456550781646433368e-01
9.555167242716450238e-01
9.648833848115679901e-01
9.737587434467472880e-01
9.821465740944930189e-01
9.900507357158963018e-01
9.974751671046357959e-01
1.004423882471939589e+00
1.010900966452523919e+00
1.016910570558087423e+00
1.022456908400382947e+00
1.027544252217089671e+00
1.032176928456773002e+00
1.036359314811400978e+00
1.040095836452702649e+00
1.043390962775174291e+00
1.046249204139082067e+00
1.048675108541089029e+00
1.050673259370546564e+00
1.052248271790610312e+00
1.053404790784042921e+00
1.054147487896217372e+00
1.054481059425675937e+00
1.054410223529021140e+00
1.053939718266720282e+00
1.053074299576528317e+00
1.051818738885025306e+00
1.050177821225796393e+00
1.048156343791877720e+00
1.045759113547293451e+00
1.042990946213767645e+00
1.039856663809882953e+00
1.036361094216814216e+00
1.032509068645110606e+00
1.028305421055673019e+00
1.023754986639823006e+00
1.018862600226993598e+00
1.013633095778085469e+00
1.008071304431270132e+00
1.002182054574366266e+00
9.959701698182660268e-01
9.894404687798005193e-01
9.825977637065649306e-01
9.754468601874071165e-01
9.679925561391403699e-01
9.602396407932554112e-01
9.521928946959208329e-01
9.438570885499398821e-01
9.352369827804843938e-01
9.263373273903391381e-01
9.171628608018593809e-01
9.077183100017260919e-01
8.980083898171685730e-01
8.880378026988321460e-01
8.778112382865114194e-01
8.673333731196400942e-01
8.566088707820459502e-01
8.456423807439077400e-01
8.344385392302881010e-01
8.230019682078449916e-01
8.113372758914764171e-01
7.994490560205430585e-01
7.873418882931343399e-01
7.750203379318026942e-01
7.624889560454515269e-01
7.497522793398246899e-01
7.368148299727514949e-01
7.236811157712790266e-01
7.103556306659387642e-01
6.968428540393472037e-01
6.831472510880944871e-01
6.692732734741433376e-01
6.552253584562970357e-01
6.410079299758645321e-01
6.266253980776391730e-01
6.120821597060528418e-01
5.973825986327988558e-01
5.825310853120762022e-01
5.675319777491216744e-01
5.523896212106995662e-01
5.371083488041227261e-01
5.216924815496303269e-01
5.061463286698990593e-01
4.904741880966863032e-01
4.746803462536973717e-01
4.587690789974954719e-01
4.427446513279908458e-01
4.266113182569730156e-01
4.103733247357332914e-01
3.940349060893305055e-01
3.776002885956129540e-01
3.610736893404625780e-01
3.444593170139499394e-01
3.277613722722222400e-01
3.109840478098813144e-01
2.941315291561380496e-01
2.772079945300570669e-01
2.602176155643335376e-01
2.431645578119369377e-01
2.260529809632442211e-01
2.088870390631728247e-01
1.916708814520905746e-01
1.744086525486826522e-01
1.571044927184838125e-01
1.397625385633891326e-01
1.223869233559201214e-01
1.049817772563577528e-01
8.755122825365246886e-02
7.009940187591337524e-02
5.263042227607353518e-02
3.514841230426763580e-02
1.765749394209816664e-02
1.617889540345463265e-04
-1.733458089545381400e-02
-3.482749340763138107e-02
-5.231282515334196442e-02
-6.978645147300868712e-02
-8.724424604236791225e-02
-1.046820799315593131e-01
-1.220958220393919408e-01
-1.394813375734128558e-01
-1.568344885565509939e-01
-1.741511329585848367e-01
-1.914271243342539341e-01
-2.086583113166153303e-01
-2.258405376170432299e-01
-2.429696408671863650e-01
-2.600414529084784654e-01
-2.770517989959839222e-01
-2.939964975088868449e-01
-3.108713595886028469e-01
-3.276721887045127013e-01
-3.443947800025632944e-01
-3.610349205224007707e-01
-3.775883882564603500e-01
-3.940509519328335708e-01
-4.104183707257573199e-01
-4.266863938937254797e-01
-4.428507603452228603e-01
-4.589071983492143958e-01
-4.748514251732567359e-01
-4.906791468663651568e-01
-5.063860573904813700e-01
-5.219678392718727356e-01
-5.374201624430891000e-01
-5.527386843877184486e-01
-5.679190497061202825e-01
-5.829568897535382099e-01
-5.978478226400987250e-01
-6.125874527965456950e-01
-6.271713709018629235e-01
-6.415951533766296455e-01
-6.558543623106436460e-01
-6.699445453905428227e-01
-6.838612355379173335e-01
-6.975999511264423525e-01
-7.111561951857234831e-01
-7.245254557631856107e-01
-7.377032057069392579e-01
-7.506849023762701689e-01
-7.634659879311499475e-01
-7.760418891151031895e-01
-7.884080170380743935e-01
-8.005597673935604952e-01
-8.124925203138563257e-01
-8.242016405871871454e-01
-8.356824777300863039e-01
-8.469303656978846018e-01
-8.579406233913544622e-01
-8.687085548014646941e-01
-8.792294489370031663e-01
-8.894985801140873338e-01
-8.995112083904306388e-01
-9.092625794205870804e-01
-9.187479252521052464e-01
-9.279624641083962233e-01
-9.369014014020202730e-01
-9.455599295175541874e-01
-9.539332287525013054e-01
-9.620164674620467204e-01
-9.698048027828342077e-01
-9.772933810672321808e-01
-9.844773386071107302e-01
-9.913518025747516393e-01
-9.979118911676034820e-01
-1.004152714549191527e+00
-1.010069376079538950e+00
-1.015656972677054348e+00
-1.020910596193708830e+00
-1.025825334283567258e+00
-1.030396270837055095e+00
-1.034618488297044170e+00
-1.038487067658851792e+00
-1.041997090496818101e+00
-1.045143640194724055e+00
-1.047921802814326009e+00
-1.050326669339062491e+00
-1.052353336470209344e+00
-1.053996909087720590e+00
-1.055252501191139336e+00
-1.056115237853794353e+00
-1.056580257828396929e+00
-1.056642714777462189e+00
-1.056297779372260770e+00
-1.055540642115549765e+00
-1.054366515006259108e+00
-1.052770634289843299e+00
-1.050748262846745940e+00
-1.048294692870372469e+00
-1.045405248617444105e+00
-1.042075289013593808e+00
-1.038300211417005015e+00
-1.034075453789743859e+00
-1.029396498968041751e+00
-1.024258876978381139e+00
-1.018658169669667934e+00
-1.012590013680716661e+00
-1.006050104927666222e+00
-9.990342020781100008e-01
-9.915381310385114055e-01
-9.835577896587538449e-01
-9.750891517852915413e-01
-9.661282727618527577e-01
-9.566712941339903242e-01
-9.467144492221629681e-01
-9.362540693462163555e-01
-9.252865898327311545e-01
-9.138085578318132507e-01
-9.018166407129047935e-01
-8.893076357633951101e-01
-8.762784828547145466e-01
-8.627262799311603558e-01
-8.486483029137599221e-01
-8.340420327695253766e-01
-8.189051906870090658e-01
-8.032357860627094004e-01
-7.870321797591688373e-01
-7.702931705239308702e-01
-7.530181074644639594e-01
-7.352070387119294947e-01
-7.168609038010710366e-01
-6.979817788858151406e-01
-6.785731844891924602e-01
-6.586404656309456929e-01
-6.381912508468146061e-01
-6.172359976991566022e-01
-5.957886236208588260e-01
-5.738672198488343756e-01
-5.514948357810063317e-01
-5.287003142871837813e-01
-5.055191470685560517e-01
-4.819943100409465053e-01
-4.581770279326881634e-01
-4.341274086750429584e-01
-4.099148825176233135e-01
-3.856183768205042051e-01
-3.613261639887044852e-01
-3.371353226926915858e-01
-3.131507736528466590e-01
-2.894838671889202186e-01
-2.662505257914729029e-01
-2.435689797859649230e-01
-2.215571570315064409e-01
-2.003298240022552412e-01
-1.799955978917784083e-01
-1.606539706597316375e-01
-1.423924921285044942e-01
-1.252842655705247998e-01
-1.093858895763762107e-01
-9.473596323844657441e-02
-8.135423763112473172e-02
-6.924145762936742554e-02
-5.837989773880415678e-02
-4.873455209346351513e-02
-4.025490146650791135e-02
-3.287714829318101606e-02
-2.652678797857948093e-02
-2.112137307386369525e-02
-1.657332592742387714e-02
-1.279266396713173506e-02
-9.689519968272646694e-03
-7.176363284020355685e-03
