5.864761688490166373e-03
6.251547393046350334e-03
6.656462321291418960e-03
7.080114349622287050e-03
7.523121125611978086e-03
7.986109845477660021e-03
8.469716798901641419e-03
8.974587035233421231e-03
9.501373979116309321e-03
1.005073892473296211e-02
1.062335064131691639e-02
1.121988485728302870e-02
1.184102376458812285e-02
1.248745544217089512e-02
1.315987330973711171e-02
1.385897557142970124e-02
1.458546455834796099e-02
1.534004614187238491e-02
1.612342900537824808e-02
1.693632397663972708e-02
1.777944334000383306e-02
1.865350018902469861e-02
1.955920747564522319e-02
2.049727742352188201e-02
2.146842059743653275e-02
2.247334531662123838e-02
2.351275652186829435e-02
2.458735529000594805e-02
2.569783768077822314e-02
2.684489408947923761e-02
2.802920809383302458e-02
2.925145611008050234e-02
3.051230589594628936e-02
3.181241606511442388e-02
3.315243491387802333e-02
3.453299977377356778e-02
3.595473595961165558e-02
3.741825579842841115e-02
3.892415794165946658e-02
4.047302639409135899e-02
4.206542958327336851e-02
4.370191938846892249e-02
4.538303049328993449e-02
4.710927937418784434e-02
4.888116341032582024e-02
5.069916035759408635e-02
5.256372713479923187e-02
5.447529945952103020e-02
5.643429051292064152e-02
5.844109098020098397e-02
6.049606763449423552e-02
6.259956289179795241e-02
6.475189444683181195e-02
6.695335409968730667e-02
6.920420735122417843e-02
7.150469324122894765e-02
7.385502329644569319e-02
7.625538144965533782e-02
7.870592306862704557e-02
8.120677519888042095e-02
8.375803551171619177e-02
8.635977262789906739e-02
8.901202522752993396e-02
9.171480213096651346e-02
9.446808221790266302e-02
9.727181378000272771e-02
1.001259150873464593e-01
1.030302736601426128e-01
1.059847464305704312e-01
1.089891603092245226e-01
1.120433116186700107e-01
1.151469658506802940e-01
1.182998591228098806e-01
1.215016974501080399e-01
1.247521566641980467e-01
1.280508836270878303e-01
1.313974960693287120e-01
1.347915829946187138e-01
1.382327053271684980e-01
1.417203959117012690e-01
1.452541602417391775e-01
1.488334774306519226e-01
1.524578000498152675e-01
1.561265552615010432e-01
1.598391453044015753e-01
1.635949479791536376e-01
1.673933177003080475e-01
1.712335863864573038e-01
1.751150634602357259e-01
1.790370369812092910e-01
1.829987751024486353e-01
1.869995267178946041e-01
1.910385214623583905e-01
1.951149710062527742e-01
1.992280711595308673e-01
2.033770007387959711e-01
2.075609238330816397e-01
2.117789906130587152e-01
2.160303379784011546e-01
2.203140911762001553e-01
2.246293633154400060e-01
2.289752581183022717e-01
2.333508697583243086e-01
2.377552843169722374e-01
2.421875801073236634e-01
2.466468299398477393e-01
2.511321006368808506e-01
2.556424543273579375e-01
2.601769503889098667e-01
2.647346451241801568e-01
2.693145937029226555e-01
2.739158498383180707e-01
2.785374687001200833e-01
2.831785049725581982e-01
2.878380162530074227e-01
2.925150622427813429e-01
2.972087068510707031e-01
3.019180175475775219e-01
3.066420676282952673e-01
3.113799357299843473e-01
3.161307066393795884e-01
3.208934732352868302e-01
3.256673360030591380e-01
3.304514038438037260e-01
3.352447943980648160e-01
3.400466355023963883e-01
3.448560656748866360e-01
3.496722333059508192e-01
3.544942986004281926e-01
3.593214329302164556e-01
3.641528206145274726e-01
3.689876577869970475e-01
3.738251541759410324e-01
3.786645322951477377e-01
3.835050284149268962e-01
3.883458925621092184e-01
3.931863893292540379e-01
3.980257970654417776e-01
4.028634094946883515e-01
4.076985340975309846e-01
4.125304937294422269e-01
4.173586264589889128e-01
4.221822852441489138e-01
4.270008380941528459e-01
4.318136683931667608e-01
4.366201749002922017e-01
4.414197714258834560e-01
4.462118869933886511e-01
4.509959658393502546e-01
4.557714680607703461e-01
4.605378673493307207e-01
4.652946537426974061e-01
4.700413313587404329e-01
4.747774198521067524e-01
4.795024519865988544e-01
4.842159768720032398e-01
4.889175565654205746e-01
4.936067673659969568e-01
4.982831998149240826e-01
5.029464575625490763e-01
5.075961585012646049e-01
5.122319331470945869e-01
5.168534251252184797e-01
5.214602911699711685e-01
5.260522001537948356e-01
5.306288332490795012e-01
5.351898832807984174e-01
5.397350555357143254e-01
5.442640663058070372e-01
5.487766438593220109e-01
5.532725256894657218e-01
5.577514614275519422e-01
5.622132102535384313e-01
5.666575420289170495e-01
5.710842363256652954e-01
5.754930812933561901e-01
5.798838757630970786e-01
5.842564266580663190e-01
5.886105501264036199e-01
5.929460700846375110e-01
5.972628191887331406e-01
6.015606381867271146e-01
6.058393747858372702e-01
6.100988842998287254e-01
6.143390299726961823e-01
6.185596805510428231e-01
6.227607127117023023e-01
6.269420089577988353e-01
6.311034576187484202e-01
6.352449539831482861e-01
6.393663981948384256e-01
6.434676959002674224e-01
6.475487588958578344e-01
6.516095031859095998e-01
6.556498499536480562e-01
6.596697250757000974e-01
6.636690587984108713e-01
6.676477858996856529e-01
6.716058455271483041e-01
6.755431802270923658e-01
6.794597365918472187e-01
6.833554646124121446e-01
6.872303183258221537e-01
6.910842545204164411e-01
6.949172335450455318e-01
6.987292183380228172e-01
7.025201749126488426e-01
7.062900723572110850e-01
7.100388820257772515e-01
7.137665778618776935e-01
7.174731363985055177e-01
7.211585364344339499e-01
7.248227588723746839e-01
7.284657863952950230e-01
7.320876036282596422e-01
7.356881981094787193e-01
7.392675578626864974e-01
7.428256738247632773e-01
7.463625372562721072e-01
7.498781426546042850e-01
7.533724841934686944e-01
7.568455586360366416e-01
7.602973635546866893e-01
7.637278979783704846e-01
7.671371627162950624e-01
7.705251585776675682e-01
7.738918883137921867e-01
7.772373556470217881e-01
7.805615651089162776e-01
7.838645220402425950e-01
7.871462334001823047e-01
7.904067059860752087e-01
7.936459478899926534e-01
7.968639688224200546e-01
8.000607778464774444e-01
8.032363856436989247e-01
8.063908033811428844e-01
8.095240425495505709e-01
8.126361160962360941e-01
8.157270368066721344e-01
8.187968184373799474e-01
8.218454750685635357e-01
8.248730211041098714e-01
8.278794724044787889e-01
8.308648441827642950e-01
8.338291527849504003e-01
8.367724150425455143e-01
8.396946481107407934e-01
8.425958691447273941e-01
8.454760962707450478e-01
8.483353479387163443e-01
8.511736425985638732e-01
8.539909998331002283e-01
8.567874387396137159e-01
8.595629789009169297e-01
8.623176407090294981e-01
8.650514443941297316e-01
8.677644108337616569e-01
8.704565612291520482e-01
8.731279171052106491e-01
8.757784993394814865e-01
8.784083304279226567e-01
8.810174323809681907e-01
8.836058281801005831e-01
8.861735401594368344e-01
8.887205914623006464e-01
8.912470052320160541e-01
8.937528050974313798e-01
8.962380142018705476e-01
8.987026574689130909e-01
9.011467586892487613e-01
9.035703419772500578e-01
9.059734325801794830e-01
9.083560550979337123e-01
9.107182344540925012e-01
9.130599965432840692e-01
9.153813661272465207e-01
9.176823694242909335e-01
9.199630321672040978e-01
9.222233804124556622e-01
9.244634405401980226e-01
9.266832389305837969e-01
9.288828024492895574e-01
9.310621579619922095e-01
9.332213326580512947e-01
9.353603535649850365e-01
9.374792481958358348e-01
9.395780440636460895e-01
9.416567686814584226e-01
9.437154503715223797e-01
9.457541172942459662e-01
9.477727974481960915e-01
9.497715194793051596e-01
9.517503115479813980e-01
9.537092029475228161e-01
9.556482224857032470e-01
9.575673991321381751e-01
9.594667620182842915e-01
9.613463407611224643e-01
9.632061646539509248e-01
9.650462634755920810e-01
9.668666670048683409e-01
9.686674053442849708e-01
9.704485087581887770e-01
9.722100068635607384e-01
9.739519307339545851e-01
9.756743106337170124e-01
9.773771773127192253e-01
9.790605613589905554e-01
9.807244938460848438e-01
9.823690058475560427e-01
9.839941285987994224e-01
9.855998936588930004e-01
9.871863321013906178e-01
9.887534756472118325e-01
9.903013555317520256e-01
9.918300044469791077e-01
9.933394537901298893e-01
9.948297359294895337e-01
9.963008825859777096e-01
9.977529264515624385e-01
9.991859000563703130e-01
1.000599835445003860e+00
1.001994765794955278e+00
1.003370723636351380e+00
1.004727741337477553e+00
1.006065852561350171e+00
1.007385090161778907e+00
1.008685487154414639e+00
1.009967076878591330e+00
1.011229893159166782e+00
1.012473969011792319e+00
1.013699338261325522e+00
1.014906034247100797e+00
1.016094091117658582e+00
1.017263542859698555e+00
1.018414422812554676e+00
1.019546766095816182e+00
1.020660605886975381e+00
1.021755976658256460e+00
1.022832913043724368e+00
1.023891449515603069e+00
1.024931620222433226e+00
1.025953459960121661e+00
1.026957003524574752e+00
1.027942285711699544e+00
1.028909340993719779e+00
1.029858204652066123e+00
1.030788911320803747e+00
1.031701496928729478e+00
1.032595995948067058e+00
1.033472444307613092e+00
1.034330876479591543e+00
1.035171328392798573e+00
1.035993835490507164e+00
1.036798433054147539e+00
1.037585156850675538e+00
1.038354042970728752e+00
1.039105126695738290e+00
1.039838444278183616e+00
1.040554031323178252e+00
1.041251923597677820e+00
1.041932157516003210e+00
1.042594769168792013e+00
1.043239794484841276e+00
1.043867270040313100e+00
1.044477231440321230e+00
1.045069715746552497e+00
1.045644759373327792e+00
1.046202398573126358e+00
1.046742669922110514e+00
1.047265609996443025e+00
1.047771255210444119e+00
1.048259642625801069e+00
1.048730808494992894e+00
1.049184790041547854e+00
1.049621624003469478e+00
1.050041347766127453e+00
1.050443997420159814e+00
1.050829610836460315e+00
1.051198224429349626e+00
1.051549875746038865e+00
1.051884601686372989e+00
1.052202439635721687e+00
1.052503426817612997e+00
1.052787600131891876e+00
1.053054997449452301e+00
1.053305655670139229e+00
1.053539612664846414e+00
1.053756905495260909e+00
1.053957572194117231e+00
1.054141649823102433e+00
1.054309176091268618e+00
1.054460188869509540e+00
1.054594725381353237e+00
1.054712823659534893e+00
1.054814521574948483e+00
1.054899856512963030e+00
1.054968866506313940e+00
1.055021589425894968e+00
1.055058062980758438e+00
1.055078325041797882e+00
1.055082413965431565e+00
1.055070367137028953e+00
1.055042223074849073e+00
1.054998019164262058e+00
1.054937794085368141e+00
1.054861585709061300e+00
1.054769432229918369e+00
1.054661372004356945e+00
1.054537442903271005e+00
1.054397683121237161e+00
1.054242130852832027e+00
1.054070824454473421e+00
1.053883802120737956e+00
1.053681102046202467e+00
1.053462762749126203e+00
1.053228822585927205e+00
1.052979319913023515e+00
1.052714292763150317e+00
1.052433779816408288e+00
1.052137819429215693e+00
1.051826450281673431e+00
1.051499710892040751e+00
1.051157639131211408e+00
1.050800274164810588e+00
1.050427653701890840e+00
1.050039817069918335e+00
1.049636802463469909e+00
1.049218648886329097e+00
1.048785394209389876e+00
1.048337077274594353e+00
1.047873736923884858e+00
1.047395411513679431e+00
1.046902139885920624e+00
1.046393960397026035e+00
1.045870912050779422e+00
1.045333033365440478e+00
1.044780363021110103e+00
1.044212939697888753e+00
1.043630802237719202e+00
1.043033988511494981e+00
1.042422538170365343e+00
1.041796489247065693e+00
1.041155881230904079e+00
1.040500752478298319e+00
1.039831141669349313e+00
1.039147087807840819e+00
1.038448629250190880e+00
1.037735805000183031e+00
1.037008654223442905e+00
1.036267214790863589e+00
1.035511526191753795e+00
1.034741626782530899e+00
1.033957555728820310e+00
1.033159351548881499e+00
1.032347052922815367e+00
1.031520699178088307e+00
1.030680328509277155e+00
1.029825979920165446e+00
1.028957692252695511e+00
1.028075504186968248e+00
1.027179454888608845e+00
1.026269582875876551e+00
1.025345926505189631e+00
1.024408525265855907e+00
1.023457417676135073e+00
1.022492642092444726e+00
1.021514238165934785e+00
1.020522243929339989e+00
1.019516698710127178e+00
1.018497641188397029e+00
1.017465109720567584e+00
1.016419143310422823e+00
1.015359780961746283e+00
1.014287061354638642e+00
1.013201023007359591e+00
1.012101705085534320e+00
1.010989145945580647e+00
1.009863384267599695e+00
1.008724459055374778e+00
1.007572408989007240e+00
1.006407272748597537e+00
1.005229088852405361e+00
1.004037896466055679e+00
1.002833733784125325e+00
1.001616639972239486e+00
1.000386653386815761e+00
9.991438127079552700e-01
9.978881569394417728e-01
9.966197241140104524e-01
9.953385535591278144e-01
9.940446836312117895e-01
9.927381528485219597e-01
9.914189998911591140e-01
9.900872636010656924e-01
9.887429821728180857e-01
9.873861942865171937e-01
9.860169389459468858e-01
9.846352546693665220e-01
9.832411794895111745e-01
9.818347522483231726e-01
9.804160114640620982e-01
9.789849954931458820e-01
9.775417430156753129e-01
9.760862925499099729e-01
9.746186826141092219e-01
9.731389515646911015e-01
9.716471374343906842e-01
9.701432795506746976e-01
9.686274157844367849e-01
9.670995846539364171e-01
9.655598246774330651e-01
9.640081738876618012e-01
9.624446712884063837e-01
9.608693545887191378e-01
9.592822624687009636e-01
9.576834331229283626e-01
9.560729045841366291e-01
9.544507155324265524e-01
9.528169043242161740e-01
9.511715089922405664e-01
9.495145675692350240e-01
9.478461188971417650e-01
9.461662010086959729e-01
9.444748516129499727e-01
9.427721093900046645e-01
9.410580123725951207e-01
9.393325987552979539e-01
9.375959062471654892e-01
9.358479735282986267e-01
9.340888384695911206e-01
9.323185389419366143e-01
9.305371131399118312e-01
9.287445992580931620e-01
9.269410351673745829e-01
9.251264585768081972e-01
9.233009080046535866e-01
9.214644216454872527e-01
9.196170368846787735e-01
9.177587915931216811e-01
9.158897239653928102e-01
9.140098718723856930e-01
9.121192726994699074e-01
9.102179649649048132e-01
9.083059862159014175e-01
9.063833741615119344e-01
9.044501665107886890e-01
9.025064012964668647e-01
9.005521162275987868e-01
8.985873491750780984e-01
8.966121375242743774e-01
8.946265193079228073e-01
8.926305320732341730e-01
8.906242133674193706e-01
8.886076008995307252e-01
8.865807322167790216e-01
8.845436451900582364e-01
8.824963770428962961e-01
8.804389653225039858e-01
8.783714477379337415e-01
8.762938618363963483e-01
8.742062448414198439e-01
8.721086343002152352e-01
8.700010675981518782e-01
8.678835824442822089e-01
8.657562162239754722e-01
8.636190059989183876e-01
8.614719893163218511e-01
8.593152035615553297e-01
8.571486857963054318e-01
8.549724735677830534e-01
8.527866037758332629e-01
8.505911142913499257e-01
8.483860420141781100e-01
8.461714241678459647e-01
8.439472978140400983e-01
8.417137001762883264e-01
8.394706686399604489e-01
8.372182396193771359e-01
8.349564508235907123e-01
8.326853393142877868e-01
8.304049423149965081e-01
8.281152962400376571e-01
8.258164383129393826e-01
8.235084055953880711e-01
8.211912353109119822e-01
8.188649640356734372e-01
8.165296288313588224e-01
8.141852667596549686e-01
8.118319143967241969e-01
8.094696084805700353e-01
8.070983860728793147e-01
8.047182840734971032e-01
8.023293392204272623e-01
7.999315879279905728e-01
7.975250670960323252e-01
7.951098134625561586e-01
7.926858639274073637e-01
7.902532550667481503e-01
7.878120231330580925e-01
7.853622050261823695e-01
7.829038376459660498e-01
7.804369572448887071e-01
7.779616003991126627e-01
7.754778035229588085e-01
7.729856033544308946e-01
7.704850363078498132e-01
7.679761386356950270e-01
7.654589469141289682e-01
7.629334977193138467e-01
7.603998269800462673e-01
7.578579715961715202e-01
7.553079676583275281e-01
7.527498515808352941e-01
7.501836596161742809e-01
7.476094280168238404e-01
7.450271928734222282e-01
7.424369904384487961e-01
7.398388574499072945e-01
7.372328295129115805e-01
7.346189432036238642e-01
7.319972344508407502e-01
7.293677390215176359e-01
7.267304936536580495e-01
7.240855341142173884e-01
7.214328964938334643e-01
7.187726167213031037e-01
7.161047308872643402e-01
7.134292745968308092e-01
7.107462842643235135e-01
7.080557954948561994e-01
7.053578443790669006e-01
7.026524670075936507e-01
6.999396993092331654e-01
6.972195767272576505e-01
6.944921355141467911e-01
6.917574109513312530e-01
6.890154389676077518e-01
6.862662554917730029e-01
6.835098962907821818e-01
6.807463966460660654e-01
6.779757928101043385e-01
6.751981200643277781e-01
6.724134141756915595e-01
6.696217109111508581e-01
6.668230455521367839e-01
6.640174540274457193e-01
6.612049719421916327e-01
6.583856347396468411e-01
6.555594777012421215e-01
6.527265362702499019e-01
6.498868463754667868e-01
6.470404429746409170e-01
6.441873618347274677e-01
6.413276380753157868e-01
6.384613074633612717e-01
6.355884047947705229e-01
6.327089658364986047e-01
6.298230257081350869e-01
6.269306200147937158e-01
6.240317835523812029e-01
6.211265519260111834e-01
6.182149605789563074e-01
6.152970444689642715e-01
6.123728385537833274e-01
6.094423781148442520e-01
6.065056985954195845e-01
6.035628347914159253e-01
6.006138221461054805e-01
5.976586952935535324e-01
5.946974893533496509e-01
5.917302396069246129e-01
5.887569811738680992e-01
5.857777490119280284e-01
5.827925782406938593e-01
5.798015033323895562e-01
5.768045597302873251e-01
5.738017819066109082e-01
5.707932051427914155e-01
5.677788642347353365e-01
5.647587939783492716e-01
5.617330290076985033e-01
5.587016046042140305e-01
5.556645555638024536e-01
5.526219163586874039e-01
5.495737217847757039e-01
5.465200069616567013e-01
5.434608063615543605e-01
5.403961544566923125e-01
5.373260863666601272e-01
5.342506362399986886e-01
5.311698390344560261e-01
5.280837295459389624e-01
5.249923420848295885e-01
5.218957117707176963e-01
5.187938725903025183e-01
5.156868593394908773e-01
5.125747064905065153e-01
5.094574486774146038e-01
5.063351206961218542e-01
5.032077562096448631e-01
5.000753901757316600e-01
4.969380575521303300e-01
4.937957916781747780e-01
4.906486276734544072e-01
4.874966000101929597e-01
4.843397429987729153e-01
4.811780906258937285e-01
4.780116775256205708e-01
4.748405381701772399e-01
4.716647063844218724e-01
4.684842169642611243e-01
4.652991038963943948e-01
4.621094016530455373e-01
4.589151447064383493e-01
4.557163667195894274e-01
4.525131020028811402e-01
4.493053847048545379e-01
4.460932494595747366e-01
4.428767299300583882e-01
4.396558604266879167e-01
4.364306752598455796e-01
4.332012082543895692e-01
4.299674937207021430e-01
4.267295656454828667e-01
4.234874583391141090e-01
4.202412054646125217e-01
4.169908413323604179e-01
4.137363996053745052e-01
4.104779147558785257e-01
4.072154206087306161e-01
4.039489509887888574e-01
4.006785400445941336e-01
3.974042212773216676e-01
3.941260291591953124e-01
3.908439975150730938e-01
3.875581600079717193e-01
3.842685507864320171e-01
3.809752038371536642e-01
3.776781524994702877e-01
3.743774307600815088e-01
3.710730724438453532e-01
3.677651116993028158e-01
3.644535821894704930e-01
3.611385175773650924e-01
3.578199516878446396e-01
3.544979183457672156e-01
3.511724515378323863e-01
3.478435844415325162e-01
3.445113512054084892e-01
3.411757854924769573e-01
3.378369208039132543e-01
3.344947908027339212e-01
3.311494293137970946e-01
3.278008700001194264e-01
3.244491465247175688e-01
3.210942923887667444e-01
3.177363414171250344e-01
3.143753269491262325e-01
3.110112826477870462e-01
3.076442424998069303e-01
3.042742395208368755e-01
3.009013076975762813e-01
2.975254802075176785e-01
2.941467907136776083e-01
2.907652730409142072e-01
2.873809603667198398e-01
2.839938863541112135e-01
2.806040845042634402e-01
2.772115881565104245e-01
2.738164309738687630e-01
2.704186462956723047e-01
2.670182679467790754e-01
2.636153291046814950e-01
2.602098629468719282e-01
2.568019031363670823e-01
2.533914828506592110e-01
2.499786357527651048e-01
2.465633951820184744e-01
2.431457946395945979e-01
2.397258676266686706e-01
2.363036471588916554e-01
2.328791668992802322e-01
2.294524598634853085e-01
2.260235597145235642e-01
2.225924993062045332e-01
2.191593126252277257e-01
2.157240325254026203e-01
2.122866925079045231e-01
2.088473259120671444e-01
2.054059657535415306e-01
2.019626456953442506e-01
1.985173987531263229e-01
1.950702582662215134e-01
1.916212575739636159e-01
1.881704298538450504e-01
1.847178086070410119e-01
1.812634265255196053e-01
1.778073174341389118e-01
1.743495141867084652e-01
1.708900499607206303e-01
1.674289580955092283e-01
1.639662719304080252e-01
1.605020243192265827e-01
1.570362489249815530e-01
1.535689786014824698e-01
1.501002466880630992e-01
1.466300865240572349e-01
1.431585308014330371e-01
1.396856130213656733e-01
1.362113661995061342e-01
1.327358236751882137e-01
1.292590186259042762e-01
1.257809839054638557e-01
1.223017530150421889e-01
1.188213591321316404e-01
1.153398349487003011e-01
1.118572139659234077e-01
1.083735290376105082e-01
1.048888133412539531e-01
1.014030997306632625e-01
9.791642203069654549e-02
9.442881277148044983e-02
9.094030529234878313e-02
8.745093293263535295e-02
8.396072822246683498e-02
8.046972466301845206e-02
7.697795526994116733e-02
7.348545305888590229e-02
6.999225104550363397e-02
6.649838240728672689e-02
6.300388032172755948e-02
5.950877764263566572e-02
5.601310803302768371e-02
5.251690386118887388e-02
4.902019862829445906e-02
4.552302470262968581e-02
4.202541590905264218e-02
3.852740526321427050e-02
3.502902561892409783e-02
3.153030999183307342e-02
2.803129139759215002e-02
2.453200317553512824e-02
2.103247834131296429e-02
1.753274991057660395e-02
1.403285089897699824e-02
1.053281416032367072e-02
7.032673033950428108e-03
3.532460535508217484e-03
3.220968064799077858e-05
-3.468046676820727738e-03
-6.968275197564134660e-03
-1.046844270408985381e-02
-1.396851666627121208e-02
-1.746846358293298318e-02
-2.096825043842421091e-02
-2.446784405525252379e-02
-2.796721157960839477e-02
-3.146632015768230373e-02
-3.496513628829901743e-02
-3.846362711764900882e-02
-4.196175963008132170e-02
-4.545950064810359847e-02
-4.895681699422345379e-02
-5.245367597647278279e-02
-5.595004441735921402e-02
-5.944588865386610244e-02
-6.294117631770818067e-02
-6.643587390771023282e-02
-6.992994857006272491e-02
-7.342336696543186325e-02
-7.691609656369097214e-02
-8.040810370182338573e-02
-8.389935536417818251e-02
-8.738981885878724376e-02
-9.087946036079248835e-02
-9.436824734006724058e-02
-9.785614678096056507e-02
-1.013431248586143668e-01
-1.048291493665848423e-01
-1.083141864800138826e-01
-1.117982033450919815e-01
-1.152811667843267746e-01
-1.187630439439087138e-01
-1.222438009989797181e-01
-1.257234052575716965e-01
-1.292018235421922845e-01
-1.326790226753490898e-01
-1.361549694795497201e-01
-1.396296307773018386e-01
-1.431029735529544544e-01
-1.465749646290152308e-01
-1.500455706661503463e-01
-1.535147584868674087e-01
-1.569824949136740255e-01
-1.604487469309193171e-01
-1.639134810374279771e-01
-1.673766642175491259e-01
-1.708382634556317725e-01
-1.742982450886592372e-01
-1.777565761009806400e-01
-1.812132231532621041e-01
-1.846681530680112926e-01
-1.881213326677358133e-01
-1.915727284512604434e-01
-1.950223074029342474e-01
-1.984700361834234039e-01
-2.019158814533941193e-01
-2.053598097116711430e-01
-2.088017882662863978e-01
-2.122417831305403735e-01
-2.156797614506235361e-01
-2.191156897253606628e-01
-2.225495344535765307e-01
-2.259812629433030351e-01
-2.294108410459992642e-01
-2.328382360696970577e-01
-2.362634141895383899e-01
-2.396863423898722978e-01
-2.431069870076821293e-01
-2.465253143799512048e-01
-2.499412918147114471e-01
-2.533548854871047751e-01
-2.567660620577973396e-01
-2.601747878637725719e-01
-2.635810298893794812e-01
-2.669847544716013599e-01
-2.703859281092630962e-01
-2.737845173011893563e-01
-2.771804883843634881e-01
-2.805738081812931828e-01
-2.839644430289617327e-01
-2.873523595880353443e-01
-2.907375241954973655e-01
-2.941199033501725735e-01
-2.974994635508857455e-01
-3.008761711346201739e-01
-3.042499926002007471e-01
-3.076208946082935047e-01
-3.109888428485161893e-01
-3.143538043052178099e-01
-3.177157454772231993e-01
-3.210746322159913624e-01
-3.244304311821885056e-01
-3.277831088746394061e-01
-3.311326313066445537e-01
-3.344789649770287254e-01
-3.378220763846166985e-01
-3.411619315427089627e-01
-3.444984966264474369e-01
-3.478317378109739844e-01
-3.511616219187962962e-01
-3.544881148013734329e-01
-3.578111827956886870e-01
-3.611307919150426593e-01
-3.644469088201013895e-01
-3.677594992004826202e-01
-3.710685295550111285e-01
-3.743739655733045457e-01
-3.776757742397118811e-01
-3.809739212438507661e-01
-3.842683724371803167e-01
-3.875590941566838810e-01
-3.908460525775033778e-01
-3.941292137129391859e-01
-3.974085434144505324e-01
-4.006840080190206543e-01
-4.039555735399500969e-01
-4.072232061523807789e-01
-4.104868715459303319e-01
-4.137465357338991900e-01
-4.170021647295878986e-01
-4.202537245462970028e-01
-4.235011810354854522e-01
-4.267444998867709338e-01
-4.299836475989782802e-01
-4.332185895380422092e-01
-4.364492917172632103e-01
-4.396757203117832580e-01
-4.428978406875370699e-01
-4.461156191815080496e-01
-4.493290211596309147e-01
-4.525380126352062660e-01
-4.557425592978516793e-01
-4.589426273227090181e-01
-4.621381819138717373e-01
-4.653291887609574129e-01
-4.685156138772665901e-01
-4.716974229524168449e-01
-4.748745815141844351e-01
-4.780470552521869920e-01
-4.812148096942007180e-01
-4.843778108535261029e-01
-4.875360237724151169e-01
-4.906894144641681943e-01
-4.938379484565616484e-01
-4.969815912773715705e-01
-5.001203084543742738e-01
-5.032540653535043651e-01
-5.063828279880626670e-01
-5.095065612384593878e-01
-5.126252304706293561e-01
-5.157388015360317990e-01
-5.188472396387600050e-01
-5.219505104684315500e-01
-5.250485792291398335e-01
-5.281414116105024315e-01
-5.312289723310885670e-01
-5.343112270805158159e-01
-5.373881412247188960e-01
-5.404596798059497775e-01
-5.435258083519847183e-01
-5.465864920669171179e-01
-5.496416959929987245e-01
-5.526913854961645889e-01
-5.557355259423492067e-01
-5.587740823738047702e-01
-5.618070196709417097e-01
-5.648343031996947428e-01
-5.678558981641572689e-01
-5.708717697684225767e-01
-5.738818825692184600e-01
-5.768862022561624947e-01
-5.798846933859823638e-01
-5.828773213246127849e-01
-5.858640507906228700e-01
-5.888448468262647006e-01
-5.918196743119484848e-01
-5.947884981280849859e-01
-5.977512834787674922e-01
-6.007079954062478633e-01
-6.036585983054123528e-01
-6.066030572185130421e-01
-6.095413368641188212e-01
-6.124734022844817716e-01
-6.153992183600122123e-01
-6.183187496474379374e-01
-6.212319605416452006e-01
-6.241388162467274014e-01
-6.270392811575705716e-01
-6.299333201545854743e-01
-6.328208977944995706e-01
-6.357019789577234015e-01
-6.385765282009846500e-01
-6.414445099191695698e-01
-6.443058886690058440e-01
-6.471606291690624735e-01
-6.500086958142257121e-01
-6.528500528375403844e-01
-6.556846656049412081e-01
-6.585124980257902605e-01
-6.613335143331322552e-01
-6.641476792455361933e-01
-6.669549569960471214e-01
-6.697553119795510712e-01
-6.725487087527757257e-01
-6.753351113869244804e-01
-6.781144844387251291e-01
-6.808867919793807344e-01
-6.836519985656193121e-01
-6.864100677831196373e-01
-6.891609645122924732e-01
-6.919046525006582460e-01
-6.946410964667859567e-01
-6.973702601581962535e-01
-7.000921078079338500e-01
-7.028066034872022527e-01
-7.055137112672046351e-01
-7.082133950573031855e-01
-7.109056190905425066e-01
-7.135903474381261047e-01
-7.162675440094158352e-01
-7.189371727137737755e-01
-7.215991976224030990e-01
-7.242535826446659941e-01
-7.269002915280827759e-01
-7.295392881820155218e-01
-7.321705366776676271e-01
-7.347940006007180891e-01
-7.374096435368461266e-01
-7.400174298809378826e-01
-7.426173227331481774e-01
-7.452092864883632650e-01
-7.477932844085793951e-01
-7.503692804031584229e-01
-7.529372382196211078e-01
-7.554971209581220482e-01
-7.580488928517060687e-01
-7.605925171623695302e-01
-7.631279577994743990e-01
-7.656551780250167027e-01
-7.681741412628343424e-01
-7.706848114222891732e-01
-7.731871516035360159e-01
-7.756811252304125492e-01
-7.781666960504393105e-01
-7.806438273256124383e-01
-7.831124826416112628e-01
-7.855726247749075242e-01
-7.880242177967047290e-01
-7.904672248071576979e-01
-7.929016087445797112e-01
-7.953273331946499880e-01
-7.977443612575233489e-01
-8.001526563570373618e-01
-8.025521819170298166e-01
-8.049429007139725645e-01
-8.073247758480205372e-01
-8.096977702574870150e-01
-8.120618473662096770e-01
-8.144169704361849949e-01
-8.167631022438845978e-01
-8.191002062131463868e-01
-8.214282449586008950e-01
-8.237471819040856902e-01
-8.260569795023898765e-01
-8.283576010155098146e-01
-8.306490092199174669e-01
-8.329311672157675428e-01
-8.352040376176906866e-01
-8.374675835258416079e-01
-8.397217678785339201e-01
-8.419665528048735359e-01
-8.442019018905398964e-01
-8.464277775883218835e-01
-8.486441425128502525e-01
-8.508509596024381727e-01
-8.530481914717162883e-01
-8.552358010589979909e-01
-8.574137504933895260e-01
-8.595820028750458253e-01
-8.617405206567558817e-01
-8.638892664531501175e-01
-8.660282028788593989e-01
-8.681572922248311786e-01
-8.702764971056959897e-01
-8.723857799742430474e-01
-8.744851036069443140e-01
-8.765744301329060351e-01
-8.786537223286000620e-01
-8.807229423231328624e-01
-8.827820524074520003e-01
-8.848310153580294379e-01
-8.868697929802886737e-01
-8.888983480507015589e-01
-8.909166430220573085e-01
-8.929246398616206282e-01
-8.949223010221808439e-01
-8.969095881473196918e-01
-8.988864641753507856e-01
-9.008528912353802598e-01
-9.028088311328315019e-01
-9.047542461586522977e-01
-9.066890986037903222e-01
-9.086133505973517099e-01
-9.105269644302843579e-01
-9.124299017461701133e-01
-9.143221249977981913e-01
-9.162035959905917570e-01
-9.180742766918159603e-01
-9.199341293924182539e-01
-9.217831160596635653e-01
-9.236211980134511057e-01
-9.254483377065698679e-01
-9.272644971062846686e-01
-9.290696380180191172e-01
-9.308637222471963790e-01
-9.326467119229229219e-01
-9.344185686887804820e-01
-9.361792545120342091e-01
-9.379287310362658392e-01
-9.396669602287403000e-01
-9.413939040567224081e-01
-9.431095236782699454e-01
-9.448137813843304755e-01
-9.465066386566447498e-01
-9.481880568151116462e-01
-9.498579981506789505e-01
-9.515164244687701611e-01
-9.531632967656015198e-01
-9.547985771702791613e-01
-9.564222270027024075e-01
-9.580342082301359641e-01
-9.596344824961619002e-01
-9.612230111206793159e-01
-9.627997555854287404e-01
-9.643646772103092735e-01
-9.659177382862687011e-01
-9.674588998095232650e-01
-9.689881230999720652e-01
-9.705053702867213472e-01
-9.720106020423046056e-01
-9.735037804958280860e-01
-9.749848666435080302e-01
-9.764538221289265074e-01
-9.779106082719825066e-01
-9.793551863925752388e-01
-9.807875182961282023e-01
-9.822075651406989572e-01
-9.836152882461867142e-01
-9.850106490943318915e-01
-9.863936086813510640e-01
-9.877641284889845386e-01
-9.891221698371314153e-01
-9.904676940456911272e-01
-9.918006622727210120e-01
-9.931210363236447902e-01
-9.944287768709956232e-01
-9.957238453965142622e-01
-9.970062030582582668e-01
-9.982758116616512467e-01
-9.995326313937021867e-01
-1.000776623897992934e+00
-1.002007750818106002e+00
-1.003225972988415649e+00
-1.004431251566979766e+00
-1.005623547873697676e+00
-1.006802822904785399e+00
-1.007969038303825116e+00
-1.009122154419667350e+00
-1.010262133219576919e+00
-1.011388935537928635e+00
-1.012502522209097533e+00
-1.013602854552982491e+00
-1.014689894051324037e+00
-1.015763601538497207e+00
-1.016823937848877035e+00
-1.017870864464203606e+00
-1.018904342542535035e+00
-1.019924332756404484e+00
-1.020930796425711051e+00
-1.021923694870354282e+00
-1.022902988924708545e+00
-1.023868639908673162e+00
-1.024820608656623167e+00
-1.025758856326616009e+00
-1.026683344238550788e+00
-1.027594033226802761e+00
-1.028490883963904867e+00
-1.029373858093439287e+00
-1.030242916611622261e+00
-1.031098020352828826e+00
-1.031939130636957858e+00
-1.032766208298384392e+00
-1.033579214818848957e+00
-1.034378110870884937e+00
-1.035162857612549780e+00
-1.035933416201901824e+00
-1.036689747635156644e+00
-1.037431813070372577e+00
-1.038159573665606850e+00
-1.038872990417075926e+00
-1.039572024644678905e+00
-1.040256637020949393e+00
-1.040926789027627697e+00
-1.041582441822771710e+00
-1.042223556078914593e+00
-1.042850093439638526e+00
-1.043462014253794257e+00
-1.044059280812329016e+00
-1.044641853625935202e+00
-1.045209693690829056e+00
-1.045762762326909456e+00
-1.046301020692234296e+00
-1.046824430106702675e+00
-1.047332951890213693e+00
-1.047826546877142384e+00
-1.048305176387387627e+00
-1.048768801740848522e+00
-1.049217384095583183e+00
-1.049650885095173125e+00
-1.050069265573993382e+00
-1.050472487013784484e+00
-1.050860510572604323e+00
-1.051233297894034635e+00
-1.051590809650609026e+00
-1.051933007809592313e+00
-1.052259853367200515e+00
-1.052571307967016034e+00
-1.052867332767096098e+00
-1.053147889411023108e+00
-1.053412939056854736e+00
-1.053662443510013924e+00
-1.053896364090400439e+00
-1.054114662279754366e+00
-1.054317299236133820e+00
-1.054504237250486032e+00
-1.054675437480869116e+00
-1.054830861247181950e+00
-1.054970470354847922e+00
-1.055094226771132071e+00
-1.055202091815933274e+00
-1.055294026970992505e+00
-1.055369994365415565e+00
-1.055429955319101776e+00
-1.055473872284840242e+00
-1.055501706258847205e+00
-1.055513419693911992e+00
-1.055508974233616337e+00
-1.055488331521542422e+00
-1.055451454010479129e+00
-1.055398302858484350e+00
-1.055328840842029825e+00
-1.055243029442856306e+00
-1.055140830951911690e+00
-1.055022207174618920e+00
-1.054887120725608751e+00
-1.054735533248463364e+00
-1.054567407195971640e+00
-1.054382704859081255e+00
-1.054181388528739882e+00
-1.053963420172212562e+00
-1.053728762404129604e+00
-1.053477377839121765e+00
-1.053209228120770780e+00
-1.052924276672914550e+00
-1.052622485300976463e+00
-1.052303816943269910e+00
-1.051968234052583773e+00
-1.051615699243548807e+00
-1.051246175292636753e+00
-1.050859624652637159e+00
-1.050456010585546052e+00
-1.050035295544152314e+00
-1.049597442466769559e+00
-1.049142414615394037e+00
-1.048670174766497709e+00
-1.048180686020235397e+00
-1.047673911476761921e+00
-1.047149814236232102e+00
-1.046608357560642188e+00
-1.046049504711988209e+00
-1.045473218790425429e+00
-1.044879462896108224e+00
-1.044268201585764499e+00
-1.043639397474024788e+00
-1.042993014632092486e+00
-1.042329016160122190e+00
-1.041647365967476091e+00
-1.040948027801674503e+00
-1.040230965572079613e+00
-1.039496143026211739e+00
-1.038743524235274496e+00
-1.037973072784946771e+00
-1.037184753231956247e+00
-1.036378529647506541e+00
-1.035554366102800605e+00
-1.034712226992725137e+00
-1.033852076874007375e+00
-1.032973879979692367e+00
-1.032077600866507572e+00
-1.031163203929339467e+00
-1.030230654210439800e+00
-1.029279916266536476e+00
-1.028310954816198164e+00
-1.027323735063518706e+00
-1.026318221727066771e+00
-1.025294379849094328e+00
-1.024252174633695223e+00
-1.023191571446803616e+00
-1.022112535654354559e+00
-1.021015032784124532e+00
-1.019899027878365061e+00
-1.018764486626693833e+00
-1.017611375366094473e+00
-1.016439659138818730e+00
-1.015249304281849785e+00
-1.014040276484805547e+00
-1.012812542084669420e+00
-1.011566066932900076e+00
-1.010300817204639712e+00
-1.009016759560554588e+00
-1.007713860661310745e+00
-1.006392086843891587e+00
-1.005051404445280516e+00
-1.003691780773509290e+00
-1.002313182489244170e+00
-1.000915576738675705e+00
-9.994989305061529050e-01
-9.980632104523419201e-01
-9.966083850181646220e-01
-9.951344208642872724e-01
-9.936412857842660262e-01
-9.921289475716570383e-01
-9.905973736963337162e-01
-9.890465322755350730e-01
-9.874763915883414400e-01
-9.858869195901506233e-01
-9.842780842363599847e-01
-9.826498541297331579e-01
-9.810021981967159688e-01
-9.793350843927062233e-01
-9.776484821296743677e-01
-9.759423598485422735e-01
-9.742166871231217051e-01
-9.724714328798589325e-01
-9.707065663688829726e-01
-9.689220570021641610e-01
-9.671178745153559131e-01
-9.652939884822701044e-01
-9.634503691240842160e-01
-9.615869861764515525e-01
-9.597038101842325641e-01
-9.578008113686048430e-01
-9.558779601125874104e-01
-9.539352272847234637e-01
-9.519725831061907062e-01
-9.499899990928980520e-01
-9.479874462752301278e-01
-9.459648955217302424e-01
-9.439223186719903902e-01
-9.418596872419193744e-01
-9.397769732329505077e-01
-9.376741479991513861e-01
-9.355511840274794988e-01
-9.334080536430510167e-01
-9.312447293328234288e-01
-9.290611832600714770e-01
-9.268573887209597961e-01
-9.246333188498115918e-01
-9.223889466191087516e-01
-9.201242450013331631e-01
-9.178391882636978139e-01
-9.155337495405262427e-01
-9.132079032608728664e-01
-9.108616233682680363e-01
-9.084948844536081536e-01
-9.061076611077890641e-01
-9.036999277598655178e-01
-9.012716598099406173e-01
-8.988228323344348292e-01
-8.963534205716098269e-01
-8.938634007307760809e-01
-8.913527483738781232e-01
-8.888214398720678533e-01
-8.862694512728139795e-01
-8.836967592709513708e-01
-8.811033410468387395e-01
-8.784891736189937017e-01
-8.758542343296165100e-01
-8.731985013301145626e-01
-8.705219519626883340e-01
-8.678245645405865405e-01
-8.651063181862653773e-01
-8.623671913748149898e-01
-8.596071635523744314e-01
-8.568262141650824226e-01
-8.540243226590777947e-01
-8.512014696133896052e-01
-8.483576356070464675e-01
-8.454928010572360098e-01
-8.426069471903526731e-01
-8.397000562038395843e-01
-8.367721096477742648e-01
-8.338230902051239068e-01
-8.308529807206974649e-01
-8.278617648485108171e-01
-8.248494259188972055e-01
-8.218159483950795430e-01
-8.187613173876467920e-01
-8.156855173598217545e-01
-8.125885348787663665e-01
-8.094703561879592613e-01
-8.063309683400862182e-01
-8.031703590351990663e-01
-7.999885166207150178e-01
-7.967854297677342545e-01
-7.935610881184054222e-01
-7.903154824477672813e-01
-7.870486036927000217e-01
-7.837604437611321861e-01
-7.804509955320412251e-01
-7.771202528554527200e-01
-7.737682103905998421e-01
-7.703948636059223531e-01
-7.670002094264334325e-01
-7.635842452626702137e-01
-7.601469699817425818e-01
-7.566883840691748242e-01
-7.532084884960156268e-01
-7.497072858517277449e-01
-7.461847801823469073e-01
-7.426409769904814828e-01
-7.390758829116299555e-01
-7.354895068470708175e-01
-7.318818585072895955e-01
-7.282529500303933645e-01
-7.246027953347446982e-01
-7.209314099571205725e-01
-7.172388113763948914e-01
-7.135250199845875052e-01
-7.097900573066080465e-01
-7.060339481041947307e-01
-7.022567187574999537e-01
-6.984583988835048052e-01
-6.946390205268117013e-01
-6.907986186451686716e-01
-6.869372307857866122e-01
-6.830548982182291784e-01
-6.791516649633642100e-01
-6.752275782788883518e-01
-6.712826894685337553e-01
-6.673170530728608218e-01
-6.633307275166245853e-01
-6.593237757561397627e-01
-6.552962643082326233e-01
-6.512482642212892303e-01
-6.471798512370970924e-01
-6.430911056290035122e-01
-6.389821130111230651e-01
-6.348529638528130903e-01
-6.307037539641977553e-01
-6.265345851435342173e-01
-6.223455645298465733e-01
-6.181368052502920207e-01
-6.139084270675256860e-01
-6.096605557323357960e-01
-6.053933242783746671e-01
-6.011068722129518926e-01
-5.968013468117652209e-01
-5.924769019860109953e-01
-5.881337003863226220e-01
-5.837719117843562788e-01
-5.793917148530463024e-01
-5.749932961955572797e-01
-5.705768518018563551e-01
-5.661425860776648777e-01
-5.616907134628725817e-01
-5.572214571368062641e-01
-5.527350509603267126e-01
-5.482317386666218928e-01
-5.437117743467311248e-01
-5.391754226113860682e-01
-5.346229595620599628e-01
-5.300546723054430087e-01
-5.254708589534422547e-01
-5.208718300797545719e-01
-5.162579082343424774e-01
-5.116294279434340231e-01
-5.069867363568885121e-01
-5.023301934100377064e-01
-4.976601726328935271e-01
-4.929770600172574402e-01
-4.882812554732936516e-01
-4.835731721821633355e-01
-4.788532378907560116e-01
-4.741218939406409705e-01
-4.693795959154331010e-01
-4.646268141263170115e-01
-4.598640332883642823e-01
-4.550917533297403894e-01
-4.503104880969738266e-01
-4.455207671352110488e-01
-4.407231345553271340e-01
-4.359181500049739144e-01
-4.311063880212145372e-01
-4.262884385160475853e-01
-4.214649064527243305e-01
-4.166364115220657083e-01
-4.118035899227183716e-01
-4.069670917716913805e-01
-4.021275828846122558e-01
-3.972857433191540055e-01
-3.924422686697666141e-01
-3.875978686111040128e-01
-3.827532677072314482e-01
-3.779092044405767958e-01
-3.730664315356135297e-01
-3.682257154733361570e-01
-3.633878358438948908e-01
-3.585535858321196034e-01
-3.537237710846301564e-01
-3.488992101953603542e-01
-3.440807332489853043e-01
-3.392691816590800435e-01
-3.344654086536435478e-01
-3.296702778185262583e-01
-3.248846627737469461e-01
-3.201094468498099088e-01
-3.153455213074494168e-01
-3.105937876034096101e-01
-3.058551535062501991e-01
-3.011305339055535546e-01
-2.964208508119249297e-01
-2.917270309293709674e-01
-2.870500067881895934e-01
-2.823907144791900636e-01
-2.777500938155345600e-01
-2.731290863906407629e-01
-2.685286360637065273e-01
-2.639496879886610303e-01
-2.593931866720677326e-01
-2.548600756494414643e-01
-2.503512966760415570e-01
-2.458677895650300815e-01
-2.414104892743263453e-01
-2.369803272013383255e-01
-2.325782287553411487e-01
-2.282051130337943989e-01
-2.238618913657691445e-01
-2.195494668264237892e-01
-2.152687334277967879e-01
-2.110205745003924938e-01
-2.068058618839739848e-01
-2.026254556038802890e-01
-1.984802020907705244e-01
-1.943709335332583776e-01
-1.902984677160705906e-01
-1.862636055924255796e-01
-1.822671307985091194e-01
-1.783098107863643755e-01
-1.743923929396977157e-01
-1.705156047357200000e-01
-1.666801540688295502e-01
-1.628867273085150280e-01
-1.591359884901482058e-01
-1.554285792340634187e-01
-1.517651174508259926e-01
-1.481461967747872976e-01
-1.445723858357984282e-01
-1.410442277736857764e-01
-1.375622395908854545e-01
-1.341269115050774952e-01
-1.307387063018201900e-01
-1.273980590108672595e-01
-1.241053765824849525e-01
-1.208610373210070726e-01
-1.176653902374692889e-01
-1.145187551305298090e-01
-1.114214222627865902e-01
-1.083736520370944395e-01
-1.053756745919614407e-01
-1.024276899633904253e-01
-9.952986808487891690e-02
-9.668234773544991112e-02
-9.388523815806612549e-02
-9.113861776489856625e-02
-8.844253454193008734e-02
-8.579700661540044793e-02
-8.320202184720267014e-02
-8.065753832040735427e-02
-7.816348442018342113e-02
-7.571975956208445990e-02
-7.332623386836589763e-02
-7.098274913903362959e-02
-6.868911893276460900e-02
-6.644512897151053088e-02
-6.425053786878416606e-02
-6.210507745334226115e-02
-6.000845349747192803e-02
-5.796034636435636739e-02
-5.596041100807485486e-02
-5.400827883477916230e-02
-5.210355705532783432e-02
-5.024583042508151687e-02
-4.843466124390298500e-02
-4.666959085319030004e-02
-4.495013963587683042e-02
-4.327580847300410011e-02
-4.164607906740459831e-02
-4.006041515751253279e-02
-3.851826324565019166e-02
-3.701905336677475261e-02
-3.556219993814577207e-02
-3.414710289221514067e-02
-3.277314836445318486e-02
-3.143970958347647171e-02
-3.014614792301710533e-02
-2.889181358974878336e-02
-2.767604667525604828e-02
-2.649817804616216854e-02
-2.535753011287588191e-02
-2.425341784110031373e-02
-2.318514956104012273e-02
-2.215202791821986941e-02
-2.115335064223079070e-02
-2.018841143685864981e-02
-1.925650080952103979e-02
-1.835690688047450850e-02
-1.748891625271225062e-02
-1.665181467955995781e-02
-1.584488791434332869e-02
-1.506742239821412012e-02
-1.431870615027799887e-02
-1.359802919242827750e-02
-1.290468456085483613e-02
-1.223796869041750106e-02
-1.159718225419844803e-02
-1.098163058833595204e-02
-1.039062451134659462e-02
-9.823480668038304248e-03
-9.279522237566596721e-03
-8.758079358268307593e-03
-8.258489643531152780e-03
-7.780098616742555512e-03
-7.322260217044098546e-03
-6.884337102784204680e-03
-6.465701137042416391e-03
-6.065733701197151793e-03
