6.100879361260333304e-03
8.247481334993689989e-03
1.091230344299182198e-02
1.417826039991235132e-02
1.813230788424295692e-02
2.286357863646308955e-02
2.846114274511763256e-02
3.501145801616223352e-02
4.259560734382557973e-02
5.128644579935540820e-02
6.114579956028221019e-02
7.222187024755620521e-02
8.454699508948368414e-02
9.813590323470171295e-02
1.129845787349180175e-01
1.290698116585015376e-01
1.463494706648484356e-01
1.647634900550767612e-01
1.842355146635098195e-01
2.046751078475582963e-01
2.259803961321820709e-01
2.480409991310024709e-01
2.707410872140302294e-01
2.939624108757181165e-01
3.175871582060092457e-01
3.415005230677738979e-01
3.655928930742607386e-01
3.897616006948352863e-01
4.139122129529688721e-01
4.379593635524957618e-01
4.618271619562954178e-01
4.854492258114957992e-01
5.087684015716049668e-01
5.317362428705271205e-01
5.543123144663548718e-01
5.764633890661871041e-01
5.981625929799210262e-01
6.193885490960713280e-01
6.401245546712557299e-01
6.603578173837179044e-01
6.800787710023050714e-01
6.992804747240507490e-01
7.179581002335139184e-01
7.361085026478545457e-01
7.537298676756145621e-01
7.708214280409434460e-01
7.873832386785049042e-01
8.034160008556998633e-01
8.189209269711485994e-01
8.338996379955093685e-01
8.483540850140672829e-01
8.622864916864729778e-01
8.756993107477538674e-01
8.885951910040891244e-01
9.009769537376838278e-01
9.128475729476607237e-01
9.242101615259226133e-01
9.350679590253224704e-01
9.454243229743420907e-01
9.552827197575028961e-01
9.646467183908855603e-01
9.735199838633822322e-01
9.819062713464821179e-01
9.898094212002109815e-01
9.972333534000493716e-01
1.004182063773292777e+00
1.010659618353592304e+00
1.016670149689692604e+00
1.022217852792281612e+00
1.027306981225595051e+00
1.031941843054266394e+00
1.036126797369197883e+00
1.039866250885809196e+00
1.043164654687041670e+00
1.046026500893984634e+00
1.048456319481257060e+00
1.050458675671411379e+00
1.052038167256958756e+00
1.053199421705261374e+00
1.053947092973914756e+00
1.054285860135571795e+00
1.054220424555211810e+00
1.053755507863567420e+00
1.052895849423903130e+00
1.051646204305442645e+00
1.050011341980567892e+00
1.047996044081112910e+00
1.045605102299409950e+00
1.042843317230246480e+00
1.039715496633801139e+00
1.036226453843334339e+00
1.032381006245256527e+00
1.028183973976330545e+00
1.023640179272272466e+00
1.018754443717398761e+00
1.013531588823648022e+00
1.007976433859250953e+00
1.002093795124953335e+00
9.958884847959720288e-01
9.893653104877304649e-01
9.825290739530592177e-01
9.753845702136639817e-01
9.679365874153702531e-01
9.601899053805696971e-01
9.521492954634648287e-01
9.438195194644033448e-01
9.352053299193892055e-01
9.263114683630182533e-01
9.171426660522546959e-01
9.077036425188775848e-01
8.979991059313693347e-01
8.880337525158942258e-01
8.778122656877659358e-01
8.673393166304692592e-01
8.566195634271278614e-01
8.456576510605040564e-01
8.344582109787328505e-01
8.230258610953222753e-01
8.113652058615303808e-01
7.994808359044773827e-01
7.873773276652568098e-01
7.750592439779574461e-01
7.625311334906413885e-01
7.497975310272327887e-01
7.368629572256292226e-01
7.237319188995904318e-01
7.104089086044718115e-01
6.968984054333791089e-01
6.832048744381470362e-01
6.693327671359831088e-01
6.552865212923342231e-01
6.410705615722862571e-01
6.266892991786754408e-01
6.121471323587321933e-01
5.974484461869481455e-01
5.825976132164750743e-01
5.675989936238803324e-01
5.524569351367697445e-01
5.371757735404303347e-01
5.217598327502088740e-01
5.062134254629108154e-01
4.905408526501565669e-01
4.747464049335570757e-01
4.588343616438045336e-01
4.428089923406033912e-01
4.266745561612713677e-01
4.104353026168939267e-01
3.940954718818348579e-01
3.776592950832474149e-01
3.611309946629623902e-01
3.445147847393766893e-01
3.278148711798310466e-01
3.110354523967644447e-01
2.941807199267356676e-01
2.772548576342689364e-01
2.602620435212957828e-01
2.432064493652666137e-01
2.260922410086617929e-01
2.089235792275235259e-01
1.917046195143229381e-01
1.744395130912477776e-01
1.571324074892236633e-01
1.397874458241374629e-01
1.224087683891462025e-01
1.050005122204110686e-01
8.756681225514036104e-02
7.011180140396715277e-02
5.263961076808241352e-02
3.515437021825634084e-02
1.766020919099312719e-02
1.612565437754146728e-04
-1.733835872115876975e-02
-3.483450709492758729e-02
-5.232305834487236545e-02
-6.979988042889222200e-02
-8.726083985733261439e-02
-1.047018006073199559e-01
-1.221186244846500790e-01
-1.395071696762344715e-01
-1.568632914014995994e-01
-1.741828405372106703e-01
-1.914616639793601527e-01
-2.086956036298802108e-01
-2.258804963966426493e-01
-2.430121736144374156e-01
-2.600864605383289008e-01
-2.770991761265226283e-01
-2.940461328232326643e-01
-3.109231354006380954e-01
-3.277259816102825463e-01
-3.444504608078980401e-01
-3.610923541705380879e-01
-3.776474344794444882e-01
-3.941114652515154693e-01
-4.104802004497944412e-01
-4.267493845558480436e-01
-4.429147519183668225e-01
-4.589720260293884690e-01
-4.749169201756969216e-01
-4.907451359188907958e-01
-5.064523638191607002e-01
-5.220342827115118656e-01
-5.374865589096099461e-01
-5.528048470743130993e-01
-5.679847886937403612e-01
-5.830220127346716907e-01
-5.979121350635252519e-01
-6.126507578673368037e-01
-6.272334700880254355e-01
-6.416558466986169718e-01
-6.559134486308658696e-01
-6.700018226305003433e-01
-6.839165012572221425e-01
-6.976530022333070624e-01
-7.112068288778717884e-01
-7.245734696726069402e-01
-7.377483981170223082e-01
-7.507270726560690832e-01
-7.635049368248948420e-01
-7.760774191040886727e-01
-7.884399326301700928e-01
-8.005878754851000201e-01
-8.125166307686580991e-01
-8.242215664536880482e-01
-8.356980355308517572e-01
-8.469413758638755230e-01
-8.579469107685704365e-01
-8.687099487956995159e-01
-8.792257839481107951e-01
-8.894896961873816066e-01
-8.994969510719293959e-01
-9.092428006979220712e-01
-9.187224835545225732e-01
-9.279312251029103731e-01
-9.368642379934143394e-01
-9.455167224274014792e-01
-9.538838668810536436e-01
-9.619608480329898681e-01
-9.697428320670644641e-01
-9.772249748895007748e-01
-9.844024225631562430e-01
-9.912703121760556568e-01
-9.978237724927898622e-01
-1.004057924678292579e+00
-1.009967883455883397e+00
-1.015548757179645323e+00
-1.020795650078134109e+00
-1.025703661892487961e+00
-1.030267889613493582e+00
-1.034483428639628277e+00
-1.038345373573215324e+00
-1.041848819885109467e+00
-1.044988865000363587e+00
-1.047760609528648246e+00
-1.050159159507961348e+00
-1.052179626621759345e+00
-1.053817131455954348e+00
-1.055066803571292011e+00
-1.055923784470835569e+00
-1.056383228902765259e+00
-1.056440307393596845e+00
-1.056090207550979709e+00
-1.055328136886427126e+00
-1.054149324914269048e+00
-1.052549025105849356e+00
-1.050522518436032726e+00
-1.048065114903136141e+00
-1.045172156858301893e+00
-1.041839021611094873e+00
-1.038061124976009220e+00
-1.033833923371420882e+00
-1.029152917800360001e+00
-1.024013657614151640e+00
-1.018411743190389407e+00
-1.012342829986085713e+00
-1.005802632735578461e+00
-9.987869289246591453e-01
-9.912915632779895070e-01
-9.833124522465184203e-01
-9.748455887844090784e-01
-9.658870468364552098e-01
-9.564329866216527698e-01
-9.464796605681693453e-01
-9.360234191035600171e-01
-9.250607172411359214e-01
-9.135881222519995903e-01
-9.016023223503670803e-01
-8.891001374054654516e-01
-8.760785320418940092e-01
-8.625346311284490808e-01
-8.484657419256961264e-01
-8.338693815171126511e-01
-8.187433132874420982e-01
-8.030855973699407846e-01
-7.868946548453861212e-01
-7.701693555362091326e-01
-7.529091325079944053e-01
-7.351141313122688814e-01
-7.167854022216357812e-01
-6.979251440701995657e-01
-6.785370094702682930e-01
-6.586264795116343329e-01
-6.382013156154693334e-01
-6.172720946225573879e-01
-5.958528271158678447e-01
-5.739616556480928722e-01
-5.516216218003658911e-01
-5.288614839053581429e-01
-5.057165540228423239e-01
-4.822295184855195926e-01
-4.584511900479334434e-01
-4.344411376447172568e-01
-4.102681273154579755e-01
-3.860103082153492071e-01
-3.617550825524897262e-01
-3.375985972070156271e-01
-3.136448205537141765e-01
-2.900041754646657255e-01
-2.667917338478636990e-01
-2.441250021795293990e-01
-2.221213579588476039e-01
-2.008952292942935425e-01
-1.805551345838926347e-01
-1.612007180699523146e-01
-1.429199315967196460e-01
-1.257865099319339097e-01
-1.098578798116633809e-01
-9.517362050311026223e-02
-8.175456114629822690e-02
-6.960256644374372692e-02
-5.870101549313303663e-02
-4.901594036070263533e-02
-4.049774975583429748e-02
-3.308343110406099935e-02
-2.669910090149842791e-02
-2.126276028715836861e-02
-1.668710994687024746e-02
-1.288228728356772927e-02
-9.758405996492290971e-03
-7.227801169162707123e-03
