6.105791594105153264e-03
8.254083998457607124e-03
1.092094952757366975e-02
1.418933326307389789e-02
1.814621215343848251e-02
2.288072764256362732e-02
2.848194233695091823e-02
3.503628768803104115e-02
4.262479882075983356e-02
5.132026054574623936e-02
6.118440693991514245e-02
7.226532772831401052e-02
8.459523246501084170e-02
9.818871155061838218e-02
1.130416071403907013e-01
1.291305707356166510e-01
1.464133443347417352e-01
1.648297540704319886e-01
1.843033620131267203e-01
2.047436784673926091e-01
2.260488092581713904e-01
2.481083860861579282e-01
2.708066229651076573e-01
2.940253407405843400e-01
3.176468207973684454e-01
3.415563657096147843e-01
3.656444812833335445e-01
3.898086207862483943e-01
4.139544676975275284e-01
4.379967645770451723e-01
4.618597166433596191e-01
4.854770226066073002e-01
5.087915934811921836e-01
5.317550313940682116e-01
5.543269343246859382e-01
5.764740945944971662e-01
5.981696463301892086e-01
6.193922118412553690e-01
6.401250802056347444e-01
6.603554464354758347e-01
6.800737290279341707e-01
6.992729703160426302e-01
7.179483254822474070e-01
7.360966332863515538e-01
7.537160650337375589e-01
7.708058403481935494e-01
7.873660019325543491e-01
8.033972414279886287e-01
8.189007634163265603e-01
8.338781812685693851e-01
8.483314403521649005e-01
8.622627592603258062e-01
8.756745865301737153e-01
8.885695674213811568e-01
9.009505197420243361e-01
9.128204145237409639e-01
9.241823619080813401e-01
9.350395991318130040e-01
9.453954807559322715e-01
9.552534710660077755e-01
9.646171366896565402e-01
9.734901404444401551e-01
9.818762348962511988e-01
9.897792581614069940e-01
9.972031279716799812e-01
1.004151837621146459e+00
1.010629450827371878e+00
1.016640097895392447e+00
1.022187971592187550e+00
1.027277323021151823e+00
1.031912457858455312e+00
1.036097733168424684e+00
1.039837553133260872e+00
1.043136366592196662e+00
1.045998663350235836e+00
1.048428971210666472e+00
1.050431853224710554e+00
1.052011904724037716e+00
1.053173751004679914e+00
1.053922043852901780e+00
1.054261460459536170e+00
1.054196699945854743e+00
1.053732481771259000e+00
1.052873543200061102e+00
1.051624637492041936e+00
1.049990532237764063e+00
1.047976006752975531e+00
1.045585851065321537e+00
1.042824863815392300e+00
1.039697850953924085e+00
1.036209623932357493e+00
1.032364998617171681e+00
1.028168793335687559e+00
1.023625828297045404e+00
1.018740924144652116e+00
1.013518900363871156e+00
1.007964574847757255e+00
1.002082762449501896e+00
9.958782739691466324e-01
9.893559153574277287e-01
9.825204872815104240e-01
9.753767836050576401e-01
9.679295908815855887e-01
9.601836879201985919e-01
9.521438449170558371e-01
9.438148227315953376e-01
9.352013724522673099e-01
9.263082352517790774e-01
9.171401408671634448e-01
9.077018084683111665e-01
8.979979449932838920e-01
8.880332457997136553e-01
8.778123937962704071e-01
8.673400593702843553e-01
8.566209000982352162e-01
8.456595599495978499e-01
8.344606700106189656e-01
8.230288477605401942e-01
8.113686971439759699e-01
7.994848084985356484e-01
7.873817576862913725e-01
7.750641072518211772e-01
7.625364057708093890e-01
7.498031877052917515e-01
7.368689732588998842e-01
7.237382691006379876e-01
7.104155682201275246e-01
6.969053491314528559e-01
6.832120771035817830e-01
6.693402035813439399e-01
6.552941666920748531e-01
6.410783905942166738e-01
6.266972869248714773e-01
6.121552537865145860e-01
5.974566771945473143e-01
5.826059294126106902e-01
5.676073709791608080e-01
5.524653497665585888e-01
5.371842021391125543e-01
5.217682521569250165e-01
5.062218130234450442e-01
4.905491862169369388e-01
4.747546627932777707e-01
4.588425225174257993e-01
4.428170355281070281e-01
4.266824613245275843e-01
4.104430503586827816e-01
3.941030431668249290e-01
3.776666713827511179e-01
3.611381583892019353e-01
3.445217186664628062e-01
3.278215590227843146e-01
3.110418785943823705e-01
2.941868692073265068e-01
2.772607159565615431e-01
2.602675974230405087e-01
2.432116861079907655e-01
2.260971487224248400e-01
2.089281466214064076e-01
1.917088367449603648e-01
1.744433708942959016e-01
1.571358969622271007e-01
1.397905593674391711e-01
1.224114990544883097e-01
1.050028542899563710e-01
8.756876066245082579e-02
7.011335187875931962e-02
5.264075990860500598e-02
3.515511570842342476e-02
1.766054936611791484e-02
1.611908248364136553e-04
-1.733883018940618470e-02
-3.483538322681812432e-02
-5.232433696907543702e-02
-6.980155865030038265e-02
-8.726291369517313878e-02
-1.047042652846655597e-01
-1.221214743560412319e-01
-1.395103984448125001e-01
-1.568668913952297461e-01
-1.741868037221697973e-01
-1.914659812359597868e-01
-2.087002648252443138e-01
-2.258854909636290320e-01
-2.430174898278609497e-01
-2.600920861663605921e-01
-2.771050980688013476e-01
-2.940523369661095510e-01
-3.109296071961982766e-01
-3.277327054249458138e-01
-3.444574205014404034e-01
-3.610995331684693777e-01
-3.776548150492316513e-01
-3.941190291539815593e-01
-4.104879290838742145e-01
-4.267572584519438439e-01
-4.429227509554819475e-01
-4.589801296522600382e-01
-4.749251071776628419e-01
-4.907533848037784474e-01
-5.064606524393979736e-01
-5.220425882681277718e-01
-5.374948588207663080e-01
-5.528131177448841749e-01
-5.679930064562229708e-01
-5.830301536320515732e-01
-5.979201746321446409e-01
-6.126586714264046218e-01
-6.272412328843730567e-01
-6.416634336895649104e-01
-6.559208347013572027e-01
-6.700089825207226069e-01
-6.839234095626073318e-01
-6.976596337664205949e-01
-7.112131583065233187e-01
-7.245794714474733667e-01
-7.377540469782912780e-01
-7.507323437058164295e-01
-7.635098050928189606e-01
-7.760818599093985970e-01
-7.884439215815854940e-01
-8.005913886256068590e-01
-8.125196443583753148e-01
-8.242240570422452173e-01
-8.356999801745226275e-01
-8.469427520531995768e-01
-8.579476967178640834e-01
-8.687101232259230033e-01
-8.792253260868684306e-01
-8.894885857689210917e-01
-8.994951689161639896e-01
-9.092403284209195080e-01
-9.187193034237496336e-01
-9.279273203991216246e-01
-9.368595926487635062e-01
-9.455113216044628288e-01
-9.538776965385561413e-01
-9.619538955048384521e-01
-9.697350856280739784e-01
-9.772164240449066064e-01
-9.843930579762369959e-01
-9.912601256681328188e-01
-9.978127574774939834e-01
-1.004046075872052413e+00
-1.009955196660793364e+00
-1.015535230224374974e+00
-1.020781281587507028e+00
-1.025688452517903526e+00
-1.030251841453904582e+00
-1.034466545603429877e+00
-1.038327661233489074e+00
-1.041830285624379737e+00
-1.044969517648707935e+00
-1.047740459942719804e+00
-1.050138220353854734e+00
-1.052157912592144973e+00
-1.053794658908189685e+00
-1.055043591034064310e+00
-1.055899852644163195e+00
-1.056358600368486389e+00
-1.056415006470613704e+00
-1.056064261019036277e+00
-1.055301573768975709e+00
-1.054122175971826003e+00
-1.052521323704528111e+00
-1.050494300330410358e+00
-1.048036417729609093e+00
-1.045143020496975605e+00
-1.041809488330537992e+00
-1.038031239288498719e+00
-1.033803731960563965e+00
-1.029122470244872023e+00
-1.023983005374567323e+00
-1.018380940188084782e+00
-1.012311932530900682e+00
-1.005771699308683376e+00
-9.987560203233104561e-01
-9.912607429774178414e-01
-9.832817859656628467e-01
-9.748151445582945440e-01
-9.658568947266819027e-01
-9.564031995125504837e-01
-9.464503135877764262e-01
-9.359945897683782379e-01
-9.250324855285084746e-01
-9.135605705277333177e-01
-9.015755358753761994e-01
-8.890742042633940079e-01
-8.760535428496049049e-01
-8.625106807007112408e-01
-8.484429286961627792e-01
-8.338478085516086713e-01
-8.187230890801190375e-01
-8.030668364222981470e-01
-7.868774791138248847e-01
-7.701538965309852047e-01
-7.528955315827287054e-01
-7.351025419800335525e-01
-7.167759916025081557e-01
-6.979180945559487759e-01
-6.785325196652649549e-01
-6.586247645223616276e-01
-6.382026069781452371e-01
-6.172766384936922979e-01
-5.958608807257582685e-01
-5.739734825238940186e-01
-5.516374843835676334e-01
-5.288816337807974444e-01
-5.057412208449173496e-01
-4.822588959369183415e-01
-4.584854210745860081e-01
-4.344802987498379010e-01
-4.103122125640764062e-01
-3.860592157720610373e-01
-3.618086024496275366e-01
-3.376564042516356223e-01
-3.137064707810897080e-01
-2.900691096124161095e-01
-2.668592866202980640e-01
-2.441944171574500499e-01
-2.221918092404781830e-01
-2.009658483474005553e-01
-1.806250389073491835e-01
-1.612690435103749098e-01
-1.429858627832852336e-01
-1.258493093360208981e-01
-1.099169127895309739e-01
-9.522837407790805953e-02
-8.180465707223853744e-02
-6.964776605540655419e-02
-5.874121847504542443e-02
-4.905117655056567827e-02
-4.052816551942376583e-02
-3.310927142175000559e-02
-2.672068903012761801e-02
-2.128047608291894904e-02
-1.670136848674493024e-02
-1.289351909717521491e-02
-9.767039442120699355e-03
-7.234248053228056925e-03
