6.114638296062121364e-03
8.265975123026028659e-03
1.093652094439138620e-02
1.420927545074293294e-02
1.817125398239973974e-02
2.291161347208284585e-02
2.851940316356353297e-02
3.508100656710263360e-02
4.267737248821808910e-02
5.138115913085137404e-02
6.125393432038234859e-02
7.234358581192536219e-02
8.468209274518460894e-02
9.828379628821069802e-02
1.131442825240041583e-01
1.292399538298582284e-01
1.465283241783182366e-01
1.649490259107956880e-01
1.844254725787179139e-01
2.048670799613935278e-01
2.261719169711443045e-01
2.482296378905032574e-01
2.709245356249036507e-01
2.941385589836582604e-01
3.177541566887580049e-01
3.416568270236208793e-01
3.657372885122766037e-01
3.898932109764857157e-01
4.140304880078392591e-01
4.380640567898094750e-01
4.619182946550922653e-01
4.855270448520631610e-01
5.088333352850892277e-01
5.317888542105709826e-01
5.543532591747946103e-01
5.764933778195228120e-01
5.981823591088685221e-01
6.193988231809943734e-01
6.401260450725684281e-01
6.603511975034118686e-01
6.800646711052711346e-01
6.992594791877267957e-01
7.179307461727084672e-01
7.360752820860778645e-01
7.536912319601174470e-01
7.707777913168458728e-01
7.873349832447450458e-01
8.033634810734289200e-01
8.188644741130359783e-01
8.338395632856053785e-01
8.482906831019321192e-01
8.622200433251511198e-01
8.756300848927270897e-01
8.885234461884521373e-01
9.009029393025652643e-01
9.127715297660001781e-01
9.241323229433799913e-01
9.349885511497894042e-01
9.453435647483189319e-01
9.552008236094985394e-01
9.645638900182839093e-01
9.734364223048200815e-01
9.818221691989823530e-01
9.897249646191822459e-01
9.971487218097755401e-01
1.004097429939310615e+00
1.010575148816957869e+00
1.016586004332714399e+00
1.022134185272786988e+00
1.027223938325531716e+00
1.031859564969212384e+00
1.036045417997872420e+00
1.039785897395806957e+00
1.043085448383364477e+00
1.045948556205754221e+00
1.048379744468358910e+00
1.050383572603516003e+00
1.051964631672611672e+00
1.053127543063282712e+00
1.053876955087665213e+00
1.054217540666308350e+00
1.054153995229221596e+00
1.053691034037900653e+00
1.052833391244417438e+00
1.051585816779179172e+00
1.049953073817709415e+00
1.047939938853026831e+00
1.045551198004381233e+00
1.042791646655366833e+00
1.039666087499724556e+00
1.036179329238542390e+00
1.032336183902282434e+00
1.028141467067913428e+00
1.023599996049468386e+00
1.018716588233357978e+00
1.013496060933615439e+00
1.007943228713921613e+00
1.002062903966626894e+00
9.958598947414206703e-01
9.893390046729532150e-01
9.825050319675484589e-01
9.753627683175387642e-01
9.679169980327322342e-01
9.601724976061468686e-01
9.521340351349892872e-01
9.438063699587658784e-01
9.351942508498410911e-01
9.263024169543468966e-01
9.171355967788955565e-01
9.076985079010685409e-01
8.979958559561292963e-01
8.880323343475123865e-01
8.778126246810891153e-01
8.673413961137693695e-01
8.566233052087450783e-01
8.456629950669589668e-01
8.344650954718593194e-01
8.230342229617779726e-01
8.113749807575522111e-01
7.994919582558817073e-01
7.873897308121948768e-01
7.750728605368033541e-01
7.625458950644817824e-01
7.498133687125104752e-01
7.368798014673879626e-01
7.237496994190968369e-01
7.104275553401256937e-01
6.969178478893143236e-01
6.832250420461195572e-01
6.693535893277487991e-01
6.553079279339154573e-01
6.410924823849496468e-01
6.267116644627094280e-01
6.121698726315579764e-01
5.974714928345192799e-01
5.826208982761442723e-01
5.676224495672664849e-01
5.524804956659123967e-01
5.371993731535233962e-01
5.217834067416010635e-01
5.062369101402384164e-01
4.905641863476308262e-01
4.747695265644110152e-01
4.588572117135801265e-01
4.428315128747740692e-01
4.266966904881089317e-01
4.104569959464898776e-01
3.941166708718346068e-01
3.776799484902491622e-01
3.611510525463627053e-01
3.445341991127696679e-01
3.278335963728967184e-01
3.110534447657580803e-01
2.941979369859555882e-01
2.772712601550091915e-01
2.602775934328934726e-01
2.432211113474109787e-01
2.261059820571278967e-01
2.089363680751509800e-01
1.917164275719257238e-01
1.744503143028588721e-01
1.571421777530736252e-01
1.397961634269204168e-01
1.224164142231530250e-01
1.050070694216408973e-01
8.757226685469975125e-02
7.011614145953792843e-02
5.264282701532072700e-02
3.515645585365970854e-02
1.766115987190037401e-02
1.610704607443886607e-04
-1.733968069959583233e-02
-3.483696185653018668e-02
-5.232663980991485858e-02
-6.980458034631839559e-02
-8.726664751524491892e-02
-1.047087026158464856e-01
-1.221266053549659725e-01
-1.395162110244074771e-01
-1.568733725275114621e-01
-1.741939384973348881e-01
-1.914737532242735130e-01
-2.087086563665512817e-01
-2.258944828054647025e-01
-2.430270606911855980e-01
-2.601022136864692413e-01
-2.771157587229459707e-01
-2.940635054221000799e-01
-3.109412571085569121e-01
-3.277448091453964429e-01
-3.444699488617755101e-01
-3.611124557700607918e-01
-3.776681006972966714e-01
-3.941326448442953323e-01
-4.105018410160572451e-01
-4.267714314504407191e-01
-4.429371491933380423e-01
-4.589947161444777879e-01
-4.749398436364462572e-01
-4.907682324346877012e-01
-5.064755712899503548e-01
-5.220575378791967314e-01
-5.375097978646931063e-01
-5.528280042426109153e-01
-5.680077975601593998e-01
-5.830448061327191400e-01
-5.979346446686654160e-01
-6.126729149931454677e-01
-6.272552052519240195e-01
-6.416770899837606068e-01
-6.559341293242553217e-01
-6.700218701638915864e-01
-6.839358447728604018e-01
-6.976715705115492661e-01
-7.112245511333408210e-01
-7.245902749751704786e-01
-7.377642157536810075e-01
-7.507418327099780742e-01
-7.635185691620763881e-01
-7.760898545314748320e-01
-7.884511028956028289e-01
-8.005977134220865210e-01
-8.125250695725941830e-01
-8.242285406227676248e-01
-8.357034808660673830e-01
-8.469452296861509355e-01
-8.579491116292501385e-01
-8.687104369831923911e-01
-8.792245014155126714e-01
-8.894865869867411012e-01
-8.994919614266256858e-01
-9.092358784960211660e-01
-9.187135792896871100e-01
-9.279202915125113194e-01
-9.368512305651747196e-01
-9.455015996165295755e-01
-9.538665895312211651e-01
-9.619413805343752788e-01
-9.697211418497090341e-01
-9.772010323509306984e-01
-9.843762014302717134e-01
-9.912417900117739267e-01
-9.977929303341570577e-01
-1.004024747760260627e+00
-1.009932360487533431e+00
-1.015510881429852574e+00
-1.020755418651791091e+00
-1.025661076237148306e+00
-1.030222955881260782e+00
-1.034436157470022044e+00
-1.038295780455060546e+00
-1.041796924649891931e+00
-1.044934693052651298e+00
-1.047704191556580344e+00
-1.050100530759470852e+00
-1.052118828279749341e+00
-1.053754209552633547e+00
-1.055001809494817477e+00
-1.055856775833845518e+00
-1.056314269035734998e+00
-1.056369465344838776e+00
-1.056017557869510792e+00
-1.055253760635255667e+00
-1.054073308657107688e+00
-1.052471462354668486e+00
-1.050443508275884952e+00
-1.047984763150198173e+00
-1.045090575408476719e+00
-1.041756328874277049e+00
-1.037977445586574232e+00
-1.033749388767246424e+00
-1.029067666005693882e+00
-1.023927832877722155e+00
-1.018325496202538982e+00
-1.012256318240659647e+00
-1.005716020168035518e+00
-9.987003862015831901e-01
-9.912052675799563062e-01
-9.832265873404730794e-01
-9.747603452407991309e-01
-9.658026218120976392e-01
-9.563495835702232606e-01
-9.463974900363568699e-01
-9.359426980796674567e-01
-9.249816695893465779e-01
-9.135109790018876019e-01
-9.015273221311635998e-01
-8.890275267355693956e-01
-8.760085655460050358e-01
-8.624675737088984828e-01
-8.484018694862235366e-01
-8.338089825551748824e-01
-8.186866916445654230e-01
-8.030330741859186272e-01
-7.868465724666737771e-01
-7.701260809900529747e-01
-7.528710624241145011e-01
-7.350816951798545551e-01
-7.167590684690716696e-01
-6.979054231049282020e-01
-6.785244568634083429e-01
-6.586216970836459295e-01
-6.382049505676219425e-01
-6.172848351942682443e-01
-5.958753928137145994e-01
-5.739947829150320313e-01
-5.516660440394908216e-01
-5.289179047001557610e-01
-5.057856155081440486e-01
-4.823117618292843134e-01
-4.585470150644994081e-01
-4.345507579930139586e-01
-4.103915270000167426e-01
-3.861472026471082231e-01
-3.619048856169466699e-01
-3.377603997680551640e-01
-3.138173822749291686e-01
-2.901859329880359106e-01
-2.669808263430787920e-01
-2.443193143363347197e-01
-2.223185801329012612e-01
-2.010929304638739423e-01
-1.807508455118599922e-01
-1.613920185912380012e-01
-1.431045386657813778e-01
-1.259623579619874034e-01
-1.100231904467716820e-01
-9.532695592434968501e-02
-8.189486007965711412e-02
-6.972915892517048131e-02
-5.881361885157450342e-02
-4.911463656388833504e-02
-4.058294719485820018e-02
-3.315581468896689615e-02
-2.675957505480491827e-02
-2.131238818279135652e-02
-1.672705375333583336e-02
-1.291375250551158281e-02
-9.782592352868794625e-03
-7.245862039112702276e-03
