-1.001028795629583905e-02
6.598273049023507808e-02
2.537801248994068226e-01
4.804903910158847546e-01
6.854741373027620766e-01
8.458374293128184673e-01
9.575917165496510286e-01
1.022575574437861290e+00
1.044283125173966598e+00
1.026813682638193281e+00
9.745273298141887697e-01
8.918711600753057578e-01
7.832798280810842062e-01
6.531238581305991442e-01
5.056911190700563719e-01
3.451913511401513146e-01
1.757765335619965452e-01
1.571843559782194191e-03
-1.732867334806703907e-01
-3.446113010783352637e-01
-5.081203196284039825e-01
-6.593992726753926670e-01
-7.938673465755362590e-01
-9.067549486471968567e-01
-9.930987187903314029e-01
-1.047763526091117336e+00
-1.065504967531619496e+00
-1.041092122767599992e+00
-9.695265037947213838e-01
-8.464937792193212296e-01
-6.698471373429096820e-01
-4.457088417445367878e-01
-2.067401144367310151e-01
-3.203602131514157042e-02
