8.567354709532422144e+18
-2.783271133689792512e+19
5.074390454098944000e+19
-7.576047970414369178e+19
1.008321415433344614e+20
-1.236690443350753280e+20
1.420843192361447916e+20
-1.543386117373092168e+20
1.594119452619485676e+20
-1.571442259121959404e+20
1.482177192053474591e+20
-1.339932677064863252e+20
1.162452923615245599e+20
-9.685957127182453965e+19
7.755828021134050918e+19
-5.970101423992919654e+19
4.418518351770025984e+19
-3.144293008852210074e+19
2.151174466953839821e+19
-1.414620546229800346e+19
8.938724174639364096e+18
-5.424978973599552512e+18
3.160677419243204608e+18
-1.766652949209971456e+18
9.466649026198105600e+17
-4.859080897969959040e+17
2.386795446127327360e+17
-1.120776173123416960e+17
5.025175039856988800e+16
-2.148531792665609200e+16
8.746896582700512000e+15
-3.384783242715422000e+15
1.241720393822987500e+15
-4.290629070885628750e+14
1.363310946659237500e+14
-3.542262051730570312e+13
1.269131401976168701e+12
1.089887118543684766e+13
-1.606496652232569531e+13
1.888093670744685547e+13
-2.066772381106742188e+13
2.176489008348623438e+13
-2.226330354294245703e+13
2.221503352053226953e+13
-2.168539370789863672e+13
2.075974854090383203e+13
-1.953751683304810156e+13
1.812257783694172656e+13
-1.661323105047426367e+13
1.509342601489625977e+13
-1.362652786664841016e+13
1.225246398194316602e+13
-1.098852518911369141e+13
9.833432214032783203e+12
-8.773668218607883789e+12
7.790672386428838867e+12
-6.867390584571278320e+12
5.992910076589832031e+12
-5.164405045213466797e+12
4.386265272078494141e+12
-3.666922628430012207e+12
3.014390122356697754e+12
-2.431784306442545898e+12
1.914064302519374512e+12
-1.446897950965273926e+12
1.008023431017293945e+12
-5.708294604965031738e+11
1.092794904674481049e+11
3.970887187250015259e+11
-9.594251238555306396e+11
1.578124065783364746e+12
-2.244088677353130859e+12
2.942338638550308594e+12
-3.656886042865143555e+12
4.375384673531632812e+12
-5.092080766077733398e+12
5.808078394755779297e+12
-6.528752400974562500e+12
7.259053880511345703e+12
-7.998174007579623047e+12
8.735326840761863281e+12
-9.448171848666916016e+12
1.010467612565151562e+13
-1.066821712838156445e+13
1.110474018586481641e+13
-1.139010405245143750e+13
1.151558154148826367e+13
-1.148989521426042188e+13
1.133706032648978516e+13
-1.109044058065558008e+13
1.078448430929340430e+13
-1.044629833295045898e+13
1.008932858541030664e+13
-9.710902390723652344e+12
9.294375145833072266e+12
-8.815387930003431641e+12
8.250626353509614258e+12
-7.586789083914355469e+12
6.827416657076019531e+12
-5.995804115799011719e+12
5.133247426288872070e+12
-4.293050366033279785e+12
3.531714728385726562e+12
-2.899297147602710449e+12
2.430934296869252930e+12
-2.141075442279735352e+12
2.021206568057812256e+12
-2.041044729443260742e+12
2.152535705833003174e+12
-2.295624633783532715e+12
2.404704646373891602e+12
-2.414815332888837891e+12
2.266953734949311035e+12
-1.912172124239243652e+12
1.314396865081333984e+12
-4.520770348970945435e+11
-6.811445777362469482e+11
2.076539529942869873e+12
-3.711032523736770020e+12
5.548499673891932617e+12
-7.541622237638454102e+12
9.634311216705533203e+12
-1.176466335980169727e+13
1.386828134947252148e+13
-1.588162944985825000e+13
1.774497139654558984e+13
-1.940442780314342188e+13
2.081284528636348047e+13
-2.192947816516853125e+13
2.271886449596714844e+13
-2.314959927668102344e+13
2.319383352153557812e+13
-2.282817709088698047e+13
2.203627039072341016e+13
-2.081273270146796094e+13
1.916767637048152344e+13
-1.713067805624232422e+13
1.475312848790107812e+13
-1.210822960517255664e+13
9.288444929206552734e+12
-6.400743175999706055e+12
3.560328531841519531e+12
-8.836332539863737793e+11
-1.518809179139750977e+12
3.549255880873500977e+12
-5.129257341730800781e+12
6.205630752677417969e+12
-6.755573056568183594e+12
6.790289848293502930e+12
-6.356295980153695312e+12
5.533565645391685547e+12
-4.430056030854510742e+12
3.172749252927912109e+12
-1.896081299369821289e+12
7.292263239483424072e+11
2.160155211408655396e+11
-8.551051300791060791e+11
1.137284283244364990e+12
-1.048250625918509521e+12
6.091475132701779785e+11
1.275330679590876770e+11
-1.084366383971500610e+12
2.167012399583901611e+12
-3.273259136641500000e+12
4.302604142295496094e+12
-5.165831096722132812e+12
5.793847803541681641e+12
-6.144826109005080078e+12
6.208572583875743164e+12
-6.007191475706308594e+12
5.591530342208274414e+12
-5.033568026476871094e+12
4.415663302592618164e+12
-3.818233312136805664e+12
3.307795560791459961e+12
-2.927284095393577637e+12
2.690144164666510254e+12
-2.579024329505593750e+12
2.549086469821737793e+12
-2.535217172435843262e+12
2.461884263276667480e+12
-2.254108848710347656e+12
1.848017162430663574e+12
-1.199649978629687256e+12
2.910710432838963013e+11
8.667390562742906494e+11
-2.234250832288958984e+12
3.746629423343886719e+12
-5.319122242922049805e+12
6.853658810007982422e+12
-8.245720296938867188e+12
9.390727781042623047e+12
-1.018955058443740820e+13
1.055315117540782227e+13
-1.040672566856873047e+13
9.693839236334466797e+12
-8.380919890856386719e+12
6.462081915774471680e+12
-3.963721684880724121e+12
9.478518983794692383e+11
2.487090124246370117e+12
-6.209078028553561523e+12
1.005955594273726758e+13
-1.386448677989531250e+13
1.744827236373019141e+13
-2.064872133854256250e+13
2.333090453478036328e+13
-2.539786373032580469e+13
2.679669326915059766e+13
-2.751935066395392969e+13
2.759846839192734375e+13
-2.709923170425088672e+13
2.610890554285543750e+13
-2.472576701366448828e+13
2.304904024058140625e+13
-2.117101452968884766e+13
1.917196874527619922e+13
-1.711794853577423438e+13
1.506095922625636914e+13
-1.304082592699351758e+13
1.108787099989806641e+13
-9.225655663640294922e+12
7.473268811890739258e+12
-5.846931617669888672e+12
4.360925021141472656e+12
-3.027968972728223145e+12
1.859170540892737793e+12
-8.635575009700820312e+11
4.711452120377140808e+10
5.887637718426755371e+11
-1.049340269453830933e+12
1.348782936457476074e+12
-1.511946336151075684e+12
1.574856633846440674e+12
-1.583141845389652588e+12
1.588034581694356934e+12
-1.640210321449980713e+12
1.782432687119812256e+12
-2.042519887242623779e+12
2.428309837713596191e+12
-2.925981581875561035e+12
3.502342664467167480e+12
-4.110722072798395508e+12
4.699207347661558594e+12
-5.219408900658501953e+12
5.633889709348810547e+12
-5.920861865594755859e+12
6.075556664076555664e+12
-6.108554040624877930e+12
6.042035826410803711e+12
-5.905217575381075195e+12
5.730071748890466797e+12
-5.547985379268703125e+12
5.387404962538315430e+12
-5.272042702538166992e+12
5.219029349221277344e+12
-5.236566048597536133e+12
5.321086516034504883e+12
-5.454518647834161133e+12
5.602704829601350586e+12
-5.716193751690713867e+12
5.734331215460668945e+12
-5.592865535138390625e+12
5.234303458876012695e+12
-4.619278022630220703e+12
3.736534590405971680e+12
-2.609063735334224121e+12
1.294518863083119141e+12
1.207429507303535309e+11
-1.533160080284663574e+12
2.836787984828174316e+12
-3.938374205002228516e+12
4.769565432770732422e+12
-5.293905981210047852e+12
5.507675984683643555e+12
-5.435201223206181641e+12
5.120575470310244141e+12
-4.618399393569290039e+12
3.986001284009428711e+12
-3.278765007858728027e+12
2.548960973216223633e+12
-1.847265587379523438e+12
1.225333155996427490e+12
-7.375683125986787109e+11
4.406471670877896729e+11
-3.901720966586072388e+11
6.348241689303502197e+11
-1.209191424267202637e+12
2.126875108117830078e+12
-3.375424269144627930e+12
4.914186707960260742e+12
-6.675469167698592773e+12
8.568696595593497070e+12
-1.048674686480655859e+13
1.231342651073990234e+13
-1.393115103556486133e+13
1.522823243782009570e+13
-1.610575487230411328e+13
1.648534692417587500e+13
-1.632370369643001367e+13
1.565642616686459766e+13
-1.475116607069778906e+13
1.463071629517280469e+13
-1.874845856276963672e+13
3.798678967410846094e+13
-1.045572337604559375e+14
3.081020192396624375e+14
-8.834123758611813750e+14
2.410048170227291500e+15
-6.238013747133515000e+15
1.533813642481802200e+16
-3.589174037444640400e+16
8.006492357400198400e+16
-1.705100562524176320e+17
3.471098124154128640e+17
-6.761945783358401280e+17
1.261778248332251648e+18
-2.257181946135109376e+18
3.873820218282818560e+18
-6.382244289419734016e+18
1.009941719603249152e+19
-1.535651459787802419e+19
2.244414124381580902e+19
-3.153711147802797261e+19
4.260833007573868544e+19
-5.534912705677091635e+19
6.911895439460483891e+19
-8.294766582480892723e+19
9.560664416792094310e+19
-1.057507875815028818e+20
1.121146457164396134e+20
-1.137279586618082755e+20
1.101045892807985889e+20
-1.013592542216844411e+20
8.821991411973690163e+19
-7.192749398398714675e+19
5.404193546219929600e+19
-3.619646996994885222e+19
1.985335578731379507e+19
-6.111152653812653056e+18
