6.108739831295353050e-03
8.258046798910267591e-03
1.092613879053573600e-02
1.419597906363874451e-02
1.815455734588468720e-02
2.289102031950480606e-02
2.849442613072577721e-02
3.505119027169849300e-02
4.264231916057903415e-02
5.134055541178533105e-02
6.120757785997334860e-02
7.229140888275359389e-02
8.462418118718582905e-02
9.822040233762104056e-02
1.130758290112659770e-01
1.291670295474481311e-01
1.464516700566091123e-01
1.648695120019523785e-01
1.843440679475799870e-01
2.047848160623659264e-01
2.260898503736890885e-01
2.481488100371460614e-01
2.708459349053262133e-01
2.940630885266279915e-01
3.176826080166503807e-01
3.415898611618433112e-01
3.656754247707270089e-01
3.898368242715781751e-01
4.139798133499207333e-01
4.380191995607908839e-01
4.618792457353851355e-01
4.854936985702457686e-01
5.088055081637272714e-01
5.317663053767249792e-01
5.543357080925532809e-01
5.764805202854712540e-01
5.981738815104927776e-01
6.193944132085787979e-01
6.401253991740974980e-01
6.603540275433170681e-01
6.800707072595385538e-01
6.992684707400517174e-01
7.179424633239374076e-01
7.360895141447666434e-01
7.537077855330887033e-01
7.707964888616355426e-01
7.873556608982715810e-01
8.033859868425515804e-01
8.188886660651123472e-01
8.338653076666714403e-01
8.483178538300586435e-01
8.622485200362460800e-01
8.756597522167587355e-01
8.885541932428053791e-01
9.009346590406424049e-01
9.128041190495984614e-01
9.241656817465371265e-01
9.350225827759166553e-01
9.453781750340467527e-01
9.552359215036978490e-01
9.645993872201774622e-01
9.734722337706268602e-01
9.818582124181400861e-01
9.897611597591031707e-01
9.971849920777346998e-01
1.004133701075802021e+00
1.010611349602338116e+00
1.016622066370070465e+00
1.022170042553669278e+00
1.027259527808975115e+00
1.031894826654115249e+00
1.036080294561107618e+00
1.039820334409354174e+00
1.043119393590534516e+00
1.045981960606853445e+00
1.048412561958801392e+00
1.050415759322423925e+00
1.051996146798970022e+00
1.053158348092162688e+00
1.053907013974978879e+00
1.054246820407830798e+00
1.054182464847303269e+00
1.053718665811887778e+00
1.052860159335476053e+00
1.051611697375050447e+00
1.049978046145997768e+00
1.047963983950777944e+00
1.045574299948504482e+00
1.042813791404591184e+00
1.039687263184109423e+00
1.036199525652834019e+00
1.032355393519201359e+00
1.028159684531511076e+00
1.023617217523727252e+00
1.018732812198346771e+00
1.013511287389333937e+00
1.007957459686944945e+00
1.002076143075839809e+00
9.958721474875269486e-01
9.893502785108546638e-01
9.825153355825675394e-01
9.753721119149290075e-01
9.679253933376787966e-01
9.601799579361440795e-01
9.521405751827074493e-01
9.438120051406522215e-01
9.351989986089177531e-01
9.263062958193016838e-01
9.171386261469482992e-01
9.077007080379713155e-01
8.979972482856772853e-01
8.880329417410542936e-01
8.778124704442400450e-01
8.673405046378093175e-01
8.566217013915983225e-01
8.456607043131931789e-01
8.344621444164630475e-01
8.230306388911388105e-01
8.113707910304355231e-01
7.994871909548297850e-01
7.873844146711490577e-01
7.750670243620827460e-01
7.625395682414268794e-01
7.498065806988396531e-01
7.368725819379523534e-01
7.237420787725248328e-01
7.104195634684015159e-01
6.969095151186884829e-01
6.832163984857094752e-01
6.693446652314274381e-01
6.552987534108000167e-01
6.410830877612907486e-01
6.267020793409805446e-01
6.121601268313660027e-01
5.974616157412045991e-01
5.826109189855367410e-01
5.676123970304406408e-01
5.524703982549211689e-01
5.371892588785313061e-01
5.217733034680173132e-01
5.062268451544505998e-01
4.905541860674944021e-01
4.747596169735152638e-01
4.588474185060036903e-01
4.428218607313079147e-01
4.266872038724108807e-01
4.104476984536857276e-01
3.941075853732730616e-01
3.776710967716138123e-01
3.611424561762039964e-01
3.445258786463504808e-01
3.278255712798146537e-01
3.110457335747007224e-01
2.941905581532329172e-01
2.772642303274889808e-01
2.602709291126882318e-01
2.432148275890793354e-01
2.261000929019409966e-01
2.089308868406030695e-01
1.917113667793565179e-01
1.744456850984320573e-01
1.571379902696652120e-01
1.397924272183849737e-01
1.224131373234137315e-01
1.050042591408440473e-01
8.756992920019331106e-02
7.011428157013759044e-02
5.264144872704385608e-02
3.515556206161375707e-02
1.766075253028286454e-02
1.611502209544978220e-04
-1.733911412706884772e-02
-3.483590984686237013e-02
-5.232510496870290684e-02
-6.980256636482429222e-02
-8.726415866375215880e-02
-1.047057448293253201e-01
-1.221231849302751027e-01
-1.395123363573584907e-01
-1.568690522310489943e-01
-1.741891821976911947e-01
-1.914685719952346210e-01
-2.087030620056799790e-01
-2.258884881959891400e-01
-2.430206800915099274e-01
-2.600954618616414526e-01
-2.771086515236793058e-01
-2.940560597123954012e-01
-3.109334903314365794e-01
-3.277367398295480960e-01
-3.444615964767967498e-01
-3.611038407264590688e-01
-3.776592436950902409e-01
-3.941235678139230481e-01
-4.104925666841126031e-01
-4.267619831949163722e-01
-4.429275506817372809e-01
-4.589849920575915787e-01
-4.749300195235978128e-01
-4.907583342794663572e-01
-5.064656257273446593e-01
-5.220475718337058701e-01
-5.374998387674601030e-01
-5.528180802485556100e-01
-5.679979371137124922e-01
-5.830350379678220785e-01
-5.979249980982810353e-01
-6.126634195473696920e-01
-6.272458905332305434e-01
-6.416679859565114219e-01
-6.559252665318339170e-01
-6.700132787877932650e-01
-6.839275549945801336e-01
-6.976636131639813998e-01
-7.112169563256026672e-01
-7.245830730335126590e-01
-7.377574370043539220e-01
-7.507355071173438255e-01
-7.635127268352523977e-01
-7.760845253624454321e-01
-7.884463159078202166e-01
-8.005934972771143743e-01
-8.125214530043738392e-01
-8.242255519309744649e-01
-8.357011472647113415e-01
-8.469435780273536496e-01
-8.579481684756222748e-01
-8.687102278116795029e-01
-8.792250510516611550e-01
-8.894879194599426553e-01
-8.994940996082292362e-01
-9.092388448954870084e-01
-9.187173953308104268e-01
-9.279249773162887571e-01
-9.368568050945600412e-01
-9.455080807488113193e-01
-9.538739939856447636e-01
-9.619497237273878509e-01
-9.697304376778264068e-01
-9.772112932631149551e-01
-9.843874390069524694e-01
-9.912540137344281188e-01
-9.978061482367078794e-01
-1.004038966139566780e+00
-1.009947584337655080e+00
-1.015527113645897428e+00
-1.020772660391801923e+00
-1.025679326777348521e+00
-1.030242212905563948e+00
-1.034456416346256846e+00
-1.038317034452101550e+00
-1.041819165516683521e+00
-1.044957909643029481e+00
-1.047728370842561763e+00
-1.050125657541741031e+00
-1.052144884970531047e+00
-1.053781176248062890e+00
-1.055029664481588636e+00
-1.055885494286412207e+00
-1.056343823667709403e+00
-1.056399826481369653e+00
-1.056048693736793886e+00
-1.055285636419624140e+00
-1.054105887228808269e+00
-1.052504703761218741e+00
-1.050477370103960473e+00
-1.048019199874234753e+00
-1.045125539042068175e+00
-1.041791768825421016e+00
-1.038013308151027436e+00
-1.033785617779924504e+00
-1.029104202406404989e+00
-1.023964614783544613e+00
-1.018362458980198948e+00
-1.012293394651286649e+00
-1.005753139788141404e+00
-9.987374757849493134e-01
-9.912422512023898458e-01
-9.832633864721846972e-01
-9.747968780226258234e-01
-9.658388034173912562e-01
-9.563853272905158409e-01
-9.464327053995407191e-01
-9.359772922251713423e-01
-9.250155463996032612e-01
-9.135440393918448088e-01
-9.015594639759061391e-01
-8.890586445808086324e-01
-8.760385501014350540e-01
-8.624963114139296838e-01
-8.484292422204720019e-01
-8.338348661185313038e-01
-8.187109560467056291e-01
-8.030555815473503500e-01
-7.868671761502050721e-01
-7.701446237189719657e-01
-7.528873739661032793e-01
-7.350955916232126963e-01
-7.167703488209649088e-01
-6.979138686399889435e-01
-6.785298296761823611e-01
-6.586237395819484197e-01
-6.382033859791809149e-01
-6.172793687971459553e-01
-5.958657164237236570e-01
-5.739805813273491930e-01
-5.516470035692243590e-01
-5.288937241837537995e-01
-5.057560201275322909e-01
-4.822765200482450054e-01
-4.585059557821825060e-01
-4.345037897240241476e-01
-4.103386564031011319e-01
-3.860885516062902978e-01
-3.618407044866427391e-01
-3.376910777230834881e-01
-3.137434499884844130e-01
-2.901080593023155907e-01
-2.668998079192740347e-01
-2.442360568364320139e-01
-2.222340725256038152e-01
-2.010082138298189824e-01
-1.806669777233078922e-01
-1.613100368566197651e-01
-1.430254215314134270e-01
-1.258869908602929244e-01
-1.099523360938070710e-01
-9.526123112275608484e-02
-8.183472037459099679e-02
-6.967489216268955843e-02
-5.876534687951336794e-02
-4.907232489427955369e-02
-4.054642128891167846e-02
-3.312478139895941309e-02
-2.673364708773801751e-02
-2.129111002969741664e-02
-1.670992736526220879e-02
-1.290026120529866142e-02
-9.772221892533058951e-03
-7.238117970491392619e-03
