5.977567131853593618e-03
6.985941436689765797e-03
8.113688160556808276e-03
9.370647467819038026e-03
1.076700112822012029e-02
1.231323071663683634e-02
1.402006930673391216e-02
1.589844666491724637e-02
1.795942875065092634e-02
2.021415098576110139e-02
2.267374623313627921e-02
2.534926822051865314e-02
2.825161065248554121e-02
3.139142303419590468e-02
3.477902430724523486e-02
3.842431431042346579e-02
4.233668613610100384e-02
4.652493769334412749e-02
5.099718641852369477e-02
5.576078654486144731e-02
6.082225044068714781e-02
6.618717593560979884e-02
7.186017950665608833e-02
7.784483737152597671e-02
8.414363523105766740e-02
9.075792660972289982e-02
9.768790271134161762e-02
1.049325709751846442e-01
1.124897458126194183e-01
1.203560497330425499e-01
1.285269268038917723e-01
1.369966664999447137e-01
1.457584377371893836e-01
1.548043341660202965e-01
1.641254284207162573e-01
1.737118357346300601e-01
1.835527853857270297e-01
1.936366992047917068e-01
2.039512750479734460e-01
2.144835754383860038e-01
2.252201211208674780e-01
2.361469833884499436e-01
2.472498808102021883e-01
2.585142744237096113e-01
2.699254602662589653e-01
2.814686611895206303e-01
2.931291149893610060e-01
3.048921561894887278e-01
3.167432965968118852e-01
3.286682956210437712e-01
3.406532277282993126e-01
3.526845402730851564e-01
3.647491070312752215e-01
3.768342726232680739e-01
3.889278914098385775e-01
4.010183559475248294e-01
4.130946220662166657e-01
4.251462277029368075e-01
4.371632993503635767e-01
4.491365607572188057e-01
4.610573302669729312e-01
4.729175151881820915e-01
4.847096022752399036e-01
4.964266428865395930e-01
5.080622359931277199e-01
5.196105088331360866e-01
5.310660923459800120e-01
5.424240991654949440e-01
5.536800956763375803e-01
5.648300783694019112e-01
5.758704438510702239e-01
5.867979649939145670e-01
5.976097609459473103e-01
6.083032745096127458e-01
6.188762436864007066e-01
6.293266780322624987e-01
6.396528350130273877e-01
6.498531985093263241e-01
6.599264565026561336e-01
6.698714812180229794e-01
6.796873124396692889e-01
6.893731403150130665e-01
6.989282877491564960e-01
7.083521980196280099e-01
7.176444210604767671e-01
7.268046021005891699e-01
7.358324705067211813e-01
7.447278305713227464e-01
7.534905529145069503e-01
7.621205662954501081e-01
7.706178526992313316e-01
7.789824395576619986e-01
7.872143949384831085e-01
7.953138234510652715e-01
8.032808613332480530e-01
8.111156750183350361e-01
8.188184550960011521e-01
8.263894170287952035e-01
8.338287951130467501e-01
8.411368435024416668e-01
8.483138332396539250e-01
8.553600512327711458e-01
8.622757979010713392e-01
8.690613890174585521e-01
8.757171494646546206e-01
8.822434185577896493e-01
8.886405452335994770e-01
8.949088879480676662e-01
9.010488159047159717e-01
9.070607062909515905e-01
9.129449460181444653e-01
9.187019296744779462e-01
9.243320593202327684e-01
9.298357462278653562e-01
9.352134076065674595e-01
9.404654682399863352e-01
9.455923596673642129e-01
9.505945203882540939e-01
9.554723947365866277e-01
9.602264341089602473e-01
9.648570949174912759e-01
9.693648392039586614e-01
9.737501365845969703e-01
9.780134605652258672e-01
9.821552897695402518e-01
9.861761091674003943e-01
9.900764073111790742e-01
9.938566789970573190e-01
9.975174230131584885e-01
1.001059142651336220e+00
1.004482346423677175e+00
1.007787545912992799e+00
1.010975257205825040e+00
1.014046001301876165e+00
1.017000302373930687e+00
1.019838688484358880e+00
1.022561691175685628e+00
1.025169845675306668e+00
1.027663690793129803e+00
1.030043768307430829e+00
1.032310624090785778e+00
1.034464805551132960e+00
1.036506864907213776e+00
1.038437355503701864e+00
1.040256834370141270e+00
1.041965860992656534e+00
1.043564997825738860e+00
1.045054809268672891e+00
1.046435862996183408e+00
1.047708727399497164e+00
1.048873974145281718e+00
1.049932176742639056e+00
1.050883911157252104e+00
1.051729754685450713e+00
1.052470286875429872e+00
1.053106088810747742e+00
1.053637743622112044e+00
1.054065835259090367e+00
1.054390950434903829e+00
1.054613675658057526e+00
1.054734600917212495e+00
1.054754316405744241e+00
1.054673412317028491e+00
1.054492482222238792e+00
1.054212120306693423e+00
1.053832920755711111e+00
1.053355479494687552e+00
1.052780393165521744e+00
1.052108259740759388e+00
1.051339677295304309e+00
1.050475245234707700e+00
1.049515563885738301e+00
1.048461232961020118e+00
1.047312854527399084e+00
1.046071029423431664e+00
1.044736359920679369e+00
1.043309449007205680e+00
1.041790899568717510e+00
1.040181315207423518e+00
1.038481298911387851e+00
1.036691455511109083e+00
1.034812388813511230e+00
1.032844702625518751e+00
1.030789001879987454e+00
1.028645891202701890e+00
1.026415974912373130e+00
1.024099857737142960e+00
1.021698144302795264e+00
1.019211439132756469e+00
1.016640346136307826e+00
1.013985470143948797e+00
1.011247414757888041e+00
1.008426784501551987e+00
1.005524182874792283e+00
1.002540213684532722e+00
9.994754795094071831e-01
9.963305836445520702e-01
9.931061283615287838e-01
9.898027160342562913e-01
9.864209483201507034e-01
9.829614268766284635e-01
9.794247525422460354e-01
9.758115258484868493e-01
9.721223465079749104e-01
9.683578145404063697e-01
9.645185280206848288e-01
9.606050866614340711e-01
9.566180877186978293e-01
9.525581277320168683e-01
9.484258040597924877e-01
9.442217132415657854e-01
9.399464499744426549e-01
9.356006092626015791e-01
9.311847848819310158e-01
9.266995709153919014e-01
9.221455597058675346e-01
9.175233432891688468e-01
9.128335129846039120e-01
9.080766589855487902e-01
9.032533711783063968e-01
8.983642387326776779e-01
8.934098497948880224e-01
8.883907927158782858e-01
8.833076532876512621e-01
8.781610175069251012e-01
8.729514709609877965e-01
8.676795978041221824e-01
8.623459810646787460e-01
8.569512038733653192e-01
8.514958481325995976e-01
8.459804942094368840e-01
8.404057223685749145e-01
8.347721118511363114e-01
8.290802414888137628e-01
8.233306882708648633e-01
8.175240291865469855e-01
8.116608399968278098e-01
8.057416954390995700e-01
7.997671696366098759e-01
7.937378359961033691e-01
7.876542669007501329e-01
7.815170335054297812e-01
7.753267064532343156e-01
7.690838554660386350e-01
7.627890492421423030e-01
7.564428554562698803e-01
7.500458411690009708e-01
7.435985728267699990e-01
7.371016154430063416e-01
7.305555335193519850e-01
7.239608904315162352e-01
7.173182486339908515e-01
7.106281703765526814e-01
7.038912156571133227e-01
6.971079449853719856e-01
6.902789176427377438e-01
6.834046916823298679e-01
6.764858246454795720e-01
6.695228729475861673e-01
6.625163922875457745e-01
6.554669378524675682e-01
6.483750633964552312e-01
6.412413218547526883e-01
6.340662653437435514e-01
6.268504463892415890e-01
6.195944151628380858e-01
6.122987211196215807e-01
6.049639138170380681e-01
5.975905413795288279e-01
5.901791509079598042e-01
5.827302895031968299e-01
5.752445031401733910e-01
5.677223370773205602e-01
5.601643355494939636e-01
5.525710415632594241e-01
5.449429988416853998e-01
5.372807488559748768e-01
5.295848335891187864e-01
5.218557925675275655e-01
5.140941667506169210e-01
5.063004945388649425e-01
4.984753147421797093e-01
4.906191650445366204e-01
4.827325825157661732e-01
4.748161041233414092e-01
4.668702652993726443e-01
4.588956013736127382e-01
4.508926462428095583e-01
4.428619342131408509e-01
4.348039983624944482e-01
4.267193713593280813e-01
4.186085852579544686e-01
4.104721710891111597e-01
4.023106597811784146e-01
3.941245815460338586e-01
3.859144658790525373e-01
3.776808421732519294e-01
3.694242386957171109e-01
3.611451834064606237e-01
3.528442041631373871e-01
3.445218277998273182e-01
3.361785806388229436e-01
3.278149886953440340e-01
3.194315772681080579e-01
3.110288717581897733e-01
3.026073968501615252e-01
2.941676767168081574e-01
2.857102346096968559e-01
2.772355943945399859e-01
2.687442786064021538e-01
2.602368094732756543e-01
2.517137095302251493e-01
2.431755011076003614e-01
2.346227047956733758e-01
2.260558416965038619e-01
2.174754324003638772e-01
2.088819977022405849e-01
2.002760573735460625e-01
1.916581312880498711e-01
1.830287393195215717e-01
1.743884002157981561e-01
1.657376329294316941e-01
1.570769561059016661e-01
1.484068888001176256e-01
1.397279488386990176e-01
1.310406542529803375e-01
1.223455231766535645e-01
1.136430735386956548e-01
1.049338223468660597e-01
9.621828722306922932e-02
8.749698548213707960e-02
7.877043413182904796e-02
7.003915058933456173e-02
6.130365104355304379e-02
5.256445301403141201e-02
4.382207268966906849e-02
3.507702625936537366e-02
2.632983134502479838e-02
1.758100362375919490e-02
8.831060308042990373e-03
8.051768913307742748e-05
-8.670107736998647688e-03
-1.742029886023525528e-02
-2.616953990110738523e-02
-3.491731354478309901e-02
-4.366310370472052671e-02
-5.240639368023274069e-02
-6.114666564470029597e-02
-6.988340381865382200e-02
-7.861609037547385992e-02
-8.734420871683100385e-02
-9.606724111846327852e-02
-1.047846699584662200e-01
-1.134959785361529666e-01
-1.222006484107589913e-01
-1.308981614485923151e-01
-1.395880001301059714e-01
-1.482696454003904762e-01
-1.569425789210387723e-01
-1.656062821489289183e-01
-1.742602355173638040e-01
-1.829039197667189087e-01
-1.915368154326546890e-01
-2.001584022319714828e-01
-2.087681603932573515e-01
-2.173655693262400990e-01
-2.259501081335751060e-01
-2.345212552014152574e-01
-2.430784894277008279e-01
-2.516212881750096719e-01
-2.601491299318521300e-01
-2.686614915490184163e-01
-2.771578502867288463e-01
-2.856376821769135987e-01
-2.941004638656479209e-01
-3.025456698494994878e-01
-3.109727762627559899e-01
-3.193812579090575809e-01
-3.277705887731843792e-01
-3.361402424304864023e-01
-3.444896919445263328e-01
-3.528184103788666315e-01
-3.611258696711373006e-01
-3.694115418613259094e-01
-3.776748982729173920e-01
-3.859154086940341233e-01
-3.941325437316584579e-01
-4.023257724574104688e-01
-4.104945644546973416e-01
-4.186383874644914460e-01
-4.267567084089050056e-01
-4.348489945171227222e-01
-4.429147129159718976e-01
-4.509533291969172186e-01
-4.589643082349207370e-01
-4.669471142907996586e-01
-4.749012115230135112e-01
-4.828260625546593188e-01
-4.907211300088341055e-01
-4.985858757921323159e-01
-5.064197607875734475e-01
-5.142222452640318187e-01
-5.219927884668068563e-01
-5.297308496411977652e-01
-5.374358858829964003e-01
-5.451073557209995535e-01
-5.527447142038487415e-01
-5.603474188367657538e-01
-5.679149235424597597e-01
-5.754466822436397067e-01
-5.829421488630147641e-01
-5.904007755832162418e-01
-5.978220145868756719e-01
-6.052053166236195381e-01
-6.125501323407166465e-01
-6.198559106453582768e-01
-6.271221002400209077e-01
-6.343481479847454807e-01
-6.415335014560757942e-01
-6.486776059786906190e-01
-6.557799070819834153e-01
-6.628398491694152961e-01
-6.698568746996548251e-01
-6.768304268478727570e-01
-6.837599465373752627e-01
-6.906448753056130263e-01
-6.974846523358145811e-01
-7.042787169135654723e-01
-7.110265068914466413e-01
-7.177274590984635827e-01
-7.243810096471194893e-01
-7.309865943428450752e-01
-7.375436469439207166e-01
-7.440516011062695556e-01
-7.505098896669545327e-01
-7.569179441323908852e-01
-7.632751951901340925e-01
-7.695810729135944550e-01
-7.758350057384623133e-01
-7.820364216909976296e-01
-7.881847481833156310e-01
-7.942794106827392175e-01
-8.003198352707356911e-01
-8.063054454698351803e-01
-8.122356649049251587e-01
-8.181099161773179862e-01
-8.239276206600359975e-01
-8.296881992143141371e-01
-8.353910716778121248e-01
-8.410356562504697209e-01
-8.466213721558015770e-01
-8.521476352395248588e-01
-8.576138619615016889e-01
-8.630194673485890311e-01
-8.683638667347165496e-01
-8.736464726901610467e-01
-8.788666982969869368e-01
-8.840239552042536975e-01
-8.891176548563056725e-01
-8.941472065479795228e-01
-8.991120201882569773e-01
-9.040115039460423496e-01
-9.088450658878821642e-01
-9.136121130567481652e-01
-9.183120510626069377e-01
-9.229442852083523663e-01
-9.275082198756610108e-01
-9.320032590367792746e-01
-9.364288057427361256e-01
-9.407842621233429847e-01
-9.450690300013385725e-01
-9.492825095617417608e-01
-9.534241011942862221e-01
-9.574932050839908282e-01
-9.614892192663666570e-01
-9.654115424934274214e-01
-9.692595721865392422e-01
-9.730327055623532173e-01
-9.767303392233754877e-01
-9.803518683391069244e-01
-9.838966884884786657e-01
-9.873641949433491494e-01
-9.907537817472868991e-01
-9.940648426367877377e-01
-9.972967708365602091e-01
-1.000448959571312635e+00
-1.003520801553965835e+00
-1.006511688985653130e+00
-1.009421013453362992e+00
-1.012248167260586307e+00
-1.014992541073093557e+00
-1.017653526170800848e+00
-1.020230513219478663e+00
-1.022722892987255605e+00
-1.025130055628114656e+00
-1.027451391910183975e+00
-1.029686292601592390e+00
-1.031834146832747434e+00
-1.033894345167062800e+00
-1.035866278270309193e+00
-1.037749336091754682e+00
-1.039542909194812736e+00
-1.041246388347611296e+00
-1.042859164113564052e+00
-1.044380627670228989e+00
-1.045810169273946988e+00
-1.047147182149426481e+00
-1.048391057474225452e+00
-1.049541186528260228e+00
-1.050596964378673892e+00
-1.051557782203024871e+00
-1.052423035170814147e+00
-1.053192117632682834e+00
-1.053864424758131690e+00
-1.054439352740236924e+00
-1.054916298488577153e+00
-1.055294659424518278e+00
-1.055573833788286731e+00
-1.055753221355471005e+00
-1.055832222925235264e+00
-1.055810240115602872e+00
-1.055686675568173083e+00
-1.055460933357549758e+00
-1.055132419196056937e+00
-1.054700539717236207e+00
-1.054164703089991661e+00
-1.053524319120947794e+00
-1.052778799049733705e+00
-1.051927556265486396e+00
-1.050970005692705600e+00
-1.049905563586538193e+00
-1.048733648965783916e+00
-1.047453682998750413e+00
-1.046065086956102119e+00
-1.044567286509876958e+00
-1.042959709174547500e+00
-1.041241784204664178e+00
-1.039412943720787075e+00
-1.037472622914201947e+00
-1.035420258204484467e+00
-1.033255290719655717e+00
-1.030977162816026249e+00
-1.028585320944207515e+00
-1.026079213601960749e+00
-1.023458292971917594e+00
-1.020722015126294346e+00
-1.017869839105675522e+00
-1.014901227430800690e+00
-1.011815646307279604e+00
-1.008612566137379485e+00
-1.005291460291735550e+00
-1.001851807156500351e+00
-9.982930891097699933e-01
-9.946147922145096576e-01
-9.908164079586332385e-01
-9.868974319243543070e-01
-9.828573638905442333e-01
-9.786957099822399808e-01
-9.744119801117059332e-01
-9.700056891043669083e-01
-9.654763591553878754e-01
-9.608235158377316232e-01
-9.560466914799564675e-01
-9.511454238355682156e-01
-9.461192569018807008e-01
-9.409677412270879282e-01
-9.356904338079068406e-01
-9.302868977825047292e-01
-9.247567041705767599e-01
-9.190994299285533131e-01
-9.133146605085379344e-01
-9.074019891418043660e-01
-9.013610162246518120e-01
-8.951913513655548327e-01
-8.888926133851637879e-01
-8.824644284738690780e-01
-8.759064355143919567e-01
-8.692182817827689423e-01
-8.623996257120049025e-01
-8.554501389392226152e-01
-8.483695044632281190e-01
-8.411574193058056759e-01
-8.338135959447227075e-01
-8.263377628255177409e-01
-8.187296653850747452e-01
-8.109890701459243623e-01
-8.031157647162429081e-01
-7.951095610652930690e-01
-7.869702978776463853e-01
-7.786978445451263608e-01
-7.702921033163149245e-01
-7.617530151309318542e-01
-7.530805644306362012e-01
-7.442747833556846437e-01
-7.353357583981692258e-01
-7.262636387953327333e-01
-7.170586423639464524e-01
-7.077210656337034056e-01
-6.982512939806110319e-01
-6.886498108391670980e-01
-6.789172112135501980e-01
-6.690542160076701217e-01
-6.590616848198568301e-01
-6.489406320129881278e-01
-6.386922453435557312e-01
-6.283179033624415322e-01
-6.178191963982059276e-01
-6.071979469262311913e-01
-5.964562332133056533e-01
-5.855964111197718980e-01
-5.746211399959758603e-01
-5.635334088857884005e-01
-5.523365604782609628e-01
-5.410343203818727131e-01
-5.296308205643985856e-01
-5.181306281153691407e-01
-5.065387707330885059e-01
-4.948607604715764552e-01
-4.831026183063688584e-01
-4.712708946060193971e-01
-4.593726899106728156e-01
-4.474156680338257641e-01
-4.354080717230249808e-01
-4.233587305413952784e-01
-4.112770640407221734e-01
-3.991730828873845116e-01
-3.870573805713964921e-01
-3.749411214305794493e-01
-3.628360237615735895e-01
-3.507543328998142251e-01
-3.387087902052073329e-01
-3.267125927332726332e-01
-3.147793481978413688e-01
-3.029230218475106873e-01
-2.911578749487833129e-01
-2.794984008126264463e-01
-2.679592495617056369e-01
-2.565551515669703964e-01
-2.453008341286452287e-01
-2.342109340629198178e-01
-2.232999065014119600e-01
-2.125819333835577141e-01
-2.020708312324990541e-01
-1.917799531989514417e-01
-1.817220998054588921e-01
-1.719094263128519429e-01
-1.623533584288418541e-01
-1.530645076071850130e-01
-1.440525956102013672e-01
-1.353263849568498434e-01
-1.268936180200123109e-01
-1.187609632376248198e-01
-1.109339722248827154e-01
-1.034170466615877276e-01
-9.621341490345799996e-02
-8.932512118341118246e-02
-8.275302443445330114e-02
-7.649680739949657471e-02
-7.055499899647438289e-02
-6.492500451380536775e-02
-5.960314706518304168e-02
-5.458471743768091022e-02
-4.986403276819242197e-02
-4.543450207782370742e-02
-4.128869884336489049e-02
-3.741843873781539043e-02
-3.381486146520940733e-02
-3.046851553821975853e-02
-2.736944553793111551e-02
-2.450727962950710603e-02
-2.187131701388390567e-02
-1.945061413837910827e-02
-1.723406852748859963e-02
-1.521049923588574382e-02
-1.336872364213975012e-02
-1.169762938045255420e-02
-1.018624110334165507e-02
-8.823781486713309571e-03
-7.599726342981801171e-03
-6.503853349639317910e-03
