-1.092493526455125163e+01
3.621342129228854390e+01
-6.852046612320245345e+01
1.081979597930728829e+02
-1.550281708780874794e+02
2.085618425155857949e+02
-2.675644596832274260e+02
3.306788152806412313e+02
-3.956543351586458925e+02
4.604568507530989905e+02
-5.221662127270914198e+02
5.786378414008527216e+02
-6.268923730128004763e+02
6.654153431918405204e+02
-6.918205208174400695e+02
7.058748244856767542e+02
-7.062139403809750320e+02
6.942060422151214425e+02
-6.695348272059676447e+02
6.350557327300091401e+02
-5.911191110716520143e+02
5.416021307360955461e+02
-4.868971694430028947e+02
4.313005771650176712e+02
-3.746210675848303140e+02
3.210685432299945319e+02
-2.694437610291239480e+02
2.236099345692583711e+02
-1.812214304185667686e+02
1.457995748218072265e+02
-1.139600055933147189e+02
8.906912810052192242e+01
-6.694496010237381256e+01
5.104734228359506432e+01
-3.665318524123427579e+01
2.752685981430750317e+01
-1.859926088068657180e+01
1.406550922560817973e+01
-8.620222606148695732e+00
6.930437833121859015e+00
-3.493288759677930067e+00
3.429992529965958159e+00
-1.037652471006295984e+00
1.845871960598975958e+00
6.520871974045905350e-02
1.191313731377457552e+00
5.361148539623160625e-01
9.519098027665169326e-01
7.338990178773688866e-01
8.828912919331608489e-01
8.219238684107530446e-01
8.776025129096689525e-01
8.683847717750331485e-01
8.934080960056564047e-01
8.994282833936180221e-01
9.146652289548602432e-01
9.242738375323550359e-01
9.361151707039508940e-01
9.459180463469526456e-01
9.561515556153900031e-01
9.652655664254482515e-01
9.743446475470497470e-01
9.825776957626661812e-01
9.906125852369705997e-01
9.979354591516477191e-01
1.004967702060001189e+00
1.011375430991388935e+00
1.017444676119761082e+00
1.022926875824098358e+00
1.028081181666565147e+00
1.032621411335315598e+00
1.036912881140564346e+00
1.040495110129538991e+00
1.043972593914020974e+00
1.046588157311392209e+00
1.049291034833218283e+00
1.050943480303649258e+00
1.052898233834394848e+00
1.053605014171229426e+00
1.054825067383207360e+00
1.054616117635537975e+00
1.055104441777518831e+00
1.054018523815149377e+00
1.053771836052423971e+00
1.051852008012229112e+00
1.050865140722763380e+00
1.048154715583450747e+00
1.046423958180409786e+00
1.042963892882248000e+00
1.040488683135766479e+00
1.036316672267199923e+00
1.033099708345038614e+00
1.028250600965781691e+00
1.024296999391328233e+00
1.018803755141599154e+00
1.014120101632891346e+00
1.008014470938906060e+00
1.002608457362159644e+00
9.959208848119209812e-01
9.898017995403513014e-01
9.825605284992943167e-01
9.757403884725064369e-01
9.679701723264187985e-01
9.604649588993973142e-01
9.521859777775910638e-01
9.440163869154172271e-01
9.352438833414571384e-01
9.264352052552166095e-01
9.171800616484776514e-01
9.077611425373530718e-01
8.980312783918732444e-01
8.880328275290655382e-01
8.778350504004910348e-01
8.672877198084518735e-01
8.566295822359519807e-01
8.455622504666894246e-01
8.344535246683116858e-01
8.228921118359139308e-01
8.113456229205063819e-01
7.993126305238125173e-01
7.873443122218426460e-01
7.748591713534911385e-01
7.624873129995987098e-01
7.495675162606605380e-01
7.368112875192818212e-01
7.234741451914366017e-01
7.103516438134762634e-01
6.966163234622073652e-01
6.831425816416740737e-01
6.690319154594686069e-01
6.552174339681986481e-01
6.407589083946499953e-01
6.266092684931532375e-01
6.118347381783454386e-01
5.973516052771796758e-01
5.822956064644677632e-01
5.674790311556356937e-01
5.521760128008850188e-01
5.370275021325671139e-01
5.215086775471849956e-01
5.060342151274485056e-01
4.903249007956206884e-01
4.745370783152759731e-01
4.586552547360556176e-01
4.425739470353348137e-01
4.265303983391990905e-01
4.101818609303877206e-01
3.939817717481267079e-01
3.773965073385096569e-01
3.610419855978541093e-01
3.442520420135596892e-01
3.277448310758353522e-01
3.107812848344440604e-01
2.941249517615338038e-01
2.770161939513379190e-01
2.602173133874939870e-01
2.429884564599820163e-01
2.260566500776646226e-01
2.087300156007481089e-01
1.916770527354979825e-01
1.742733890757028059e-01
1.571118182088518389e-01
1.396516974930382682e-01
1.223935943348725269e-01
1.048984159668531341e-01
8.755476346935352205e-02
7.004694339754258259e-02
5.262793603017747179e-02
3.513014728853031815e-02
1.764638085503755782e-02
1.800558515917001620e-04
-1.735576606131550639e-02
-3.477217130610908008e-02
-5.234360680422921880e-02
-6.969594694014970282e-02
-8.728189184825183022e-02
-1.045607047956368385e-01
-1.221356147122016900e-01
-1.393352548667780577e-01
-1.568705936586304028e-01
-1.739872610471213110e-01
-1.914538277196611293e-01
-2.084830347807714868e-01
-2.258534717266867387e-01
-2.427877427863497362e-01
-2.600383984977463481e-01
-2.768659906382767155e-01
-2.939774589928179083e-01
-3.106826041562720242e-01
-3.276386716837337287e-01
-3.442033452930475246e-01
-3.609886160291703727e-01
-3.773952994996835897e-01
-3.939922516751890869e-01
-4.102267735283361971e-01
-4.266132547219652627e-01
-4.426666973030388696e-01
-4.588147861576822306e-01
-4.746836941559467449e-01
-4.905604637461004058e-01
-5.062450981554920126e-01
-5.218152307759239550e-01
-5.373162245393077185e-01
-5.525458442482934496e-01
-5.678601244262496683e-01
-5.827208132109977790e-01
-5.978379129044476548e-01
-6.123097856470944844e-01
-6.272095897942655540e-01
-6.412825412670298819e-01
-6.559351285705898871e-01
-6.696078664698860150e-01
-6.839755263459219581e-01
-6.972526252310234929e-01
-7.112935188171611856e-01
-7.241812843044612702e-01
-7.378537586042244190e-01
-7.503560201970956856e-01
-7.636224179689261593e-01
-7.757373555133180165e-01
-7.885663519841716873e-01
-8.002851126757835054e-01
-8.126520982019574957e-01
-8.239593732916417057e-01
-8.358450305582201256e-01
-8.467211477908881401e-01
-8.581089138881782263e-01
-8.685325755506663192e-01
-8.794059582819747645e-01
-8.893566504390824079e-01
-8.996972881644608178e-01
-9.091566330360156822e-01
-9.189436063604660143e-01
-9.278954029975836626e-01
-9.371057946124596860e-01
-9.455349943913966548e-01
-9.541452471693070425e-01
-9.620364537639154445e-01
-9.700238707138908456e-01
-9.773600205056452994e-01
-9.847038154800075160e-01
-9.914655066168548414e-01
-9.981471009149749385e-01
-1.004312699634154926e+00
-1.010315306699289817e+00
-1.015861635856263101e+00
-1.021169448257008172e+00
-1.026072672721691115e+00
-1.030670061510015278e+00
-1.034906379228926587e+00
-1.038777439480681686e+00
-1.042323330890448929e+00
-1.045451917749457227e+00
-1.048283918583260643e+00
-1.050654107511021174e+00
-1.052748258076778853e+00
-1.054345006312140454e+00
-1.055676251481491468e+00
-1.056485960487651976e+00
-1.057027803585860903e+00
-1.057038495072899931e+00
-1.056763160439139426e+00
-1.055964065186382861e+00
-1.054843299684230518e+00
-1.053223810018000250e+00
-1.051230285353106808e+00
-1.048778406988013501e+00
-1.045887485723644428e+00
-1.042588119661074897e+00
-1.038779578747950350e+00
-1.034613094422363266e+00
-1.029872320299010768e+00
-1.024813904034006073e+00
-1.019132092099664044e+00
-1.013152330037866422e+00
-1.006525176136296329e+00
-9.995926283517637678e-01
-9.920160692720442208e-01
-9.841049041685985266e-01
-9.755613129042955967e-01
-9.666778505738670146e-01
-9.570844895139972719e-01
-9.473683461512313331e-01
-9.363811884476873626e-01
-9.264807030267574461e-01
-9.127902309296741512e-01
-9.051568608670510496e-01
-8.841606774864905205e-01
-8.871432645836924147e-01
-8.439029512636485597e-01
-8.835970859068887906e-01
-7.733464405837365829e-01
-9.249436857796684563e-01
-6.238054851135731438e-01
-1.087308733191540755e+00
-2.786639795292032429e-01
-1.545401893408054450e+00
5.182104751006754162e-01
-2.666381144238216816e+00
2.281293087409268949e+00
-5.154502453845601018e+00
5.951584260123839343e+00
-1.023603359020751924e+01
1.308534844906443162e+01
-1.983172351735359840e+01
2.598222156802237848e+01
-3.660508554630529687e+01
4.761241845921592386e+01
-6.372542704681119830e+01
8.117579776915911793e+01
-1.041940611417717122e+02
1.291850652909415658e+02
-1.597017609290450366e+02
1.921485214773971677e+02
-2.292256483541619332e+02
2.672062672440449091e+02
-3.078593421956060752e+02
3.473246422958283119e+02
-3.865382083846176897e+02
4.216917198167303127e+02
-4.531924916951226123e+02
4.776424006519282557e+02
-4.953700015269453729e+02
5.038124892532416652e+02
-5.036711097337674232e+02
4.935433936935063457e+02
-4.747833624843900679e+02
4.472209701872515666e+02
-4.128543350621685022e+02
3.725067462895952417e+02
-3.285259089568712056e+02
2.822518906836047563e+02
-2.359287538969903153e+02
1.908728515716598224e+02
-1.488013271672483597e+02
1.105908733959782495e+02
-7.719595446834267705e+01
4.887811185249089618e+01
-2.583870961894410101e+01
7.791118261926655464e+00
