6.003389816239668338e-03
8.114761526033031219e-03
1.074237853587805061e-02
1.395410410943535677e-02
1.786065784468046300e-02
2.251494408914871473e-02
2.805621841566468405e-02
3.450534244373865828e-02
4.202834840496239704e-02
5.059600572035671817e-02
6.039592352255401808e-02
7.133349433242425208e-02
8.360951460557827786e-02
9.705542901523878108e-02
1.118746604403962480e-01
1.278258110586486251e-01
1.451038016869526937e-01
1.634060846948527934e-01
1.829091740233035335e-01
2.032700356289180166e-01
2.246395969635071044e-01
2.466601840767337628e-01
2.694535192279031155e-01
2.926734433946521219e-01
3.164124313028336966e-01
3.403577365822404444e-01
3.645754310854708580e-01
3.888007475380716449e-01
4.130779894797626528e-01
4.371965911138985250e-01
4.611843626254627515e-01
4.848837285274184561e-01
5.083109942096512013e-01
5.313550964023138201e-01
5.540249715059341051e-01
5.762468893125672897e-01
5.980254950944863257e-01
6.193147580184922285e-01
6.401171097577056379e-01
6.604056593961346033e-01
6.801819009539762373e-01
6.994313375425880164e-01
7.181552374361640512e-01
7.363466756824512682e-01
7.540070501117017709e-01
7.711338418356832314e-01
7.877287300890911670e-01
8.037916767288850739e-01
8.193246893673229447e-01
8.343291173416067519e-01
8.488072960625349106e-01
8.627613766673166706e-01
8.761940028233154987e-01
8.891078287650368006e-01
9.015057800709316282e-01
9.133908636719698659e-01
9.247662605674566993e-01
9.356352522169256725e-01
9.460012497807237519e-01
9.558677645899157360e-01
9.652384137917432438e-01
9.741169087691954331e-01
9.825070510154806369e-01
9.904127277189874734e-01
9.978379050321602994e-01
1.004786625827790436e+00
1.011263002026982161e+00
1.017271213658242468e+00
1.022815501981599873e+00
1.027900167172520751e+00
1.032529563689735141e+00
1.036708096873486751e+00
1.040440219616159068e+00
1.043730428815768496e+00
1.046583261974213697e+00
1.049003294374545092e+00
1.050995136258236373e+00
1.052563429133920314e+00
1.053712844691725881e+00
1.054448080098727036e+00
1.054773857781810653e+00
1.054694920650748102e+00
1.054216032677217862e+00
1.053341973176967761e+00
1.052077538981146088e+00
1.050427537777553155e+00
1.048396791150505658e+00
1.045990127922088897e+00
1.043212386974886163e+00
1.040068411896030831e+00
1.036563052062871026e+00
1.032701159603106600e+00
1.028487589105278932e+00
1.023927195230307508e+00
1.019024832494355604e+00
1.013785353242256715e+00
1.008213607719890881e+00
1.002314441034322767e+00
9.960926948908656042e-01
9.895532033951757178e-01
9.827007959483597954e-01
9.755402925424252469e-01
9.680765068001431217e-01
9.603142414152537887e-01
9.522582914094632756e-01
9.439134397897812612e-01
9.352844602988736877e-01
9.263761138685563390e-01
9.171931512253909125e-01
9.077403093441789306e-01
8.980223139088028272e-01
8.880438761999855934e-01
8.778096954837539823e-01
8.673244564058426587e-01
8.565928303668692845e-01
8.456194742195369818e-01
8.344090307752773938e-01
8.229661281528521943e-01
8.112953802849963703e-01
7.994013856156201303e-01
7.872887287644957377e-01
7.749619787178152475e-01
7.624256899862331682e-01
7.496844020258457419e-01
7.367426394553233671e-01
7.236049120559105985e-01
7.102757146990490433e-01
6.967595280701534000e-01
6.830608175105692403e-01
6.691840346098816283e-01
6.551336158307391466e-01
6.409139841735410625e-01
6.265295483079045269e-01
6.119847029345532041e-01
5.972838295814720810e-01
5.824312956629973392e-01
5.674314563616361662e-01
5.522886526014915143e-01
5.370072143052579960e-01
5.215914569200932327e-01
5.060456861945447082e-01
4.903741934740003527e-01
4.745812608395045262e-01
4.586711571269847521e-01
4.426481424146686550e-01
4.265164638251779938e-01
4.102803605919667640e-01
3.939440597890376261e-01
3.775117811802471968e-01
3.609877333109104414e-01
3.443761178504622378e-01
3.276811261183283919e-01
3.109069434989644720e-01
2.940577454610829311e-01
2.771377023345805712e-01
2.601509760535427040e-01
2.431017231237279641e-01
2.259940933921480710e-01
2.088322314946211844e-01
1.916202767833944942e-01
1.743623636166548030e-01
1.570626224441938612e-01
1.397251793731422442e-01
1.223541573983900760e-01
1.049536762578314880e-01
8.752785330089707383e-02
7.008080334379838960e-02
5.261664018945939880e-02
3.513947554185110206e-02
1.765342088781151481e-02
1.625870627794409411e-04
-1.732891473591787260e-02
-3.481697338333087505e-02
-5.229747601744554747e-02
-6.976630898009329729e-02
-8.721935629701962900e-02
-1.046525002569055340e-01
-1.220616196743030679e-01
-1.394425907581676172e-01
-1.567912858814371757e-01
-1.741035731467663050e-01
-1.913753165312813975e-01
-2.086023748732931948e-01
-2.257806012932751238e-01
-2.429058439176403628e-01
-2.599739436350335109e-01
-2.769807355438840824e-01
-2.939220470705871668e-01
-3.107936986209020036e-01
-3.275915022047765079e-01
-3.443112620877459285e-01
-3.609487731986241732e-01
-3.774998219980357783e-01
-3.939601847413516378e-01
-4.103256288538648655e-01
-4.265919103975718274e-01
-4.427547756634812592e-01
-4.588099592897946222e-01
-4.747531852751932235e-01
-4.905801653865295986e-01
-5.062866000273595901e-01
-5.218681762113669409e-01
-5.373205698060719016e-01
-5.526394420587020795e-01
-5.678204429255657715e-01
-5.828592065122586430e-01
-5.977513554163237375e-01
-6.124924963845909121e-01
-6.270782234254174137e-01
-6.415041142621810133e-01
-6.557657338074089903e-01
-6.698586302543833026e-01
-6.837783380446254000e-01
-6.975203751899220483e-01
-7.110802452265226892e-01
-7.244534351885645318e-01
-7.376354172727588310e-01
-7.506216471013270608e-01
-7.634075646629102652e-01
-7.759885940954361905e-01
-7.883601434689865295e-01
-8.005176044962856174e-01
-8.124563537631214194e-01
-8.241717505570153035e-01
-8.356591394728177802e-01
-8.469138486032672386e-01
-8.579311904075218598e-01
-8.687064617835373870e-01
-8.792349442128221115e-01
-8.895119039051929688e-01
-8.995325920159077393e-01
-9.092922450075542340e-01
-9.187860849395607099e-01
-9.280093198300841673e-01
-9.369571436560104605e-01
-9.456247374386199667e-01
-9.540072690988314896e-01
-9.620998939638465419e-01
-9.698977559975701102e-01
-9.773959872215888245e-01
-9.845897098141239701e-01
-9.914740351691216924e-01
-9.980440659952056759e-01
-1.004294895953788957e+00
-1.010221611830404154e+00
-1.015819292593794332e+00
-1.021083012363397158e+00
-1.026007839685568301e+00
-1.030588839704912552e+00
-1.034821074815682529e+00
-1.038699605964577000e+00
-1.042219493881161974e+00
-1.045375800814934530e+00
-1.048163590607700923e+00
-1.050577932312461105e+00
-1.052613899614386339e+00
-1.054266574232571640e+00
-1.055531046281923402e+00
-1.056402417095889223e+00
-1.056875800601634330e+00
-1.056946325563749234e+00
-1.056609137321315339e+00
-1.055859400900143630e+00
-1.054692301736553262e+00
-1.053103050454298195e+00
-1.051086882502678455e+00
-1.048639063874377442e+00
-1.045754890888329625e+00
-1.042429695907556741e+00
-1.038658847990567402e+00
-1.034437757957795467e+00
-1.029761880056285772e+00
-1.024626716881378075e+00
-1.019027821692792601e+00
-1.012960803553444755e+00
-1.006421329500777118e+00
-9.994051305541069574e-01
-9.919080043202224140e-01
-9.839258202045761958e-01
-9.754545246224792798e-01
-9.664901438218304053e-01
-9.570287925684385355e-01
-9.470666743631555029e-01
-9.366000945422378043e-01
-9.256254555727965183e-01
-9.141392817335887155e-01
-9.021381981254881222e-01
-8.896189874155909783e-01
-8.765785240458997540e-01
-8.630139140670124442e-01
-8.489223107197784168e-01
-8.343012641642777449e-01
-8.191482417605175925e-01
-8.034614719198744925e-01
-7.872387778834384342e-01
-7.704795214971509321e-01
-7.531819324028091733e-01
-7.353473540750231630e-01
-7.169744805308243540e-01
-6.980681348020831845e-01
-6.786275305052397178e-01
-6.586634438816033610e-01
-6.381756326830588799e-01
-6.171846199643949982e-01
-5.956906401569372900e-01
-5.737293163273754493e-01
-5.513010960593206500e-01
-5.284635681786689076e-01
-5.052167779938520065e-01
-4.816481181591139027e-01
-4.577560755465485132e-01
-4.336654742335774859e-01
-4.093713627179376702e-01
-3.850416177855989219e-01
-3.606651464704974108e-01
-3.364543687408415029e-01
-3.123885984025376317e-01
-2.887202664600829749e-01
-2.654152175215069853e-01
-2.427543902076736426e-01
-2.206864462296603824e-01
-1.995029462851691526e-01
-1.791325979914789590e-01
-1.598556561088865513e-01
-1.415798421636348392e-01
-1.245518552455572164e-01
-1.086597285217728165e-01
-9.409822191364218547e-02
-8.073948559457522212e-02
-6.871530655634298934e-02
-5.788792507385447095e-02
-4.832424617544204409e-02
-3.988392393653412277e-02
-3.257580870058999351e-02
-2.626453788243587190e-02
-2.091416825268738525e-02
-1.640101054366360084e-02
-1.266063081432654801e-02
-9.585940600930311847e-03
-7.099923128845819602e-03
