6.091060427940077175e-03
8.234283580581269052e-03
1.089502138860976369e-02
1.415612792775302990e-02
1.810451630937209150e-02
2.282930185806567383e-02
2.841956916505752884e-02
3.496182879963647544e-02
4.253725889601893406e-02
5.121885426867012897e-02
6.106862489825445883e-02
7.213499563660057123e-02
8.445055920524680015e-02
9.803032109083581469e-02
1.128705497531929530e-01
1.289483118158258612e-01
1.462217303456974371e-01
1.646309560893960411e-01
1.840998002775454390e-01
2.045379335312870750e-01
2.258435244270165232e-01
2.479061691279848267e-01
2.706099519471338866e-01
2.938364823871838505e-01
3.174677625998023056e-01
3.413887687357795020e-01
3.654896520952190531e-01
3.896675036231478373e-01
4.138276551155572469e-01
4.378845232879785554e-01
4.617620247891354168e-01
4.853936149230058672e-01
5.087220102975289482e-01
5.316986667643549547e-01
5.542830829283713623e-01
5.764419917613273769e-01
5.981485036500292507e-01
6.193812438714554336e-01
6.401235250262929943e-01
6.603625805592417963e-01
6.800888753615541571e-01
6.992955022135101117e-01
7.179776666724254630e-01
7.361322560635306100e-01
7.537574857702189490e-01
7.708526151516282843e-01
7.874177220137712485e-01
8.034535276002900961e-01
8.189612610290505357e-01
8.339425571672266502e-01
8.483993791147993457e-01
8.623339605195400326e-01
8.757487624399099557e-01
8.886464413541230734e-01
9.010298248412431654e-01
9.129018927629856117e-01
9.242657634395794464e-01
9.351246817798266608e-01
9.454820099443808079e-01
9.553412193842014677e-01
9.647058836027857520e-01
9.735796725107084271e-01
9.819663459840083375e-01
9.898697489425055673e-01
9.972938062109856228e-01
1.004242517887027342e+00
1.010719954998342329e+00
1.016730254508714015e+00
1.022277616422890612e+00
1.027366298647769183e+00
1.032000614097287938e+00
1.036184926422143437e+00
1.039923647114682881e+00
1.043221231600508281e+00
1.046082176705258826e+00
1.048511016746215052e+00
1.050512321650478365e+00
1.052090693553221490e+00
1.053250764119712191e+00
1.053997191794962651e+00
1.054334660211419639e+00
1.054267874642458303e+00
1.053801560844338514e+00
1.052940462305853586e+00
1.051689338294132137e+00
1.050052962117574484e+00
1.048036119388787046e+00
1.045643605491363815e+00
1.042880224783732102e+00
1.039750788789709945e+00
1.036260114316687186e+00
1.032413022225202814e+00
1.028214336270904417e+00
1.023668881439859790e+00
1.018781483152402467e+00
1.013556965887956851e+00
1.008000151737483252e+00
1.002115860186345131e+00
9.959089062324897323e-01
9.893841003140698698e-01
9.825462465000022183e-01
9.754001428518550565e-01
9.679505797591625438e-01
9.602023392880243424e-01
9.521601953258620465e-01
9.438289117719762533e-01
9.352132431165686155e-01
9.263179331379428616e-01
9.171477146853725948e-01
9.077073093895896561e-01
8.980014268666303145e-01
8.880347649349678019e-01
8.778120088193579473e-01
8.673378307889508809e-01
8.566168903020462411e-01
8.456538334270716772e-01
8.344532929149607314e-01
8.230198876925087781e-01
8.113582232242615433e-01
7.994728907163607401e-01
7.873684676955652328e-01
7.750495173578522135e-01
7.625205891474382547e-01
7.497862181053807085e-01
7.368509253762209887e-01
7.237192179908515932e-01
7.103955888665166585e-01
6.968845173134547988e-01
6.831904683835008374e-01
6.693178935214845193e-01
6.552712304928527409e-01
6.410549036008030832e-01
6.266733239034163461e-01
6.121308892136567703e-01
5.974319843165052379e-01
5.825809812584696878e-01
5.675822396370963085e-01
5.524401065285912127e-01
5.371589172839756898e-01
5.217429950224419244e-01
5.061966512827523745e-01
4.905241866746387625e-01
4.747298903721586805e-01
4.588180411269826009e-01
4.427929072683944867e-01
4.266587469204242700e-01
4.104198083637368155e-01
3.940803306870306333e-01
3.776445436422830038e-01
3.611166685132816689e-01
3.445009178984921316e-01
3.278014965072120757e-01
3.110226014490822810e-01
2.941684222340862909e-01
2.772431418582159690e-01
2.602509365139608066e-01
2.431959762417067183e-01
2.260824256535133858e-01
2.089144436436032037e-01
1.916961844740266152e-01
1.744317977022845911e-01
1.571254284708391291e-01
1.397812187375340465e-01
1.224033069137066276e-01
1.049958282260758380e-01
8.756291601954090120e-02
7.010870139529276623e-02
5.263731350032482131e-02
3.515288075785358984e-02
1.765953043305265244e-02
1.613897187178837196e-04
-1.733741419235484277e-02
-3.483275367310353920e-02
-5.232050001080092161e-02
-6.979652318992132787e-02
-8.725669131311933335e-02
-1.046968703840965298e-01
-1.221129237285801666e-01
-1.395007116324346597e-01
-1.568560906902624619e-01
-1.741749137330263209e-01
-1.914530291766501080e-01
-2.086862806601305076e-01
-2.258705067560260460e-01
-2.430015403190581291e-01
-2.600752085584885909e-01
-2.770873317353214071e-01
-2.940337237413243043e-01
-3.109101910857408613e-01
-3.277125328952907313e-01
-3.444365400456372850e-01
-3.610779953061432068e-01
-3.776326724713379157e-01
-3.940963364332956131e-01
-4.104647426026134527e-01
-4.267336365465234094e-01
-4.428987537717589684e-01
-4.589558189284007605e-01
-4.749005461717649701e-01
-4.907286385833817266e-01
-5.064357871577076509e-01
-5.220176717430355939e-01
-5.374699598834518088e-01
-5.527883063121923346e-01
-5.679683538925520692e-01
-5.830057319531994908e-01
-5.978960569395742608e-01
-6.126349316901111841e-01
-6.272179453638625501e-01
-6.416406734404977996e-01
-6.558986772136601306e-01
-6.699875035014551949e-01
-6.839026850083401721e-01
-6.976397396737239465e-01
-7.111941705995901142e-01
-7.245614661952515245e-01
-7.377371000325959605e-01
-7.507165300499304417e-01
-7.634951995652697887e-01
-7.760685366249368000e-01
-7.884319538588071552e-01
-8.005808485526872964e-01
-8.125106033720908005e-01
-8.242165852041958285e-01
-8.356941463158878980e-01
-8.469386234852276374e-01
-8.579453391594938916e-01
-8.687096005142738164e-01
-8.792267005391278811e-01
-8.894919174585688149e-01
-8.995005156729710682e-01
-9.092477456861934870e-01
-9.187288443227122903e-01
-9.279390351618870270e-01
-9.368735290446044139e-01
-9.455275242904117583e-01
-9.538962073489155591e-01
-9.619747529445373813e-01
-9.697583248726678873e-01
-9.772420765063112302e-01
-9.844211515922393074e-01
-9.912906847576352654e-01
-9.978458020891155522e-01
-1.004081622146017372e+00
-1.009993256539419626e+00
-1.015575811162564124e+00
-1.020824386769877634e+00
-1.025734080062635556e+00
-1.030299984991761564e+00
-1.034517193553982306e+00
-1.038380797022246727e+00
-1.041885887393281251e+00
-1.045027558545631674e+00
-1.047800907759595779e+00
-1.050201036730509241e+00
-1.052223053957210830e+00
-1.053862075610574101e+00
-1.055113227704837620e+00
-1.055971647472781383e+00
-1.056432485898945783e+00
-1.056490909022430147e+00
-1.056142100252978056e+00
-1.055381262904196982e+00
-1.054203622147755759e+00
-1.052604427112337149e+00
-1.050578954213011507e+00
-1.048122509033056815e+00
-1.045230429363821267e+00
-1.041898088172208858e+00
-1.038120896061520027e+00
-1.033894305396980240e+00
-1.029213812549447882e+00
-1.024074961876187517e+00
-1.018473349050243337e+00
-1.012404625185966633e+00
-1.005864499951257152e+00
-9.988487462721119536e-01
-9.913532041686434759e-01
-9.833737853148732944e-01
-9.749064780327926227e-01
-9.659473515626457729e-01
-9.564925616360117067e-01
-9.465383556146204080e-01
-9.360810792214772080e-01
-9.251171824758328555e-01
-9.136432276547296061e-01
-9.016558978335678098e-01
-8.891520070913596641e-01
-8.761285136110902316e-01
-8.625825358199419313e-01
-8.485113729445571407e-01
-8.339125329488247251e-01
-8.187837687951013965e-01
-8.031231275886598908e-01
-7.869290157176075384e-01
-7.702002851270868256e-01
-7.529363480379086537e-01
-7.351373258274527256e-01
-7.168042409752910515e-01
-6.979392624235434273e-01
-6.785460099250485433e-01
-6.586299309139748148e-01
-6.381987543139128194e-01
-6.172630276526835935e-01
-5.958367384247745813e-01
-5.739380167339162009e-01
-5.515899064773275295e-01
-5.288211868324538267e-01
-5.056672147332328393e-01
-4.821707480215195463e-01
-4.583827018662836039e-01
-4.343627790284999013e-01
-4.101799100622359195e-01
-3.859124375882402869e-01
-3.616479795724941160e-01
-3.374829151551283490e-01
-3.135214497478521767e-01
-2.898742375418309480e-01
-2.666565630906997941e-01
-2.439861141044061266e-01
-2.219804063235152336e-01
-2.007539537688157461e-01
-1.804153010390555367e-01
-1.610640556448662275e-01
-1.427880705625756697e-01
-1.256609240431769414e-01
-1.097398370529766021e-01
-9.506414454829739680e-02
-8.165440667749247761e-02
-6.951220818618840391e-02
-5.862065187025464197e-02
-4.894550981527912015e-02
-4.043695810876041241e-02
-3.303178709179217104e-02
-2.665595728657648919e-02
-2.122735694102921913e-02
-1.665861650748260911e-02
-1.285984290881726430e-02
-9.741154218601059261e-03
-7.214918823135600331e-03
