6.120421341037547182e-03
8.273748296524370202e-03
1.094670006979024668e-02
1.422231215575651617e-02
1.818762456648601034e-02
2.293180462089772567e-02
2.854389258792986578e-02
3.511024071068286068e-02
4.271174030869743371e-02
5.142096778103533161e-02
6.129938175324247535e-02
7.239473696834053396e-02
8.473886319658395505e-02
9.834593727248699957e-02
1.132113782313506345e-01
1.293114265053953993e-01
1.466034471138885908e-01
1.650269457734797607e-01
1.845052377828874102e-01
2.049476796079063579e-01
2.262523164933550324e-01
2.483088211780763166e-01
2.710015333234888080e-01
2.942124880854847802e-01
3.178242415945414234e-01
3.417224203873364674e-01
3.657978839072545396e-01
3.899484413754796819e-01
4.140801231774297042e-01
4.381079952564804758e-01
4.619565465517198044e-01
4.855597127378284972e-01
5.088605980776325088e-01
5.318109502496125574e-01
5.543704607451896971e-01
5.765059814526515281e-01
5.981906745812274329e-01
6.194031536103329350e-01
6.401266863388674899e-01
6.603484331824457376e-01
6.800587650137056572e-01
6.992506762516518259e-01
7.179192685916204741e-01
7.360613399723997530e-01
7.536750134958329905e-01
7.707594704979126021e-01
7.873147193020723078e-01
8.033414260725353362e-01
8.188407660781690245e-01
8.338143342336645780e-01
8.482640550616962205e-01
8.621921378187551444e-01
8.756010124408976081e-01
8.884933163710060366e-01
9.008718559091045686e-01
9.127395939805300618e-01
9.240996330547981419e-01
9.349552026966414520e-01
9.453096478408241632e-01
9.551664281407431512e-01
9.645291020453365949e-01
9.734013269438398508e-01
9.817868470787114443e-01
9.896894945589208570e-01
9.971131782137850896e-01
1.004061885330032711e+00
1.010539673400747684e+00
1.016550664841798790e+00
1.022099046557572777e+00
1.027189063788871870e+00
1.031825010703813605e+00
1.036011240530707589e+00
1.039752151806295100e+00
1.043052184105465408e+00
1.045915820502096860e+00
1.048347582574997272e+00
1.050352029684125998e+00
1.051933746521633184e+00
1.053097353389490287e+00
1.053847494691438236e+00
1.054188844795579838e+00
1.054126093848353651e+00
1.053663954578036410e+00
1.052807159689146177e+00
1.051560454552295854e+00
1.049928603573430097e+00
1.047916374922132965e+00
1.045528558047028378e+00
1.042769945147092425e+00
1.039645336455224278e+00
1.036159538573559358e+00
1.032317360492696734e+00
1.028123615473519381e+00
1.023583121264326268e+00
1.018700689750823951e+00
1.013481139984110158e+00
1.007929283126114406e+00
1.002049930049256021e+00
9.958478859804942296e-01
9.893279560744109302e-01
9.824949338327804149e-01
9.753536107308018455e-01
9.679087698478627821e-01
9.601651863741830217e-01
9.521276258013722238e-01
9.438008473965592282e-01
9.351895989188208080e-01
9.262986169810699666e-01
9.171326282080991543e-01
9.076963521316873118e-01
8.979944919986343477e-01
8.880317401267092681e-01
8.778127760952084691e-01
8.673422696400632237e-01
8.566248769625769421e-01
8.456652391371173305e-01
8.344679870327977866e-01
8.230377339309541407e-01
8.113790842828447758e-01
7.994966286432120262e-01
7.873949401961536365e-01
7.750785816310030718e-01
7.625520969636504498e-01
7.498200213799083302e-01
7.368868767480950543e-01
7.237571659735750895e-01
7.104353871124081676e-01
6.969260131055967644e-01
6.832335143609241657e-01
6.693623355197177993e-01
6.553169184005750436e-01
6.411016899846676553e-01
6.267210596653898236e-01
6.121794256899718567e-01
5.974811760280127615e-01
5.826306821469992014e-01
5.676323048748976863e-01
5.524903944725328975e-01
5.372092870870803782e-01
5.217933094566166163e-01
5.062467758702563492e-01
4.905739875891304558e-01
4.747792376956914140e-01
4.588668130479106599e-01
4.428409714803075992e-01
4.267059871847585506e-01
4.104661072115076692e-01
3.941255746300262319e-01
3.776886228835534820e-01
3.611594764404953417e-01
3.445423534723991987e-01
3.278414618008032577e-01
3.110610030227647371e-01
2.942051694709969523e-01
2.772781508002389872e-01
2.602841257361993010e-01
2.432272709780108899e-01
2.261117539604632631e-01
2.089417414669465511e-01
1.917213893518203149e-01
1.744548536865772326e-01
1.571462846077396891e-01
1.397998294291002974e-01
1.224196289504599217e-01
1.050098260705723124e-01
8.757455825986476539e-02
7.011796668002660826e-02
5.264418134658348236e-02
3.515733553205686174e-02
1.766156207470216677e-02
1.609945365516440678e-04
-1.734023446127237050e-02
-3.483799099484918838e-02
-5.232814302207797891e-02
-6.980655314490909202e-02
-8.726908295200533350e-02
-1.047115987365790646e-01
-1.221299531848376585e-01
-1.395200052798471757e-01
-1.568776025689993248e-01
-1.741985956395485646e-01
-1.914788287818906809e-01
-2.087141380353652875e-01
-2.259003540833631196e-01
-2.430333110834039523e-01
-2.601088289346033533e-01
-2.771227216734842291e-01
-2.940708009481060592e-01
-3.109488681288966605e-01
-3.277527166971162531e-01
-3.444781342714323680e-01
-3.611208986271471910e-01
-3.776767801570390382e-01
-3.941415397724092884e-01
-4.105109294821038812e-01
-4.267806900040497786e-01
-4.429465517061648150e-01
-4.590042435811907406e-01
-4.749494677697478906e-01
-4.907779279323878363e-01
-5.064853141226572930e-01
-5.220673018461879922e-01
-5.375195548110488497e-01
-5.528377258686557605e-01
-5.680174572309049097e-01
-5.830543767789106990e-01
-5.979440970497178487e-01
-6.126822192170744419e-01
-6.272643325847880869e-01
-6.416860090136440320e-01
-6.559428131266588080e-01
-6.700302880506762149e-01
-6.839439682995955838e-01
-6.976793700757614181e-01
-7.112319963364016617e-01
-7.245973337537651160e-01
-7.377708597357565123e-01
-7.507480323654384113e-01
-7.635242949608257446e-01
-7.760950794766361405e-01
-7.884557971675694166e-01
-8.006018482145393911e-01
-8.125286172372572224e-01
-8.242314721361886365e-01
-8.357057715474555115e-01
-8.469468515977193190e-01
-8.579500385702762966e-01
-8.687106436214863114e-01
-8.792239627083948683e-01
-8.894852809313950059e-01
-8.994898646450586455e-01
-9.092329689854166119e-01
-9.187098367119153064e-01
-9.279156960360862572e-01
-9.368457663393831014e-01
-9.454952476060399791e-01
-9.538593337405649741e-01
-9.619332055471051524e-01
-9.697120334074210701e-01
-9.771909770637527970e-01
-9.843651886586840538e-01
-9.912298107809434100e-01
-9.977799759587614448e-01
-1.004010813390994850e+00
-1.009917439393272831e+00
-1.015494971801155000e+00
-1.020738518751591828e+00
-1.025643186137825236e+00
-1.030204079201697986e+00
-1.034416298408125545e+00
-1.038274947406641724e+00
-1.041775125504118993e+00
-1.044911938087155434e+00
-1.047680492858435120e+00
-1.050075903166101554e+00
-1.052093291115998808e+00
-1.053727779320613900e+00
-1.054974510513431163e+00
-1.055828630757308373e+00
-1.056285306670366131e+00
-1.056339712615137483e+00
-1.055987044377950657e+00
-1.055222521629769705e+00
-1.054041380688427676e+00
-1.052438884579122380e+00
-1.050410321369732225e+00
-1.047951011553338585e+00
-1.045056308048225580e+00
-1.041721594895083536e+00
-1.037942297679393722e+00
-1.033713881649609867e+00
-1.029031859027303542e+00
-1.023891785171147983e+00
-1.018289271677277563e+00
-1.012219982543272279e+00
-1.005679643577255478e+00
-9.986640402989420684e-01
-9.911690250326509188e-01
-9.831905250136061536e-01
-9.747245434736022673e-01
-9.657671630427553389e-01
-9.563145541453149656e-01
-9.463629781842821664e-01
-9.359087950686884039e-01
-9.249484700894766709e-01
-9.134785810848915499e-01
-9.014958231450291848e-01
-8.889970332202505876e-01
-8.759791827386574914e-01
-8.624394150253564817e-01
-8.483750490660978416e-01
-8.337836230786436209e-01
-8.186629193383132552e-01
-8.030110262780383312e-01
-7.868263898765202047e-01
-7.701079176649646696e-01
-7.528550860631900710e-01
-7.350680869444424781e-01
-7.167480238513020963e-01
-6.978971558361083405e-01
-6.785192005787088476e-01
-6.586197048878353888e-01
-6.382064920675809550e-01
-6.172902012759174939e-01
-5.958848848577391610e-01
-5.740087070790440560e-01
-5.516847074943902474e-01
-5.289416041220781350e-01
-5.058146169574633255e-01
-4.823462919205359634e-01
-4.585872427272028040e-01
-4.345967706594138780e-01
-4.104433186627652330e-01
-3.862046554029546219e-01
-3.619677545398011786e-01
-3.378283055264647561e-01
-3.138898063551504580e-01
-2.902622208786532765e-01
-2.670601957860606057e-01
-2.444008837714639337e-01
-2.224013791925400496e-01
-2.011759388397810211e-01
-1.808330271174584669e-01
-1.614723581123469198e-01
-1.431820765552269392e-01
-1.260362266646348761e-01
-1.100926401659816783e-01
-9.539138259595379699e-02
-8.195381586672245700e-02
-6.978235981765669449e-02
-5.886094551677158171e-02
-4.915612175269926110e-02
-4.061876112150631518e-02
-3.318624458429958457e-02
-2.678499996076440931e-02
-2.133325407258513523e-02
-1.674384873303190469e-02
-1.292698288416602344e-02
-9.792762458198520786e-03
-7.253456561863663374e-03
