6.096950908543344143e-03
8.242201034473295093e-03
1.090538902169213564e-02
1.416940532476181937e-02
1.812118857270134109e-02
2.284986459392111813e-02
2.844450926718093686e-02
3.499160152367357390e-02
4.257226248209319830e-02
5.125940314354450467e-02
6.111492334794803999e-02
7.218711390365774305e-02
8.450841456197230595e-02
9.809366481131129301e-02
1.129389626982380546e-01
1.290212086309040496e-01
1.462983732488652433e-01
1.647104771636302423e-01
1.841812316884272049e-01
2.046202431006346190e-01
2.259256543549471030e-01
2.479870757282645333e-01
2.706886432111966778e-01
2.939120504093349906e-01
3.175394112254944501e-01
3.414558323074333712e-01
3.655516068878977842e-01
3.897239708120423529e-01
4.138783972294792779e-01
4.379294332803303491e-01
4.618011113452393790e-01
4.854269841485497894e-01
5.087498462489686846e-01
5.317212122688272924e-01
5.543006204759853839e-01
5.764548278715838636e-01
5.981569544686611284e-01
6.193856240242643363e-01
6.401241397299811675e-01
6.603597195416869292e-01
6.800828096771908138e-01
6.992864828681536471e-01
7.179659242613839476e-01
7.361180017125145136e-01
7.537409129447832923e-01
7.708339011771040417e-01
7.873970306084843163e-01
8.034310103954929172e-01
8.189370598126303191e-01
8.339168049693704843e-01
8.483722020898141203e-01
8.623054787420070255e-01
8.757190910627279390e-01
8.886156909703962770e-01
9.009981020633032189e-01
9.128693007290353822e-01
9.242324022479587731e-01
9.350906482718794877e-01
9.454473978492108355e-01
9.553061196081823470e-01
9.646703843743168472e-01
9.735438590907040668e-01
9.819303009554084527e-01
9.898335520655202613e-01
9.972575344230950600e-01
1.004206245302982303e+00
1.010683752765408228e+00
1.016694191385692614e+00
1.022241758128721090e+00
1.027330708151038108e+00
1.031965351399097397e+00
1.036150049062753764e+00
1.039889209377358625e+00
1.043187285524806107e+00
1.046048771073738948e+00
1.048478198314862553e+00
1.050480134135415966e+00
1.052059177920219080e+00
1.053219958656566257e+00
1.053967132401005147e+00
1.054305380035631012e+00
1.054239404517732792e+00
1.053773928925595849e+00
1.052913694359550290e+00
1.051663457770638521e+00
1.050027990006419332e+00
1.048012074073902733e+00
1.045620503547240343e+00
1.042858080324018388e+00
1.039729613539591258e+00
1.036239917974773217e+00
1.032393812535906230e+00
1.028196118879684651e+00
1.023651659965600924e+00
1.018765259404547097e+00
1.013541739576993894e+00
1.007985920981592898e+00
1.002102621149510098e+00
9.958966534140056837e-01
9.893728263314129912e-01
9.825359428126054784e-01
9.753907991097094943e-01
9.679421843094605515e-01
9.601948788132717016e-01
9.521536552057662250e-01
9.438232761558239536e-01
9.352084948508481155e-01
9.263140539110996663e-01
9.171446851001867628e-01
9.077051088907984733e-01
8.980000340304385986e-01
8.880341571795373756e-01
8.778121626943186095e-01
8.673387221925331625e-01
8.566184941191929969e-01
8.456561238913268275e-01
8.344562435360909358e-01
8.230234715460149619e-01
8.113624125894897121e-01
7.994776575107688243e-01
7.873737833299673250e-01
7.750553530983067541e-01
7.625269156086047495e-01
7.497930057571631224e-01
7.368581443990127600e-01
7.237268384202906191e-01
7.104035805934854064e-01
6.968928500117029801e-01
6.831991117991554896e-01
6.693268173282952427e-01
6.552804046540797733e-01
6.410642980073290031e-01
6.266829087356344807e-01
6.121406347967157657e-01
5.974418612650645999e-01
5.825909602595664705e-01
5.675922918120336336e-01
5.524502034329387135e-01
5.371690308351909637e-01
5.217530975722488584e-01
5.062067156895186937e-01
4.905341862309983703e-01
4.747397990221444708e-01
4.588278333936491316e-01
4.428025581814399869e-01
4.266682323057016668e-01
4.104291046984980262e-01
3.940894151723045580e-01
3.776533943476307331e-01
3.611252641596635060e-01
3.445092379306451957e-01
3.278095212384057877e-01
3.110303120611181971e-01
2.941758006325428387e-01
2.772501710343370229e-01
2.602576005446553542e-01
2.432022600000383616e-01
2.260883147363225987e-01
2.089199248057733993e-01
1.917012452665958211e-01
1.744364269067114337e-01
1.571296158094921680e-01
1.397849549460694896e-01
1.224065835963128457e-01
1.049986385068726880e-01
8.756525389118040292e-02
7.011056164658152623e-02
5.263869200573474683e-02
3.515377454989954131e-02
1.765993784704784908e-02
1.613099585077745583e-04
-1.733798076488182738e-02
-3.483380561039366857e-02
-5.232203477963519311e-02
-6.979853738854849277e-02
-8.725918045412282831e-02
-1.046998286048838184e-01
-1.221163442256487236e-01
-1.395045865889943948e-01
-1.568604110591025891e-01
-1.741796698155369250e-01
-1.914582100438005918e-01
-2.086918743696026535e-01
-2.258765005693470773e-01
-2.430079203397123022e-01
-2.600819598042948821e-01
-2.770944385003220045e-01
-2.940411690891405749e-01
-3.109179577181058196e-01
-3.277206021387613633e-01
-3.444448924306160453e-01
-3.610866107116333379e-01
-3.776415297630550949e-01
-3.941054138255562500e-01
-4.104740175135795921e-01
-4.267430855258246281e-01
-4.429083527176258528e-01
-4.589655433047977184e-01
-4.749103707188794821e-01
-4.907385369557361043e-01
-5.064457332993348437e-01
-5.220276385123033824e-01
-5.374799195597064205e-01
-5.527982309576467967e-01
-5.679782150627757931e-01
-5.830155007694957092e-01
-5.979057040889800279e-01
-6.126444277872860056e-01
-6.272272606615775237e-01
-6.416497777572577332e-01
-6.559075404403474918e-01
-6.699960953118196949e-01
-6.839109750761311890e-01
-6.976476976003133101e-01
-7.112017659139719949e-01
-7.245686685711755226e-01
-7.377438790714337946e-01
-7.507228557149423498e-01
-7.635010419644714386e-01
-7.760738660834768377e-01
-7.884367409913450864e-01
-8.005850646976593321e-01
-8.125142198679333738e-01
-8.242195739683666478e-01
-8.356964798448662801e-01
-8.469402749992696045e-01
-8.579462822407440958e-01
-8.687098096857867047e-01
-8.792261507582240787e-01
-8.894905848406119420e-01
-8.994983771294791097e-01
-9.092447789972170069e-01
-9.187250281368336546e-01
-9.279343495028650191e-01
-9.368679548047298411e-01
-9.455210435200185337e-01
-9.538888031840027093e-01
-9.619664100410354468e-01
-9.697490292616836038e-01
-9.772318155941270845e-01
-9.844099142326916407e-01
-9.912784611797365031e-01
-9.978325842589425010e-01
-1.004067403621955901e+00
-1.009978032689297756e+00
-1.015559578874141611e+00
-1.020807144885111262e+00
-1.025715829232924703e+00
-1.030280727895080739e+00
-1.034496934605369844e+00
-1.038359542880450181e+00
-1.041863646888378181e+00
-1.045004342389519669e+00
-1.047776728907880539e+00
-1.050175910454882677e+00
-1.052196997773072962e+00
-1.053835109349410937e+00
-1.055085373441843277e+00
-1.055942929816369169e+00
-1.056402931918370536e+00
-1.056460548247787568e+00
-1.056110964819960918e+00
-1.055349387554094687e+00
-1.054171043865565816e+00
-1.052571186140053072e+00
-1.050545092963957261e+00
-1.048088072598530873e+00
-1.045195465947362790e+00
-1.041862648293442550e+00
-1.038085033424689163e+00
-1.033858076239546619e+00
-1.029177275859226137e+00
-1.024038179536099102e+00
-1.018436385838317193e+00
-1.012367548413451113e+00
-1.005827379824507428e+00
-9.988116560373466735e-01
-9.913162196776776902e-01
-9.833369855317625197e-01
-9.748699444548114545e-01
-9.659111685097984124e-01
-9.564568163957877234e-01
-9.465031383696167477e-01
-9.360464829770204220e-01
-9.250833031323572042e-01
-9.136101640801542745e-01
-9.016237522251855374e-01
-8.891208849034591966e-01
-8.760985241339775964e-01
-8.625537922523183187e-01
-8.484839933344284768e-01
-8.338866407725236130e-01
-8.187594940429521184e-01
-8.031006077782660846e-01
-7.869083971966505109e-01
-7.701817250999007936e-01
-7.529200161577900285e-01
-7.351234061508573614e-01
-7.167929343502976725e-01
-6.979307877926528292e-01
-6.785406057003586788e-01
-6.586278561352244543e-01
-6.382002871285494816e-01
-6.172684640130660094e-01
-5.958463883245325166e-01
-5.739521971873147166e-01
-5.516089337748552035e-01
-5.288453644537483012e-01
-5.056968191610552443e-01
-4.822060127462853840e-01
-4.584237989297526572e-01
-4.344098001332005743e-01
-4.102328478980218907e-01
-3.859711688959121534e-01
-3.617122513920387750e-01
-3.375523353442423935e-01
-3.135954835801905705e-01
-2.899522113982688776e-01
-2.667376761845179911e-01
-2.440694565757123291e-01
-2.220649852952112091e-01
-2.008387253375344961e-01
-1.804992053783391337e-01
-1.611460552567729188e-01
-1.428671873350551846e-01
-1.257362737742267478e-01
-1.098106593064374220e-01
-9.512982538044667535e-02
-8.171449365541426368e-02
-6.956641682938735638e-02
-5.866886340694786595e-02
-4.898776150188052791e-02
-4.047342674586278805e-02
-3.306276763656089412e-02
-2.668183821719461932e-02
-2.124859442691076974e-02
-1.667570878757165115e-02
-1.287330647028197758e-02
-9.751502875158850336e-03
-7.222646407738894832e-03
