6.103686118168581351e-03
8.251253963076058198e-03
1.091724362719430179e-02
1.418458718677839334e-02
1.814025246619646592e-02
2.287337721808272925e-02
2.847302723355695994e-02
3.502564523687445169e-02
4.261228687206507909e-02
5.130576702266633621e-02
6.116785933810302972e-02
7.224670140316756528e-02
8.457455774278054006e-02
9.816607799869081497e-02
1.130171653043529900e-01
1.291045303660031951e-01
1.463859696101068864e-01
1.648013554548603821e-01
1.842742854357691806e-01
2.047142923306715379e-01
2.260194912288529534e-01
2.480795083303041770e-01
2.707785388305822827e-01
2.939983737556442489e-01
3.176212540311441623e-01
3.415324357647622211e-01
3.656223746047721490e-01
3.897884717793412279e-01
4.139363605375236399e-01
4.379807370450967130e-01
4.618457658443591574e-01
4.854651103975141657e-01
5.087816545049559380e-01
5.317469793041090798e-01
5.543206684436426945e-01
5.764695060663298509e-01
5.981666230418620778e-01
6.193906417521102270e-01
6.401248545320094019e-01
6.603564621839229654e-01
6.800758893571096086e-01
6.992761859842594463e-01
7.179525141236987595e-01
7.361017197006216595e-01
7.537219800277583648e-01
7.708125201572236795e-01
7.873733885096894092e-01
8.034052806347194986e-01
8.189094044435175634e-01
8.338873764917030806e-01
8.483411446799427047e-01
8.622729298451576874e-01
8.756851822615339120e-01
8.885805487086754217e-01
9.009618483698342839e-01
9.128320537242019528e-01
9.241942758542389669e-01
9.350517532995107350e-01
9.454078415619239228e-01
9.552660061574677064e-01
9.646298144375358152e-01
9.735029302329775147e-01
9.818891076296167864e-01
9.897921851780372426e-01
9.972160818404317562e-01
1.004164791996542183e+00
1.010642380015332575e+00
1.016652977504638233e+00
1.022200778244725772e+00
1.027290034062766644e+00
1.031925051937729432e+00
1.036110189585339736e+00
1.039849852562974686e+00
1.043148490361266445e+00
1.046010593943261124e+00
1.048440692125535145e+00
1.050443348900220064e+00
1.052023160467517648e+00
1.053184752991992212e+00
1.053932779490329263e+00
1.054271917587627394e+00
1.054206867780334678e+00
1.053742350251628990e+00
1.052883103061977632e+00
1.051633880556826162e+00
1.049999450905759080e+00
1.047984594365434230e+00
1.045594101759651284e+00
1.042832772597532820e+00
1.039705413481214258e+00
1.036216836730668112e+00
1.032371858936151021e+00
1.028175299221137928e+00
1.023631978663301467e+00
1.018746718195559398e+00
1.013524338316562856e+00
1.007969657426009968e+00
1.002087490883736498e+00
9.958826502135604830e-01
9.893599418728622474e-01
9.825241672525837355e-01
9.753801207954094776e-01
9.679325894891217530e-01
9.601863526494686107e-01
9.521461809068755278e-01
9.438168357721794521e-01
9.352030686233416823e-01
9.263096209949576165e-01
9.171412232030817790e-01
9.077025944176048133e-01
8.979984423727429554e-01
8.880334628603944180e-01
8.778123389339843596e-01
8.673397412703538478e-01
8.566203272288495096e-01
8.456587417198562218e-01
8.344596159019982418e-01
8.230275674716504009e-01
8.113672005905600004e-01
7.994831055963365074e-01
7.873798587129405835e-01
7.750620224849500417e-01
7.625341458499378389e-01
7.498007629804289698e-01
7.368663946590763292e-01
7.237355473377512505e-01
7.104127140060751966e-01
6.969023730333770983e-01
6.832089899781355058e-01
6.693370162851800531e-01
6.552908896475801992e-01
6.410750350923102303e-01
6.266938635326955165e-01
6.121517732159665881e-01
5.974531494337479431e-01
5.826023651010798776e-01
5.676037804669076259e-01
5.524617431864590200e-01
5.371805894792873737e-01
5.217646434778725473e-01
5.062182178066422233e-01
4.905456141609936260e-01
4.747511232349155286e-01
4.588390245038553861e-01
4.428135878170285089e-01
4.266790728907740027e-01
4.104397294533103646e-01
3.940997978961344739e-01
3.776635098530434775e-01
3.611350880553788611e-01
3.445187466939151899e-01
3.278186923597699587e-01
3.110391240444038141e-01
2.941842332843755403e-01
2.772582048127414378e-01
2.602652167038108089e-01
2.432094411693002667e-01
2.260950449202222545e-01
2.089261888049967486e-01
1.917070289674940309e-01
1.744417172089233192e-01
1.571344012049656624e-01
1.397892247229070295e-01
1.224103284901706251e-01
1.050018502666944520e-01
8.756792535157525981e-02
7.011268694495689791e-02
5.264026694418481173e-02
3.515479565429538433e-02
1.766040323556962791e-02
1.612186178678854634e-04
-1.733862861755032514e-02
-3.483500816564862740e-02
-5.232378935950222215e-02
-6.980083972274410409e-02
-8.726202511432058773e-02
-1.047032093666026842e-01
-1.221202532720986333e-01
-1.395090150177199229e-01
-1.568653489543607449e-01
-1.741851055968979267e-01
-1.914641313346801266e-01
-2.086982677077510728e-01
-2.258833511173387598e-01
-2.430152120297009166e-01
-2.600896756999018788e-01
-2.771025606518811579e-01
-2.940496785336982333e-01
-3.109268339727767616e-01
-3.277298241416389257e-01
-3.444544381065059446e-01
-3.610964567549206361e-01
-3.776516522891034122e-01
-3.941157878640638712e-01
-4.104846172980902153e-01
-4.267538844213497606e-01
-4.429193232206447561e-01
-4.589766571156351782e-01
-4.749215988864610161e-01
-4.907498499499657885e-01
-5.064571005044514740e-01
-5.220390290230348951e-01
-5.374913018917594210e-01
-5.528095731924616008e-01
-5.679894846303938927e-01
-5.830266648104474037e-01
-5.979167290923966815e-01
-6.126552799527882343e-01
-6.272379060440302911e-01
-6.416601822667711286e-01
-6.559176694080098846e-01
-6.700059142858523220e-01
-6.839204490257341229e-01
-6.976567917118194906e-01
-7.112104458079804292e-01
-7.245768994340192615e-01
-7.377516262342010966e-01
-7.507300849429878742e-01
-7.635077190955271709e-01
-7.760799567381418962e-01
-7.884422120206392437e-01
-8.005898830973577907e-01
-8.125183528509440922e-01
-8.242229896885079343e-01
-8.356991467454668587e-01
-8.469421623198130078e-01
-8.579473597997351320e-01
-8.687100483873956280e-01
-8.792255222303978490e-01
-8.894890617245850839e-01
-8.994959327902634083e-01
-9.092413879578666869e-01
-9.187206663679571284e-01
-9.279289938436025009e-01
-9.368615836141533926e-01
-9.455136362428651076e-01
-9.538803410020740836e-01
-9.619568752217985130e-01
-9.697384057372918642e-01
-9.772200888890435477e-01
-9.843970716084433636e-01
-9.912644914901599380e-01
-9.978174782396938003e-01
-1.004051154035266347e+00
-1.009960633889708026e+00
-1.015541027532278040e+00
-1.020787439770553195e+00
-1.025694971141826617e+00
-1.030258719577794579e+00
-1.034473781490222510e+00
-1.038335252494720695e+00
-1.041838228858298798e+00
-1.044977809236430355e+00
-1.047749095396828922e+00
-1.050147194101268999e+00
-1.052167218697893869e+00
-1.053804290279259925e+00
-1.055053539491777492e+00
-1.055910109430819199e+00
-1.056369155713097641e+00
-1.056425850023171131e+00
-1.056075381199110153e+00
-1.055312958199981388e+00
-1.054133811408647370e+00
-1.052533196033516250e+00
-1.050506393845607178e+00
-1.048048716507923972e+00
-1.045155507240141057e+00
-1.041822145378398901e+00
-1.038044047171457596e+00
-1.033816670919512459e+00
-1.029135519073147931e+00
-1.023996142069354187e+00
-1.018394141516145490e+00
-1.012325174318087884e+00
-1.005784956584695466e+00
-9.987692668874249557e-01
-9.912739516156248154e-01
-9.832949286677977740e-01
-9.748281918666390489e-01
-9.658698168216295343e-01
-9.564159651993183742e-01
-9.464628906582943646e-01
-9.360069450736657748e-01
-9.250445846167871800e-01
-9.135723782234477230e-01
-9.015870157001724117e-01
-8.890853184361199313e-01
-8.760642524310654489e-01
-8.625209450870243710e-01
-8.484527056911375098e-01
-8.338570540048565460e-01
-8.187317565251654994e-01
-8.030748767146943523e-01
-7.868848399245037539e-01
-7.701605214777291764e-01
-7.529013601577922987e-01
-7.351075084644776991e-01
-7.167800242700459457e-01
-6.979211152386791683e-01
-6.785344430298959617e-01
-6.586254985768542625e-01
-6.382020525650694553e-01
-6.172746902311372352e-01
-5.958574283101301106e-01
-5.739684131183802052e-01
-5.516306855856215607e-01
-5.288729978200444881e-01
-5.057306494324597113e-01
-4.822463060555500225e-01
-4.584707516375399750e-01
-4.344635168252669599e-01
-4.102933207575772401e-01
-3.860382577997560904e-01
-3.617856681322252910e-01
-3.376316326990487782e-01
-3.136800522018773907e-01
-2.900412835767194331e-01
-2.668303380790673085e-01
-2.441646700732082731e-01
-2.221616178296212940e-01
-2.009355846312352034e-01
-1.805950809869077134e-01
-1.612397616698995340e-01
-1.429576064622445353e-01
-1.258223947163367440e-01
-1.098916119751143367e-01
-9.520490695216939081e-02
-8.178318583357244154e-02
-6.962839304586120048e-02
-5.872398686791059641e-02
-4.903607360736861320e-02
-4.051512856108828442e-02
-3.309819546444237731e-02
-2.671143564247592181e-02
-2.127288246941267183e-02
-1.669525673398436494e-02
-1.288870467824958753e-02
-9.763338793647180838e-03
-7.231484655077402741e-03
