5.822736649555371527e-03
6.013350493502097466e-03
6.208417566089181536e-03
6.408011895154691606e-03
6.612210727138354179e-03
6.821088232927202157e-03
7.034724019268838273e-03
7.253192371489468847e-03
7.476575228034784693e-03
7.704946831316300364e-03
7.938391523002278141e-03
8.176983473979750061e-03
8.420809329005275734e-03
8.669943087307131410e-03
8.924473782559547153e-03
9.184475027758603680e-03
9.450038331325584171e-03
9.721236805585195193e-03
9.998164362181288789e-03
1.028089355554762281e-02
1.056952072916040979e-02
1.086411769359879945e-02
1.116478322417136654e-02
1.147158828746838721e-02
1.178463410493569077e-02
1.210399065612571129e-02
1.242976152279216123e-02
1.276201568314473678e-02
1.310085907924502836e-02
1.344635934464248617e-02
1.379862493906044117e-02
1.415772203694892761e-02
1.452376155847343031e-02
1.489680804732580743e-02
1.527697485550390949e-02
1.566432483872183881e-02
1.605897360915104627e-02
1.646098227730829686e-02
1.687046882997782216e-02
1.728749217472235616e-02
1.771217284459766783e-02
1.814456734394392576e-02
1.858479869486883568e-02
1.903292102709979589e-02
1.948905962291811941e-02
1.995326600856008395e-02
2.042566781230999162e-02
2.090631387108362119e-02
2.139533401611929883e-02
2.189277425196334628e-02
2.239876664141790194e-02
2.291335404195211922e-02
2.343667083376132707e-02
2.396875641252978195e-02
2.450974761889497186e-02
2.505968018648771153e-02
2.561869333055826967e-02
2.618681892241547099e-02
2.676419840887339641e-02
2.735085977030909943e-02
2.794694679953963964e-02
2.855248318547320280e-02
2.916761478083190057e-02
2.979236126915297059e-02
3.042687044862442056e-02
3.107115765409501976e-02
3.172537257199908867e-02
3.238952601683817850e-02
3.306376967773208553e-02
3.374810961995681341e-02
3.444269930643928390e-02
3.514753999601035600e-02
3.586278692540410123e-02
3.658843648978665763e-02
3.732464535638170544e-02
3.807140477059273859e-02
3.882887340232892004e-02
3.959703677503523950e-02
4.037605533242799583e-02
4.116590899043284790e-02
4.196675979491447384e-02
4.277858199705962539e-02
4.360153918766176973e-02
4.443559960985123819e-02
4.528092845656987026e-02
4.613748784845241729e-02
4.700544446614992461e-02
4.788475425058195262e-02
4.877558508401084320e-02
4.967788678486056292e-02
5.059182855144390978e-02
5.151735339305423683e-02
5.245463222459188085e-02
5.340360090290208195e-02
5.436443205947272955e-02
5.533705468479885314e-02
5.632164209700337570e-02
5.731811699242698316e-02
5.832665337582759735e-02
5.934716730607406121e-02
6.037983341733972609e-02
6.142456095936282140e-02
6.248152525295172510e-02
6.355062856705528951e-02
6.463204690911691919e-02
6.572567579617442923e-02
6.683169123567124503e-02
6.794998222161248436e-02
6.908072464700237836e-02
7.022380075393504228e-02
7.137938666429304024e-02
7.254735741050279130e-02
7.372788968664270581e-02
7.492085108659313208e-02
7.612641841887167471e-02
7.734445206769097192e-02
7.857512907044696127e-02
7.981830271612373739e-02
8.107414958436057195e-02
8.234251598335218247e-02
8.362357872161618744e-02
8.491717655436209489e-02
8.622348571791163541e-02
8.754233844444166135e-02
8.887391051251723739e-02
9.021802671576914512e-02
9.157486306164078216e-02
9.294423644746020730e-02
9.432632310954917887e-02
9.572093227781133806e-02
9.712823995969012414e-02
9.854804874761732836e-02
9.998053327576633675e-02
1.014254893846578964e-01
1.028830913651478940e-01
1.043531279625285746e-01
1.058357728954599231e-01
1.073308076995664884e-01
1.088384054068732704e-01
1.103583411444112594e-01
1.118907864564962634e-01
1.134355106337616159e-01
1.149926833894963918e-01
1.165620680634971013e-01
1.181438332246610712e-01
1.197377356897521700e-01
1.213439428832760320e-01
1.229622056711596606e-01
1.245926901046386509e-01
1.262351408699248223e-01
1.278897227594229524e-01
1.295561748518254952e-01
1.312346601085104536e-01
1.329249121150902213e-01
1.346270923452335677e-01
1.363409290059118262e-01
1.380665816253279499e-01
1.398037734895689610e-01
1.415526621813718855e-01
1.433129661803786425e-01
1.450848407805428453e-01
1.468680005705745861e-01
1.486625980978874828e-01
1.504683438313815236e-01
1.522853881441259827e-01
1.541134369274541061e-01
1.559526390667259899e-01
1.578026961045863874e-01
1.596637545231728295e-01
1.615355122030766588e-01
1.634181139098478119e-01
1.653112531753891667e-01
1.672150728197848435e-01
1.691292627128842541e-01
1.710539638437447441e-01
1.729888628779189808e-01
1.749340985156809525e-01
1.768893542182865819e-01
1.788547661683480561e-01
1.808300153094595797e-01
1.828152357643283155e-01
1.848101059588866668e-01
1.868147574981801340e-01
1.888288665193576521e-01
1.908525618809246427e-01
1.928855185756384316e-01
1.949278627154642507e-01
1.969792672332544015e-01
1.990398557233124255e-01
2.011093002029772092e-01
2.031877212911339103e-01
2.052747903184863609e-01
2.073706251573796677e-01
2.094748959941259425e-01
2.115877177256518527e-01
2.137087607671479261e-01
2.158381374978790568e-01
2.179755169597656916e-01
2.201210097010459776e-01
2.222742845347621676e-01
2.244354494914905795e-01
2.266041724687600789e-01
2.287805601238769859e-01
2.309642805832484713e-01
2.331554375287624714e-01
2.353537000023395165e-01
2.375591682526924098e-01
2.397715126950117348e-01
2.419908308314702716e-01
2.442167949082852119e-01
2.464494989944543135e-01
2.486886167094648215e-01
2.509342402912877468e-01
2.531860438171670280e-01
2.554441174651685409e-01
2.577081371435629986e-01
2.599781900549979485e-01
2.622539543965273778e-01
2.645355150820154488e-01
2.668225519106645627e-01
2.691151475075554966e-01
2.714129844184307583e-01
2.737161422929526022e-01
2.760243061945252818e-01
2.783375539417844435e-01
2.806555719714043384e-01
2.829784371865071702e-01
2.853058385414289910e-01
2.876378504216303145e-01
2.899741642991088275e-01
2.923148534149334066e-01
2.946596115298852347e-01
2.970085089096145547e-01
2.993612445791044574e-01
3.017178855997085241e-01
3.040781348873415335e-01
3.064420562990603503e-01
3.088093568705898018e-01
3.111800990857166993e-01
3.135539931844627537e-01
3.159310991329529750e-01
3.183111319776542047e-01
3.206941489381513466e-01
3.230798694095997625e-01
3.254683483228009155e-01
3.278593098793552429e-01
3.302528058057675464e-01
3.326485657967184206e-01
3.350466388321726163e-01
3.374467596421341087e-01
3.398489751466626241e-01
3.422530241955722419e-01
3.446589521067743855e-01
3.470665020787715438e-01
3.494757178273266707e-01
3.518863473573875522e-01
3.542984316381769805e-01
3.567117246254795648e-01
3.591262649997347123e-01
3.615418112942939133e-01
3.639584005874481054e-01
3.663757966767505203e-01
3.687940345805872377e-01
3.712128829029565091e-01
3.736323752889743055e-01
3.760522849202058149e-01
3.784726447551319817e-01
3.808932314084929605e-01
3.833140782965264726e-01
3.857349652382694449e-01
3.881559251922028775e-01
3.905767425549305227e-01
3.929974491405416881e-01
3.954178336943285355e-01
3.978379271148669849e-01
4.002575238694078275e-01
4.026766523388651819e-01
4.050951122546915806e-01
4.075129313111662266e-01
4.099299135884300616e-01
4.123460858652489014e-01
4.147612570282089295e-01
4.171754531694408796e-01
4.195884870664626232e-01
4.220003845825266997e-01
4.244109633015961114e-01
4.268202474847748729e-01
4.292280602091062547e-01
4.316344239046676079e-01
4.340391675993389153e-01
4.364423118921708644e-01
4.388436913041235399e-01
4.412433243743426048e-01
4.436410513457468285e-01
4.460368886975766278e-01
4.484306828524659005e-01
4.508224489163850657e-01
4.532120372028998201e-01
4.555994630468589990e-01
4.579845806527599872e-01
4.603674039821815667e-01
4.627477936482147225e-01
4.651257613236547406e-01
4.675011719702811264e-01
4.698740372608892213e-01
4.722442265059468847e-01
4.746117502338577654e-01
4.769764825615349091e-01
4.793384328729902166e-01
4.816974803204602806e-01
4.840536319991736169e-01
4.864067730122035305e-01
4.887569093103869000e-01
4.911039296588505243e-01
4.934478402373095873e-01
4.957885327863092439e-01
4.981260134855647337e-01
5.004601781954314266e-01
5.027910324089893690e-01
5.051184756486474248e-01
5.074425134074856958e-01
5.097630484122097627e-01
5.120800859270213667e-01
5.143935327984362482e-01
5.167033931462644558e-01
5.190095781657101393e-01
5.213120901455566836e-01
5.236108453163317300e-01
5.259058455090619422e-01
5.281970094719365960e-01
5.304843388071042165e-01
5.327677559248074068e-01
5.350472624271946920e-01
5.373227834710487816e-01
5.395943208873964503e-01
5.418618018929256541e-01
5.441252292341763885e-01
5.463845321877416339e-01
5.486397139579182181e-01
5.508907067967174775e-01
5.531375129929226864e-01
5.553800682317205917e-01
5.576183741152593853e-01
5.598523699907790308e-01
5.620820565449146100e-01
5.643073761003243316e-01
5.665283291147649170e-01
5.687448601996781816e-01
5.709569695839423753e-01
5.731646057699310015e-01
5.753677669266175077e-01
5.775664054473070852e-01
5.797605185854595167e-01
5.819500612520420724e-01
5.841350309293928955e-01
5.863153843595056980e-01
5.884911190247187340e-01
5.906621937269309619e-01
5.928286061773588855e-01
5.949903172378063765e-01
5.971473248483684104e-01
5.992995910152405514e-01
6.014471143651527463e-01
6.035898585064488620e-01
6.057278220658589563e-01
6.078609707116321426e-01
6.099893030704981456e-01
6.121127866417328534e-01
6.142314198231878519e-01
6.163451714874088605e-01
6.184540407188826583e-01
6.205579973056681853e-01
6.226570412477655525e-01
6.247511434776256145e-01
6.268403042241266210e-01
6.289244951063545086e-01
6.310037174975793306e-01
6.330779430168868016e-01
6.351471746396954998e-01
6.372113849006044717e-01
6.392705763172755740e-01
6.413247232553347388e-01
6.433738277746869905e-01
6.454178660719850358e-01
6.474568397493771776e-01
6.494907268345426754e-01
6.515195287007518044e-01
6.535432238334404342e-01
6.555618147502704218e-01
6.575752806233127190e-01
6.595836241991075433e-01
6.615868248786042072e-01
6.635848863238561490e-01
6.655777888513261242e-01
6.675655358941893214e-01
6.695481086844218277e-01
6.715255111129553311e-01
6.734977253272794728e-01
6.754647549894475800e-01
6.774265831624625145e-01
6.793832137372559643e-01
6.813346300057093741e-01
6.832808365453892918e-01
6.852218173348120223e-01
6.871575776381794176e-01
6.890881005184943398e-01
6.910133930709851935e-01
6.929334381297765910e-01
6.948482430189752979e-01
6.967577917170977297e-01
6.986620904038588487e-01
7.005611251176799836e-01
7.024549015805197083e-01
7.043434060596776014e-01
7.062266449637470966e-01
7.081046045600278838e-01
7.099772917148701179e-01
7.118446931533300992e-01
7.137068157417580938e-01
7.155636471207236227e-01
7.174151934699418698e-01
7.192614428877392996e-01
7.211024024693443168e-01
7.229380609997182461e-01
7.247684246585763823e-01
7.265934831463933818e-01
7.284132421851277073e-01
7.302276928485240681e-01
7.320368399430278172e-01
7.338406756867751346e-01
7.356392048862112620e-01
7.374324195305943519e-01
7.392203251130043951e-01
7.410029140804564873e-01
7.427801912393954265e-01
7.445521501812278897e-01
7.463187952546422865e-01
7.480801202799234328e-01
7.498361302923948202e-01
7.515868191123412645e-01
7.533321913173296469e-01
7.550722418720362539e-01
7.568069746673931064e-01
7.585363855835900448e-01
7.602604782826803964e-01
7.619792491026107228e-01
7.636927007899212416e-01
7.654008315135851781e-01
7.671036428757508352e-01
7.688011337320266314e-01
7.704933056845608697e-01
7.721801580467184678e-01
7.738616915051346190e-01
7.755379067464441833e-01
7.772088039995256326e-01
7.788743844087705481e-01
7.805346479741790411e-01
7.821895956112643322e-01
7.838392284644182251e-01
7.854835469913973300e-01
7.871225523365934507e-01
7.887562451866415580e-01
7.903846264570549840e-01
7.920076972922254210e-01
7.936254590654229224e-01
7.952379126921609309e-01
7.968450595457092778e-01
7.984469007704598775e-01
8.000434370530477013e-01
8.016346711400127445e-01
8.032206030313551182e-01
8.048012347869797356e-01
8.063765677801568721e-01
8.079466031552778871e-01
8.095113425144915276e-01
8.110707883754592062e-01
8.126249407381811452e-01
8.141738032647107826e-01
8.157173750395345646e-01
8.172556606402194834e-01
8.187886593801304569e-01
8.203163746924425626e-01
8.218388074926691322e-01
8.233559602984719117e-01
8.248678340253643437e-01
8.263744321065215059e-01
8.278757547708217590e-01
8.293718059091967909e-01
8.308625850638898802e-01
8.323480972702247405e-01
8.338283416126877068e-01
8.353033226688457713e-01
8.367730404386989340e-01
8.382374992709356043e-01
8.396966984789208110e-01
8.411506440134913776e-01
8.425993340436204182e-01
8.440427747490233390e-01
8.454809647564300867e-01
8.469139100166772627e-01
8.483416091564951467e-01
8.497640678978419793e-01
8.511812855540829004e-01
8.525932673894196512e-01
8.540000131749738710e-01
8.554015281749475230e-01
8.567978114738270534e-01
8.581888694802061179e-01
8.595747003630579419e-01
8.609553112176110412e-01
8.623306999839603915e-01
8.637008737573346195e-01
8.650658307067068398e-01
8.664255781561839287e-01
8.677801135881043626e-01
8.691294447843314064e-01
8.704735696849602578e-01
8.718124953852193215e-01
8.731462198252035734e-01
8.744747510156547499e-01
8.757980864389113274e-01
8.771162336479585431e-01
8.784291905828912617e-01
8.797369652544513308e-01
8.810395556027338371e-01
8.823369684940887137e-01
8.836292027841246011e-01
8.849162655680696821e-01
8.861981557015325972e-01
8.874748798219849188e-01
8.887464372427917869e-01
8.900128343725466351e-01
8.912740705246146034e-01
8.925301525653456247e-01
8.937810795792265894e-01
8.950268582037292919e-01
8.962674875233402894e-01
8.975029748621664583e-01
8.987333186180594957e-01
8.999585270306396101e-01
9.011785971244884452e-01
9.023935387413745124e-01
9.036033479903660126e-01
9.048080342554750688e-01
9.060075947901613524e-01
9.072020392073153472e-01
9.083913633871268933e-01
9.095755778579994733e-01
9.107546785001231493e-01
9.119286760707798756e-01
9.130975657635244103e-01
9.142613585645171792e-01
9.154200503539480227e-01
9.165736516602204231e-01
9.177221583635245539e-01
9.188655807633855366e-01
9.200039154266282937e-01
9.211371724238998082e-01
9.222653476353899205e-01
9.233884520472589452e-01
9.245064815396968338e-01
9.256194466411071797e-01
9.267273436894365446e-01
9.278301825264534397e-01
9.289279604056179807e-01
9.300206871686986787e-01
9.311083593825204563e-01
9.321909868888519357e-01
9.332685673989096209e-01
9.343411089234355815e-01
9.354086114624297066e-01
9.364710814244855408e-01
9.375285192673598056e-01
9.385809309418892132e-01
9.396283180502221777e-01
9.406706858565606622e-01
9.417080359630529696e-01
9.427403738627792018e-01
9.437677009290094121e-01
9.447900224259453417e-01
9.458073408712489583e-01
9.468196603847301995e-01
9.478269841706858934e-01
9.488293161200478387e-01
9.498266596659910022e-01
9.508190182416906833e-01
9.518063957380784590e-01
9.527887951305729075e-01
9.537662209967406879e-01
9.547386760831220176e-01
9.557061645095269453e-01
9.566686894802521879e-01
9.576262558017429871e-01
9.585788650761476459e-01
9.595265237120595980e-01
9.604692321672357869e-01
9.614069975369045062e-01
9.623398200499442279e-01
9.632677065727051069e-01
9.641906584784570855e-01
9.651086817180372091e-01
9.660217772069586983e-01
9.669299515826933478e-01
9.678332062185114326e-01
9.687315466074928327e-01
9.696249750384211552e-01
9.705134972332547516e-01
9.713971145652637862e-01
9.722758332141633320e-01
9.731496550109802746e-01
9.740185854487946049e-01
9.748826268163897080e-01
9.757417841490891863e-01
9.765960606511896458e-01
9.774454602136231074e-01
9.782899874139561192e-01
9.791296447698505379e-01
9.799644377743865764e-01
9.807943682585907874e-01
9.816194421733002162e-01
9.824396622650547473e-01
9.832550328825429009e-01
9.840655574589398658e-01
9.848712412584473830e-01
9.856720858832138665e-01
9.864680979707111108e-01
9.872592782075740869e-01
9.880456348334232253e-01
9.888271667038667223e-01
9.896038829740381182e-01
9.903757829573025528e-01
9.911428748932801236e-01
9.919051587819708304e-01
9.926626424052382713e-01
9.934153264497174174e-01
9.941632180106368954e-01
9.949063173168750662e-01
9.956446328369302767e-01
9.963781641130461386e-01
9.971069198425994706e-01
9.978308995678334403e-01
9.985501115283684781e-01
9.992645552664478625e-01
9.999742401660834945e-01
1.000679164167370239e+00
1.001379338485346882e+00
1.002074759000203263e+00
1.002765438986883195e+00
1.003451372723427992e+00
1.004132574400294908e+00
1.004809038295525259e+00
1.005480777684062854e+00
1.006147788217219174e+00
1.006810082254424810e+00
1.007467656133625988e+00
1.008120521069861608e+00
1.008768674774348062e+00
1.009412127317732555e+00
1.010050877784501644e+00
1.010684934872032148e+00
1.011314298351445817e+00
1.011938976920119471e+00
1.012558970120296609e+00
1.013174286420475578e+00
1.013784926507291573e+00
1.014390897933729718e+00
1.014992201615303458e+00
1.015588844876119667e+00
1.016180829318326539e+00
1.016768161350517730e+00
1.017350843032598595e+00
1.017928881002040375e+00
1.018502277089870178e+00
1.019071037933559909e+00
1.019635165593014481e+00
1.020194666247949078e+00
1.020749542644903807e+00
1.021299800505837130e+00
1.021845442577289154e+00
1.022386475038975284e+00
1.022922900179678463e+00
1.023454723950235845e+00
1.023981949554944038e+00
1.024504581571370032e+00
1.025022624805958849e+00
1.025536083378520535e+00
1.026044960951108642e+00
1.026549263474559881e+00
1.027048993008779387e+00
1.027544156420117538e+00
1.028034755539600775e+00
1.028520797233579254e+00
1.029002283561958331e+00
1.029479220933331440e+00
1.029951611865360217e+00
1.030419462766638317e+00
1.030882775697070430e+00
1.031341557523007157e+00
1.031795810075475162e+00
1.032245540678581319e+00
1.032690750247838629e+00
1.033131446793989605e+00
1.033567631690303745e+00
1.033999312032009898e+00
1.034426489879012978e+00
1.034849171411028168e+00
1.035267359832352296e+00
1.035681060636065354e+00
1.036090277484221112e+00
1.036495014954386118e+00
1.036895277853005615e+00
1.037291070071011401e+00
1.037682396872604995e+00
1.038069261919840169e+00
1.038451670476918665e+00
1.038829626205894030e+00
1.039203134599846257e+00
1.039572198405315229e+00
1.039936824488651546e+00
1.040297014909760120e+00
1.040652776763869358e+00
1.041004111424249423e+00
1.041351026901642385e+00
1.041693524340439492e+00
1.042031611293626314e+00
1.042365289363351266e+00
1.042694565873721002e+00
1.043019442884640657e+00
1.043339927033581915e+00
1.043656021067085327e+00
1.043967731164865631e+00
1.044275060302341629e+00
1.044578014659228060e+00
1.044876596753187004e+00
1.045170813450568614e+00
1.045460666353521084e+00
1.045746164159421454e+00
1.046027306639391252e+00
1.046304103406320962e+00
1.046576553315818892e+00
1.046844667582923494e+00
1.047108443689973134e+00
1.047367893538641459e+00
1.047623013924631863e+00
1.047873817894009463e+00
1.048120301098085960e+00
1.048362476811805166e+00
1.048600341601991781e+00
1.048833907828076395e+00
1.049063172514640208e+00
1.049288147792235559e+00
1.049508830685443872e+00
1.049725233324817264e+00
1.049937352734937379e+00
1.050145201275234363e+00
1.050348775512533361e+00
1.050548088721777740e+00
1.050743136554279422e+00
1.050933932513860247e+00
1.051120472938466888e+00
1.051302770416407961e+00
1.051480821972264890e+00
1.051654639049955042e+00
1.051824220047329783e+00
1.051989575950549538e+00
1.052150704928587421e+00
1.052307617967603859e+00
1.052460313694328908e+00
1.052608802408287803e+00
1.052753083422845348e+00
1.052893167037527222e+00
1.053029052107941288e+00
1.053160748933613222e+00
1.053288256827907610e+00
1.053411585632593406e+00
1.053530734889913889e+00
1.053645714212759099e+00
1.053756523372251008e+00
1.053863172896792877e+00
1.053965661184236735e+00
1.054063998534107593e+00
1.054158184946405674e+00
1.054248228889629324e+00
1.054334131965927179e+00
1.054415901728284144e+00
1.054493540236605575e+00
1.054567054814998128e+00
1.054636447752245187e+00
1.054701725456940631e+00
1.054762892048894063e+00
1.054819951876794448e+00
1.054872910433721556e+00
1.054921771610607184e+00
1.054966541358288490e+00
1.055007222881062079e+00
1.055043821900886192e+00
1.055076342766449571e+00
1.055104790741953957e+00
1.055129169489452901e+00
1.055149484730904863e+00
1.055165741043876393e+00
1.055177942548177761e+00
1.055186095194645901e+00
1.055190202187577642e+00
1.055190270393322916e+00
1.055186301642908608e+00
1.055178303947076568e+00
1.055166278907975208e+00
1.055150234078589655e+00
1.055130171747703516e+00
1.055106099010544973e+00
1.055078018842532828e+00
1.055045936965625542e+00
1.055009857499632941e+00
1.054969785479878519e+00
1.054925726170564459e+00
1.054877683920379061e+00
1.054825663078010622e+00
1.054769669594296078e+00
1.054709706444653783e+00
1.054645780495434115e+00
1.054577894722055209e+00
1.054506055304232692e+00
1.054430265904019448e+00
1.054350531785617884e+00
1.054266858213229296e+00
1.054179249077785707e+00
1.054087709643489079e+00
1.053992245174540709e+00
1.053892859104116342e+00
1.053789558298565909e+00
1.053682345046672575e+00
1.053571226672543437e+00
1.053456204778326910e+00
1.053337288519156534e+00
1.053214477895032530e+00
1.053087782289966245e+00
1.052957202390593316e+00
1.052822746436533619e+00
1.052684416258814259e+00
1.052542219868176643e+00
1.052396158866769404e+00
1.052246240807577671e+00
1.052092467750506577e+00
1.051934847477419721e+00
1.051773381590465295e+00
1.051608078558142312e+00
1.051438939524841798e+00
1.051265972501306267e+00
1.051089179547440411e+00
1.050908567987351327e+00
1.050724140109822180e+00
1.050535903238960067e+00
1.050343859892426845e+00
1.050148017394328948e+00
1.049948377346815009e+00
1.049744948676140321e+00
1.049537731840061383e+00
1.049326735535955457e+00
1.049111961137092264e+00
1.048893416425335401e+00
1.048671103918346725e+00
1.048445030711354864e+00
1.048215199093142980e+00
1.047981616616696199e+00
1.047744285113041629e+00
1.047503212821799368e+00
1.047258400658482635e+00
1.047009857778224973e+00
1.046757584409905073e+00
1.046501590166412754e+00
1.046241875047748460e+00
1.045978448895680479e+00
1.045711311710209035e+00
1.045440472875345916e+00
1.045165932619969595e+00
1.044887700328091862e+00
1.044605776457469437e+00
1.044320169934357612e+00
1.044030882132026550e+00
1.043737921061217877e+00
1.043441288324080007e+00
1.043140992160233482e+00
1.042837033714069550e+00
1.042529421454087224e+00
1.042218156982434696e+00
1.041903248309853813e+00
1.041584697038492990e+00
1.041262511179094297e+00
1.040936692562684174e+00
1.040607248971126220e+00
1.040274182464325792e+00
1.039937500366389322e+00
1.039597205423857362e+00
1.039253304274201373e+00
1.038905800350596431e+00
1.038554699375001444e+00
1.038200005696104711e+00
1.037841724806986221e+00
1.037479860598577774e+00
1.037114419250594555e+00
1.036745403738455140e+00
1.036372820928509686e+00
1.035996674025055020e+00
1.035616968978927632e+00
1.035233709681059544e+00
1.034846902540044411e+00
1.034456550073543646e+00
1.034062660521177790e+00
1.033665234569581814e+00
1.033264281145010788e+00
1.032859801162978153e+00
1.032451803320860950e+00
1.032040289220807372e+00
1.031625266415802766e+00
1.031206736736873797e+00
1.030784708881397282e+00
1.030359183536008638e+00
1.029930169626962488e+00
1.029497667612016221e+00
1.029061687104059430e+00
1.028622227874214312e+00
1.028179300450884348e+00
1.027732903918555873e+00
1.027283048347876315e+00
1.026829733281088730e+00
1.026372969933231794e+00
1.025912756244400370e+00
1.025449103887390079e+00
1.024982011031173812e+00
1.024511488890790689e+00
1.024037536092970102e+00
1.023560163852751392e+00
1.023079370567985480e+00
1.022595167911468206e+00
1.022107553365537491e+00
1.021616539289624148e+00
1.021122123166065876e+00
1.020624317125415015e+00
1.020123118878888180e+00
1.019618539870402296e+00
1.019110578955565449e+00
1.018599246891660037e+00
1.018084542763172617e+00
1.017566477098506450e+00
1.017045048524391815e+00
1.016520268713624109e+00
1.015992135606297975e+00
1.015460661104087281e+00
1.014925842689330393e+00
1.014387692492578985e+00
1.013846208453928366e+00
1.013301401788417211e+00
1.012753271580531633e+00
1.012201827900919282e+00
1.011647070978457963e+00
1.011089009968281438e+00
1.010527645328146429e+00
1.009962986442064947e+00
1.009395033767793493e+00
1.008823796231587577e+00
1.008249274520081951e+00
1.007671477559531903e+00
1.007090406265451099e+00
1.006506069564094386e+00
1.005918468370975427e+00
1.005327610925714321e+00
1.004733499288215981e+00
1.004136141011465977e+00
1.003535537697612279e+00
1.002931697815153900e+00
1.002324622050725589e+00
1.001714319559461108e+00
1.001100791714630178e+00
1.000484046069218369e+00
9.998640849120088436e-01
9.992409157959869503e-01
9.986145410099360742e-01
9.979849671913280096e-01
9.973521982310946665e-01
9.967162391645593145e-01
9.960770950270456670e-01
9.954347706249986327e-01
9.947892703071068432e-01
9.941405995664504003e-01
9.934887622939611029e-01
9.928337648982323849e-01
9.921756101258043525e-01
9.915143048430273831e-01
9.908498524830763321e-01
9.901822589967881338e-01
9.895115275884595052e-01
9.888376655821974337e-01
9.881606743512719726e-01
9.874805630508165510e-01
9.867973314519529193e-01
9.861109900830846708e-01
9.854215377998202241e-01
9.847289851305630615e-01
9.840333316175565725e-01
9.833345871025694906e-01
9.826327515856015937e-01
9.819278349084217261e-01
9.812198359266379732e-01
9.805087663130458431e-01
9.797946237788617285e-01
9.790774199968812486e-01
9.783571529071991568e-01
9.776338346403674606e-01
9.769074626787245252e-01
9.761780489239439973e-01
9.754455908583640200e-01
9.747101015280501546e-01
9.739715763554355199e-01
9.732300304464904794e-01
9.724854578503782099e-01
9.717378745885826286e-01
9.709872733369967479e-01
9.702336717192527882e-01
9.694770617246089017e-01
9.687174609766970867e-01
9.679548614647756066e-01
9.671892803547199602e-01
9.664207107801798813e-01
9.656491685337608155e-01
9.648746481223825500e-01
9.640971644231374205e-01
9.633167117140666313e-01
9.625333053300191288e-01
9.617469400067931717e-01
9.609576303926022911e-01
9.601653716810014672e-01
9.593701778335694819e-01
9.585720447304961755e-01
9.577709856467251370e-01
9.569669976068382322e-01
9.561600927413871354e-01
9.553502687615887945e-01
9.545375375691166342e-01
9.537218966463089087e-01
9.529033576659611260e-01
9.520819192548031218e-01
9.512575919412386005e-01
9.504303750386325911e-01
9.496002786176318544e-01
9.487673019916015305e-01
9.479314559178235733e-01
9.470927385652712083e-01
9.462511613778614716e-01
9.454067227534459494e-01
9.445594341359416779e-01
9.437092932365652720e-01
9.428563117281120176e-01
9.420004880084336119e-01
9.411418328348118978e-01
9.402803452917336546e-01
9.394160352209675047e-01
9.385489030802699473e-01
9.376789573381397735e-01
9.368061998256035361e-01
9.359306376378898618e-01
9.350522730637821356e-01
9.341711138851439555e-01
9.332871617041236245e-01
9.324004243025847405e-01
9.315109028249189960e-01
9.306186068840166525e-01
9.297235353354860177e-01
9.288256993943657669e-01
9.279250974585074863e-01
9.270217398274365195e-01
9.261156265011527555e-01
9.252067666347900676e-01
9.242951609149830938e-01
9.233808178102307362e-01
9.224637384649244654e-01
9.215439311186847116e-01
9.206213973736596667e-01
9.196961445539563185e-01
9.187681754061147732e-01
9.178374965676068253e-01
9.169041105560942206e-01
9.159680244668055860e-01
9.150292408174024450e-01
9.140877662453569252e-01
9.131436039549655215e-01
9.121967603548220005e-01
9.112472381914662467e-01
9.102950441023701655e-01
9.093401808340739745e-01
9.083826554818060783e-01
9.074224703343498621e-01
9.064596324869338417e-01
9.054941444572199849e-01
9.045260131115582247e-01
9.035552407387320573e-01
9.025818344339699983e-01
9.016057971726905151e-01
9.006271353634870414e-01
8.996458512951430730e-01
8.986619522917654868e-01
8.976754413287726386e-01
8.966863238992447416e-01
8.956946043518702050e-01
8.947002877219725203e-01
8.937033783582400970e-01
8.927038815248748982e-01
8.917018011128086119e-01
8.906971428439997007e-01
8.896899101516232422e-01
8.886801089865161707e-01
8.876677427818535637e-01
8.866528179462289661e-01
8.856353369973040124e-01
8.846153072591856903e-01
8.835927310206572738e-01
8.825676144614341689e-01
8.815399614724478417e-01
8.805097775467787269e-01
8.794770663464800409e-01
8.784418331357537468e-01
8.774040834076800577e-01
8.763638199087988578e-01
8.753210497343387742e-01
8.742757747153266923e-01
8.732280028625042378e-01
8.721777355491415751e-01
8.711249807859806626e-01
8.700697390307779999e-01
8.690120201253024312e-01
8.679518233829186524e-01
8.668891586453956188e-01
8.658240259127331084e-01
8.647564343400647724e-01
8.636863836985122500e-01
8.626138842876007740e-01
8.615389342763037916e-01
8.604615448796599786e-01
8.593817147243990595e-01
8.582994547966814602e-01
8.572147628077239068e-01
8.561276506591999347e-01
8.550381156045695485e-01
8.539461697743846447e-01
8.528518108798619490e-01
8.517550501360400261e-01
8.506558854830138516e-01
8.495543283647004618e-01
8.484503764923164715e-01
8.473440415386571667e-01
8.462353214438174120e-01
8.451242271939576334e-01
8.440107571869294167e-01
8.428949224088930769e-01
8.417767212577003111e-01
8.406561644906329622e-01
8.395332509632994489e-01
8.384079907463466430e-01
8.372803831531394625e-01
8.361504377965683910e-01
8.350181546766333174e-01
8.338835431773461426e-01
8.327466030698285060e-01
8.316073435092141697e-01
8.304657651821379938e-01
8.293218765570985473e-01
8.281756785496092732e-01
8.270271789415337693e-01
8.258763795638985883e-01
8.247232881985674391e-01
8.235679055321752928e-01
8.224102404909774400e-01
8.212502935327304909e-01
8.200880731259330148e-01
8.189235799572200936e-01
8.177568224950902964e-01
8.165878021128136766e-01
8.154165265922537209e-01
8.142429970778022330e-01
8.130672215802009495e-01
8.118892014727200346e-01
8.107089449949798077e-01
8.095264526047367681e-01
8.083417329993678457e-01
8.071547868655082336e-01
8.059656229005346395e-01
8.047742411044472854e-01
8.035806510901362110e-01
8.023848523998449167e-01
8.011868541887068318e-01
7.999866573722355101e-01
7.987842697322944385e-01
7.975796928710319200e-01
7.963729343414331918e-01
7.951639955167684182e-01
7.939528844077793357e-01
7.927396019299793872e-01
7.915241563229887811e-01
7.903065489600775706e-01
7.890867871653527432e-01
7.878648732275974620e-01
7.866408137842837434e-01
7.854146113530733331e-01
7.841862725714380256e-01
7.829557999570395666e-01
7.817231999184716118e-01
7.804884756600306561e-01
7.792516326747971345e-01
7.780126748537026238e-01
7.767716074609489763e-01
7.755284343874679909e-01
7.742831608974616309e-01
7.730357906529831125e-01
7.717863293759910093e-01
7.705347800419037885e-01
7.692811488304366341e-01
7.680254394036429844e-01
7.667676565679678591e-01
7.655078049009781394e-01
7.642458885224839849e-01
7.629819126966872478e-01
7.617158813145195051e-01
7.604477996401827200e-01
7.591776713357304418e-01
7.579055018942425503e-01
7.566312952066510666e-01
7.553550558505226498e-01
7.540767890900591519e-01
7.527964981295574010e-01
7.515141889198542202e-01
7.502298646652462155e-01
7.489435310876920715e-01
7.476551920781234761e-01
7.463648524429856712e-01
7.450725165309669551e-01
7.437781889196340979e-01
7.424818741865542027e-01
7.411835764515369851e-01
7.398833009787846304e-01
7.385810514303503549e-01
7.372768337570710928e-01
7.359706504766084789e-01
7.346625082264344186e-01
7.333524092953324081e-01
7.320403607785308520e-01
7.307263645070565250e-01
7.294104273472596933e-01
7.280925518168019916e-01
7.267727440953986040e-01
7.254510071584679975e-01
7.241273471857253563e-01
7.228017671525890364e-01
7.214742727810175005e-01
7.201448675041860481e-01
7.188135568151746702e-01
7.174803441471585552e-01
7.161452354509744156e-01
7.148082332442841080e-01
7.134693443934377877e-01
7.121285707294621181e-01
7.107859195764640869e-01
7.094413927654703578e-01
7.080949971628311967e-01
7.067467350573297669e-01
7.053966130864383066e-01
7.040446337678182287e-01
7.026908032811848281e-01
7.013351243730782114e-01
6.999776036809701729e-01
6.986182437225224584e-01
6.972570499908153918e-01
6.958940266056587998e-01
6.945291783734980351e-01
6.931625091852648968e-01
6.917940240762826543e-01
6.904237271663616893e-01
6.890516232619469106e-01
6.876777164828485889e-01
6.863020118643901046e-01
6.849245130686250072e-01
6.835452251308765659e-01
6.821641523998335233e-01
6.807812994530625383e-01
6.793966704103736598e-01
6.780102700782120184e-01
6.766221025763879959e-01
6.752321727113463901e-01
6.738404846028975825e-01
6.724470430574864821e-01
6.710518519660451098e-01
6.696549170505317061e-01
6.682562408286082389e-01
6.668558297088681419e-01
6.654536866667297712e-01
6.640498167375166183e-01
6.626442247276739250e-01
6.612369140703767689e-01
6.598278904875835016e-01
6.584171574124694226e-01
6.570047198803579125e-01
6.555905820110590199e-01
6.541747483821396258e-01
6.527572231134098901e-01
6.513380110113148325e-01
6.499171166534214450e-01
6.484945439306611936e-01
6.470702978783579029e-01
6.456443821585647891e-01
6.442168022643619540e-01
6.427875611711680870e-01
6.413566650586981499e-01
6.399241169023707210e-01
6.384899219663874304e-01
6.370540839128018273e-01
6.356166080058157641e-01
6.341774983652391784e-01
6.327367591108824518e-01
6.312943943625555221e-01
6.298504100710953235e-01
6.284048085252851301e-01
6.269575963625968473e-01
6.255087758718139712e-01
6.240583532326516858e-01
6.226063316494065969e-01
6.211527161574021960e-01
6.196975111053271146e-01
6.182407203841130405e-01
6.167823490290833544e-01
6.153224009311699660e-01
6.138608811256962561e-01
6.123977930458374130e-01
6.109331424135518995e-01
6.094669317465013503e-01
6.079991676821577817e-01
6.065298525093045789e-01
6.050589928654135363e-01
6.035865903526330678e-01
6.021126525239484106e-01
6.006371805237511463e-01
5.991601819050266231e-01
5.976816580410447832e-01
5.962016160270342535e-01
5.947200579229000583e-01
5.932369903661139920e-01
5.917524156454595508e-01
5.902663399406519185e-01
5.887787657693527299e-01
5.872896993112771691e-01
5.857991430840870928e-01
5.843071034963760457e-01
5.828135828369271909e-01
5.813185877432126558e-01
5.798221202751372427e-01
5.783241870701730791e-01
5.768247901882249673e-01
5.753239364956432844e-01
5.738216278234546941e-01
5.723178708091311018e-01
5.708126675125774208e-01
5.693060245712656675e-01
5.677979445028574768e-01
5.662884332581897828e-01
5.647774938126809419e-01
5.632651316594110558e-01
5.617513500026769524e-01
5.602361543355588447e-01
5.587195480912316992e-01
5.572015363050191183e-01
5.556821226389745405e-01
5.541613123572997068e-01
5.526391086642913342e-01
5.511155172819079961e-01
5.495905414144465206e-01
5.480641863261086488e-01
5.465364549923127369e-01
5.450073533638957191e-01
5.434768841873975909e-01
5.419450534136552866e-01
5.404118637892089128e-01
5.388773212648950706e-01
5.373414283583758388e-01
5.358041914782444293e-01
5.342656129132844489e-01
5.327256993009676922e-01
5.311844517856857406e-01
5.296418786070590246e-01
5.280979802228441544e-01
5.265527646437829778e-01
5.250062323276321052e-01
5.234583917428903277e-01
5.219092431184358949e-01
5.203587944650106545e-01
5.188070466981279383e-01
5.172540078285298160e-01
5.156996780850944262e-01
5.141440657074420884e-01
5.125871718399644950e-01
5.110290031201335514e-01
5.094695616078542821e-01
5.079088543983552029e-01
5.063468828649063669e-01
5.047836543316146507e-01
5.032191694851150254e-01
5.016534370227845319e-01
5.000864564868664486e-01
4.985182370324943157e-01
4.969487782019114674e-01
4.953780889213731942e-01
4.938061696486361618e-01
4.922330272500505255e-01
4.906586640143997813e-01
4.890830863502773629e-01
4.875062963175883501e-01
4.859283005538045930e-01
4.843491011188311712e-01
4.827687041923832689e-01
4.811871122921226318e-01
4.796043318266426936e-01
4.780203648558486451e-01
4.764352175594555594e-01
4.748488926840035984e-01
4.732613959514511692e-01
4.716727301083384338e-01
4.700829011055021600e-01
4.684919116894824542e-01
4.668997675822378346e-01
4.653064717591867128e-01
4.637120292556525802e-01
4.621164441914455412e-01
4.605197209152540050e-01
4.589218635468881868e-01
4.573228764350364406e-01
4.557227639283872866e-01
4.541215301467508847e-01
4.525191796676938938e-01
4.509157161532699187e-01
4.493111444099239793e-01
4.477054687863445959e-01
4.460986929445852067e-01
4.444908223777259137e-01
4.428818596034285182e-01
4.412718105725298434e-01
4.396606780315699403e-01
4.380484681602639929e-01
4.364351830185171366e-01
4.348208290149228050e-01
4.332054082093860226e-01
4.315889270105003894e-01
4.299713879359276514e-01
4.283527964787478548e-01
4.267331558432578831e-01
4.251124717514161988e-01
4.234907467208844922e-01
4.218679864736213370e-01
4.202441939850450892e-01
4.186193749771143224e-01
4.169935315097340056e-01
4.153666706781327100e-01
4.137387940844588496e-01
4.121099083661842188e-01
4.104800151254572316e-01
4.088491219152631251e-01
4.072172289644802601e-01
4.055843449704854553e-01
4.039504694755221004e-01
4.023156116347238465e-01
4.006797709903338611e-01
3.990429560108508800e-01
3.974051669251531527e-01
3.957664115151042217e-01
3.941266913828525009e-01
3.924860129369915351e-01
3.908443782374264042e-01
3.892017939216288469e-01
3.875582618206256935e-01
3.859137883430104332e-01
3.842683753198097296e-01
3.826220298462522096e-01
3.809747530667295101e-01
3.793265523053485078e-01
3.776774287065009506e-01
3.760273898231720757e-01
3.743764365708751041e-01
3.727245762737170787e-01
3.710718098472112203e-01
3.694181455309779039e-01
3.677635830961386576e-01
3.661081310111921616e-01
3.644517890472599997e-01
3.627945665883541837e-01
3.611364624900829101e-01
3.594774863653365515e-01
3.578176368408450547e-01
3.561569239872553472e-01
3.544953462024190149e-01
3.528329130992264306e-01
3.511696239910425121e-01
3.495054875752441892e-01
3.478405040807097670e-01
3.461746810604245383e-01
3.445080196587801402e-01
3.428405274287618099e-01
3.411722050570045739e-01
3.395030603253719748e-01
3.378330934627423732e-01
3.361623136242493093e-01
3.344907192077445357e-01
3.328183205127531741e-01
3.311451157082486163e-01
3.294711150937561506e-01
3.277963166093706970e-01
3.261207310123742653e-01
3.244443557851050541e-01
3.227672014559667679e-01
3.210892666516892424e-01
3.194105605274062398e-01
3.177310826253610387e-01
3.160508418718088186e-01
3.143698373512362476e-01
3.126880793631686695e-01
3.110055644744309511e-01
3.093223055022101264e-01
3.076382980978177861e-01
3.059535548495625479e-01
3.042680718665126682e-01
3.025818605925851279e-01
3.008949185101181811e-01
2.992072561475155323e-01
2.975188721315071283e-01
2.958297756172264537e-01
2.941399661469169535e-01
2.924494524179555022e-01
2.907582346592204603e-01
2.890663199659402882e-01
2.873737101691418161e-01
2.856804119062967828e-01
2.839864267795537134e-01
2.822917614263842911e-01
2.805964176778154018e-01
2.789004021713187842e-01
2.772037165090429078e-01
2.755063677862162330e-01
2.738083566894737864e-01
2.721096914584358872e-01
2.704103723219807853e-01
2.687104070619720786e-01
2.670097963650447936e-01
2.653085475553057515e-01
2.636066622349034216e-01
2.619041468124312377e-01
2.602010031189160300e-01
2.584972382495862031e-01
2.567928528910768393e-01
2.550878552830081469e-01
2.533822447387452104e-01
2.516760306422998195e-01
2.499692123070370309e-01
2.482617984303337744e-01
2.465537885544333563e-01
2.448451920633477052e-01
2.431360078126851010e-01
2.414262447287008340e-01
2.397159023536382383e-01
2.380049896137525212e-01
2.362935062801653774e-01
2.345814605924970153e-01
2.328688527796258234e-01
2.311556906234153164e-01
2.294419745816221878e-01
2.277277133516233676e-01
2.260129062467838013e-01
2.242975619644804464e-01
2.225816798180782485e-01
2.208652694204675249e-01
2.191483298561348880e-01
2.174308698224572678e-01
2.157128888616779705e-01
2.139943959000522311e-01
2.122753907087017722e-01
2.105558810694900806e-01
2.088358681268089045e-01
2.071153587470084545e-01
2.053943547611153941e-01
2.036728623488449352e-01
2.019508833412237969e-01
2.002284250623588557e-01
1.985054879700067776e-01
1.967820800749094934e-01
1.950582018348236413e-01
1.933338605738561256e-01
1.916090578941553046e-01
1.898837999754363903e-01
1.881580893353611006e-01
1.864319316958879258e-01
1.847053295746786117e-01
1.829782884648133434e-01
1.812508120283455038e-01
1.795229043850852801e-01
1.777945696548427212e-01
1.760658117285496538e-01
1.743366356415295415e-01
1.726070443692007961e-01
1.708770431757652419e-01
1.691466352655196514e-01
1.674158256737874884e-01
1.656846178337438580e-01
1.639530163229555304e-01
1.622210254901109983e-01
1.604886485395070062e-01
1.587558907353453785e-01
1.570227552819228878e-01
1.552892472145629976e-01
1.535553699664407856e-01
1.518211278862447444e-01
1.500865253226633389e-01
1.483515661666283125e-01
1.466162547668281302e-01
1.448805952430729238e-01
1.431445917151728253e-01
1.414082478451812452e-01
1.396715693550566739e-01
1.379345578469475253e-01
1.361972201872040100e-01
1.344595577490960980e-01
1.327215778567307214e-01
1.309832805101078801e-01
1.292446753221178357e-01
1.275057606906122021e-01
1.257665462284812685e-01
1.240270305624549818e-01
1.222872230765452983e-01
1.205471228552388446e-01
1.188067390536692303e-01
1.170660714429581084e-01
1.153251280338473683e-01
1.135839088263370239e-01
1.118424225178039771e-01
1.101006686504915622e-01
1.083586556928983757e-01
1.066163836450243624e-01
1.048738612042464796e-01
1.031310872261730210e-01
1.013880713236942482e-01
9.964481235241848256e-02
9.790131969635765263e-02
9.615759243999838501e-02
9.441363905183929039e-02
9.266945998963700692e-02
9.092506280637678573e-02
8.918044818869363954e-02
8.743562414732945764e-02
8.569059045340589320e-02
8.394535603317822281e-02
8.219992020001141986e-02
8.045429165128238636e-02
7.870846992923447027e-02
7.696246396012290658e-02
7.521627305731268254e-02
7.346990614705906086e-02
7.172336254272701495e-02
6.997665139945014046e-02
6.822977157283673100e-02
6.648273267577708978e-02
6.473553287724446992e-02
6.298818293452086714e-02
6.124068010106618193e-02
5.949303536304074991e-02
5.774524597390448544e-02
5.599732314869604322e-02
5.424926391199701159e-02
5.250107924996769149e-02
5.075276664494635104e-02
4.900433662533663220e-02
4.725578736011181585e-02
4.550712891991885028e-02
4.375835924485267647e-02
4.200948817668192364e-02
4.026051457101487152e-02
3.851144849849849616e-02
3.676228744147105182e-02
3.501304215721452034e-02
3.326371058582382884e-02
3.151430279794594641e-02
2.976481673367580710e-02
2.801526315029538930e-02
2.626563953014296113e-02
2.451595594386546742e-02
2.276621170482789197e-02
2.101641482377213446e-02
1.926656621621154752e-02
1.751667274849634179e-02
1.576673648053156934e-02
1.401676313427572748e-02
1.226675499851222033e-02
1.051671871071289954e-02
8.766654957512784799e-03
7.016572207410459901e-03
5.266470002649240728e-03
3.516357040606044471e-03
1.766232405767512214e-03
1.610616878060048949e-05
-1.734024188016429924e-03
-3.484147449584922614e-03
-5.234267049099977469e-03
-6.984370856009575017e-03
-8.734462532367157431e-03
-1.048453040537739023e-02
-1.223457836597204723e-02
-1.398459336808575287e-02
-1.573458113367700792e-02
-1.748452724341039918e-02
-1.923443741924442049e-02
-2.098429838623536159e-02
-2.273411449307167348e-02
-2.448387406695802168e-02
-2.623357939667781205e-02
-2.798322086934075525e-02
-2.973279940046022474e-02
-3.148230560602427452e-02
-3.323174085930295091e-02
-3.498109531852763160e-02
-3.673037081472503573e-02
-3.847955750612655490e-02
-4.022865607936719490e-02
-4.197765829482673350e-02
-4.372656346587014409e-02
-4.547536495502556286e-02
-4.722406070238793774e-02
-4.897264475712042459e-02
-5.072111391492627186e-02
-5.246946382711702161e-02
-5.421769083163922170e-02
-5.596578989316940145e-02
-5.771375757853246941e-02
-5.946158931016162080e-02
-6.120928142600341737e-02
-6.295682934849106127e-02
-6.470422918669277434e-02
-6.645147682079843854e-02
-6.819856835987626875e-02
-6.994549876860278737e-02
-7.169226507155958272e-02
-7.343886200454484425e-02
-7.518528636326178571e-02
-7.693153288350861041e-02
-7.867759927650191942e-02
-8.042347936252651486e-02
-8.216917108167737238e-02
-8.391466779648260044e-02
-8.565996836255050650e-02
-8.740506499801754814e-02
-8.914995770288369759e-02
-9.089463800865041354e-02
-9.263910637307434803e-02
-9.438335386990026610e-02
-9.612738095688481976e-02
-9.787117939440780068e-02
-9.961474872471250130e-02
-1.013580816236920729e-01
-1.031011764891981153e-01
-1.048440271415154584e-01
-1.065866310629823566e-01
-1.083289827605186523e-01
-1.100710794875842669e-01
-1.118129152933423631e-01
-1.135544881178879029e-01
-1.152957920103840211e-01
-1.170368242242906531e-01
-1.187775792665276275e-01
-1.205180543905548796e-01
-1.222582443321705709e-01
-1.239981461159563036e-01
-1.257377537910752408e-01
-1.274770657553789821e-01
-1.292160749136390119e-01
-1.309547801214636098e-01
-1.326931740547458993e-01
-1.344312562557292146e-01
-1.361690184847933194e-01
-1.379064609708165468e-01
-1.396435750164219669e-01
-1.413803613082446342e-01
-1.431168106911509252e-01
-1.448529236228975337e-01
-1.465886916349858349e-01
-1.483241149562942451e-01
-1.500591853472024728e-01
-1.517939021210755191e-01
-1.535282579538065073e-01
-1.552622519298820780e-01
-1.569958764963169939e-01
-1.587291311953545891e-01
-1.604620080162529605e-01
-1.621945071878904965e-01
-1.639266190973768245e-01
-1.656583458046170798e-01
-1.673896770100859466e-01
-1.691206143159317832e-01
-1.708511478803860228e-01
-1.725812793055969685e-01
-1.743109989786744141e-01
-1.760403078151316913e-01
-1.777691968887135376e-01
-1.794976661994199529e-01
-1.812257081942657277e-01
-1.829533219577375303e-01
-1.846804997079717348e-01
-1.864072414449683968e-01
-1.881335384713505865e-01
-1.898593914737533028e-01
-1.915847910681646449e-01
-1.933097386278546381e-01
-1.950342240821762996e-01
-1.967582494910347091e-01
-1.984818047837829391e-01
-2.002048913336909597e-01
-2.019274990701118710e-01
-2.036496302818290860e-01
-2.053712742115605672e-01
-2.070924333769680881e-01
-2.088130970207696668e-01
-2.105332674317487163e-01
-2.122529338526232268e-01
-2.139720988010549718e-01
-2.156907515197619696e-01
-2.174088942975276051e-01
-2.191265166059482294e-01
-2.208436207338072832e-01
-2.225601959238227567e-01
-2.242762442358997299e-01
-2.259917558282695804e-01
-2.277067325319589997e-01
-2.294211635896860613e-01
-2.311350512902341503e-01
-2.328483855629562560e-01
-2.345611675522441542e-01
-2.362733883318425543e-01
-2.379850483595081223e-01
-2.396961382512289296e-01
-2.414066596091533623e-01
-2.431166021337561323e-01
-2.448259678849422916e-01
-2.465347465631865242e-01
-2.482429402283939102e-01
-2.499505383521608004e-01
-2.516575432232706078e-01
-2.533639443133197111e-01
-2.550697436822131348e-01
-2.567749305726689246e-01
-2.584795075023487709e-01
-2.601834637139707751e-01
-2.618868017251966274e-01
-2.635895105498660684e-01
-2.652915927056407330e-01
-2.669930374352387226e-01
-2.686938472563217273e-01
-2.703940111827294879e-01
-2.720935315032453894e-01
-2.737923979183440881e-01
-2.754906124879307194e-01
-2.771881646836015789e-01
-2.788850563363834412e-01
-2.805812771467509625e-01
-2.822768298612441940e-01
-2.839717028070679050e-01
-2.856658991885187571e-01
-2.873594075616798249e-01
-2.890522309019694647e-01
-2.907443584521057223e-01
-2.924357918142370116e-01
-2.941265211465947105e-01
-2.958165478224487610e-01
-2.975058624577873734e-01
-2.991944657392454632e-01
-3.008823489694461562e-01
-3.025695123772677575e-01
-3.042559468075767271e-01
-3.059416536336430625e-01
-3.076266225559414758e-01
-3.093108558632553517e-01
-3.109943430271810416e-01
-3.126770856498670148e-01
-3.143590743473012594e-01
-3.160403093483620807e-01
-3.177207824134293257e-01
-3.194004937713812997e-01
-3.210794340382060463e-01
-3.227576048160519795e-01
-3.244349955765154503e-01
-3.261116088372581490e-01
-3.277874333832415110e-01
-3.294624724187621978e-01
-3.311367138132683130e-01
-3.328101619154481550e-01
-3.344828034503581904e-01
-3.361546434533217442e-01
-3.378256684205168114e-01
-3.394958827006319124e-01
-3.411652743919932895e-01
-3.428338473855327417e-01
-3.445015884063065692e-01
-3.461685027185165686e-01
-3.478345765894623742e-01
-3.494998152833457827e-01
-3.511642052963447336e-01
-3.528277514349044131e-01
-3.544904408818377317e-01
-3.561522775280764885e-01
-3.578132494719469814e-01
-3.594733596888676774e-01
-3.611325969637999012e-01
-3.627909638144053983e-01
-3.644484494834021593e-01
-3.661050564884519298e-01
-3.677607738433943951e-01
-3.694156038370129957e-01
-3.710695357120257221e-01
-3.727225717572160146e-01
-3.743747016730584742e-01
-3.760259268328232651e-01
-3.776762369369849881e-01
-3.793256351898404710e-01
-3.809741087742026244e-01
-3.826216624965166346e-01
-3.842682828529603856e-01
-3.859139748788574797e-01
-3.875587255281423560e-01
-3.892025389206253405e-01
-3.908454029257542595e-01
-3.924873207478258852e-01
-3.941282809429232925e-01
-3.957682857998298664e-01
-3.974073254767769847e-01
-3.990454011181562843e-01
-4.006825028821992540e-01
-4.023186319132974753e-01
-4.039537790563174635e-01
-4.055879443112591631e-01
-4.072211198962589762e-01
-4.088533046669253213e-01
-4.104844912991512107e-01
-4.121146788774233127e-01
-4.137438598487563901e-01
-4.153720330687588613e-01
-4.169991907555670174e-01
-4.186253326803026087e-01
-4.202504506033453158e-01
-4.218745440669385838e-01
-4.234976052892187592e-01
-4.251196333546725104e-01
-4.267406204814362392e-01
-4.283605657539966693e-01
-4.299794620771252296e-01
-4.315973080775518111e-01
-4.332140962022912878e-01
-4.348298257647086329e-01
-4.364444889829401930e-01
-4.380580849414726918e-01
-4.396706058584425869e-01
-4.412820508183364909e-01
-4.428924127259258325e-01
-4.445016897501839481e-01
-4.461098754825172930e-01
-4.477169674052641768e-01
-4.493229597964660260e-01
-4.509278499095827897e-01
-4.525316320226559497e-01
-4.541343027025104284e-01
-4.557358578293361218e-01
-4.573362919100528723e-01
-4.589356019692422128e-01
-4.605337834293374288e-01
-4.621308314838932785e-01
-4.637267422419780738e-01
-4.653215115837815996e-01
-4.669151347028588361e-01
-4.685076079371562896e-01
-4.700989260224721078e-01
-4.716890862122662398e-01
-4.732780823268235015e-01
-4.748659120773605080e-01
-4.764525692841620752e-01
-4.780380514295664574e-01
-4.796223523338584704e-01
-4.812054699371330901e-01
-4.827873973730400503e-01
-4.843681330394310480e-01
-4.859476698410775120e-01
-4.875260066335877496e-01
-4.891031354062198577e-01
-4.906790561589738364e-01
-4.922537595078377293e-01
-4.938272470549599502e-01
-4.953995082719368503e-01
-4.969705449897950933e-01
-4.985403469090095019e-01
-5.001089154028500738e-01
-5.016762404006697151e-01
-5.032423239623736722e-01
-5.048071546440449087e-01
-5.063707361077367519e-01
-5.079330555362622235e-01
-5.094941170494315941e-01
-5.110539080589359129e-01
-5.126124329134638113e-01
-5.141696783380714786e-01
-5.157256491392041564e-01
-5.172803315841613125e-01
-5.188337302505099391e-01
-5.203858330076978067e-01
-5.219366423733867721e-01
-5.234861478191732420e-01
-5.250343511760837689e-01
-5.265812416868365098e-01
-5.281268211824582393e-01
-5.296710798211801130e-01
-5.312140182896374352e-01
-5.327556278904530540e-01
-5.342959079369921094e-01
-5.358348508762692530e-01
-5.373724553350145428e-01
-5.389087142179993517e-01
-5.404436254653187666e-01
-5.419771828972574923e-01
-5.435093839961537832e-01
-5.450402228111708158e-01
-5.465696963668902342e-01
-5.480977987124751039e-01
-5.496245275591421509e-01
-5.511498760405411090e-01
-5.526738427834018141e-01
-5.541964202347392510e-01
-5.557176072501616160e-01
-5.572373960478054222e-01
-5.587557861699139483e-01
-5.602727693768668749e-01
-5.617883445242726204e-01
-5.633025045169025580e-01
-5.648152482103651062e-01
-5.663265669072832242e-01
-5.678364612942919942e-01
-5.693449219873794043e-01
-5.708519494443022868e-01
-5.723575349676836010e-01
-5.738616778708883759e-01
-5.753643706009313741e-01
-5.768656113267858210e-01
-5.783653936398583939e-01
-5.798637150224871251e-01
-5.813605695238351911e-01
-5.828559537107277366e-01
-5.843498630055976584e-01
-5.858422928308784083e-01
-5.873332392956380765e-01
-5.888226975934315321e-01
-5.903106633755702548e-01
-5.917971325222443069e-01
-5.932820999981299748e-01
-5.947655625989307637e-01
-5.962475143738096284e-01
-5.977279525762265733e-01
-5.992068712553447751e-01
-6.006842678935024882e-01
-6.021601356243494463e-01
-6.036344728457373465e-01
-6.051072724624375621e-01
-6.065785328723017900e-01
-6.080482465223449040e-01
-6.095164120392966289e-01
-6.109830220990503102e-01
-6.124480757860923941e-01
-6.139115646319245334e-01
-6.153734884076681455e-01
-6.168338388737031330e-01
-6.182926153433945249e-01
-6.197498095771218907e-01
-6.212054211171287310e-01
-6.226594412660380051e-01
-6.241118704816065454e-01
-6.255626989220656187e-01
-6.270119275029285566e-01
-6.284595470690618191e-01
-6.299055573915871564e-01
-6.313499502308841382e-01
-6.327927249003179044e-01
-6.342338736180247460e-01
-6.356733952396130816e-01
-6.371112817543410634e-01
-6.385475324755734983e-01
-6.399821387059336786e-01
-6.414151011320563534e-01
-6.428464096832948727e-01
-6.442760659617974284e-01
-6.457040592102820664e-01
-6.471303912597755614e-01
-6.485550515818740980e-01
-6.499780420076046727e-01
-6.513993513219283882e-01
-6.528189820425072121e-01
-6.542369231831806076e-01
-6.556531765749753493e-01
-6.570677316894879549e-01
-6.584805896711098949e-01
-6.598917406780727690e-01
-6.613011860836464084e-01
-6.627089151305489700e-01
-6.641149298786855892e-01
-6.655192195707740899e-01
-6.669217860378412466e-01
-6.683226182937268556e-01
-6.697217181694575805e-01
-6.711190755943864383e-01
-6.725146910262700395e-01
-6.739085557677316762e-01
-6.753006691321360444e-01
-6.766910231087415184e-01
-6.780796167820345444e-01
-6.794664423701517464e-01
-6.808514980420662388e-01
-6.822347776180628376e-01
-6.836162772072099658e-01
-6.849959922319405203e-01
-6.863739190302013959e-01
-6.877500511933988259e-01
-6.891243873482628679e-01
-6.904969190262949530e-01
-6.918676459986167204e-01
-6.932365597967296011e-01
-6.946036597339985130e-01
-6.959689377996816084e-01
-6.973323928493871948e-01
-6.986940168723734246e-01
-7.000538089531268549e-01
-7.014117613097839987e-01
-7.027678725690748029e-01
-7.041221347202573089e-01
-7.054745473055747951e-01
-7.068251018565288035e-01
-7.081737979153626128e-01
-7.095206265558210434e-01
-7.108655882356605948e-01
-7.122086728842345060e-01
-7.135498821036909689e-01
-7.148892049078697797e-01
-7.162266435855543234e-01
-7.175621862350709534e-01
-7.188958365184731081e-01
-7.202275816185735868e-01
-7.215574251974260500e-01
-7.228853542089650475e-01
-7.242113734596357100e-01
-7.255354683012241734e-01
-7.268576451423240936e-01
-7.281778879614516642e-01
-7.294962038538354010e-01
-7.308125772557482192e-01
-7.321270141180268309e-01
-7.334394995635793446e-01
-7.347500390854857510e-01
-7.360586187221673793e-01
-7.373652432800693601e-01
-7.386698985687345509e-01
-7.399725896234865541e-01
-7.412733031693815589e-01
-7.425720426395947538e-01
-7.438687959035740205e-01
-7.451635659367379372e-01
-7.464563406085342745e-01
-7.477471228943814996e-01
-7.490359008926060769e-01
-7.503226775786263625e-01
-7.516074410507685988e-01
-7.528901938266946425e-01
-7.541709240047307361e-01
-7.554496352469303178e-01
-7.567263142783496876e-01
-7.580009652187990055e-01
-7.592735750222129321e-01
-7.605441473506446837e-01
-7.618126693869075039e-01
-7.630791454796896911e-01
-7.643435616674124633e-01
-7.656059227565210623e-01
-7.668662152431935386e-01
-7.681244432472397188e-01
-7.693805932648377643e-01
-7.706346703313111668e-01
-7.718866597984460620e-01
-7.731365673882009126e-01
-7.743843779946054662e-01
-7.756300977973747957e-01
-7.768737116905384266e-01
-7.781152247094198504e-01
-7.793546238079537281e-01
-7.805919126481934978e-01
-7.818270779551954597e-01
-7.830601245354046336e-01
-7.842910377406074884e-01
-7.855198235216406255e-01
-7.867464663147770709e-01
-7.879709727574886191e-01
-7.891933275149265459e-01
-7.904135363090493138e-01
-7.916315842627649202e-01
-7.928474770980317166e-01
-7.940611997088793395e-01
-7.952727582750229729e-01
-7.964821372327354210e-01
-7.976893429906103394e-01
-7.988943599849205324e-01
-8.000971943953811838e-01
-8.012978311160218192e-01
-8.024962763265577337e-01
-8.036925144632617313e-01
-8.048865519347273567e-01
-8.060783727194706927e-01
-8.072679836838421163e-01
-8.084553690352360711e-01
-8.096405356400028230e-01
-8.108234670189018445e-01
-8.120041704960400120e-01
-8.131826291344201874e-01
-8.143588514025410507e-01
-8.155328189901351887e-01
-8.167045410523362525e-01
-8.178739995077555225e-01
-8.190412025960132070e-01
-8.202061336089904175e-01
-8.213687998707940308e-01
-8.225291849021836299e-01
-8.236872953406310094e-01
-8.248431156224090843e-01
-8.259966521561113995e-01
-8.271478891491323981e-01
-8.282968327811874865e-01
-8.294434681751843286e-01
-8.305878008242031374e-01
-8.317298163089086316e-01
-8.328695189779891095e-01
-8.340068955565008713e-01
-8.351419499353758269e-01
-8.362746692974268869e-01
-8.374050566180724076e-01
-8.385331002245169918e-01
-8.396588021766658860e-01
-8.407821512594803037e-01
-8.419031493039870195e-01
-8.430217853240257186e-01
-8.441380606928663433e-01
-8.452519651109837717e-01
-8.463634994938912248e-01
-8.474726537709417196e-01
-8.485794281710137277e-01
-8.496838137678519587e-01
-8.507858098748213305e-01
-8.518854075656666636e-01
-8.529826066115094862e-01
-8.540773980860946191e-01
-8.551697815316654516e-01
-8.562597480219666934e-01
-8.573472973281198728e-01
-8.584324200661131998e-01
-8.595151162359466745e-01
-8.605953769113648955e-01
-8.616732014057330025e-01
-8.627485812505524265e-01
-8.638215153014312531e-01
-8.648919960053845779e-01
-8.659600206158720725e-01
-8.670255829531785530e-01
-8.680886795841291637e-01
-8.691493047867651089e-01
-8.702074548990331726e-01
-8.712631241989747810e-01
-8.723163092534148566e-01
-8.733670043403948258e-01
-8.744152051112261681e-01
-8.754609069883423356e-01
-8.765041051652980864e-01
-8.775447948356481787e-01
-8.785829714218258424e-01
-8.796186301173860578e-01
-8.806517663447619437e-01
-8.816823752975083694e-01
-8.827104523980585649e-01
-8.837359928399672881e-01
-8.847589925034244906e-01
-8.857794458953500705e-01
-8.867973482092987858e-01
-8.878126962409739198e-01
-8.888254824373903462e-01
-8.898357058830345112e-01
-8.908433576516513464e-01
-8.918484370566056585e-01
-8.928509356293991006e-01
-8.938508524545181189e-01
-8.948481790634641442e-01
-8.958429138540888736e-01
-8.968350501889204018e-01
-8.978245844059052905e-01
-8.988115112408417984e-01
-8.997958254295280733e-01
-9.007775239965456482e-01
-9.017566005333009782e-01
-9.027330511488623754e-01
-9.037068705790279877e-01
-9.046780547039876552e-01
-9.056465980306612762e-01
-9.066124966681170516e-01
-9.075757453521532403e-01
-9.085363397340812108e-01
-9.094942745496992220e-01
-9.104495454503189755e-01
-9.114021474006166468e-01
-9.123520762807825202e-01
-9.132993265977360497e-01
-9.142438944605457696e-01
-9.151857741472529950e-01
-9.161249615380477884e-01
-9.170614515976064363e-01
-9.179952395194839188e-01
-9.189263211838701872e-01
-9.198546910976849178e-01
-9.207803455988747832e-01
-9.217032780499679889e-01
-9.226234859333026783e-01
-9.235409621536503355e-01
-9.244557044222275755e-01
-9.253677054149275216e-01
-9.262769633007233994e-01
-9.271834702977517217e-01
-9.280872243461074644e-01
-9.289882178928053902e-01
-9.298864495645753347e-01
-9.307819104351622297e-01
-9.316746007334442137e-01
-9.325645101598961650e-01
-9.334516394011530549e-01
-9.343359783865677892e-01
-9.352175282605322826e-01
-9.360962773502511380e-01
-9.369722286311426007e-01
-9.378453690571415535e-01
-9.387157025191795734e-01
-9.395832148267997397e-01
-9.404479112442036826e-01
-9.413097771231778710e-01
-9.421688172701673247e-01
-9.430250174947149011e-01
-9.438783819166308708e-01
-9.447288977187280334e-01
-9.455765674186682457e-01
-9.464213791147778609e-01
-9.472633350958401532e-01
-9.481024239179381974e-01
-9.489386469543420466e-01
-9.497719932188913861e-01
-9.506024645426128794e-01
-9.514300494815896014e-01
-9.522547494090914943e-01
-9.530765537967149648e-01
-9.538954633310950948e-01
-9.547114683993416229e-01
-9.555245680859411062e-01
-9.563347543801515860e-01
-9.571420254509465098e-01
-9.579463732875838078e-01
-9.587477967456720096e-01
-9.595462871278339634e-01
-9.603418442051914194e-01
-9.611344576782190341e-01
-9.619241286913087219e-01
-9.627108464871781957e-01
-9.634946119813410093e-01
-9.642754146453934583e-01
-9.650532560814839567e-01
-9.658281241590604971e-01
-9.666000218535415467e-01
-9.673689368054965154e-01
-9.681348710748307607e-01
-9.688978134465054959e-01
-9.696577652937906633e-01
-9.704147158594044198e-01
-9.711686660588600972e-01
-9.719196058215107126e-01
-9.726675349184779051e-01
-9.734124441946281348e-01
-9.741543334210830407e-01
-9.748931932138307221e-01
-9.756290228862360969e-01
-9.763618139698005960e-01
-9.770915650912542771e-01
-9.778182675532199886e-01
-9.785419208979413419e-01
-9.792625159702845750e-01
-9.799800523124929663e-01
-9.806945203116763654e-01
-9.814059201967130219e-01
-9.821142421258344246e-01
-9.828194860990404624e-01
-9.835216429611975952e-01
-9.842207115679140195e-01
-9.849166836795696378e-01
-9.856095581517727577e-01
-9.862993258293896170e-01
-9.869859867124203268e-01
-9.876695311879747363e-01
-9.883499585694175416e-01
-9.890272608460070058e-01
-9.897014357289598552e-01
-9.903724758941689910e-01
-9.910403795106077496e-01
-9.917051378808992013e-01
-9.923667500895301252e-01
-9.930252078968802021e-01
-9.936805099296792676e-01
-9.943326474905506140e-01
-9.949816201217374090e-01
-9.956274182103495018e-01
-9.962700415275084209e-01
-9.969094809180806260e-01
-9.975457356954310351e-01
-9.981787971621829403e-01
-9.988086637161877057e-01
-9.994353278044603162e-01
-1.000058786909338915e+00
-1.000679034393351596e+00
-1.001296066823323283e+00
-1.001909878019539013e+00
-1.002520464091066765e+00
-1.003127820002583270e+00
-1.003731940489886343e+00
-1.004332820975409657e+00
-1.004930457110464248e+00
-1.005524842944213848e+00
-1.006115975272361185e+00
-1.006703846999678076e+00
-1.007288455837380914e+00
-1.007869794232484351e+00
-1.008447860125083917e+00
-1.009022646191072070e+00
-1.009594149455030676e+00
-1.010162363279488051e+00
-1.010727284689025396e+00
-1.011288906817292776e+00
-1.011847227146628336e+00
-1.012402238810681920e+00
-1.012953938147400201e+00
-1.013502319663702744e+00
-1.014047379010901473e+00
-1.014589110924794202e+00
-1.015127510598935912e+00
-1.015662573226881582e+00
-1.016194294002185972e+00
-1.016722668118404060e+00
-1.017247690540212135e+00
-1.017769356690043647e+00
-1.018287661532574884e+00
-1.018802599803604325e+00
-1.019314167612199951e+00
-1.019822359007524826e+00
-1.020327170327525845e+00
-1.020828594934730882e+00
-1.021326630311478301e+00
-1.021821269133661225e+00
-1.022312508883618021e+00
-1.022800342923876560e+00
-1.023284767592383515e+00
-1.023765776938302174e+00
-1.024243367070700739e+00
-1.024717532038742274e+00
-1.025188268638130173e+00
-1.025655570231392311e+00
-1.026119433614232079e+00
-1.026579851691420853e+00
-1.027036822631932189e+00
-1.027490338196145547e+00
-1.027940396781912735e+00
-1.028386991294005126e+00
-1.028830117612612449e+00
-1.029269771389046628e+00
-1.029705946214713785e+00
-1.030138639114195787e+00
-1.030567843678898976e+00
-1.030993556246769804e+00
-1.031415771095850031e+00
-1.031834483419694193e+00
-1.032249689098492462e+00
-1.032661382639164405e+00
-1.033069559235265222e+00
-1.033474214309227923e+00
-1.033875342825728794e+00
-1.034272939978323258e+00
-1.034667000502809131e+00
-1.035057520508254614e+00
-1.035444493586066272e+00
-1.035827916989704001e+00
-1.036207783166182450e+00
-1.036584090284475401e+00
-1.036956830104961869e+00
-1.037326001712129298e+00
-1.037691595950843260e+00
-1.038053612363347922e+00
-1.038412041565630606e+00
-1.038766883557691756e+00
-1.039118128040005917e+00
-1.039465776156964782e+00
-1.039809816464651426e+00
-1.040150251480727706e+00
-1.040487068388006087e+00
-1.040820270390784064e+00
-1.041149844900752353e+00
-1.041475794664451282e+00
-1.041798106864693541e+00
-1.042116785163533121e+00
-1.042431815828269048e+00
-1.042743202520955093e+00
-1.043050932424404165e+00
-1.043355008514034843e+00
-1.043655418201538065e+00
-1.043952164233453939e+00
-1.044245234021474067e+00
-1.044534630541016806e+00
-1.044820341432651567e+00
-1.045102368985161956e+00
-1.045380701296874326e+00
-1.045655340656571841e+00
-1.045926274933702826e+00
-1.046193506645928695e+00
-1.046457023662697550e+00
-1.046716828501671026e+00
-1.046972908574540728e+00
-1.047225267314481512e+00
-1.047473890988793066e+00
-1.047718783717285440e+00
-1.047959932453893295e+00
-1.048197339716278487e+00
-1.048430993831645397e+00
-1.048660896859899383e+00
-1.048887036441610077e+00
-1.049109415552195612e+00
-1.049328021145590872e+00
-1.049542857341605684e+00
-1.049753910407539959e+00
-1.049961184005447246e+00
-1.050164664402626791e+00
-1.050364356176645364e+00
-1.050560245137046378e+00
-1.050752335403639437e+00
-1.050940613701481174e+00
-1.051125083234867974e+00
-1.051305731186613190e+00
-1.051482561218770151e+00
-1.051655559369759851e+00
-1.051824729988271034e+00
-1.051990059799360111e+00
-1.052151552007323465e+00
-1.052309193566095979e+00
-1.052462987679974260e+00
-1.052612922218406410e+00
-1.052758999241297566e+00
-1.052901206618095387e+00
-1.053039547553096922e+00
-1.053174009000236833e+00
-1.053304594392689975e+00
-1.053431290455512759e+00
-1.053554101079636762e+00
-1.053673012990118840e+00
-1.053788029162376683e+00
-1.053899137465858837e+00
-1.054006340418226717e+00
-1.054109625660050176e+00
-1.054208995937869320e+00
-1.054304439350010059e+00
-1.054395957727499722e+00
-1.054483539855299190e+00
-1.054567187335556877e+00
-1.054646888724356080e+00
-1.054722646310479739e+00
-1.054794447963376403e+00
-1.054862296200707483e+00
-1.054926178663042613e+00
-1.054986098554678398e+00
-1.055042042829549942e+00
-1.055094015378588601e+00
-1.055142002240215815e+00
-1.055186007991998576e+00
-1.055226018443479408e+00
-1.055262038401103553e+00
-1.055294053674413979e+00
-1.055322068383220957e+00
-1.055346069023702427e+00
-1.055366059715668214e+00
-1.055382026955296482e+00
-1.055393974633519028e+00
-1.055401889017635320e+00
-1.055405774456333878e+00
-1.055405616988035922e+00
-1.055401420961429970e+00
-1.055393173101572435e+00
-1.055380876383881672e+00
-1.055364518906683813e+00
-1.055344102501005743e+00
-1.055319616180687037e+00
-1.055291062005632829e+00
-1.055258427616412753e+00
-1.055221715988445386e+00
-1.055180914533421888e+00
-1.055136027142273836e+00
-1.055087039395666171e+00
-1.055033957015557133e+00
-1.054976764667097999e+00
-1.054915468072247231e+00
-1.054850051896156327e+00
-1.054780522089661998e+00
-1.054706863546793549e+00
-1.054629081302874694e+00
-1.054547161396326649e+00
-1.054461108175837936e+00
-1.054370908137586493e+00
-1.054276564943625649e+00
-1.054178066005646563e+00
-1.054075414299068258e+00
-1.053968597464459700e+00
-1.053857617790604495e+00
-1.053742464749099383e+00
-1.053623138797700420e+00
-1.053499630094639539e+00
-1.053371938868794766e+00
-1.053240055736154313e+00
-1.053103980467839484e+00
-1.052963704366473907e+00
-1.052819226974300637e+00
-1.052670538907307662e+00
-1.052517639936616956e+00
-1.052360521364851031e+00
-1.052199182276497114e+00
-1.052033614203056411e+00
-1.051863816686771980e+00
-1.051689781030267223e+00
-1.051511506089150449e+00
-1.051328983623801339e+00
-1.051142212947584698e+00
-1.050951185363123930e+00
-1.050755900412662092e+00
-1.050556348941065865e+00
-1.050352530948334806e+00
-1.050144436821579097e+00
-1.049932067018555237e+00
-1.049715412155251215e+00
-1.049494472231667030e+00
-1.049269237863790893e+00
-1.049039709280501054e+00
-1.048805876868907250e+00
-1.048567741544522702e+00
-1.048325292321187430e+00
-1.048078531716562845e+00
-1.047827447371218801e+00
-1.047572042947208626e+00
-1.047312305398466981e+00
-1.047048238615925664e+00
-1.046779829095762393e+00
-1.046507081644422632e+00
-1.046229982071449349e+00
-1.045948535641043842e+00
-1.045662727933871272e+00
-1.045372563985254910e+00
-1.045078029833615973e+00
-1.044779129827642761e+00
-1.044475851150148626e+00
-1.044168196776551705e+00
-1.043856155262935070e+00
-1.043539728440325609e+00
-1.043218905551440923e+00
-1.042893688198429869e+00
-1.042564066310645243e+00
-1.042230039888087045e+00
-1.041891600462256706e+00
-1.041548747804275976e+00
-1.041201472072376122e+00
-1.040849775097583807e+00
-1.040493645207104079e+00
-1.040133085376354849e+00
-1.039768083474784444e+00
-1.039398642706689468e+00
-1.039024750941517805e+00
-1.038646411154688254e+00
-1.038263611902283445e+00
-1.037876355015330265e+00
-1.037484630194303481e+00
-1.037088437668081120e+00
-1.036687769425921779e+00
-1.036282624323433321e+00
-1.035872994120995649e+00
-1.035458878589730514e+00
-1.035040269032260873e+00
-1.034617164990830229e+00
-1.034189558683574761e+00
-1.033757448050589556e+00
-1.033320826454402930e+00
-1.032879692063987775e+00
-1.032434037555237438e+00
-1.031983861783760226e+00
-1.031529156967692540e+00
-1.031069921504886189e+00
-1.030606148757869045e+00
-1.030137836437857723e+00
-1.029664977907380541e+00
-1.029187570648775640e+00
-1.028705609397841059e+00
-1.028219089805888720e+00
-1.027728007295351631e+00
-1.027232358204176244e+00
-1.026732137497039066e+00
-1.026227341511886992e+00
-1.025717964984517838e+00
-1.025204004024000026e+00
-1.024685454052766564e+00
-1.024162311408764348e+00
-1.023634570827791190e+00
-1.023102229105550709e+00
-1.022565280291205525e+00
-1.022023722095972920e+00
-1.021477548111258793e+00
-1.020926756048279982e+00
-1.020371339727321525e+00
-1.019811296172964621e+00
-1.019246620349885779e+00
-1.018677308596031894e+00
-1.018103355876079474e+00
-1.017524758985731470e+00
-1.016941512203029419e+00
-1.016353612781433435e+00
-1.015761054998985058e+00
-1.015163836566900679e+00
-1.014561950618830144e+00
-1.013955395781503510e+00
-1.013344164959692151e+00
-1.012728256551247874e+00
-1.012107663918698552e+00
-1.011482385688774244e+00
-1.010852414079611350e+00
-1.010217748404574900e+00
-1.009578381339558240e+00
-1.008934312197925953e+00
-1.008285532511179694e+00
-1.007632042737076183e+00
-1.006973833949359909e+00
-1.006310907292422785e+00
-1.005643252695617829e+00
-1.004970871989971704e+00
-1.004293755333715898e+00
-1.003611903642363634e+00
-1.002925308447416564e+00
-1.002233969977752714e+00
-1.001537879307117018e+00
-1.000837037122144446e+00
-1.000131434725458179e+00
-9.994210728036929670e-01
-9.987059417439588804e-01
-9.979860440639173325e-01
-9.972613683196516199e-01
-9.965319181732149589e-01
-9.957976812651772036e-01
-9.950586624019832627e-01
-9.943148487664462687e-01
-9.935662449361328807e-01
-9.928128380938562314e-01
-9.920546328171829797e-01
-9.912916169755612295e-01
-9.905237946888009182e-01
-9.897511531397152895e-01
-9.889736975925058626e-01
-9.881914150011074094e-01
-9.874043101719650606e-01
-9.866123707456484482e-01
-9.858156006130893712e-01
-9.850139883303707933e-01
-9.842075371017895424e-01
-9.833962359411851928e-01
-9.825800880528546832e-01
-9.817590822217591162e-01
-9.809332216521954306e-01
-9.801024960446382828e-01
-9.792669076878710577e-01
-9.784264460534901620e-01
-9.775811141169139518e-01
-9.767309011208603620e-01
-9.758758100407480818e-01
-9.750158301192949351e-01
-9.741509645607977497e-01
-9.732812021502177391e-01
-9.724065470073651740e-01
-9.715269870016880471e-01
-9.706425267107531285e-01
-9.697531540040082998e-01
-9.688588730012637207e-01
-9.679596722586025770e-01
-9.670555556669563346e-01
-9.661465120112866511e-01
-9.652325447247683821e-01
-9.643136428212413236e-01
-9.633898097338805533e-01
-9.624610347054041171e-01
-9.615273211689870925e-01
-9.605886579095908040e-01
-9.596450490470254113e-01
-9.586964826796171568e-01
-9.577429633849330326e-01
-9.567844794901774197e-01
-9.558210351151606998e-01
-9.548526185870873650e-01
-9.538792351701593786e-01
-9.529008711316762081e-01
-9.519175333379881199e-01
-9.509292080563945815e-01
-9.499359014666109990e-01
-9.489376005225719224e-01
-9.479343104884790927e-01
-9.469260192337805027e-01
-9.459127320226781155e-01
-9.448944358091063700e-01
-9.438711367727804502e-01
-9.428428216387567673e-01
-9.418094972733854764e-01
-9.407711492573311851e-01
-9.397277846858222983e-01
-9.386793895972802559e-01
-9.376259713158118236e-01
-9.365675154220816090e-01
-9.355040287824398781e-01
-9.344354981219428202e-01
-9.333619300780623407e-01
-9.322833109180979072e-01
-9.311996475084000080e-01
-9.301109261162679998e-01
-9.290171533791737879e-01
-9.279183160221737836e-01
-9.268144209116180310e-01
-9.257054543148062198e-01
-9.245914230980885051e-01
-9.234723135287645768e-01
-9.223481329309412002e-01
-9.212188673430397046e-01
-9.200845240891668553e-01
-9.189450892077440924e-01
-9.178005697939998209e-01
-9.166509525729904517e-01
-9.154962444110660291e-01
-9.143364318044046035e-01
-9.131715213904780803e-01
-9.120015005809776198e-01
-9.108263757844967667e-01
-9.096461332683352108e-01
-9.084607808143564389e-01
-9.072703046898601409e-01
-9.060747115323180001e-01
-9.048739889822998705e-01
-9.036681429906424645e-01
-9.024571618845504961e-01
-9.012410502415907354e-01
-9.000197977622378387e-01
-8.987934085663020767e-01
-8.975618718965012732e-01
-8.963251927881591419e-01
-8.950833604839935065e-01
-8.938363795615711371e-01
-8.925842390347319411e-01
-8.913269443965559091e-01
-8.900644839742477554e-01
-8.887968632608875819e-01
-8.875240708125584632e-01
-8.862461132667323049e-01
-8.849629768907085747e-01
-8.836746701529858417e-01
-8.823811788631071851e-01
-8.810825112606928133e-01
-8.797786536130421942e-01
-8.784696139308972862e-01
-8.771553789393145006e-01
-8.758359559624004920e-01
-8.745113317252117824e-01
-8.731815142384902195e-01
-8.718464899984135208e-01
-8.705062672446021166e-01
-8.691608322443555856e-01
-8.678101930084157756e-01
-8.664543364907173473e-01
-8.650932702442455380e-01
-8.637269816806916189e-01
-8.623554781241624667e-01
-8.609787467574711028e-01
-8.595967953624810143e-01
-8.582096113508835833e-01
-8.568172015890289650e-01
-8.554195544041217625e-01
-8.540166766625122419e-01
-8.526085564625267565e-01
-8.511952008993937113e-01
-8.497765978425612099e-01
-8.483527548450144895e-01
-8.469236593184448214e-01
-8.454893192735940533e-01
-8.440497218932750956e-01
-8.426048751882300181e-01
-8.411547667990284527e-01
-8.396994045075337754e-01
-8.382387764120724505e-01
-8.367728893789946332e-01
-8.353017321932616479e-01
-8.338253121789804823e-01
-8.323436172055990179e-01
-8.308566555127374631e-01
-8.293644147409655609e-01
-8.278669031299034087e-01
-8.263641080912424997e-01
-8.248560385512380133e-01
-8.233426816927027492e-01
-8.218240459841356094e-01
-8.203001195238626142e-01
-8.187709103226258334e-01
-8.172364071653865913e-01
-8.156966171473732929e-01
-8.141515297401824558e-01
-8.126011515812859853e-01
-8.110454735155500083e-01
-8.094845005782983494e-01
-8.079182252165455491e-01
-8.063466513212234066e-01
-8.047697717971035170e-01
-8.031875907639958179e-01
-8.016001015844286259e-01
-8.000073079204553794e-01
-7.984092031346040619e-01
-7.968057908889282226e-01
-7.951970652325909272e-01
-7.935830298276457251e-01
-7.919636784943774321e-01
-7.903390148948394867e-01
-7.887090333070733150e-01
-7.870737371642539948e-01
-7.854331214310581455e-01
-7.837871888540258736e-01
-7.821359348555902979e-01
-7.804793624111698858e-01
-7.788174674009543663e-01
-7.771502521137273467e-01
-7.754777126585570279e-01
-7.737998517819832944e-01
-7.721166660508312907e-01
-7.704281572961275693e-01
-7.687343230002104955e-01
-7.670351652229850936e-01
-7.653306814467895069e-01
-7.636208732737722604e-01
-7.619057393306633008e-01
-7.601852803040975992e-01
-7.584594959651969059e-01
-7.567283858562043886e-01
-7.549919515792685720e-01
-7.532501915322409314e-01
-7.515031082327833234e-01
-7.497506998498690844e-01
-7.479929691300380989e-01
-7.462299140133854536e-01
-7.444615388485995577e-01
-7.426878402025053338e-01
-7.409088233393045231e-01
-7.391244845969437982e-01
-7.373348299262599825e-01
-7.355398558940778875e-01
-7.337395686801126971e-01
-7.319339639356761129e-01
-7.301230494426315110e-01
-7.283068206234122322e-01
-7.264852850310034027e-01
-7.246584394611083058e-01
-7.228262905511987357e-01
-7.209888357836130579e-01
-7.191460820247013164e-01
-7.172980272145585978e-01
-7.154446782195350574e-01
-7.135860332086039204e-01
-7.117220997347505351e-01
-7.098528759669480159e-01
-7.079783696870600718e-01
-7.060985795218165384e-01
-7.042135132530810138e-01
-7.023231704230968875e-01
-7.004275581270926754e-01
-6.985266777383383197e-01
-6.966205352076707547e-01
-6.947091330527516151e-01
-6.927924776821745567e-01
-6.908705711558446039e-01
-6.889434210267468828e-01
-6.870110298125431392e-01
-6.850734050662187213e-01
-6.831305495343136247e-01
-6.811824714564481686e-01
-6.792291738080405983e-01
-6.772706657442246758e-01
-6.753069500115402857e-01
-6.733380369095129936e-01
-6.713639291846826840e-01
-6.693846373654530613e-01
-6.674001653427559244e-01
-6.654105234161163951e-01
-6.634157161631015764e-01
-6.614157552565065323e-01
-6.594106445872632838e-01
-6.574003974303153086e-01
-6.553850169899594347e-01
-6.533645179144095261e-01
-6.513389034079622997e-01
-6.493081897209798115e-01
-6.472723800577587783e-01
-6.452314908975398389e-01
-6.431855261312546812e-01
-6.411345033825355255e-01
-6.390784270000707812e-01
-6.370173148363710292e-01
-6.349511723845163713e-01
-6.328800181836523597e-01
-6.308038584134940674e-01
-6.287227122998222395e-01
-6.266365853357169780e-01
-6.245454997223771620e-01
-6.224494602662479226e-01
-6.203484905417984141e-01
-6.182425955843520171e-01
-6.161318007994044388e-01
-6.140161107645225602e-01
-6.118955527162288632e-01
-6.097701312320900069e-01
-6.076398751507768869e-01
-6.055047888209779128e-01
-6.033649038279040866e-01
-6.012202229180955149e-01
-5.990707811099380553e-01
-5.969165795478235115e-01
-5.947576571410697621e-01
-5.925940132030415031e-01
-5.904256893895969416e-01
-5.882526847852224128e-01
-5.860750433345593979e-01
-5.838927638932160935e-01
-5.817058926946171438e-01
-5.795144283654926065e-01
-5.773184194280505110e-01
-5.751178645090208041e-01
-5.729128139616382898e-01
-5.707032673281462465e-01
-5.684892761061711708e-01
-5.662708405245913124e-01
-5.640480141409384141e-01
-5.618207969552123648e-01
-5.595892464158764845e-01
-5.573533606919041095e-01
-5.551132004360551653e-01
-5.528687638173032104e-01
-5.506201142349480548e-01
-5.483672494002066466e-01
-5.461102356877972630e-01
-5.438490710378149906e-01
-5.415838236560052144e-01
-5.393144923979760197e-01
-5.370411479871346483e-01
-5.347637883635759648e-01
-5.324824885993953982e-01
-5.301972457191745924e-01
-5.279081375415490829e-01
-5.256151620066138452e-01
-5.233183989929095503e-01
-5.210178466694094235e-01
-5.187135881189509634e-01
-5.164056210527505630e-01
-5.140940326734558807e-01
-5.117788190901351175e-01
-5.094600725407592012e-01
-5.071377875322481410e-01
-5.048120604223828023e-01
-5.024828852603265839e-01
-5.001503620659139004e-01
-4.978144842016729021e-01
-4.954753562650049403e-01
-4.931329707029248333e-01
-4.907874350882522885e-01
-4.884387427835155115e-01
-4.860870043369526772e-01
-4.837322133399702406e-01
-4.813744837739814542e-01
-4.790138094592712448e-01
-4.766503071237928602e-01
-4.742839710455878377e-01
-4.719149220724196958e-01
-4.695431526513031972e-01
-4.671687902674736548e-01
-4.647918243925274751e-01
-4.624123889202934601e-01
-4.600304701180712996e-01
-4.576462085171615901e-01
-4.552595883249589970e-01
-4.528707553369659689e-01
-4.504796928450637283e-01
-4.480865505356865786e-01
-4.456913117007156866e-01
-4.432941299175172101e-01
-4.408949884779722606e-01
-4.384940450792570443e-01
-4.360912818688612025e-01
-4.336868618081625160e-01
-4.312807656713805726e-01
-4.288731619129735328e-01
-4.264640294761340988e-01
-4.240535418506440335e-01
-4.216416766064258748e-01
-4.192286134129765696e-01
-4.168143275514353818e-01
-4.143990032688659730e-01
-4.119826163041642730e-01
-4.095653545664473816e-01
-4.071471926502195360e-01
-4.047283239576779934e-01
-4.023087214811786883e-01
-3.998885843448772848e-01
-3.974678825657113057e-01
-3.950468223630649867e-01
-3.926253710073357439e-01
-3.902037399821096653e-01
-3.877818956422707242e-01
-3.853600545067286109e-01
-3.829381806415838585e-01
-3.805164960588262035e-01
-3.780949639090429582e-01
-3.756738103240339632e-01
-3.732529975388730881e-01
-3.708327560340486939e-01
-3.684130473579996234e-01
-3.659941065687810635e-01
-3.635758929260484162e-01
-3.611586467520586097e-01
-3.587423263909538251e-01
-3.563271765136794000e-01
-3.539131536333507966e-01
-3.515005069984801778e-01
-3.490891919777912022e-01
-3.466794626262412748e-01
-3.442712717948923640e-01
-3.418648788029035046e-01
-3.394602344414316963e-01
-3.370576028360812160e-01
-3.346569322603472063e-01
-3.322584923329141571e-01
-3.298622292673721312e-01
-3.274684161155806406e-01
-3.250769979467381665e-01
-3.226882521613926302e-01
-3.203021219977157941e-01
-3.179188887471873781e-01
-3.155384935880740649e-01
-3.131612214739090683e-01
-3.107870122096889620e-01
-3.084161550976353694e-01
-3.060485867384482028e-01
-3.036846000964025794e-01
-3.013241315433198841e-01
-2.989674765611370910e-01
-2.966145687751355342e-01
-2.942657080159405969e-01
-2.919208256200502283e-01
-2.895802246223865284e-01
-2.872438342995424221e-01
-2.849119606618584211e-01
-2.825845309260224814e-01
-2.802618540777933598e-01
-2.779438552739540436e-01
-2.756308464756818122e-01
-2.733227494065843532e-01
-2.710198806054058274e-01
-2.687221583625789001e-01
-2.664299012767527008e-01
-2.641430262650898975e-01
-2.618618537572663385e-01
-2.595862979239045853e-01
-2.573166823989772589e-01
-2.550529181488101482e-01
-2.527953306384025933e-01
-2.505438285452970537e-01
-2.482987391655195053e-01
-2.460599695744640214e-01
-2.438278463815216623e-01
-2.416022762043297245e-01
-2.393835865677926278e-01
-2.371716804274942858e-01
-2.349668875971224757e-01
-2.327691080568426996e-01
-2.305786725358561218e-01
-2.283954787255448315e-01
-2.262198573551099656e-01
-2.240517042849069218e-01
-2.218913502441368368e-01
-2.197386888043716680e-01
-2.175940504659343300e-01
-2.154573260538565349e-01
-2.133288472128529456e-01
-2.112085006481452809e-01
-2.090966186910830915e-01
-2.069930853003480453e-01
-2.048982316628980282e-01
-2.028119399063879613e-01
-2.007345400733840102e-01
-1.986659120027577385e-01
-1.966063841349269536e-01
-1.945558344777364168e-01
-1.925145898694555768e-01
-1.904825258002675326e-01
-1.884599668196582645e-01
-1.864467870445408459e-01
-1.844433089644962054e-01
-1.824494037210189490e-01
-1.804653922015417022e-01
-1.784911425721406597e-01
-1.765269741180999774e-01
-1.745727524878341597e-01
-1.726287939912089509e-01
-1.706949619878554425e-01
-1.687715702699776610e-01
-1.668584794506666191e-01
-1.649560003467078761e-01
-1.630639917401657535e-01
-1.611827607857723998e-01
-1.593121640912478487e-01
-1.574525050348317134e-01
-1.556036388509739465e-01
-1.537658639970298502e-01
-1.519390343341793514e-01
-1.501234438566501073e-01
-1.483189450523519914e-01
-1.465258268801892250e-01
-1.447439404548016284e-01
-1.429735700430874168e-01
-1.412145644709030812e-01
-1.394672036564583162e-01
-1.377313345945829215e-01
-1.360072323970414609e-01
-1.342947421131978070e-01
-1.325941334761755463e-01
-1.309052502765077342e-01
-1.292283566397985917e-01
-1.275632950977503011e-01
-1.259103238251302326e-01
-1.242692840948096955e-01
-1.226404283595976114e-01
-1.210235960613385287e-01
-1.194190345030787387e-01
-1.178265811811968905e-01
-1.162464776767807711e-01
-1.146785599984998238e-01
-1.131230635477266655e-01
-1.115798234176173936e-01
-1.100490680287552203e-01
-1.085306319021004384e-01
-1.070247373929602147e-01
-1.055312168479505958e-01
-1.040502871292986603e-01
-1.025817788670328329e-01
-1.011259028581042302e-01
-9.968248835927122353e-02
-9.825173953001306582e-02
-9.683348494045311561e-02
-9.542792199815959553e-02
-9.403487824330335199e-02
-9.265454467485904899e-02
-9.128674745972752136e-02
-8.993167107385074965e-02
-8.858914122637287503e-02
-8.725933529800733446e-02
-8.594207796794575693e-02
-8.463754043718640929e-02
-8.334554646940754707e-02
-8.206626017037887966e-02
-8.079950530377869033e-02
-7.954543842239145124e-02
-7.830388351877380637e-02
-7.707498947828583802e-02
-7.585858063680167573e-02
-7.465479867001373337e-02
-7.346346757047859943e-02
-7.228472214753849101e-02
-7.111838685150667638e-02
-6.996458813766598395e-02
-6.882315217291723464e-02
-6.769419728736215947e-02
-6.657754987677994007e-02
-6.547332174823961015e-02
-6.438133918308118486e-02
-6.330170712202351502e-02
-6.223425241860243429e-02
-6.117907280386910424e-02
-6.013599581799438515e-02
-5.910511221124006148e-02
-5.808625009597284672e-02
-5.707949335610432856e-02
-5.608467096229498988e-02
-5.510185981766704821e-02
-5.413088986561394311e-02
-5.317183125734685489e-02
-5.222451485177258268e-02
-5.128900410541085975e-02
-5.036513102156019855e-02
-4.945295230482930210e-02
-4.855230121734754184e-02
-4.766322794069094426e-02
-4.678556699581974676e-02
-4.591936238459478486e-02
-4.506444954348966941e-02
-4.422086640908923921e-02
-4.338844990557629011e-02
-4.256723178982049077e-02
-4.175705058815302323e-02
-4.095793164885003917e-02
-4.016971550092818255e-02
-3.939242142738760138e-02
-3.862589161661291598e-02
-3.787013968686535337e-02
-3.712500942867791309e-02
-3.639050925332958791e-02
-3.566648415296465313e-02
-3.495293738909946435e-02
-3.424971584212461312e-02
-3.355681762379378319e-02
-3.287409127386553553e-02
-3.220152992598967340e-02
-3.153898400817104625e-02
-3.088644196205350342e-02
-3.024375598944902335e-02
-2.961091001165423384e-02
-2.898775794706867290e-02
-2.837427936830050693e-02
-2.777033036809350292e-02
-2.717588611314778260e-02
-2.659080481333175872e-02
-2.601505717221792163e-02
-2.544850397455600960e-02
-2.489111168966922499e-02
-2.434274333387112521e-02
-2.380336168582167233e-02
-2.327283179312969463e-02
-2.275111300128005928e-02
-2.223807247500623335e-02
-2.173366621244736396e-02
-2.123776360990073386e-02
-2.075031748981851984e-02
-2.027119942284223708e-02
-1.980035934183502211e-02
-1.933767096317282747e-02
-1.888308147317870750e-02
-1.843646681979242696e-02
-1.799777167167530834e-02
-1.756687415111133840e-02
-1.714371652353927078e-02
-1.672817922863629320e-02
-1.632020218583816670e-02
-1.591966829526422766e-02
-1.552651524478643706e-02
-1.514062836635648654e-02
-1.476194331655106620e-02
-1.439034791637382009e-02
-1.402577587693554576e-02
-1.366811750829183443e-02
-1.331730494801490125e-02
-1.297323065189476786e-02
-1.263582555589236323e-02
-1.230498434736153161e-02
-1.198063670343232565e-02
-1.166267974329095354e-02
-1.135104192815129115e-02
-1.104562270889762610e-02
-1.074634967414516903e-02
-1.045312452064691908e-02
-1.016587407885858121e-02
-9.884502348621451023e-03
-9.608935488061114832e-03
-9.339079871631641994e-03
-9.074860999433389044e-03
-8.816187634838101861e-03
-8.562984863104144626e-03
-8.315163750691557942e-03
-8.072649068150987775e-03
-7.835354185030772925e-03
-7.603203743137492733e-03
-7.376113314973506592e-03
-7.154007570955185462e-03
-6.936804272234016119e-03
-6.724428175055747851e-03
-6.516799315050367074e-03
-6.313842577207690564e-03
-6.115480243026417961e-03
-5.921637426374702466e-03
