6.107429437811675091e-03
8.256285447205979205e-03
1.092383231271758584e-02
1.419302519455984367e-02
1.815084815232060472e-02
2.288644551595630378e-02
2.848887745826883880e-02
3.504456653728070525e-02
4.263453190057353570e-02
5.133153496266922022e-02
6.119727916663701001e-02
7.227981669159969091e-02
8.461131446116811061e-02
9.820631702469088953e-02
1.130606188767157572e-01
1.291508254501343711e-01
1.464346363300681464e-01
1.648518420031727105e-01
1.843259766382893683e-01
2.047665333140955279e-01
2.260716106901419220e-01
2.481308448097846731e-01
2.708284640175610547e-01
2.940463129712934109e-01
3.176667036715237202e-01
3.415749753155157276e-01
3.656616730103633417e-01
3.898242901210282052e-01
4.139685493553845186e-01
4.380092291002611327e-01
4.618705667099088918e-01
4.854862874570750608e-01
5.087993239970918236e-01
5.317612946695146059e-01
5.543318084552025793e-01
5.764776642619767744e-01
5.981719991840097617e-01
6.193934346622623766e-01
6.401252571690773108e-01
6.603546577358301306e-01
6.800720497932384312e-01
6.992704701736308648e-01
7.179450684863718513e-01
7.360926780629378774e-01
7.537114649975181768e-01
7.708006448607505057e-01
7.873602566642075029e-01
8.033909887920619441e-01
8.188940423520153500e-01
8.338710291227595661e-01
8.483238920109013037e-01
8.622548483792323859e-01
8.756663451725654745e-01
8.885610262753970146e-01
9.009417083377602165e-01
9.128113615951382043e-01
9.241730953205491428e-01
9.350301455927174654e-01
9.453858664659958722e-01
9.552437214297984092e-01
9.646072760984543137e-01
9.734801924209931512e-01
9.818662224566634400e-01
9.897692035256282495e-01
9.971930525635053222e-01
1.004141761923461162e+00
1.010619394671661730e+00
1.016630080389366642e+00
1.022178011047400803e+00
1.027267436880626494e+00
1.031902662769059065e+00
1.036088044980870704e+00
1.039827987119241071e+00
1.043126937082493155e+00
1.045989383879475376e+00
1.048419854806832863e+00
1.050422911974877360e+00
1.052003150208634885e+00
1.053165193573716296e+00
1.053913693928764328e+00
1.054253327161813303e+00
1.054188791597980401e+00
1.053724806334778608e+00
1.052866107623232628e+00
1.051617448505989927e+00
1.049983595415570514e+00
1.047969327378211357e+00
1.045579433697781280e+00
1.042818712363470901e+00
1.039691968602239669e+00
1.036204013576017546e+00
1.032359662210373674e+00
1.028163732543118325e+00
1.023621044276747938e+00
1.018736417258514937e+00
1.013514670684271701e+00
1.007960621723296368e+00
1.002079084866892345e+00
9.958748702637012507e-01
9.893527837197044761e-01
9.825176251059126731e-01
9.753741879241001334e-01
9.679272586554056312e-01
9.601816154575341100e-01
9.521420282371341193e-01
9.438132574193774937e-01
9.352000537308261530e-01
9.263071578375434711e-01
9.171392994765622531e-01
9.077011971663742074e-01
8.979975580621739617e-01
8.880330768701942823e-01
8.778124364991052309e-01
8.673403069743484961e-01
8.566213455105156083e-01
8.456601959323257756e-01
8.344614892536482698e-01
8.230298429537244997e-01
8.113698605429027211e-01
7.994861322140371929e-01
7.873832337568222872e-01
7.750657279329689064e-01
7.625381630286508505e-01
7.498050729268822545e-01
7.368709784826940057e-01
7.237403858584463556e-01
7.104177881161386487e-01
6.969076639869881129e-01
6.832144782333189337e-01
6.693426828066044720e-01
6.552967152551586461e-01
6.410810003164452153e-01
6.266999495551887067e-01
6.121579612186194286e-01
5.974594208154951902e-01
5.826087014056116065e-01
5.676101632379138007e-01
5.524681543295182351e-01
5.371870111894887501e-01
5.217710583121937251e-01
5.062246085391939321e-01
4.905519637830196289e-01
4.747574150271703375e-01
4.588452424708703847e-01
4.428197161080903443e-01
4.266850960170578966e-01
4.104456324326352656e-01
3.941055664700963135e-01
3.776691297632380206e-01
3.611405457671787445e-01
3.445240296859807816e-01
3.278237880383839120e-01
3.110440202501147944e-01
2.941889184367537657e-01
2.772626681998893727e-01
2.602694481204747556e-01
2.432134312063809201e-01
2.260987840962428164e-01
2.089296687965232768e-01
1.917102421024918513e-01
1.744446563943791717e-01
1.571370598545100694e-01
1.397915969015697535e-01
1.224124091315136331e-01
1.050036345214128003e-01
8.756940960078461733e-02
7.011386800403907049e-02
5.264114191803237475e-02
3.515536316773228143e-02
1.766066162390909217e-02
1.611677363545399350e-04
-1.733898862416111131e-02
-3.483567657357998504e-02
-5.232476414217894500e-02
-6.980211878121329871e-02
-8.726360569823017610e-02
-1.047050874951799271e-01
-1.221224248921931044e-01
-1.395114751352712901e-01
-1.568680919239094917e-01
-1.741881252663407265e-01
-1.914674208281368084e-01
-2.087018193531869070e-01
-2.258871563741867428e-01
-2.430192625745271895e-01
-2.600939620512295325e-01
-2.771070726768342096e-01
-2.940544055927566958e-01
-3.109317649197770317e-01
-3.277349472513958473e-01
-3.444597410024352602e-01
-3.611019266261718541e-01
-3.776572756010491694e-01
-3.941215510096992003e-01
-4.104905057295002435e-01
-4.267598833734865260e-01
-4.429254175665718329e-01
-4.589828311493946433e-01
-4.749278363230735600e-01
-4.907561344320742758e-01
-5.064634153851881315e-01
-5.220453570041326818e-01
-5.374976253130629988e-01
-5.528158743214379722e-01
-5.679957454449989784e-01
-5.830328669267490493e-01
-5.979228542712180516e-01
-6.126613090864200251e-01
-6.272438203866520512e-01
-6.416659625659181243e-01
-6.559232965559730344e-01
-6.700113690301671143e-01
-6.839257124758244544e-01
-6.976618443980878714e-01
-7.112152681160738288e-01
-7.245814720390955088e-01
-7.377559301009288806e-01
-7.507341008189024611e-01
-7.635114282348079984e-01
-7.760833406844789284e-01
-7.884452517387010584e-01
-8.005925600584566926e-01
-8.125206491777917650e-01
-8.242248874314381801e-01
-8.357006286062125255e-01
-8.469432110724849361e-01
-8.579479587974655486e-01
-8.687101812728272865e-01
-8.792251734423284226e-01
-8.894882157018120239e-01
-8.994945750572493903e-01
-9.092395044009629057e-01
-9.187182435972917061e-01
-9.279260187588143083e-01
-9.368580440557912059e-01
-9.455095211371428165e-01
-9.538756395647165487e-01
-9.619515778265733674e-01
-9.697325034817437794e-01
-9.772135738840047603e-01
-9.843899365437674964e-01
-9.912567302861213792e-01
-9.978090856850991841e-01
-1.004042126076965191e+00
-1.009950967560215407e+00
-1.015530721166906902e+00
-1.020776492283638426e+00
-1.025683383040011831e+00
-1.030246492598144492e+00
-1.034460918527844386e+00
-1.038321757819898217e+00
-1.041824108044113517e+00
-1.044963068941629603e+00
-1.047733743872468759e+00
-1.050131240973581903e+00
-1.052150674895910409e+00
-1.053787168396697282e+00
-1.055035853931795220e+00
-1.055891875682242409e+00
-1.056350391001815270e+00
-1.056406573312137276e+00
-1.056055612826454215e+00
-1.055292719951387292e+00
-1.054113126951618407e+00
-1.052512090627864660e+00
-1.050484894922476098e+00
-1.048026852439366330e+00
-1.045133308786673654e+00
-1.041799644386203427e+00
-1.038021277947557275e+00
-1.033793669073729049e+00
-1.029112321952367459e+00
-1.023972788757526953e+00
-1.018370673196175025e+00
-1.012301633909941989e+00
-1.005761388528273459e+00
-9.987457178663343704e-01
-9.912504698334047015e-01
-9.832715639202961322e-01
-9.748049964105452991e-01
-9.658468440716758696e-01
-9.563932705244349020e-01
-9.464405311644752405e-01
-9.359849798934807286e-01
-9.250230747646255303e-01
-9.135513864507632809e-01
-9.015666068573721104e-01
-8.890655596896963608e-01
-8.760452133359749594e-01
-8.625026975143094132e-01
-8.484353244793254589e-01
-8.338406179008699404e-01
-8.187163480395664994e-01
-8.030605834244830543e-01
-7.868717551245177910e-01
-7.701487449044198685e-01
-7.528909995815342704e-01
-7.350986807752342145e-01
-7.167728568525444377e-01
-6.979157469133215885e-01
-6.785310250660464559e-01
-6.586241949099718163e-01
-6.382030394348198188e-01
-6.172781549509720467e-01
-5.958635670235787885e-01
-5.739774259497448794e-01
-5.516427725144489314e-01
-5.288883505024475351e-01
-5.057494426605504412e-01
-4.822686871902972516e-01
-4.584968295349836631e-01
-4.344933496046891053e-01
-4.103269042210720419e-01
-3.860755142136886864e-01
-3.618264379037977041e-01
-3.376756682241968677e-01
-3.137270158386952779e-01
-2.900907493825243821e-01
-2.668817994100563529e-01
-2.442175510925106430e-01
-2.222152894303892068e-01
-2.009893851366621187e-01
-1.806483384425556227e-01
-1.612918175473912474e-01
-1.430078395077112041e-01
-1.258702431341786887e-01
-1.099365919204997877e-01
-9.524662747702675181e-02
-8.182135829568944196e-02
-6.966283548773494205e-02
-5.875462253300493126e-02
-4.906292504133277776e-02
-4.053830702652026774e-02
-3.311788755101700843e-02
-2.672788747051486891e-02
-2.128638343204668909e-02
-1.670612307646576408e-02
-1.289726444339352011e-02
-9.769918377676434229e-03
-7.236397860497379396e-03
