-1.005147219889905748e-02
6.489829041622233174e-02
2.525805753737686565e-01
4.799783396331325780e-01
6.856058144220088524e-01
8.463328409656039053e-01
9.582213473589656916e-01
1.023181219277796261e+00
1.044764707539697079e+00
1.027121162652270936e+00
9.746526335871820157e-01
8.918383011793220572e-01
7.831340066008596335e-01
6.529206116241952351e-01
5.054863724492368871e-01
3.450329801918851080e-01
1.756978520550801504e-01
1.587279572783491027e-03
-1.731835952016290148e-01
-3.444472274202393658e-01
-5.079394768554158501e-01
-6.592578602159571144e-01
-7.938259860165038928e-01
-9.068691099588552795e-01
-9.934076858498713802e-01
-1.048278643436559854e+00
-1.066198230616355769e+00
-1.041886382310760473e+00
-9.702876312984873852e-01
-8.470185953301937465e-01
-6.698319245091777230e-01
-4.447741527972985387e-01
-2.049526671946405032e-01
-3.082369344884375653e-02
