-5.822736649555371527e-03
-4.165355866764339915e-03
-2.512434623676195345e-03
-8.640532591699832607e-04
7.797046693166984066e-04
2.418758679963603671e-03
4.053022855176128571e-03
5.682416598888823979e-03
7.306851662046079041e-03
8.926247491777315052e-03
1.054051343612762669e-02
1.214956901411730697e-02
1.375332127111263819e-02
1.535168989824524204e-02
1.694457955245940589e-02
1.853191031165773300e-02
2.011358435861932553e-02
2.168952227254309501e-02
2.325962383365363928e-02
2.482381017975195808e-02
2.638197865998447716e-02
2.793405115680414399e-02
2.947992258836536900e-02
3.101951568199342452e-02
3.255272291063203427e-02
3.407946798961387913e-02
3.559964103258746876e-02
3.711316675728393993e-02
3.861993291814272422e-02
4.011986557869706010e-02
4.161284997690950505e-02
4.309881363664067738e-02
4.457763933668198314e-02
4.604925623296621251e-02
4.751354467380946439e-02
4.897043550452240268e-02
5.041980681469062503e-02
5.186159119630827374e-02
5.329566436587734879e-02
5.472196111991813744e-02
5.614035463027629291e-02
5.755078209835283454e-02
5.895311420864268043e-02
6.034729053890371814e-02
6.173317951524436020e-02
6.311072332074384172e-02
6.447978803738055320e-02
6.584031853947031054e-02
6.719217870799645831e-02
6.853531625164623053e-02
6.986959282188408282e-02
7.119495927656219192e-02
7.251127495188262884e-02
7.381849416965609312e-02
7.511647380785907435e-02
7.640517185261529176e-02
7.768444280959081738e-02
7.895424852957660944e-02
8.021444128906318749e-02
8.146498683220422532e-02
8.270573509196119111e-02
8.393665610647349506e-02
8.515759775135711696e-02
8.636853407272486460e-02
8.756931100337207730e-02
8.875990694078821075e-02
8.994016593225324929e-02
9.111007089837752648e-02
9.226946388657217279e-02
9.341833256953227527e-02
9.455651722376398616e-02
9.568401033135245926e-02
9.680065039798418924e-02
9.790643477243946013e-02
9.900120053298831768e-02
1.000849501812894615e-01
1.011575187960859074e-01
1.022189146041962149e-01
1.032689709138001344e-01
1.043077015625221704e-01
1.053349382597230238e-01
1.063507005111379716e-01
1.073548184846135345e-01
1.083473176973986651e-01
1.093280267186913235e-01
1.102969771917784447e-01
1.112539962017339290e-01
1.121991215751875492e-01
1.131321791992720982e-01
1.140532130268257227e-01
1.149620476326860402e-01
1.158587337826197383e-01
1.167430943387172959e-01
1.176151872230763729e-01
1.184748335851253664e-01
1.193220982172799038e-01
1.201568015863437588e-01
1.209790147829397922e-01
1.217885575913319751e-01
1.225855077437527363e-01
1.233696843992306141e-01
1.241411721033511828e-01
1.248997893327728759e-01
1.256456276181779352e-01
1.263785047539393858e-01
1.270985190270423337e-01
1.278054882362941180e-01
1.284995171961892391e-01
1.291804238244930458e-01
1.298483196921721983e-01
1.305030224927172244e-01
1.311446510114080977e-01
1.317730223742273610e-01
1.323882628097313441e-01
1.329901893342356756e-01
1.335789353907789745e-01
1.341543177716551516e-01
1.347164770200302009e-01
1.352652303908958020e-01
1.358007254131903263e-01
1.363227791180524062e-01
1.368315465924729024e-01
1.373268454448955678e-01
1.378088372904954229e-01
1.382773402006663988e-01
1.387325232343649128e-01
1.391742042393840917e-01
1.396025601763025148e-01
1.400174086693962705e-01
1.404189343520717559e-01
1.408069550829286198e-01
1.411816621383323589e-01
1.415428747556815858e-01
1.418907909688237601e-01
1.422252303640879068e-01
1.425463980762044780e-01
1.428541142693948718e-01
1.431485912937953686e-01
1.434296500060422419e-01
1.436975091706872709e-01
1.439519911379393280e-01
1.441933205146528341e-01
1.444213214880103735e-01
1.446362246216917891e-01
1.448378552533014785e-01
1.450264504756236805e-01
1.452018367767679563e-01
1.453642572065105831e-01
1.455135396324276353e-01
1.456499332902485011e-01
1.457732673126598821e-01
1.458837965492317534e-01
1.459813519700401130e-01
1.460661939241390539e-01
1.461381548757593740e-01
1.461975005590832044e-01
1.462440653903354371e-01
1.462781200311522589e-01
1.462995008498356453e-01
1.463084833211191205e-01
1.463049061087817737e-01
1.462890485852240130e-01
1.462607521675410582e-01
1.462203003547609126e-01
1.461675367451818752e-01
1.461027494222985612e-01
1.460257834790594511e-01
1.459369313546297342e-01
1.458360405522037828e-01
1.457234071800645459e-01
1.455988804650995838e-01
1.454627608714268161e-01
1.453148995785869257e-01
1.451556007199799048e-01
1.449847173134427292e-01
1.448025567039826211e-01
1.446089742055711447e-01
1.444042803749045756e-01
1.441883330510493333e-01
1.439614453158373220e-01
1.437234770757549740e-01
1.434747439378514511e-01
1.432151083338712161e-01
1.429448881672839566e-01
1.426639486240520172e-01
1.423726087597552981e-01
1.420707365146553491e-01
1.417586530120370225e-01
1.414362287176638422e-01
1.411037856782149935e-01
1.407611973427942142e-01
1.404087864526777085e-01
1.400464292115117526e-01
1.396744495130073371e-01
1.392927265443128226e-01
1.389015839783846740e-01
1.385009035281972167e-01
1.380910102481818225e-01
1.376717876905845794e-01
1.372435611470001482e-01
1.368062166956623416e-01
1.363600805520451265e-01
1.359050401760581450e-01
1.354414215627433582e-01
1.349691151559154478e-01
1.344884460436295281e-01
1.339993081114420059e-01
1.335020250827448351e-01
1.329964935982811958e-01
1.324830355591031517e-01
1.319615510478559794e-01
1.314323606010884549e-01
1.308953661412791125e-01
1.303508877560667911e-01
1.297988294367217188e-01
1.292395094487822638e-01
1.286728347679029771e-01
1.280991213798450268e-01
1.275182785580920020e-01
1.269306206953420002e-01
1.263360593629870299e-01
1.257349062163498621e-01
1.251270758114453874e-01
1.245128772951785145e-01
1.238922270638742607e-01
1.232654329004905791e-01
1.226324121262285516e-01
1.219934700157861984e-01
1.213485264174676836e-01
1.206978840977903089e-01
1.200414640589700932e-01
1.193795667883003064e-01
1.187121162730143675e-01
1.180394077458418178e-01
1.173613684079900521e-01
1.166782896109735401e-01
1.159901017700521453e-01
1.152970921267249538e-01
1.145991924793559047e-01
1.138966868750203032e-01
1.131895096396559608e-01
1.124779400238440918e-01
1.117619151100525121e-01
1.110417098102030042e-01
1.103172635056146600e-01
1.095888463118710465e-01
1.088564008247334680e-01
1.081201916768895210e-01
1.073801642208638274e-01
1.066365780642824501e-01
1.058893806298755735e-01
1.051388274157984415e-01
1.043848674573072954e-01
1.036277519142852488e-01
1.028674314345920937e-01
1.021041523821591968e-01
1.013378681619185318e-01
1.005688191975349643e-01
9.979696119333253401e-02
9.902253000605654165e-02
9.824548295286505972e-02
9.746605063702534766e-02
9.668419244636256016e-02
9.590013418849907545e-02
9.511383663536859823e-02
9.432552102790353610e-02
9.353514883558716742e-02
9.274293787712972748e-02
9.194884917524864809e-02
9.115309735538629221e-02
9.035564390908362720e-02
8.955669889532091865e-02
8.875622496117363536e-02
8.795442782811385696e-02
8.715127106994896566e-02
8.634695469744846363e-02
8.554144481337522254e-02
8.473493617562888325e-02
8.392739558497608332e-02
8.311901346203492968e-02
8.230975753452990373e-02
8.149981342811557505e-02
8.068914956867129229e-02
7.987794770247663712e-02
7.906617649588326691e-02
7.825401290035749469e-02
7.744142719606861291e-02
7.662859085310896878e-02
7.581547599441801344e-02
7.500224815103240239e-02
7.418888128873613041e-02
7.337553545734071259e-02
7.256218669442776603e-02
7.174898933977957860e-02
7.093592150284888653e-02
7.012313135570613642e-02
6.931059839311465298e-02
6.849846690829042295e-02
6.768671617923199824e-02
6.687548662037440250e-02
6.606475889517415823e-02
6.525466702169702149e-02
6.444519396444398085e-02
6.363646940508976835e-02
6.282847632046989483e-02
6.202134005594150956e-02
6.121504474513889127e-02
6.040971093941804870e-02
5.960532392928569179e-02
5.880199924329060357e-02
5.799972447327572667e-02
5.719860920954283889e-02
5.639864220095197611e-02
5.559992938841340493e-02
5.480245930460669879e-02
5.400633492775802624e-02
5.321154480331713454e-02
5.241818780250628862e-02
5.162625317025271166e-02
5.083583612860342882e-02
5.004692593539983303e-02
4.925961462134220703e-02
4.847389168613658317e-02
4.768984505369433524e-02
4.690746538117063213e-02
4.612683625688174249e-02
4.534795018213810813e-02
4.457088572309708674e-02
4.379563585202561615e-02
4.302227663065483210e-02
4.225080127340097302e-02
4.148128219324798138e-02
4.071371261795386776e-02
3.994816222733954536e-02
3.918462403369715741e-02
3.842316567039005815e-02
3.766377924767982943e-02
3.690653035254265468e-02
3.615141065103666396e-02
3.539848276830770413e-02
3.464773929955045073e-02
3.389923945039341469e-02
3.315297651635962239e-02
3.240900605475216523e-02
3.166732229036950397e-02
3.092797781889455866e-02
3.019096710783597537e-02
2.945634047796030774e-02
2.872409263955610914e-02
2.799427003639420874e-02
2.726686945263878670e-02
2.654193345513422564e-02
2.581945975759791789e-02
2.509948842328613150e-02
2.438201695114650125e-02
2.366708358755109654e-02
2.295468584562487813e-02
2.224485992604541273e-02
2.153760312730501614e-02
2.083294960445569721e-02
2.013089644142451728e-02
1.943147666321953793e-02
1.873468668151412331e-02
1.804055793358361193e-02
1.734908684555014347e-02
1.666030280926700247e-02
1.597420226537338284e-02
1.529081278924659948e-02
1.461013106498798564e-02
1.393218330932266547e-02
1.325696553436828129e-02
1.258450305602154540e-02
1.191479098560521699e-02
1.124785350937584916e-02
1.058368552456312450e-02
9.922310545606771726e-03
9.263722340196789418e-03
8.607944437657666370e-03
7.954969018449165041e-03
7.304818711333704861e-03
6.657486169511783736e-03
6.012992205736256146e-03
5.371329946014635759e-03
4.732518387156381401e-03
4.096551128041525658e-03
3.463445349601745882e-03
2.833194894776513983e-03
2.205816501955393250e-03
1.581302884933077912e-03
9.596701107434935096e-04
3.409106796150584984e-04
-2.749595549523808913e-04
-8.879489928663719667e-04
-1.498042680731170861e-03
-2.105248774134760303e-03
-2.709553219720439721e-03
-3.310964615326428273e-03
-3.909469807571785971e-03
-4.505077149845271300e-03
-5.097774388676645785e-03
-5.687570090698756964e-03
-6.274452215653369969e-03
-6.858430001109638852e-03
-7.439492077713882878e-03
-8.017648353908723990e-03
-8.592886529032894849e-03
-9.165218326730006915e-03
-9.734631201603449746e-03
-1.030113709028668278e-02
-1.086472457585430096e-02
-1.142540443459616473e-02
-1.198316729350878962e-02
-1.253802345511090266e-02
-1.308996375923154876e-02
-1.363899917894706437e-02
-1.418512053797826855e-02
-1.472833925101879604e-02
-1.526864658337556691e-02
-1.580605393354050925e-02
-1.634055346610108206e-02
-1.687215587665091832e-02
-1.740085377124001020e-02
-1.792665874464960396e-02
-1.844956407320885727e-02
-1.896958041979923681e-02
-1.948670195984592013e-02
-2.000093888202558734e-02
-2.051228671855465091e-02
-2.102075472608810891e-02
-2.152633956469451881e-02
-2.202905047445902209e-02
-2.252888386997187187e-02
-2.302584966132270594e-02
-2.351994470419838112e-02
-2.401117820536280423e-02
-2.449954814817334459e-02
-2.498506326488691975e-02
-2.546772175095834978e-02
-2.594753300846897037e-02
-2.642449521603329465e-02
-2.689861730110554294e-02
-2.736989856979177294e-02
-2.783834724598155397e-02
-2.830396353433539680e-02
-2.876675541287498916e-02
-2.922672352699939857e-02
-2.968387492216928436e-02
-3.013821205773314915e-02
-3.058974081765308828e-02
-3.103846433077672717e-02
-3.148438846390178014e-02
-3.192751678643768187e-02
-3.236785423244559201e-02
-3.280540572735279881e-02
-3.324017573018234195e-02
-3.367216960680796678e-02
-3.410139157003522214e-02
-3.452784673949127470e-02
-3.495154045497705919e-02
-3.537247736093784845e-02
-3.579066277972020593e-02
-3.620610156716541628e-02
-3.661879879923057857e-02
-3.702875977197417345e-02
-3.743599000154196332e-02
-3.784049453751825443e-02
-3.824227887842379658e-02
-3.864134828506871067e-02
-3.903770755165825168e-02
-3.943136352344156492e-02
-3.982232029025223330e-02
-4.021058399293908625e-02
-4.059616007681332572e-02
-4.097905374938970446e-02
-4.135927066700917365e-02
-4.173681739258028323e-02
-4.211169796239200291e-02
-4.248392006581325209e-02
-4.285348680566025692e-02
-4.322040676882921151e-02
-4.358468326900066803e-02
-4.394632373063800390e-02
-4.430533305150163859e-02
-4.466171772244575955e-02
-4.501548262310806070e-02
-4.536663514170613531e-02
-4.571517945306535768e-02
-4.606112338495615965e-02
-4.640447040733763906e-02
-4.674522947411452467e-02
-4.708340357920448582e-02
-4.741900120044395539e-02
-4.775202622892649185e-02
-4.808248689524519115e-02
-4.841038638546768524e-02
-4.873573451391755018e-02
-4.905853330382647925e-02
-4.937879277992640592e-02
-4.969651540470898521e-02
-5.001171095550449586e-02
-5.032438187625565273e-02
-5.063453769683934347e-02
-5.094218152923180032e-02
-5.124732242692608963e-02
-5.154996394100208601e-02
-5.185011510627379749e-02
-5.214777876848109006e-02
-5.244296508809942470e-02
-5.273567597659911677e-02
-5.302592226230873340e-02
-5.331370560901294020e-02
-5.359903682620792420e-02
-5.388191778769824136e-02
-5.416235951297454498e-02
-5.444036317029854466e-02
-5.471594021798298346e-02
-5.498909226308712483e-02
-5.525983005830470418e-02
-5.552815519168552427e-02
-5.579407931240265572e-02
-5.605760353169031429e-02
-5.631873902188111458e-02
-5.657748733285705711e-02
-5.683386007557422737e-02
-5.708785878075672837e-02
-5.733949389578640865e-02
-5.758876784769384471e-02
-5.783569129350796256e-02
-5.808026664100329750e-02
-5.832250407017192106e-02
-5.856240642724119816e-02
-5.879998364399630084e-02
-5.903523854731185239e-02
-5.926818150735335688e-02
-5.949881510271637364e-02
-5.972714945526380603e-02
-5.995318712414299256e-02
-6.017693889837938404e-02
-6.039840663098983153e-02
-6.061760200699406465e-02
-6.083452548659573633e-02
-6.104919033739641954e-02
-6.126159608449666116e-02
-6.147175551812811278e-02
-6.167966928814627714e-02
-6.188535039400178128e-02
-6.208879809259704174e-02
-6.229002627918978074e-02
-6.248903419095352962e-02
-6.268583593227261552e-02
-6.288043003391030616e-02
-6.307283080933134833e-02
-6.326303745611394636e-02
-6.345106381012277641e-02
-6.363690904907015611e-02
-6.382058676005442077e-02
-6.400209678751189735e-02
-6.418145246972883911e-02
-6.435865294455145325e-02
-6.453371244580130561e-02
-6.470663009132449073e-02
-6.487741963716353588e-02
-6.504608063887684644e-02
-6.521262614580558559e-02
-6.537705660893322612e-02
-6.553938505749090648e-02
-6.569961123569467709e-02
-6.585774815262235293e-02
-6.601379667670614904e-02
-6.616776796580015052e-02
-6.631966515690135289e-02
-6.646949778547572851e-02
-6.661726942601531309e-02
-6.676298913594669315e-02
-6.690666161384994925e-02
-6.704829521019117777e-02
-6.718789460320451212e-02
-6.732546835186692391e-02
-6.746102088514582817e-02
-6.759456051273071697e-02
-6.772609278755103990e-02
-6.785562485445351122e-02
-6.798316293253103826e-02
-6.810871391726025514e-02
-6.823228423609928317e-02
-6.835388030623501532e-02
-6.847350899232906851e-02
-6.859117623323751634e-02
-6.870688955966264277e-02
-6.882065466096820572e-02
-6.893247858946505158e-02
-6.904236747161873744e-02
-6.915032902570095175e-02
-6.925636775533439149e-02
-6.936049296022428479e-02
-6.946270797886799908e-02
-6.956302277685189051e-02
-6.966144044302113869e-02
-6.975797069329092714e-02
-6.985261774008544311e-02
-6.994539036297486856e-02
-7.003629229577512660e-02
-7.012533298382062075e-02
-7.021251659779437215e-02
-7.029785141772981749e-02
-7.038134250889560573e-02
-7.046299835925640132e-02
-7.054282309760107061e-02
-7.062082564866667411e-02
-7.069701057799515631e-02
-7.077138610266564545e-02
-7.084395722493619374e-02
-7.091473168306960950e-02
-7.098371537375913753e-02
-7.105091486977987980e-02
-7.111633741997980263e-02
-7.117998820273074845e-02
-7.124187536124315656e-02
-7.130200336608427669e-02
-7.136038079703366233e-02
-7.141701301896641318e-02
-7.147190698829009037e-02
-7.152506873527386677e-02
-7.157650611057941870e-02
-7.162622329217238626e-02
-7.167422948269008831e-02
-7.172052792327299198e-02
-7.176512939737755836e-02
-7.180803529377044470e-02
-7.184925729005697814e-02
-7.188879721137952927e-02
-7.192666579843154384e-02
-7.196286554157416138e-02
-7.199740670231158379e-02
-7.203029243619007982e-02
-7.206153229661249604e-02
-7.209112895988489811e-02
-7.211909333117927368e-02
-7.214542737865026201e-02
-7.217014221481488079e-02
-7.219323978627723015e-02
-7.221473072623108003e-02
-7.223461695969812801e-02
-7.225291024266422557e-02
-7.226961087638705816e-02
-7.228473242624811057e-02
-7.229827311195191619e-02
-7.231024853712131328e-02
-7.232065529763287426e-02
-7.232950989092723493e-02
-7.233680889116944623e-02
-7.234256785855985861e-02
-7.234678471879096850e-02
-7.234947409479131064e-02
-7.235063457711488066e-02
-7.235027962250906164e-02
-7.234840917299312224e-02
-7.234503551910342889e-02
-7.234015995429432522e-02
-7.233379337398149200e-02
-7.232593773638928969e-02
-7.231660391505323471e-02
-7.230579361742450750e-02
-7.229351746625012343e-02
-7.227977829144816013e-02
-7.226458577831340602e-02
-7.224794296368819424e-02
-7.222985928202030337e-02
-7.221033843480417769e-02
-7.218938891897719312e-02
-7.216701487177901164e-02
-7.214322499699921121e-02
-7.211802318095894559e-02
-7.209141810539443362e-02
-7.206341386343673161e-02
-7.203401865698322304e-02
-7.200323724370460976e-02
-7.197107734563179537e-02
-7.193754369831206752e-02
-7.190264445939653637e-02
-7.186638388452493142e-02
-7.182876988030595378e-02
-7.178980759571595982e-02
-7.174950354190257062e-02
-7.170786444778676216e-02
-7.166489634454242807e-02
-7.162060479446841210e-02
-7.157499763752250832e-02
-7.152807881159906067e-02
-7.147985704990011957e-02
-7.143033603915993623e-02
-7.137952449028595048e-02
-7.132742629658406219e-02
-7.127404968888517711e-02
-7.121939899591933631e-02
-7.116348242617343001e-02
-7.110630382826355067e-02
-7.104787184606409234e-02
-7.098819007693202288e-02
-7.092726760010459319e-02
-7.086510707501958439e-02
-7.080171824513248335e-02
-7.073710420520828990e-02
-7.067127376074777700e-02
-7.060423067069854230e-02
-7.053598280258321918e-02
-7.046653503726540979e-02
-7.039589453314509804e-02
-7.032406660634360485e-02
-7.025105747723747740e-02
-7.017687358381818896e-02
-7.010152043729456217e-02
-7.002500491087026990e-02
-6.994733226432192641e-02
-6.986850934828758852e-02
-6.978854139996648609e-02
-6.970743547628777126e-02
-6.962519587633897444e-02
-6.954183100771105241e-02
-6.945734446023688058e-02
-6.937174484775554539e-02
-6.928503505082506120e-02
-6.919722457614740918e-02
-6.910831605274070366e-02
-6.901831850687967229e-02
-6.892723500265840464e-02
-6.883507431478130822e-02
-6.874183994239835283e-02
-6.864753995086791960e-02
-6.855217850325445728e-02
-6.845576318442891939e-02
-6.835829836359419431e-02
-6.825979160287154457e-02
-6.816024679094756511e-02
-6.805967215381047986e-02
-6.795807064185543922e-02
-6.785545228931022521e-02
-6.775181819274678219e-02
-6.764717927910135487e-02
-6.754153570661802775e-02
-6.743489998155760556e-02
-6.732727086606227207e-02
-6.721866153018674073e-02
-6.710907002658861309e-02
-6.699851064685591329e-02
-6.688698027638750876e-02
-6.677449341277486017e-02
-6.666104783404624978e-02
-6.654665709938767382e-02
-6.643131942168367665e-02
-6.631504810833377395e-02
-6.619784134930606356e-02
-6.607971242907528797e-02
-6.596065951467744437e-02
-6.584069609652509758e-02
-6.571981986094976858e-02
-6.559804519092127251e-02
-6.547536883429472265e-02
-6.535180537994778049e-02
-6.522735223939168936e-02
-6.510202306300538755e-02
-6.497581592594192657e-02
-6.484874331118872792e-02
-6.472080464416163359e-02
-6.459201192707653139e-02
-6.446236433344965100e-02
-6.433187384246896734e-02
-6.420054006237230215e-02
-6.406837426267064650e-02
-6.393537671518823018e-02
-6.380155866638126394e-02
-6.366691990725548145e-02
-6.353147166119932354e-02
-6.339521415390059200e-02
-6.325815812791035775e-02
-6.312030401470869467e-02
-6.298166230487456385e-02
-6.284223363566776577e-02
-6.270202939007563092e-02
-6.256104880897717102e-02
-6.241930302336484715e-02
-6.227679285314369206e-02
-6.213352757515144820e-02
-6.198950958830817815e-02
-6.184474723079913527e-02
-6.169924333615650625e-02
-6.155300599053792343e-02
-6.140603823319845667e-02
-6.125834721162271013e-02
-6.110993777292705875e-02
-6.096081498152072786e-02
-6.081098503461535021e-02
-6.066045251568275010e-02
-6.050922405650727143e-02
-6.035730353073620602e-02
-6.020469731808064662e-02
-6.005141041338168950e-02
-5.989744871539071092e-02
-5.974281650910628905e-02
-5.958752012782486673e-02
-5.943156474884192519e-02
-5.927495508008562286e-02
-5.911769764889773793e-02
-5.895979622446501089e-02
-5.880125822641013578e-02
-5.864208602741405318e-02
-5.848228816825185028e-02
-5.832186676948281079e-02
-5.816082989087845156e-02
-5.799918031638284788e-02
-5.783692562475695187e-02
-5.767406926332296901e-02
-5.751061741431184871e-02
-5.734657464617332057e-02
-5.718194643123652998e-02
-5.701673845907417881e-02
-5.685095549210750221e-02
-5.668460228111982246e-02
-5.651768516740296455e-02
-5.635020750518915378e-02
-5.618217652800017170e-02
-5.601359556678187079e-02
-5.584447114513280130e-02
-5.567480725734252900e-02
-5.550460948820301610e-02
-5.533388341085687667e-02
-5.516263321352787852e-02
-5.499086444605960633e-02
-5.481858264664341007e-02
-5.464579151079307362e-02
-5.447249815554300323e-02
-5.429870510870715705e-02
-5.412441992176841854e-02
-5.394964441259531007e-02
-5.377438794038524872e-02
-5.359865069754510269e-02
-5.342244224883530013e-02
-5.324576344998210864e-02
-5.306862269803713783e-02
-5.289102196979988957e-02
-5.271296941012393322e-02
-5.253446674361006430e-02
-5.235552163403434101e-02
-5.217613624043193621e-02
-5.199631843213470273e-02
-5.181606988709741568e-02
-5.163539913796355574e-02
-5.145430738160605699e-02
-5.127280266958722521e-02
-5.109088709096853975e-02
-5.090856798735132749e-02
-5.072584765335030887e-02
-5.054273340724102503e-02
-5.035922774919110445e-02
-5.017533797415019148e-02
-4.999106564344713011e-02
-4.980641963085530310e-02
-4.962140032998674233e-02
-4.943601636241212738e-02
-4.925026901393292356e-02
-4.906416596728269131e-02
-4.887770962933235541e-02
-4.869090697285838321e-02
-4.850376015253177187e-02
-4.831627657556525346e-02
-4.812845791555420139e-02
-4.794031224302808258e-02
-4.775184029275103548e-02
-4.756305102744995406e-02
-4.737394447193965519e-02
-4.718453002338984792e-02
-4.699480745442519147e-02
-4.680478636778317991e-02
-4.661446651277956210e-02
-4.642385701108808771e-02
-4.623295781759717560e-02
-4.604177803067699415e-02
-4.585031781079251800e-02
-4.565858577525772066e-02
-4.546658297675321148e-02
-4.527431709378393343e-02
-4.508178938461537832e-02
-4.488900773334036920e-02
-4.469597291717875009e-02
-4.450269302581566500e-02
-4.430916927094430413e-02
-4.411540926121182427e-02
-4.392141418503336947e-02
-4.372719162778060387e-02
-4.353274298347431515e-02
-4.333807558533819826e-02
-4.314319103300512381e-02
-4.294809617867811902e-02
-4.275279328536496504e-02
-4.255728849537665504e-02
-4.236158473510187594e-02
-4.216568720808866466e-02
-4.196959973299208002e-02
-4.177332726123805795e-02
-4.157687313048552546e-02
-4.138024295555997600e-02
-4.118343913537514389e-02
-4.098646794816307448e-02
-4.078933199849177349e-02
-4.059203662585975092e-02
-4.039458509825399890e-02
-4.019698318971853812e-02
-3.999923277176242742e-02
-3.980134142625335603e-02
-3.960330917047560906e-02
-3.940514424973717844e-02
-3.920684688701114862e-02
-3.900842507554302951e-02
-3.880987970176064117e-02
-3.861121759134245046e-02
-3.841243983642472770e-02
-3.821355438391227377e-02
-3.801456115838963701e-02
-3.781546831248461249e-02
-3.761627551875423858e-02
-3.741699159331668412e-02
-3.721761549895474808e-02
-3.701815694416710212e-02
-3.681861418197263092e-02
-3.661899643999178000e-02
-3.641930240588353573e-02
-3.621954242854874551e-02
-3.601971357039335242e-02
-3.581982661497606912e-02
-3.561987883048811643e-02
-3.541988051964473083e-02
-3.521982938531298402e-02
-3.501973570713423634e-02
-3.481959693602887373e-02
-3.461942378633320327e-02
-3.441921277039972082e-02
-3.421897526615114149e-02
-3.401870776289761533e-02
-3.381842138664870046e-02
-3.361811283256521676e-02
-3.341779251699972253e-02
-3.321745825649025097e-02
-3.301711975774757057e-02
-3.281677504318791794e-02
-3.261643356764998281e-02
-3.241609287280811103e-02
-3.221576353491484301e-02
-3.201544238603803993e-02
-3.181514020834530498e-02
-3.161485335319258461e-02
-3.141459280867719972e-02
-3.121435536097194596e-02
-3.101415105972848973e-02
-3.081397781258610191e-02
-3.061384450188897599e-02
-3.041375015675951143e-02
-3.021370272112777755e-02
-3.001370143010317904e-02
-2.981375443361022892e-02
-2.961386094388251955e-02
-2.941402863022168912e-02
-2.921425691088108678e-02
-2.901455343231229556e-02
-2.881491781880662906e-02
-2.861535769398304563e-02
-2.841587265930967110e-02
-2.821646962895618671e-02
-2.801714932597643148e-02
-2.781791795510946130e-02
-2.761877575886484415e-02
-2.741972983471729908e-02
-2.722077948689471949e-02
-2.702193247674711252e-02
-2.682318877238787369e-02
-2.662455451027867515e-02
-2.642603055131598211e-02
-2.622762300924030843e-02
-2.602933272223728611e-02
-2.583116486583292293e-02
-2.563312185767030460e-02
-2.543520724844550163e-02
-2.523742457752231605e-02
-2.503977714405802857e-02
-2.484226777813058895e-02
-2.464490044289191495e-02
-2.444767748803344798e-02
-2.425060376960130881e-02
-2.405368047028610956e-02
-2.385691288129276888e-02
-2.366030284935938255e-02
-2.346385472760070812e-02
-2.326757011131086461e-02
-2.307145470431992695e-02
-2.287550824835171692e-02
-2.267973825572966451e-02
-2.248414284350797043e-02
-2.228873087477023507e-02
-2.209349952855810262e-02
-2.189845764546760609e-02
-2.170360306869945077e-02
-2.150894392975033487e-02
-2.131447850712486769e-02
-2.112021490987858741e-02
-2.092615024969490811e-02
-2.073229444423896339e-02
-2.053864343839684192e-02
-2.034520712744036786e-02
-2.015198166275278258e-02
-1.995897737499319202e-02
-1.976618993543122205e-02
-1.957362942350315826e-02
-1.938129148814649039e-02
-1.918918733086982797e-02
-1.899731051839803619e-02
-1.880567428985024936e-02
-1.861427081639999148e-02
-1.842311423041054219e-02
-1.823219530752928641e-02
-1.804152976002459940e-02
-1.785110765467901039e-02
-1.766094468154344455e-02
-1.747103088519674774e-02
-1.728138147574276307e-02
-1.709198761997443583e-02
-1.690286313256161854e-02
-1.671400053141669506e-02
-1.652541269355967124e-02
-1.633709188590104500e-02
-1.614905142110789615e-02
-1.596128400175189643e-02
-1.577380223178281859e-02
-1.558659924946093067e-02
-1.539968695004700905e-02
-1.521305913639670049e-02
-1.502672699510976262e-02
-1.484068545142191997e-02
-1.465494452554372273e-02
-1.446949980736333963e-02
-1.428436106624442203e-02
-1.409952364124267277e-02
-1.391499705090448735e-02
-1.373077775675246581e-02
-1.354687411103128181e-02
-1.336328324000346512e-02
-1.318001301627680366e-02
-1.299706054424887292e-02
-1.281443436131235458e-02
-1.263213040563770928e-02
-1.245015787943326568e-02
-1.226851292794295389e-02
-1.208720473158586550e-02
-1.190622872719748759e-02
-1.172559430231689959e-02
-1.154529755867161889e-02
-1.136534694656043953e-02
-1.118573923263477266e-02
-1.100648192998432418e-02
-1.082757315685067834e-02
-1.064901903138992800e-02
-1.047081902346613802e-02
-1.029297785633354057e-02
-1.011549543599754575e-02
-9.938377150747967903e-03
-9.761622198372621462e-03
-9.585235945594461349e-03
-9.409217110894485536e-03
-9.233572870489314965e-03
-9.058299632559330128e-03
-8.883406153969097829e-03
-8.708888363658906506e-03
-8.534754081513606927e-03
-8.361000817171615473e-03
-8.187635224693567970e-03
-8.014655478937315891e-03
-7.842067525929641292e-03
-7.669869976903442854e-03
-7.498068527643120262e-03
-7.326662225791591432e-03
-7.155655830290208463e-03
-6.985049511861851634e-03
-6.814847321518380241e-03
-6.645049179827666741e-03
-6.475659574299075238e-03
-6.306678404258914128e-03
-6.138109678237024802e-03
-5.969953960989093922e-03
-5.802215010978661880e-03
-5.634892914035738443e-03
-5.467991636350699736e-03
-5.301511242620349229e-03
-5.135456135677229916e-03
-4.969825901364632870e-03
-4.804624921437183893e-03
-4.639852989557380347e-03
-4.475514237559652386e-03
-4.311608209206396758e-03
-4.148139244207094123e-03
-3.985107551973343654e-03
-3.822516764614314333e-03
-3.660366383959612335e-03
-3.498660936703146263e-03
-3.337400590401107259e-03
-3.176588019830450804e-03
-3.016224744947004766e-03
-2.856312961919682536e-03
-2.696854169872198170e-03
-2.537850773039362906e-03
-2.379303791995135420e-03
-2.221216067957665352e-03
-2.063588142989680740e-03
-1.906423066454165927e-03
-1.749721359699751844e-03
-1.593486509150920938e-03
-1.437718099968621210e-03
-1.282420513436299814e-03
-1.127593085201605838e-03
-9.732390315423389282e-04
-8.193592696600360270e-04
-6.659563086238717844e-04
-5.130308162034635799e-04
-3.605850520557174477e-04
-2.086214944654329884e-04
-5.713986493538492084e-05
9.385577657361476867e-05
2.443666445219871974e-04
3.943877838653575552e-04
5.439208872307643716e-04
6.929610199620794830e-04
8.415108105664925731e-04
9.895635137074920706e-04
1.137122922609812292e-03
1.284182312239923185e-03
1.430744809470363421e-03
1.576804396164921407e-03
1.722364448313529195e-03
1.867417823607220306e-03
2.011969520381073906e-03
2.156011500987875529e-03
2.299548326160749667e-03
2.442572207262183603e-03
2.585088640648436353e-03
2.727088942257704929e-03
2.868579086269140710e-03
3.009550179786213420e-03
3.150007759254558337e-03
3.289943867291311719e-03
3.429363831440546129e-03
3.568259485397295983e-03
3.706636405517715893e-03
3.844486216528775202e-03
3.981814285796914099e-03
4.118612944549737698e-03
4.254887122240091912e-03
4.390629169916726582e-03
4.525844036829540507e-03
4.660524322680603682e-03
4.794674538715737455e-03
4.928287991000424029e-03
5.061368752729888953e-03
5.193910607409701896e-03
5.325916961259391513e-03
5.457381846299513839e-03
5.588308917241158191e-03
5.718692454573126582e-03
5.848535217059525060e-03
5.977832191366938552e-03
6.106585926901053618e-03
6.234792116458609534e-03
6.362452413404384721e-03
6.489562529983006200e-03
6.616125283375295929e-03
6.742135260835668831e-03
6.867595527798919797e-03
6.992501148628704755e-03
7.116854979210662790e-03
7.240652103212008583e-03
7.363894709163321117e-03
7.486578586623493514e-03
7.608706172231971543e-03
7.730273045876701055e-03
7.851281434501089507e-03
7.971726708272286466e-03
8.091612028781391963e-03
8.210932327547104670e-03
8.329690556365121346e-03
8.447881665813783414e-03
8.565509313358754540e-03
8.682567553073172739e-03
8.799060519163681704e-03
8.914982742420085593e-03
9.030337002711941174e-03
9.145119223007869280e-03
9.259331515427016157e-03
9.372970050673501419e-03
9.486037188577656210e-03
9.598528660894500852e-03
9.710447303992397750e-03
9.821788639504891449e-03
9.932555064773529452e-03
1.004274303564989257e-02
1.015235405264214297e-02
1.026138527688935653e-02
1.036983799864765743e-02
1.047770939765901854e-02
1.058500078275459444e-02
1.069170958110232661e-02
1.079783643342246968e-02
1.090337970089338970e-02
1.100833935606981839e-02
1.111271400745283966e-02
1.121650364601534111e-02
1.131970689864869595e-02
1.142232400356923971e-02
1.152435314824973300e-02
1.162579527585250183e-02
1.172664813437884757e-02
1.182691199861329867e-02
1.192658600805818203e-02
1.202566954018946532e-02
1.212416243932057380e-02
1.222206341444243005e-02
1.231937255687087784e-02
1.241608859369192075e-02
1.251221186316719969e-02
1.260774088154670292e-02
1.270267577622796740e-02
1.279701599695981518e-02
1.289076031582903070e-02
1.298390957378625643e-02
1.307646187418642914e-02
1.316841807585689139e-02
1.325977652887921909e-02
1.335053742326597348e-02
1.344070004240571770e-02
1.353026413631852609e-02
1.361922923500857863e-02
1.370759487732675641e-02
1.379536106871426249e-02
1.388252667903966397e-02
1.396909218912578687e-02
1.405505579980215192e-02
1.414041915385122472e-02
1.422517978300685826e-02
1.430933957644087151e-02
1.439289562561318903e-02
1.447585029490638941e-02
1.455820092208370831e-02
1.463994920228939289e-02
1.472109317729064504e-02
1.480163410181289940e-02
1.488157003493373320e-02
1.496090224866097884e-02
1.503962927708035746e-02
1.511775195166598085e-02
1.519526905257739813e-02
1.527218142845276905e-02
1.534848741883110268e-02
1.542418880497065103e-02
1.549928302797365376e-02
1.557377257278247384e-02
1.564765443976001702e-02
1.572093113083750104e-02
1.579360012109476408e-02
1.586566347163553825e-02
1.593711890331728220e-02
1.600796826523631644e-02
1.607820975284812715e-02
1.614784500317989480e-02
1.621687177071151620e-02
1.628529193810024367e-02
1.635310442093695915e-02
1.642030951642170500e-02
1.648690684344178425e-02
1.655289694470463147e-02
1.661827922681979874e-02
1.668305402018588346e-02
1.674722097683012390e-02
1.681078044366102198e-02
1.687373186030460825e-02
1.693607604787428222e-02
1.699781246241449661e-02
1.705894125478901735e-02
1.711946235515493520e-02
1.717937615958098352e-02
1.723868238563952549e-02
1.729738144566173030e-02
1.735547307345364221e-02
1.741295769754869216e-02
1.746983506792232355e-02
1.752610585812641730e-02
1.758176891873108882e-02
1.763682631263518985e-02
1.769127621982069520e-02
1.774512026144337007e-02
1.779835800673856827e-02
1.785098926178774192e-02
1.790301521389392470e-02
1.795443476951452677e-02
1.800524913181034137e-02
1.805545790969809161e-02
1.810506163549840952e-02
1.815406039164635388e-02
1.820245472619241855e-02
1.825024450839307644e-02
1.829742984420767993e-02
1.834401153404030538e-02
1.838998924169643612e-02
1.843536401203038633e-02
1.848013506662793404e-02
1.852430415248407236e-02
1.856786982002467390e-02
1.861083383168560257e-02
1.865319566881640245e-02
1.869495642259411117e-02
1.873611558971255420e-02
1.877667381890546494e-02
1.881663176653636249e-02
1.885599009658589509e-02
1.889474764960652475e-02
1.893290693578586481e-02
1.897046612419073242e-02
1.900742774012431635e-02
1.904379042549297907e-02
1.907955580513820415e-02
1.911472368037392400e-02
1.914929454663416575e-02
1.918326936457681597e-02
1.921664795791810931e-02
1.924943130220069243e-02
1.928161923599358563e-02
1.931321320741352654e-02
1.934421238317973746e-02
1.937461914167459831e-02
1.940443174882156008e-02
1.943365282656717152e-02
1.946228065548549768e-02
1.949031855877580988e-02
1.951776391608406325e-02
1.954462052291572327e-02
1.957088577343335523e-02
1.959656324874814448e-02
1.962165081522782017e-02
1.964615138176428744e-02
1.967006328686282668e-02
1.969338922488372834e-02
1.971612800640532015e-02
1.973828211118688891e-02
1.975985036405114581e-02
1.978083525897067485e-02
1.980123540606537613e-02
1.982105354232921446e-02
1.984028806311277648e-02
1.985894194836146376e-02
1.987701360746574331e-02
1.989450603437625809e-02
1.991141742357560585e-02
1.992775101182964193e-02
1.994350523640020523e-02
1.995868311904158698e-02
1.997328311084867192e-02
1.998730778961577137e-02
2.000075630683539885e-02
2.001363079627416219e-02
2.002593088087334383e-02
2.003765847917948761e-02
2.004881322775697861e-02
2.005939682986190853e-02
2.006940939336943064e-02
2.007885240617401923e-02
2.008772576075557037e-02
2.009603141621396638e-02
2.010376882068354298e-02
2.011093994664092666e-02
2.011754471332027894e-02
2.012358533538205485e-02
2.012906105869627371e-02
2.013397434003749709e-02
2.013832443847518583e-02
2.014211382394914818e-02
2.014534176865689918e-02
2.014801098450946792e-02
2.015012029900675739e-02
2.015167266595752071e-02
2.015266669696968993e-02
2.015310650319646069e-02
2.015298910700846768e-02
2.015231931907257579e-02
2.015109440348128444e-02
2.014931918370699293e-02
2.014699047885637473e-02
2.014411335401367076e-02
2.014068509874034074e-02
2.013671010414819218e-02
2.013218567242336388e-02
2.012711689390223047e-02
2.012150085444641689e-02
2.011534174139473219e-02
2.010863825523778736e-02
2.010139368024466133e-02
2.009360627155665213e-02
2.008528001244969108e-02
2.007641294151985001e-02
2.006700974097597179e-02
2.005706708840593322e-02
2.004659082263338110e-02
2.003557717567761021e-02
2.002403199851415794e-02
2.001195176415321297e-02
1.999934142013454208e-02
1.998619951141383799e-02
1.997252916650710253e-02
1.995832940009406586e-02
1.994360358149727119e-02
1.992835050841051947e-02
1.991257356201242557e-02
1.989627200957033715e-02
1.987944878628711276e-02
1.986210294229656670e-02
1.984423788226341578e-02
1.982585289686877861e-02
1.980695071577520672e-02
1.978753109901365548e-02
1.976759678780437568e-02
1.974714732481863688e-02
1.972618546275778373e-02
1.970471098461884507e-02
1.968272642562940433e-02
1.966023226678992319e-02
1.963722991027005982e-02
1.961372053499765844e-02
1.958970555439837335e-02
1.956518615861957411e-02
1.954016354338800054e-02
1.951463913887219181e-02
1.948861392302547735e-02
1.946208979483948776e-02
1.943506751441925751e-02
1.940754830511109974e-02
1.937953408236453567e-02
1.935102493605023177e-02
1.932202393688475794e-02
1.929253072782055600e-02
1.926254816149747251e-02
1.923207566275053626e-02
1.920111678157865320e-02
1.916967072462405497e-02
1.913774105253268631e-02
1.910532698255651418e-02
1.907243162815402959e-02
1.903905513262271754e-02
1.900519993328048107e-02
1.897086595500035999e-02
1.893605633215178496e-02
1.890077099998666021e-02
1.886501264545581424e-02
1.882878121411213357e-02
1.879208031868162543e-02
1.875490854166983468e-02
1.871726996374506458e-02
1.867916363531396673e-02
1.864059364715148215e-02
1.860155814422037590e-02
1.856206260059223290e-02
1.852210402682902268e-02
1.848168859359072824e-02
1.844081286359144922e-02
1.839948301736521463e-02
1.835769631409567282e-02
1.831545825747588063e-02
1.827276680308165258e-02
1.822962609105122089e-02
1.818603545990771231e-02
1.814199860167192702e-02
1.809751463558650908e-02
1.805258749211002822e-02
1.800721652888476187e-02
1.796140568584908559e-02
1.791515364345191985e-02
1.786846503766864602e-02
1.782133832943211260e-02
1.777377816404185351e-02
1.772578278283459818e-02
1.767735706923234673e-02
1.762849950265554799e-02
1.757921497568976088e-02
1.752950106136724751e-02
1.747936380575176862e-02
1.742880056204165751e-02
1.737781738530708164e-02
1.732641072219914813e-02
1.727458755222727182e-02
1.722234410205197852e-02
1.716968758890635716e-02
1.711661379050105625e-02
1.706313016171551178e-02
1.700923294674261399e-02
1.695492869363524058e-02
1.690021457074775135e-02
1.684509621922519740e-02
1.678957196038077804e-02
1.673364652837278088e-02
1.667731825300033943e-02
1.662059233462637176e-02
1.656346688257581690e-02
1.650594756333367830e-02
1.644803112128367939e-02
1.638972506222041714e-02
1.633102499438021660e-02
1.627193866064313710e-02
1.621246167740808541e-02
1.615260202455787164e-02
1.609235486881821497e-02
1.603172865587126905e-02
1.597071878932498912e-02
1.590933257843057946e-02
1.584756680798754536e-02
1.578542787961595417e-02
1.572291281483295666e-02
1.566002848081504695e-02
1.559677053356967047e-02
1.553314836565239387e-02
1.546915512308705276e-02
1.540480112157971426e-02
1.534007974362855409e-02
1.527500085473970648e-02
1.520955898931658501e-02
1.514376264706929209e-02
1.507760728534884853e-02
1.501110026686469645e-02
1.494423842958936266e-02
1.487702822803055325e-02
1.480946696518570249e-02
1.474156041615631851e-02
1.467330749327583339e-02
1.460471237664351385e-02
1.453577444345605096e-02
1.446649810975420003e-02
1.439688275975797849e-02
1.432693258761319477e-02
1.425664698447970391e-02
1.418603038028148910e-02
1.411508171528152999e-02
1.404380634173357789e-02
1.397220206228588779e-02
1.390027469368299018e-02
1.382802250302267444e-02
1.375545085594859218e-02
1.368255848392380125e-02
1.360934984364725597e-02
1.353582458862639948e-02
1.346198695316702665e-02
1.338783591058717581e-02
1.331337684598976612e-02
1.323860759466227721e-02
1.316353492129923586e-02
1.308815552307623920e-02
1.301247617092557429e-02
1.293649425485546289e-02
1.286021632307363105e-02
1.278363908506674473e-02
1.270676978175075411e-02
1.262960558639780739e-02
1.255215305927723235e-02
1.247440937960950236e-02
1.239638088468944521e-02
1.231806544623634259e-02
1.223946894961011611e-02
1.216058973006631239e-02
1.208143344982595679e-02
1.200199753432634742e-02
1.192228879583487333e-02
1.184230466540281412e-02
1.176205196086718696e-02
1.168152720329501681e-02
1.160073744489006908e-02
1.151968012767670690e-02
1.143836185150584606e-02
1.135677983488486698e-02
1.127494045410529222e-02
1.119284207734502767e-02
1.111048971285966136e-02
1.102788264953385999e-02
1.094502521414145169e-02
1.086191738730887812e-02
1.077856350087802451e-02
1.069496239611147925e-02
1.061111978310083637e-02
1.052703382141548238e-02
1.044271022604675858e-02
1.035814784805488831e-02
1.027335126285536249e-02
1.018832047067114166e-02
1.010305913613443463e-02
1.001756772191417233e-02
9.931849897286959550e-03
9.845906358403433423e-03
9.759739634711078748e-03
9.673351800148083379e-03
9.586744930882296067e-03
9.499921334164551645e-03
9.412882175040826471e-03
9.325630680626306734e-03
9.238167791394469308e-03
9.150496509847116933e-03
9.062618009559875176e-03
8.974535068334954513e-03
8.886249321642419874e-03
8.797762635867623082e-03
8.709078023802163671e-03
8.620196440328853349e-03
8.531120902207173229e-03
8.441852597123211677e-03
8.352394316842370880e-03
8.262747939524806018e-03
8.172915345220382877e-03
8.082898873602667456e-03
7.992700408433001114e-03
7.902322064176736660e-03
7.811765957102534408e-03
7.721034663016240751e-03
7.630128699581406604e-03
7.539052706007492999e-03
7.447806059023953651e-03
7.356393630135876771e-03
7.264814341684466825e-03
7.173074441774035526e-03
7.081170567252631498e-03
6.989110571614221001e-03
6.896891094907126041e-03
6.804519764908201207e-03
6.711993453658166020e-03
6.619319334250736708e-03
6.526494510635305613e-03
6.433525472257742295e-03
6.340410470405372090e-03
6.247155768546439059e-03
6.153758934192579688e-03
6.060226691386574882e-03
5.966556839290801384e-03
5.872755646922328543e-03
5.778820687254618282e-03
5.684759376340386972e-03
5.590568374242668725e-03
5.496255099573799097e-03
5.401816443791451761e-03
5.307259599104899306e-03
5.212582374914870309e-03
5.117790592548784878e-03
5.022882979267367931e-03
4.927865129820713230e-03
4.832735315972391810e-03
4.737500050203805047e-03
4.642156690937496166e-03
4.546712210542716570e-03
4.451164198408213979e-03
4.355519400069327030e-03
4.259775178039743038e-03
4.163938508690817608e-03
4.068006756452260952e-03
3.971986899569845963e-03
3.875876075423737022e-03
3.779681721803498928e-03
3.683400520078525253e-03
3.587040596371951495e-03
3.490597489320471092e-03
3.394080242178430795e-03
3.297484166272832140e-03
3.200818306388013290e-03
3.104077746459682485e-03
3.007271761592739123e-03
2.910395666002672799e-03
2.813458278393431156e-03
2.716455372051181094e-03
2.619395080317193925e-03
2.522273635460939301e-03
2.425099400886907008e-03
2.327868838886068548e-03
2.230589398447037353e-03
2.133257314038600194e-03
2.035881408932072034e-03
1.938457231930389157e-03
1.840993149476034818e-03
1.743485397889099620e-03
1.645942344452429318e-03
1.548359539649733774e-03
1.450745809273422393e-03
1.353097391153360723e-03
1.255421280724623723e-03
1.157715776345748238e-03
1.059986271885752368e-03
9.622322106336324288e-04
8.644578425619428574e-04
7.666637558053062546e-04
6.688539718660707623e-04
5.710281637318920939e-04
4.731919553781181731e-04
3.753431890445163566e-04
2.774886333352186846e-04
1.796259018069647044e-04
8.176222097009636786e-05
-1.610616878003393626e-05
-1.139704387213779334e-04
-2.118354928282860546e-04
-3.096915868842373479e-04
-4.075445404451566445e-04
-5.053843805239432996e-04
-6.032164690671550783e-04
-7.010306044059992636e-04
-7.988335219950345317e-04
-8.966131894162614191e-04
-9.943777157193321725e-04
-1.092115068852188980e-03
-1.189832213882274781e-03
-1.287518492480595883e-03
-1.385179268060560132e-03
-1.482805942738325139e-03
-1.580401820604121488e-03
-1.677959677667768823e-03
-1.775482589810521705e-03
-1.872962875996669885e-03
-1.970404070617035042e-03
-2.067798035677845259e-03
-2.165148306409854506e-03
-2.262447890094464176e-03
-2.359698720741008893e-03
-2.456895179869196533e-03
-2.554037600353976922e-03
-2.651121738040829179e-03
-2.748147240267145852e-03
-2.845111008413260534e-03
-2.942011088853092871e-03
-3.038844841950286146e-03
-3.135611001986074453e-03
-3.232306701759342371e-03
-3.328930219151725323e-03
-3.425478917240959431e-03
-3.521951075350485127e-03
-3.618344286923841358e-03
-3.714656375056940574e-03
-3.810884934764169341e-03
-3.907028706271284402e-03
-4.003084370737472475e-03
-4.099050898966227763e-03
-4.194925202741908721e-03
-4.290706254653359197e-03
-4.386390052801641959e-03
-4.481976487163849554e-03
-4.577461328876084035e-03
-4.672844927632882617e-03
-4.768122141058955821e-03
-4.863294465284065393e-03
-4.958355615630405389e-03
-5.053307776993490319e-03
-5.148144209111207847e-03
-5.242867556853658684e-03
-5.337471082217770668e-03
-5.431956745741053916e-03
-5.526318727279530552e-03
-5.620558074244164093e-03
-5.714670113315042932e-03
-5.808654749985403543e-03
-5.902508228964098436e-03
-5.996229771670275044e-03
-6.089815854293634256e-03
-6.183266158653943911e-03
-6.276576476995310294e-03
-6.369746493868039261e-03
-6.462772690924947772e-03
-6.555654297776658535e-03
-6.648387798934007886e-03
-6.740972198032643692e-03
-6.833404211406629569e-03
-6.925683532312904012e-03
-7.017805506847191177e-03
-7.109770975731205533e-03
-7.201574830418500106e-03
-7.293218143669039089e-03
-7.384695123502066361e-03
-7.476007761434838583e-03
-7.567149582138665842e-03
-7.658123038215447487e-03
-7.748921199953046068e-03
-7.839546981124628777e-03
-7.929993684351904770e-03
-8.020263540275490710e-03
-8.110350083936929133e-03
-8.200255320680999160e-03
-8.289973704693781587e-03
-8.379506329475955306e-03
-8.468847881803881483e-03
-8.557999687812817280e-03
-8.646955980318976609e-03
-8.735718547055987271e-03
-8.824280938087902815e-03
-8.912646547220876014e-03
-9.000807097461482886e-03
-9.088766673261167162e-03
-9.176517459434735402e-03
-9.264063086773466349e-03
-9.351395744229440421e-03
-9.438518837895704117e-03
-9.525425247582292032e-03
-9.612117697010785777e-03
-9.698589985813160785e-03
-9.784843468790604959e-03
-9.870872865478996783e-03
-9.956679763993586674e-03
-1.004225797283345156e-02
-1.012761000014469892e-02
-1.021272897235397936e-02
-1.029761808884535612e-02
-1.038226979405615369e-02
-1.046668797869385048e-02
-1.055086440528957281e-02
-1.063480296932442504e-02
-1.071849612477912550e-02
-1.080194777199014466e-02
-1.088514945432492165e-02
-1.096810576369605661e-02
-1.105080801957442072e-02
-1.113326081889909336e-02
-1.121545571508569816e-02
-1.129739731018403193e-02
-1.137907693388232055e-02
-1.146049919342118084e-02
-1.154165565260614756e-02
-1.162255069507692196e-02
-1.170317588995500868e-02
-1.178353585512242896e-02
-1.186362239398328078e-02
-1.194343921434884437e-02
-1.202297835399049331e-02
-1.210224444176141723e-02
-1.218122906324722865e-02
-1.225993616627946148e-02
-1.233835848648853761e-02
-1.241649883301201851e-02
-1.249435063385367917e-02
-1.257191716168631901e-02
-1.264919070594505701e-02
-1.272617546067950078e-02
-1.280286326347193637e-02
-1.287925831432018553e-02
-1.295535245679466096e-02
-1.303115012580152721e-02
-1.310664294210522884e-02
-1.318183534672406898e-02
-1.325671919545701183e-02
-1.333129916439740326e-02
-1.340556665782438595e-02
-1.347952635811205946e-02
-1.355316967586073229e-02
-1.362650152868438713e-02
-1.369951333358854217e-02
-1.377220978575399712e-02
-1.384458230867324779e-02
-1.391663583293401008e-02
-1.398836201747571950e-02
-1.405976511286349817e-02
-1.413083701356726563e-02
-1.420158220572298458e-02
-1.427199281941526898e-02
-1.434207311867785606e-02
-1.441181432489785363e-02
-1.448122208224017493e-02
-1.455028716123341059e-02
-1.461901498410522748e-02
-1.468739655724643489e-02
-1.475543662327039041e-02
-1.482312756890391547e-02
-1.489047322835257425e-02
-1.495746622436683326e-02
-1.502410994058417382e-02
-1.509039769361869565e-02
-1.515633218774109503e-02
-1.522190720463373337e-02
-1.528712591367498153e-02
-1.535198095954781738e-02
-1.541647666345580259e-02
-1.548060476204121683e-02
-1.554436981290208131e-02
-1.560776424687110309e-02
-1.567079148474981309e-02
-1.573344533827947256e-02
-1.579572809154744517e-02
-1.585763356401226343e-02
-1.591916519191355350e-02
-1.598031542923911141e-02
-1.604108886446065085e-02
-1.610147704393410928e-02
-1.616148525068639152e-02
-1.622110435240181614e-02
-1.628034055562321836e-02
-1.633918359168501366e-02
-1.639764081960654041e-02
-1.645570129221102240e-02
-1.651337260555940656e-02
-1.657064450731565719e-02
-1.662752299963704550e-02
-1.668399829622957409e-02
-1.674007778084651843e-02
-1.679575030228813715e-02
-1.685102371047281222e-02
-1.690588686264632434e-02
-1.696034738833274158e-02
-1.701439461106440953e-02
-1.706803548229701706e-02
-1.712126024967969284e-02
-1.717407495780420845e-02
-1.722647077852024200e-02
-1.727845307851005874e-02
-1.733001349614771147e-02
-1.738115694916425591e-02
-1.743187508478166725e-02
-1.748217305849580905e-02
-1.753204275533193357e-02
-1.758148911087503707e-02
-1.763050401915638998e-02
-1.767909196704875452e-02
-1.772724577318318673e-02
-1.777496993355720534e-02
-1.782225544493992730e-02
-1.786910933019530967e-02
-1.791552099318682867e-02
-1.796149815269820760e-02
-1.800702999303749330e-02
-1.805212378459314371e-02
-1.809676963658979343e-02
-1.814097391334384968e-02
-1.818472764907314021e-02
-1.822803653098020726e-02
-1.827089251835578576e-02
-1.831329970585182654e-02
-1.835525120679004640e-02
-1.839675112549915559e-02
-1.843779258501759832e-02
-1.847837901279514305e-02
-1.851850468605548139e-02
-1.855817166881368330e-02
-1.859737539255795769e-02
-1.863611747345772507e-02
-1.867439312407503937e-02
-1.871220419944769064e-02
-1.874954615104346134e-02
-1.878642107284878016e-02
-1.882282351092323669e-02
-1.885875602715536559e-02
-1.889421340666919136e-02
-1.892919776381729591e-02
-1.896370435174382640e-02
-1.899773529510190295e-02
-1.903128585737368095e-02
-1.906435748695622934e-02
-1.909694591550492593e-02
-1.912905305962719904e-02
-1.916067397483806056e-02
-1.919181081715498616e-02
-1.922245888154161531e-02
-1.925262033462460387e-02
-1.928229048201368645e-02
-1.931147081438722157e-02
-1.934015756359197535e-02
-1.936835154443222740e-02
-1.939604968619129677e-02
-1.942325212787698874e-02
-1.944995603852639476e-02
-1.947616156806319943e-02
-1.950186658311203747e-02
-1.952706964243894339e-02
-1.955177068360292036e-02
-1.957596713204412531e-02
-1.959965802091401255e-02
-1.962284261782210049e-02
-1.964551928046420759e-02
-1.966768660103429545e-02
-1.968934386399762149e-02
-1.971048921508411489e-02
-1.973112240784846705e-02
-1.975124068387595910e-02
-1.977084472364148970e-02
-1.978993132241846364e-02
-1.980850117216204076e-02
-1.982655130854577008e-02
-1.984408243508095637e-02
-1.986109114127643238e-02
-1.987757882891333372e-02
-1.989354164141265979e-02
-1.990898122113737845e-02
-1.992389326549776074e-02
-1.993828034415101591e-02
-1.995213702193282534e-02
-1.996546725362652319e-02
-1.997826401381019856e-02
-1.999053241358933475e-02
-2.000226521063031004e-02
-2.001346729916220202e-02
-2.002413190664953380e-02
-2.003426371052052790e-02
-2.004385526371710302e-02
-2.005291262908937000e-02
-2.006142676961875093e-02
-2.006940513364940948e-02
-2.007683823866712736e-02
-2.008373331643475979e-02
-2.009008066789519376e-02
-2.009588822381691564e-02
-2.010114583979227820e-02
-2.010586191679164525e-02
-2.011002655176608034e-02
-2.011364655605296647e-02
-2.011671409906257146e-02
-2.011923440257290530e-02
-2.012120033525510721e-02
-2.012261736042753046e-02
-2.012347835945793584e-02
-2.012378789288715719e-02
-2.012353999924465509e-02
-2.012273810748455016e-02
-2.012137764224997127e-02
-2.011946090098171158e-02
-2.011698400787098606e-02
-2.011394881555284009e-02
-2.011035214783873926e-02
-2.010619495487309116e-02
-2.010147453128141581e-02
-2.009619161142062183e-02
-2.009034396080433549e-02
-2.008393232695360187e-02
-2.007695380194507440e-02
-2.006941006205020805e-02
-2.006129729710337539e-02
-2.005261788331591521e-02
-2.004336779498683274e-02
-2.003354965058257164e-02
-2.002315875117943733e-02
-2.001219818644872639e-02
-2.000066395758326454e-02
-1.998855802338161958e-02
-1.997587639858977582e-02
-1.996262265774173539e-02
-1.994879099818103185e-02
-1.993438569473471311e-02
-1.991940118731649889e-02
-1.990384107784748391e-02
-1.988770096439540502e-02
-1.987098331828729414e-02
-1.985368489581518237e-02
-1.983580703777987342e-02
-1.981734720101135938e-02
-1.979830628249001911e-02
-1.977868266852844670e-02
-1.975847589684365246e-02
-1.973768551217924827e-02
-1.971631037969001632e-02
-1.969435028710786462e-02
-1.967180457148642869e-02
-1.964867234809919427e-02
-1.962495365484662191e-02
-1.960064670573302692e-02
-1.957575246845255634e-02
-1.955026871356657647e-02
-1.952419642311531423e-02
-1.949753315316449243e-02
-1.947028081568324964e-02
-1.944243606567142013e-02
-1.941400105846169399e-02
-1.938497246356940540e-02
-1.935535290863421576e-02
-1.932513884887909761e-02
-1.929433269768077164e-02
-1.926293046715832347e-02
-1.923093572976508625e-02
-1.919834382570240194e-02
-1.916515811329810859e-02
-1.913137440529510958e-02
-1.909699607483916761e-02
-1.906201872064716696e-02
-1.902644618850624081e-02
-1.899027317653789737e-02
-1.895350468987255788e-02
-1.891613498385846803e-02
-1.887816839200906482e-02
-1.883960032911446980e-02
-1.880043422825705690e-02
-1.876066597710068784e-02
-1.872029856611967524e-02
-1.867932835591512575e-02
-1.863775858105476413e-02
-1.859558515962977943e-02
-1.855281202812242292e-02
-1.850943374666624841e-02
-1.846545564035684261e-02
-1.842087136919234869e-02
-1.837568696031288695e-02
-1.832989586027888862e-02
-1.828350388282729000e-02
-1.823650449002423013e-02
-1.818890419777929868e-02
-1.814069579709520763e-02
-1.809188559060515011e-02
-1.804246707158185803e-02
-1.799244610056827121e-02
-1.794181687316931395e-02
-1.789058457902537036e-02
-1.783874320062450725e-02
-1.778629885891214180e-02
-1.773324486556937529e-02
-1.767958735739927345e-02
-1.762531989084714645e-02
-1.757044884751646219e-02
-1.751496779980477037e-02
-1.745888222978453364e-02
-1.740218709913865514e-02
-1.734488653271404335e-02
-1.728697665266376582e-02
-1.722846091330798579e-02
-1.716933568181644443e-02
-1.710960419980267488e-02
-1.704926376615134576e-02
-1.698831603655948097e-02
-1.692676038608087463e-02
-1.686459688455854700e-02
-1.680182469449309490e-02
-1.673844573311056294e-02
-1.667445689051394453e-02
-1.660986216025250872e-02
-1.654465730448551053e-02
-1.647884633323970505e-02
-1.641242548294119530e-02
-1.634539832239911838e-02
-1.627776156236493410e-02
-1.620951878824905545e-02
-1.614066649855461222e-02
-1.607120806647399647e-02
-1.600114046495793030e-02
-1.593046731279712525e-02
-1.585918468418068272e-02
-1.578729667243639057e-02
-1.571479936856312598e-02
-1.564169734048692639e-02
-1.556798578056373117e-02
-1.549367041800997491e-02
-1.541874531772058354e-02
-1.534321714138453530e-02
-1.526707928425075078e-02
-1.519033934054048185e-02
-1.511298934927840509e-02
-1.503503783727833110e-02
-1.495647686067158588e-02
-1.487731519228452370e-02
-1.479754376102326852e-02
-1.471717295905650147e-02
-1.463619213036471134e-02
-1.455461305763960933e-02
-1.447242441550755654e-02
-1.438963754621414015e-02
-1.430624228611698801e-02
-1.422224930819349087e-02
-1.413764892395530381e-02
-1.405245090829210231e-02
-1.396664627680366255e-02
-1.388024505074147985e-02
-1.379323803433785134e-02
-1.370563435086946669e-02
-1.361742642428609429e-02
-1.352862225106843397e-02
-1.343921473054709992e-02
-1.334921187685689237e-02
-1.325860660700772797e-02
-1.316740672396476963e-02
-1.307560516247663340e-02
-1.298320974327193955e-02
-1.289021387664857077e-02
-1.279662540115755753e-02
-1.270243660055203616e-02
-1.260765670452890230e-02
-1.251227755699035882e-02
-1.241630817668459841e-02
-1.231974088322951300e-02
-1.222258448448243495e-02
-1.212483063144009776e-02
-1.202648929439198433e-02
-1.192755168464609827e-02
-1.182802733283261354e-02
-1.172790815501645323e-02
-1.162720369997738423e-02
-1.152590498644523453e-02
-1.142402272579456923e-02
-1.132154726835110647e-02
-1.121848980150497166e-02
-1.111484023610842531e-02
-1.101060977786316730e-02
-1.090578950035281380e-02
-1.080038856773668510e-02
-1.069439944525951702e-02
-1.058783154437858975e-02
-1.048067620438941638e-02
-1.037294422848933362e-02
-1.026462583008080909e-02
-1.015573274639591794e-02
-1.004625452275087483e-02
-9.936202686075867874e-03
-9.825567715801897251e-03
-9.714360699728641357e-03
-9.602572135939957398e-03
-9.490213359794053005e-03
-9.377274430322990462e-03
-9.263767159371161242e-03
-9.149681395848152654e-03
-9.035028970381886460e-03
-8.919799979566156445e-03
-8.804005815104654076e-03
-8.687636592450531658e-03
-8.570704179947541412e-03
-8.453198483078239178e-03
-8.335131846877397166e-03
-8.216493738031127592e-03
-8.097296291678435232e-03
-7.977528993515003997e-03
-7.857204684350360679e-03
-7.736312411181001103e-03
-7.614865491657019092e-03
-7.492851847493264827e-03
-7.370286188741914657e-03
-7.247155769640634126e-03
-7.123475090546893540e-03
-6.999232340417438358e-03
-6.874440665571190934e-03
-6.749089189735490990e-03
-6.623190849629367882e-03
-6.496735474919468345e-03
-6.369735106141471981e-03
-6.242179821191351508e-03
-6.114081908859869685e-03
-5.985431695322507295e-03
-5.856240573281268347e-03
-5.726499574994159403e-03
-5.596219654878331617e-03
-5.465393009080665720e-03
-5.334029467144674186e-03
-5.202121702516659951e-03
-5.069679106551316927e-03
-4.936695287797054910e-03
-4.803178512829853197e-03
-4.669123325349411324e-03
-4.534537553832929113e-03
-4.399415990542721033e-03
-4.263766254783751819e-03
-4.127583616302832326e-03
-3.990875027523488328e-03
-3.853636235722768255e-03
-3.715873984243778239e-03
-3.577584726820348671e-03
-3.438774082245688035e-03
-3.299439439632734228e-03
-3.159586437664452241e-03
-3.019212027606910098e-03
-2.878321868076127998e-03
-2.736913159173126608e-03
-2.594991579490835143e-03
-2.452554120252359304e-03
-2.309606937830555040e-03
-2.166146814613023608e-03
-2.022179469282847641e-03
-1.877702390951974110e-03
-1.732720860655456718e-03
-1.587232845394415115e-03
-1.441242730844782827e-03
-1.294750106331399309e-03
-1.147758004456878034e-03
-1.000266721398967995e-03
-8.522788522449253890e-04
-7.037949423112088709e-04
-5.548176069676280520e-04
-4.053471829575938656e-04
-2.553863059746586117e-04
-1.049362486221783186e-04
4.600147742983562438e-05
1.974251214345024152e-04
3.493329224336649830e-04
5.017233381277019788e-04
6.545945871093694635e-04
8.079451066071996479e-04
9.617730947204528036e-04
1.116076968167067918e-03
1.270854904511731220e-03
1.426105757674878127e-03
1.581826998015012364e-03
1.738016772220851713e-03
1.894674818820218931e-03
2.051796517328674518e-03
2.209383874401060766e-03
2.367430875609422003e-03
2.525939735792515073e-03
2.684904877563676351e-03
2.844328266150331075e-03
3.004204303411639465e-03
3.164534247165562419e-03
3.325314309506222088e-03
3.486543667533870128e-03
3.648219885779790950e-03
3.810340518344501604e-03
3.972905397673032191e-03
4.135910912584139787e-03
4.299355959099360192e-03
4.463238049502438187e-03
4.627555829989415948e-03
4.792306562998560615e-03
4.957489102620504795e-03
5.123100919168233069e-03
5.289140387952251388e-03
5.455604958245707792e-03
5.622492984299620744e-03
5.789802123186027494e-03
5.957530936939292587e-03
6.125676603759733219e-03
6.294237893425758124e-03
6.463211734109575168e-03
6.632596645541388725e-03
6.802390221339771337e-03
6.972590273395473659e-03
7.143195289617376709e-03
7.314202374019029840e-03
7.485610451006707855e-03
7.657415458926508656e-03
7.829617445281877863e-03
8.002211869349462603e-03
8.175198986181908545e-03
8.348574004831244011e-03
8.522337616742481359e-03
8.696484551828698173e-03
8.871015251258995704e-03
9.045924652408832145e-03
9.221213861648869248e-03
9.396876421635003140e-03
9.572915019419925287e-03
9.749321802906218970e-03
9.926099895402051843e-03
1.010324165217202363e-02
1.028075063274791479e-02
1.045861756869481685e-02
1.063684782900531367e-02
1.081543075039193003e-02
1.099437259576030446e-02
1.117366153581667021e-02
1.135330518510502262e-02
1.153329123492641273e-02
1.171362682040544279e-02
1.189430006891989411e-02
1.207531740726308644e-02
1.225666831437222104e-02
1.243835759316536116e-02
1.262037561634943295e-02
1.280272693620665425e-02
1.298540236142708970e-02
1.316840550698961110e-02
1.335172761753633530e-02
1.353537274398375345e-02
1.371933165138239374e-02
1.390360791104072735e-02
1.408819318165843715e-02
1.427309032602896988e-02
1.445829189646941071e-02
1.464379913171565128e-02
1.482960616430828438e-02
1.501571329553008649e-02
1.520211463596876644e-02
1.538881115157275659e-02
1.557579624431171261e-02
1.576307177365110501e-02
1.595062951739956159e-02
1.613847268626755760e-02
1.632659257826718502e-02
1.651499215317542291e-02
1.670366291581582008e-02
1.689260849051832380e-02
1.708181875786130011e-02
1.727129869333621226e-02
1.746103792651954034e-02
1.765104049525190177e-02
1.784129715135196470e-02
1.803181122386088298e-02
1.822257390017623102e-02
1.841358802939263573e-02
1.860484546333873723e-02
1.879634788449968674e-02
1.898808803798801570e-02
1.918006758404577905e-02
1.937227901665050656e-02
1.956472351601867832e-02
1.975739446935986798e-02
1.995029234796108497e-02
2.014341028784560894e-02
2.033674965349507868e-02
2.053030310084380528e-02
2.072407197202807971e-02
2.091804844286948573e-02
2.111223451977006782e-02
2.130662212729117488e-02
2.150121302056373640e-02
2.169599978837855048e-02
2.189098301905678667e-02
2.208615619447440448e-02
2.228151988051074728e-02
2.247706662107507025e-02
2.267279810397559991e-02
2.286870639288796081e-02
2.306479246649717485e-02
2.326104996812972114e-02
2.345747825181132562e-02
2.365407162498156524e-02
2.385082987689091105e-02
2.404774591916458704e-02
2.424482043401188225e-02
2.444204676824923705e-02
2.463942512375161265e-02
2.483694836699212871e-02
2.503461759276126575e-02
2.523242472940889769e-02
2.543037107798518104e-02
2.562844900196692421e-02
2.582665932200678416e-02
2.602499483668796465e-02
2.622345542848902866e-02
2.642203501771378527e-02
2.662073254864605332e-02
2.681954283441201348e-02
2.701846388108108954e-02
2.721749093682501730e-02
2.741662152723589596e-02
2.761585202214678070e-02
2.781517855113890825e-02
2.801459791905314134e-02
2.821410714822480958e-02
2.841370164745560256e-02
2.861337956069553989e-02
2.881313512956684697e-02
2.901296739073644382e-02
2.921287010526474326e-02
2.941284251588316412e-02
2.961287858970607090e-02
2.981297663111970309e-02
3.001313127103333311e-02
3.021334079098203507e-02
3.041359957013933801e-02
3.061390632492988484e-02
3.081425541165172532e-02
3.101464437945478103e-02
3.121506893501402313e-02
3.141552591794505300e-02
3.161601124089252757e-02
3.181652126279810311e-02
3.201705233113960603e-02
3.221760078192614785e-02
3.241816293969479457e-02
3.261873488862854220e-02
3.281931315918729108e-02
3.301989381259029521e-02
3.322047266969185841e-02
3.342104691312486331e-02
3.362161165412236308e-02
3.382216428120288221e-02
3.402269919596467851e-02
3.422321490831015112e-02
3.442370511018821855e-02
3.462416828848036143e-02
3.482459879874166830e-02
3.502499396042690893e-02
3.522534879268501840e-02
3.542566036304373167e-02
3.562592366759631535e-02
3.582613643744447796e-02
3.602629295897841200e-02
3.622639094022506168e-02
3.642642418673780469e-02
3.662639175672710579e-02
3.682628628826101203e-02
3.702610704532949271e-02
3.722584778728788013e-02
3.742550523735288515e-02
3.762507587830388189e-02
3.782455412145180329e-02
3.802393779971802168e-02
3.822322130127997486e-02
3.842240174928479579e-02
3.862147419540107318e-02
3.882043459523398798e-02
3.901927957944573144e-02
3.921800439384648396e-02
3.941660495929821817e-02
3.961507741395431381e-02
3.981341742662258820e-02
4.001162088339893508e-02
4.020968320102791260e-02
4.040760115792874085e-02
4.060536900326072729e-02
4.080298463663611930e-02
4.100044113961920367e-02
4.119773730412878976e-02
4.139486550188187231e-02
4.159182541709471881e-02
4.178860848275112172e-02
4.198521481759975860e-02
4.218163560251797506e-02
4.237787139077897614e-02
4.257391242451136204e-02
4.276976037814006482e-02
4.296540432615902905e-02
4.316084729301650214e-02
4.335607695668530770e-02
4.355109700499604219e-02
4.374589532154249394e-02
4.394047511313758925e-02
4.413482401123391963e-02
4.432894611489113235e-02
4.452282811677876762e-02
4.471647409268353357e-02
4.490987162751336470e-02
4.510302408714172984e-02
4.529591926207332531e-02
4.548856026601999503e-02
4.568093486620072863e-02
4.587304638191691541e-02
4.606488278597464792e-02
4.625644668774708812e-02
4.644772649450190638e-02
4.663872479231401247e-02
4.682942973627335359e-02
4.701984411803139530e-02
4.720995606937428146e-02
4.739976835864811999e-02
4.758926863657531037e-02
4.777846056370649297e-02
4.796733062306146600e-02
4.815588313851415503e-02
4.834410525640586709e-02
4.853199967514754132e-02
4.871955489103418913e-02
4.890677312140290223e-02
4.909364215259570674e-02
4.928016509414290258e-02
4.946632902243153218e-02
4.965213816806235414e-02
4.983757889746531777e-02
5.002265496016222723e-02
5.020735269925891142e-02
5.039167675646660793e-02
5.057561299381063691e-02
5.075916557192039491e-02
5.094232124500930325e-02
5.112508323486797401e-02
5.130743873014131928e-02
5.148939138705110885e-02
5.167092722652411041e-02
5.185205056809227830e-02
5.203274809599223172e-02
5.221302296203844673e-02
5.239286205602133872e-02
5.257226850643093030e-02
5.275123009524707030e-02
5.292974878324485655e-02
5.310781232908101668e-02
5.328542381460044108e-02
5.346257005962562481e-02
5.363925435155902921e-02
5.381546325802533115e-02
5.399120050086547717e-02
5.416645262438724018e-02
5.434122241160166400e-02
5.451549752789341952e-02
5.468928027520381097e-02
5.486255806672690749e-02
5.503533340997202039e-02
5.520759415258058578e-02
5.537934186324189323e-02
5.555056505292677027e-02
5.572126503814200937e-02
5.589143007767916060e-02
5.606106215137984794e-02
5.623014880810306426e-02
5.639869223327353964e-02
5.656667972357787288e-02
5.673411412778528451e-02
5.690098203265914201e-02
5.706728695031704213e-02
5.723301452872542328e-02
5.739816894335658670e-02
5.756273559001967577e-02
5.772671884978985979e-02
5.789010409520412015e-02
5.805289499743282455e-02
5.821507759238175872e-02
5.837665552795701096e-02
5.853761481680408441e-02
5.869795885469442087e-02
5.885767340214076437e-02
5.901676228942109859e-02
5.917521102492329099e-02
5.933302341568180704e-02
5.949018563348018596e-02
5.964670008884709329e-02
5.980255430360381652e-02
5.995774952065913155e-02
6.011227415412379038e-02
6.026612965256494814e-02
6.041930303360720789e-02
6.057179663811940173e-02
6.072359723164055811e-02
6.087470804734940177e-02
6.102511399655985436e-02
6.117482012028341298e-02
6.132381039113099508e-02
6.147208982692942136e-02
6.161964237710948478e-02
6.176647326520168235e-02
6.191256664634448015e-02
6.205792680538957384e-02
6.220253901870764768e-02
6.234640686135994869e-02
6.248951604432451123e-02
6.263186943288279185e-02
6.277345363038699944e-02
6.291427079235090147e-02
6.305430772787656846e-02
6.319356588271984876e-02
6.333203387389418904e-02
6.346971129301737236e-02
6.360658742063252102e-02
6.374266159638075635e-02
6.387792353546850599e-02
6.401237209669341510e-02
6.414599765881678906e-02
6.427879882868348105e-02
6.441076527535116725e-02
6.454189581148206400e-02
6.467218076971326113e-02
6.480161825302399592e-02
6.493019879988826126e-02
6.505792094800566527e-02
6.518477498394437131e-02
6.531075873574776480e-02
6.543586292472602928e-02
6.556008581367211985e-02
6.568341764313934128e-02
6.580585688180562443e-02
6.592739328948238331e-02
6.604802576962542915e-02
6.616774360131905119e-02
6.628654612281326131e-02
6.640442281911329570e-02
6.652137254776524511e-02
6.663738477083425149e-02
6.675245855181233257e-02
6.686658310096160740e-02
6.697975814549239626e-02
6.709197149948897820e-02
6.720322446940929506e-02
6.731350347317532901e-02
6.742281093875379661e-02
6.753113257455600760e-02
6.763847101455977562e-02
6.774481148656152918e-02
6.785015751720291366e-02
6.795449362480476818e-02
6.805782377093250179e-02
6.816013222220551615e-02
6.826142268849677563e-02
6.836167987137642399e-02
6.846090677128613411e-02
6.855908921140108081e-02
6.865622879611510410e-02
6.875231269910409004e-02
6.884734135761172436e-02
6.894130260919850706e-02
6.903419663949017515e-02
6.912601194995227072e-02
6.921674710134051445e-02
6.930639217455791812e-02
6.939494547878111153e-02
6.948239569895153789e-02
6.956874318146999414e-02
6.965397475758072776e-02
6.973809189541435583e-02
6.982108094580818936e-02
6.990294358313076106e-02
6.998366613559003913e-02
7.006325002605695573e-02
7.014168224676520236e-02
7.021896305359576207e-02
7.029508056058653143e-02
7.037003339889347231e-02
7.044381194877313845e-02
7.051641344555570345e-02
7.058782801807539364e-02
7.065805379464362712e-02
7.072708042381581350e-02
7.079490578251557142e-02
7.086152041231263965e-02
7.092692056549398938e-02
7.099109790554580801e-02
7.105404889116873068e-02
7.111576447676060120e-02
7.117624178521686495e-02
7.123547129074947470e-02
7.129344963607919805e-02
7.135016841740426941e-02
7.140562356841662073e-02
7.145980666293416661e-02
7.151271338340114969e-02
7.156433665454775550e-02
7.161467030544788059e-02
7.166370792513432342e-02
7.171144400699569488e-02
7.175787166000169304e-02
7.180298535524676229e-02
7.184677795053973082e-02
7.188924366582793990e-02
7.193037602329899194e-02
7.197016944953604778e-02
7.200861675786129901e-02
7.204571281039706676e-02
7.208144971162688819e-02
7.211582321699583353e-02
7.214882495105312543e-02
7.218045064708067393e-02
7.221069213635544770e-02
7.223954444338687164e-02
7.226700052172041477e-02
7.229305468712043936e-02
7.231769987103797703e-02
7.234093082491188653e-02
7.236273977148865999e-02
7.238312189791107354e-02
7.240206940488569387e-02
7.241957791528519373e-02
7.243563846341360968e-02
7.245024756566009749e-02
7.246339600546658488e-02
7.247508004837577289e-02
7.248529091363198340e-02
7.249402507371760507e-02
7.250127258156047194e-02
7.250703057436758137e-02
7.251128954092900258e-02
7.251404659657112450e-02
7.251529106382681444e-02
7.251502118056496471e-02
7.251322578972629884e-02
7.250990379399457897e-02
7.250504287011472204e-02
7.249864258561578012e-02
7.249069082434800304e-02
7.248118621656851612e-02
7.247011799765457063e-02
7.245748408950147823e-02
7.244327324801824730e-02
7.242748383116115463e-02
7.241010480203868838e-02
7.239113449694323243e-02
7.237056094182148236e-02
7.234838428236123331e-02
7.232459069186680800e-02
7.229918143881874926e-02
7.227214175942597851e-02
7.224347404499309455e-02
7.221316305242186928e-02
7.218121092260587623e-02
7.214760239092932181e-02
7.211233957678597761e-02
7.207540788071253868e-02
7.203680894287778358e-02
7.199652745573426049e-02
7.195456618240902991e-02
7.191090956506152043e-02
7.186555988766374359e-02
7.181850225762742568e-02
7.176973802204766884e-02
7.171925318250294001e-02
7.166704837812309936e-02
7.161311004693227122e-02
7.155743880676612712e-02
7.150002084549256232e-02
7.144085675968891991e-02
7.137993363149464088e-02
7.131725112075093520e-02
7.125279605951373441e-02
7.118656877307050213e-02
7.111855584342996472e-02
7.104875757472850495e-02
7.097716052784119878e-02
7.090376521466867921e-02
7.082855771723262084e-02
7.075153944186840516e-02
7.067269553402555360e-02
7.059202783675433412e-02
7.050952147448263929e-02
7.042517781150059442e-02
7.033898263788551652e-02
7.025093706808349658e-02
7.016102710010330146e-02
7.006925336970581952e-02
6.997560208286968120e-02
6.988007385446626252e-02
6.978265509848113890e-02
6.968334640893447673e-02
6.958213372122246110e-02
6.947901829518987604e-02
6.937398535880345829e-02
6.926703660889088621e-02
6.915815748154374720e-02
6.904734919509891711e-02
6.893459716493310907e-02
6.881990373308122244e-02
6.870325223434059492e-02
6.858464659223872939e-02
6.846407012093880251e-02
6.834152603671894699e-02
6.821699831978389472e-02
6.809048925032412658e-02
6.796198370350359230e-02
6.783148393898030815e-02
6.769897389589174530e-02
6.756445672891664422e-02
6.742791612784415634e-02
6.728935591353701895e-02
6.714875861096147869e-02
6.700612824945006984e-02
6.686144779133773586e-02
6.671472147446722012e-02
6.656593178307135261e-02
6.641508247691163547e-02
6.626215716430727820e-02
6.610715935585909087e-02
6.595007218186799136e-02
6.579089936157422880e-02
6.562962400506000549e-02
6.546624958248914439e-02
6.530075964152592949e-02
6.513315786105855487e-02
6.496342731086224287e-02
6.479157164971616201e-02
6.461757392730682614e-02
6.444143824010295507e-02
6.426314738886884648e-02
6.408270545004979279e-02
6.390009520441275459e-02
6.371532047954509004e-02
6.352836472289269398e-02
6.333923151323217482e-02
6.314790404921888367e-02
6.295438566086342114e-02
6.275866044247013775e-02
6.256073147532692502e-02
6.236058168952551828e-02
6.215821551982647630e-02
6.195361587654624191e-02
6.174678603030248070e-02
6.153771024495280351e-02
6.132639108477278000e-02
6.111281348057251428e-02
6.089697860369802651e-02
6.067887273859207120e-02
6.045849657923207943e-02
6.023583593271408798e-02
6.001089238896162303e-02
5.978365173552824263e-02
5.955411508506047724e-02
5.932226797673945118e-02
5.908811241925293611e-02
5.885163324569742116e-02
5.861283244533688208e-02
5.837169506074568748e-02
5.812822420620256114e-02
5.788240261614674420e-02
5.763423521655497428e-02
5.738370426480510211e-02
5.713081443871570464e-02
5.687554843416486872e-02
5.661791068086274858e-02
5.635788431323707215e-02
5.609547305517925686e-02
5.583066002195991029e-02
5.556344960497217045e-02
5.529382467149823732e-02
5.502178982272865060e-02
5.474732767800727373e-02
5.447044259060995763e-02
5.419111784750840766e-02
5.390935732523660651e-02
5.362514474956436850e-02
5.333848374921490443e-02
5.304935780216846197e-02
5.275777097602230015e-02
5.246370695877733414e-02
5.216716888368277960e-02
5.186814133544759287e-02
5.156662742854034587e-02
5.126261150003308398e-02
5.095609687454272230e-02
5.064706764155801899e-02
5.033552756477477352e-02
5.002146025727161049e-02
4.970486992187295172e-02
4.938573992417805147e-02
4.906407444843630117e-02
4.873985729945418122e-02
4.841309241408053854e-02
4.808376403638181529e-02
4.775187516922230202e-02
4.741741072485983199e-02
4.708037414549703925e-02
4.674074940948835799e-02
4.639854085618522195e-02
4.605373221672470763e-02
4.570632781214734042e-02
4.535631112642712903e-02
4.500368714898161926e-02
4.464843911667626397e-02
4.429057154296822674e-02
4.393006856205794453e-02
4.356693421149637757e-02
4.320115329399587534e-02
4.283272891349831912e-02
4.246164654128470328e-02
4.208790880549695412e-02
4.171150253267108532e-02
4.133242873081632851e-02
4.095067581065703344e-02
4.056624361787941613e-02
4.017912100306275658e-02
3.978930802289259994e-02
3.939679396785755738e-02
3.900157841906526368e-02
3.860365064921267297e-02
3.820301022164229732e-02
3.779964707794813972e-02
3.739356076376465499e-02
3.698474097412640660e-02
3.657318723701452612e-02
3.615888968759706223e-02
3.574184760738041700e-02
3.532205180059866390e-02
3.489950084458459667e-02
3.447418598381701837e-02
3.404610600702551171e-02
3.361525259899167395e-02
3.318162384438383405e-02
3.274521163946586544e-02
3.230601450929426743e-02
3.186402479055028270e-02
3.141924007546814668e-02
3.097165359896070225e-02
3.052126316488712465e-02
3.006806199093770005e-02
2.961204740601985907e-02
2.915321375505186552e-02
2.869155743429196992e-02
2.822707391594236892e-02
2.775975843479283611e-02
2.728960827702442415e-02
2.681661751601638333e-02
2.634078433647535356e-02
2.586210256594301260e-02
2.538057060107323792e-02
2.489618202363008681e-02
2.440893681554423544e-02
2.391882716847237855e-02
2.342585396304597278e-02
2.293000914526199807e-02
2.243129426563783557e-02
2.192970148232575855e-02
2.142523255803141513e-02
2.091787871873618254e-02
2.040764331266164966e-02
1.989451732031000120e-02
1.937850384445571894e-02
1.885959522233093821e-02
1.833779362468879182e-02
1.781309205891823400e-02
1.728549290820169393e-02
1.675498962126775737e-02
1.622158456491251677e-02
1.568527140038600276e-02
1.514605316479555874e-02
1.460392350309669407e-02
1.405888566501023451e-02
1.351093373701672817e-02
1.296007095263429498e-02
1.240629229768797082e-02
1.184960030292114830e-02
1.128999176907574675e-02
1.072746806642721484e-02
1.016202712406333308e-02
9.593670754000971357e-03
9.022396411589306275e-03
8.448207037285104803e-03
7.871100528272667596e-03
7.291079809120581956e-03
6.708142990033749697e-03
6.122293666391720457e-03
5.533530161483501963e-03
4.941856970438585073e-03
4.347272171938310059e-03
3.749781389805306731e-03
3.149382687053114971e-03
2.546081900751451244e-03
1.939878222700808230e-03
1.330777245521441721e-03
7.187788321122434709e-04
1.038899328542619571e-04
-5.138902914599841054e-04
-1.134553303741125951e-03
-1.758100645244509153e-03
-2.384522420986190383e-03
-3.013820187566129682e-03
-3.645982463164831877e-03
-4.281010819660480138e-03
-4.918893561601689335e-03
-5.559631589447278088e-03
-6.203212078535247365e-03
-6.849635486717242649e-03
-7.498888775567369436e-03
-8.150971273628737634e-03
-8.805869270892108247e-03
-9.463581424282163646e-03
-1.012409335213870776e-02
-1.078740441297332264e-02
-1.145349726462441264e-02
-1.212237196712317999e-02
-1.279400981989120556e-02
-1.346841066889903349e-02
-1.414555399732730923e-02
-1.482544012365383246e-02
-1.550804671475058960e-02
-1.619337410378185460e-02
-1.688139837012192501e-02
-1.757212009043107592e-02
-1.826551261212849830e-02
-1.896157812857179881e-02
-1.966028656852203405e-02
-2.036164174196952725e-02
-2.106560970119197851e-02
-2.177219610162295371e-02
-2.248136426338032123e-02
-2.319312008512142143e-02
-2.390742461249717454e-02
-2.462428398732319224e-02
-2.534365698071050499e-02
-2.606554997756527214e-02
-2.678991947439135490e-02
-2.751677187023571225e-02
-2.824606184468725356e-02
-2.897779489535212694e-02
-2.971192457146809573e-02
-3.044845569801002405e-02
-3.118733977828092030e-02
-3.192858188007174913e-02
-3.267212962965493350e-02
-3.341798993971456522e-02
-3.416610724605961824e-02
-3.491648847517014875e-02
-3.566907533007757092e-02
-3.642387520874812434e-02
-3.718082685248724761e-02
-3.793993744404156043e-02
-3.870114390731105303e-02
-3.946445252311769902e-02
-4.022979771125401172e-02
-4.099718668157237289e-02
-4.176654951865998999e-02
-4.253789436133081914e-02
-4.331114856104290034e-02
-4.408631935447371308e-02
-4.486333204651948847e-02
-4.564219365828503516e-02
-4.642282630364158447e-02
-4.720523747468463593e-02
-4.798934517867503580e-02
-4.877515852302261035e-02
-4.956259049279287954e-02
-5.035165181063694373e-02
-5.114225135486849538e-02
-5.193440031891549680e-02
-5.272800393202392577e-02
-5.352307408720874404e-02
-5.431951144906221884e-02
-5.511732883899245206e-02
-5.591642395901197382e-02
-5.671680872782403071e-02
-5.751837788479380320e-02
-5.832114313247865889e-02
-5.912499578976920800e-02
-5.992994734300544080e-02
-6.073588637716043070e-02
-6.154282393340926305e-02
-6.235064448946858739e-02
-6.315936093005614094e-02
-6.396885110789779505e-02
-6.477913089557191251e-02
-6.559007174961850595e-02
-6.640169275928486936e-02
-6.721385875597268855e-02
-6.802659090113211127e-02
-6.883974877422460725e-02
-6.965335446443665646e-02
-7.046726367248545841e-02
-7.128149849971004981e-02
-7.209591076800886400e-02
-7.291052259079888742e-02
-7.372518168220743018e-02
-7.453991131204612541e-02
-7.535455394220869074e-02
-7.616913422770515973e-02
-7.698348914924124653e-02
-7.779764520470994205e-02
-7.861143435130968360e-02
-7.942488447198431389e-02
-8.023782135596241316e-02
-8.105027518667679010e-02
-8.186206718745964173e-02
-8.267322709561503169e-02
-8.348357248401755415e-02
-8.429313424592299597e-02
-8.510172447264208184e-02
-8.590937567106166073e-02
-8.671589422197989450e-02
-8.752131561910492241e-02
-8.832543915937801637e-02
-8.912830309437957954e-02
-8.992970146814133203e-02
-9.072967345901633562e-02
-9.152800808692790335e-02
-9.232474683019153971e-02
-9.311967322679692849e-02
-9.391282968167613543e-02
-9.470399562407555427e-02
-9.549321438547025975e-02
-9.628026105740750129e-02
-9.706517966895022997e-02
-9.784774074499519303e-02
-9.862799061426452685e-02
-9.940569454829267793e-02
-1.001808998021136987e-01
-1.009533673093356287e-01
-1.017231461667447157e-01
-1.024899927410667932e-01
-1.032539572841272291e-01
-1.040147913668161839e-01
-1.047725477691894280e-01
-1.055269728084675673e-01
-1.062781213351063903e-01
-1.070257348703354539e-01
-1.077698707926895705e-01
-1.085102651406943397e-01
-1.092469773631288832e-01
-1.099797400756459265e-01
-1.107086138816771315e-01
-1.114333270584100255e-01
-1.121539420504882312e-01
-1.128701832543113071e-01
-1.135821151845347599e-01
-1.142894585855741552e-01
-1.149922793553832534e-01
-1.156902938996799968e-01
-1.163835713306651809e-01
-1.170718244019128274e-01
-1.177551224643784700e-01
-1.184331757638091287e-01
-1.191060564074927774e-01
-1.197734703022453884e-01
-1.204354918538539931e-01
-1.210918237745128301e-01
-1.217425425395560201e-01
-1.223873478953566574e-01
-1.230263183867141841e-01
-1.236591507941019463e-01
-1.242859257317052712e-01
-1.249063370140219842e-01
-1.255204686978139139e-01
-1.261280100293745154e-01
-1.267290485079644591e-01
-1.273232713292540841e-01
-1.279107673750180529e-01
-1.284912220191060106e-01
-1.290647268989965624e-01
-1.296309641933683920e-01
-1.301900287530807776e-01
-1.307416009348313368e-01
-1.312857778872701386e-01
-1.318222381450334935e-01
-1.323510804678462716e-01
-1.328719840858669787e-01
-1.333850482254222425e-01
-1.338899512099638867e-01
-1.343867959366403519e-01
-1.348752584488462358e-01
-1.353554446278359968e-01
-1.358270296101359298e-01
-1.362901215743906880e-01
-1.367443956656950732e-01
-1.371899619022461103e-01
-1.376264954376250349e-01
-1.380541085872594442e-01
-1.384724767420140168e-01
-1.388817149722200162e-01
-1.392814975326793214e-01
-1.396719436218193389e-01
-1.400527268160512429e-01
-1.404239690685438191e-01
-1.407853451082667073e-01
-1.411369787275402743e-01
-1.414785458078085811e-01
-1.418101724382183071e-01
-1.421315361103653030e-01
-1.424427647523835161e-01
-1.427435374659387635e-01
-1.430339847047091828e-01
-1.433137878669836218e-01
-1.435830787875110037e-01
-1.438415409322426897e-01
-1.440893091190645070e-01
-1.443260684237556435e-01
-1.445519566472565631e-01
-1.447666604750912356e-01
-1.449703202334183261e-01
-1.451626255906933172e-01
-1.453437191693321417e-01
-1.455132931628868309e-01
-1.456714929477048726e-01
-1.458180137001089394e-01
-1.459530026347818643e-01
-1.460761585973693044e-01
-1.461876309841285970e-01
-1.462871224243845192e-01
-1.463747836948110503e-01
-1.464503223527235387e-01
-1.465138905551286730e-01
-1.465652003294927175e-01
-1.466044052130763276e-01
-1.466312222756093742e-01
-1.466458064345241563e-01
-1.466478794584109013e-01
-1.466375985603043941e-01
-1.466146898642631258e-01
-1.465793124210800769e-01
-1.465311971679534031e-01
-1.464705051077961340e-01
-1.463969725630541174e-01
-1.463107618020434986e-01
-1.462116147612587125e-01
-1.460996949743320339e-01
-1.459747503350437015e-01
-1.458369456422574095e-01
-1.456860345180729377e-01
-1.455221835987060286e-01
-1.453451516622970563e-01
-1.451551072967658396e-01
-1.449518150084085910e-01
-1.447354448790076631e-01
-1.445057676006879510e-01
-1.442629541768185586e-01
-1.440067822863431435e-01
-1.437374235108160314e-01
-1.434546616004019337e-01
-1.431586703169047681e-01
-1.428492389094344062e-01
-1.425265428622032315e-01
-1.421903774953771071e-01
-1.418409196721774901e-01
-1.414779713559367880e-01
-1.411017101021661002e-01
-1.407119446317233735e-01
-1.403088535356422084e-01
-1.398922519489040339e-01
-1.394623198412979770e-01
-1.390188788762833638e-01
-1.385621094868110525e-01
-1.380918404369294583e-01
-1.376082531948614185e-01
-1.371111827096488101e-01
-1.366008113702615878e-01
-1.360769812261635459e-01
-1.355398746714778502e-01
-1.349893413137620291e-01
-1.344255633233290004e-01
-1.338483979801850521e-01
-1.332580271163060492e-01
-1.326543152263113534e-01
-1.320374444903915090e-01
-1.314072862743717596e-01
-1.307640223055041295e-01
-1.301075323084421032e-01
-1.294379962985784116e-01
-1.287553021304400636e-01
-1.280596295951852981e-01
-1.273508730749781659e-01
-1.266292124799754948e-01
-1.258945490632104036e-01
-1.251470621671222361e-01
-1.243866602588452330e-01
-1.236135219985756706e-01
-1.228275628385875895e-01
-1.220289608711870033e-01
-1.212176384192630019e-01
-1.203937727210520614e-01
-1.195572930844118753e-01
-1.187083757789845623e-01
-1.178469568686323216e-01
-1.169732117115367259e-01
-1.160870830702635109e-01
-1.151887451625695225e-01
-1.142781475068570252e-01
-1.133554630659357187e-01
-1.124206478850791613e-01
-1.114738736720640860e-01
-1.105151026556362992e-01
-1.095445056317711219e-01
-1.085620508981614274e-01
-1.075679077666991806e-01
-1.065620507183775434e-01
-1.055446474664843148e-01
-1.045156789041050971e-01
-1.034753107452994481e-01
-1.024235299518444775e-01
-1.013605005818028204e-01
-1.002862152650171451e-01
-9.920083646069180472e-02
-9.810436200889649516e-02
-9.699695317042299203e-02
-9.587861293826382969e-02
-9.474950068807941328e-02
-9.360962456569546508e-02
-9.245914229043911137e-02
-9.129806698922585118e-02
-9.012655449608225622e-02
-8.894462263283006709e-02
-8.775242546254809206e-02
-8.654998533022358054e-02
-8.533745458512061177e-02
-8.411485992364586828e-02
-8.288235152340817091e-02
-8.163996048936575378e-02
-8.038783488460528315e-02
-7.912601027977403390e-02
-7.785463216559321276e-02
-7.657374034943417729e-02
-7.528347809288360448e-02
-7.398388889636424437e-02
-7.267511399251458393e-02
-7.135720031723397083e-02
-7.003028698829574794e-02
-6.869442429116245918e-02
-6.734974911421555410e-02
-6.599631492073529393e-02
-6.463425642684848815e-02
-6.326362998746845601e-02
-6.188456817499039114e-02
-6.049713009282491755e-02
-5.910144608371946384e-02
-5.769757777062123338e-02
-5.628565332376264663e-02
-5.486573677110063996e-02
-5.343795396721944674e-02
-5.200237128777836226e-02
-5.055911212857767956e-02
-4.910824509845741065e-02
-4.764989116295677285e-02
-4.618412096374199804e-02
-4.471105297878202184e-02
-4.323075979665476354e-02
-4.174335740767820546e-02
-4.024891997532412113e-02
-3.874756134549272452e-02
-3.723935688453721554e-02
-3.572441820801837420e-02
-3.420282194230782336e-02
-3.267467727227671426e-02
-3.114006204131073569e-02
-2.959908310363959516e-02
-2.805181917625852381e-02
-2.649837486849811533e-02
-2.493882965644140734e-02
-2.337328584721326888e-02
-2.180182359006724649e-02
-2.022454281831360251e-02
-1.864152433998356173e-02
-1.705286570018084771e-02
-1.545864812244849250e-02
-1.385896684942600210e-02
-1.225390341994687764e-02
-1.064355077409932619e-02
-9.027990579956585854e-03
-7.407313575107204486e-03
-5.781601399423228795e-03
-4.150942602210452859e-03
-2.515418737835720640e-03
-8.751160814047314815e-04
7.698839412226647638e-04
2.419497300613730143e-03
4.073642799636971804e-03
