5.978453784551486169e-03
6.986975868035979337e-03
8.114885730574486825e-03
9.372024246636518133e-03
1.076857390246827549e-02
1.231501695746235747e-02
1.402208686272679063e-02
1.590071390924968978e-02
1.796196419723671348e-02
2.021697323807682481e-02
2.267687374112227136e-02
2.535271907586398796e-02
2.825540263980676550e-02
3.139557311924952299e-02
3.478354817631894996e-02
3.842922680535554303e-02
4.234200025629461517e-02
4.653066503078676086e-02
5.100333646687396638e-02
5.576736675062787113e-02
6.082926561467247306e-02
6.619462838085790612e-02
7.186806891609442971e-02
7.785316031617815768e-02
8.415238556947335358e-02
9.076709502736909907e-02
9.769747631117267628e-02
1.049425339429659737e-01
1.125000785980675155e-01
1.203667309946175323e-01
1.285379313104685894e-01
1.370079665638181676e-01
1.457700033164316678e-01
1.548161326085872036e-01
1.641374252321285143e-01
1.737239948850457794e-01
1.835650696170142426e-01
1.936490694163834070e-01
2.039636923440175942e-01
2.144960003088855482e-01
2.252325140558253391e-01
2.361593052872991150e-01
2.472620934935931825e-01
2.585263405311529761e-01
2.699373437679127852e-01
2.814803286144807459e-01
2.931405334808681595e-01
3.049032962685813697e-01
3.167541305246060479e-01
3.286787981152357041e-01
3.406633758608077489e-01
3.526943144936266483e-01
3.647584900414314046e-01
3.768432509118481155e-01
3.889364522845119021e-01
4.010264899914008918e-01
4.131023236496327300e-01
4.251534909915150595e-01
4.371701233205289028e-01
4.491429456136862841e-01
4.610632769309601642e-01
4.729230281634191901e-01
4.847146859630996341e-01
4.964313049638348629e-01
5.080664852626040062e-01
5.196143538928238437e-01
5.310695426127697294e-01
5.424271649774946580e-01
5.536827893164478764e-01
5.648324101757308258e-01
5.758724259018034308e-01
5.867996088554501277e-01
5.976110793106159669e-01
6.083042789438125597e-01
6.188769457565297394e-01
6.293270891000039002e-01
6.396529665424216526e-01
6.498530617596992576e-01
6.599260610956130257e-01
6.698708375940294335e-01
6.796864308344758854e-01
6.893720300431527281e-01
6.989269576133747552e-01
7.083506572321002226e-01
7.176426780145184203e-01
7.268026650871582950e-01
7.358303463837706504e-01
7.447255274250952350e-01
7.534880775005979858e-01
7.621179253694551070e-01
7.706150521978855084e-01
7.789794865436332483e-01
7.872112947343616884e-01
7.953105817888714846e-01
8.032774844567897032e-01
8.111121681478449252e-01
8.188148243729296283e-01
8.263856661380123425e-01
8.338249277394228498e-01
8.411328661968570097e-01
8.483097499940512876e-01
8.553558668579532842e-01
8.622715165936959414e-01
8.690570154859708074e-01
8.757126874962821717e-01
8.822388726562629957e-01
8.886359198002911075e-01
8.949041862584178331e-01
9.010440423600973858e-01
9.070558650880219398e-01
9.129400405347015690e-01
9.186969633906767463e-01
9.243270367398036536e-01
9.298306710356785132e-01
9.352082828733481179e-01
9.404602976506045708e-01
9.455871474184778247e-01
9.505892689364431325e-01
9.554671080737937583e-01
9.602211146917657425e-01
9.648517461236927328e-01
9.693594649231412896e-01
9.737447398874859994e-01
9.780080426801112115e-01
9.821498550977947328e-01
9.861706608821065867e-01
9.900709485854198855e-01
9.938512124921277113e-01
9.975119515950685578e-01
1.001053669083738606e+00
1.004476872856079561e+00
1.007782075416120415e+00
1.010969793157475483e+00
1.014040545544484528e+00
1.016994857261719565e+00
1.019833256780980912e+00
1.022556275133006176e+00
1.025164447954620695e+00
1.027658313953374813e+00
1.030038414600472185e+00
1.032305295051985761e+00
1.034459503329999253e+00
1.036501592472114153e+00
1.038432114594713962e+00
1.040251627034415094e+00
1.041960689379699545e+00
1.043559863368556551e+00
1.045049713809700132e+00
1.046430808582570204e+00
1.047703716385466333e+00
1.048869007656765495e+00
1.049927257748005438e+00
1.050879039963573458e+00
1.051724933339877044e+00
1.052465516708608995e+00
1.053101371358042160e+00
1.053633080725956628e+00
1.054061227840703108e+00
1.054386399517859285e+00
1.054609183801293648e+00
1.054730167916014150e+00
1.054749942874256385e+00
1.054669100200043896e+00
1.054488233157477417e+00
1.054207934191798035e+00
1.053828799842546404e+00
1.053351423680896515e+00
1.052776403986466436e+00
1.052104337401155165e+00
1.051335822204580994e+00
1.050471459849445566e+00
1.049511848001222436e+00
1.048457587089037579e+00
1.047309278975022906e+00
1.046067524395376536e+00
1.044732926849950561e+00
1.043306087996160647e+00
1.041787611743288933e+00
1.040178100055823673e+00
1.038478157150119152e+00
1.036688387754316709e+00
1.034809395163552859e+00
1.032841782672964115e+00
1.030786157467271869e+00
1.028643122329825133e+00
1.026413281579335424e+00
1.024097238715654168e+00
1.021695600002285209e+00
1.019208969143795329e+00
1.016637951789543193e+00
1.013983149904017944e+00
1.011245169853081105e+00
1.008424614624796600e+00
1.005522087923730767e+00
1.002538192840304987e+00
9.994735335908733198e-01
9.963287118328520986e-01
9.931043302472326584e-01
9.898009916173639011e-01
9.864192972935896808e-01
9.829598488309688742e-01
9.794232468633425892e-01
9.758100923316247455e-01
9.721209844366515140e-01
9.683565233004766126e-01
9.645173069980037539e-01
9.606039360607167010e-01
9.566170067210839623e-01
9.525571162351491594e-01
9.484248611424533904e-01
9.442208375731077075e-01
9.399456415548655963e-01
9.355998674777604718e-01
9.311841097318258598e-01
9.266989597387275124e-01
9.221450130144315249e-01
9.175228603664586924e-01
9.128330933188321117e-01
9.080763007342801396e-01
9.032530739321109614e-01
8.983640024915553468e-01
8.934096737399789268e-01
8.883906752094621329e-01
8.833075941250131402e-01
8.781610153574175293e-01
8.729515256198956408e-01
8.676797076337254833e-01
8.623461457579048028e-01
8.569514217924941724e-01
8.514961177422686323e-01
8.459808149978585989e-01
8.404060930051017175e-01
8.347725327451982480e-01
8.290807099791157597e-01
8.233312039479766531e-01
8.175245917433963116e-01
8.116614475909794679e-01
8.057423473540510361e-01
7.997678650535010592e-01
7.937385737890018111e-01
7.876550454319356520e-01
7.815178521607574202e-01
7.753275636973414597e-01
7.690847504800653045e-01
7.627899803883683161e-01
7.564438228370528039e-01
7.500468435560506686e-01
7.435996084800089445e-01
7.371026832365019654e-01
7.305566321224566950e-01
7.239620186159398951e-01
7.173194057855886152e-01
7.106293545505317777e-01
7.038924259322563159e-01
6.971091802357463063e-01
6.902801777659859361e-01
6.834059755525191404e-01
6.764871302154601418e-01
6.695241998079277668e-01
6.625177388005284440e-01
6.554683031992312170e-01
6.483764465534247456e-01
6.412427219007105217e-01
6.340676812551147012e-01
6.268518759141610275e-01
6.195958578918756565e-01
6.123001760292022810e-01
6.049653796788719839e-01
5.975920170676831678e-01
5.901806356035745882e-01
5.827317816709095544e-01
5.752460019611239650e-01
5.677238406067163234e-01
5.601658431731899590e-01
5.525725524623956719e-01
5.449445116856141968e-01
5.372822629281938100e-01
5.295863474566225859e-01
5.218573054114563625e-01
5.140956773426805793e-01
5.063020015484159808e-01
4.984768176574304599e-01
4.906206630466271035e-01
4.827340748881939203e-01
4.748175891260287274e-01
4.668717421134595535e-01
4.588970685660941351e-01
4.508941036089704202e-01
4.428633807294061753e-01
4.348054331076466883e-01
4.267207933097921235e-01
4.186099931854402878e-01
4.104735644818312545e-01
4.023120373084851931e-01
3.941259431055697537e-01
3.859158104472425466e-01
3.776821690335935289e-01
3.694255470293502652e-01
3.611464728039552319e-01
3.528454736009185022e-01
3.445230761519623708e-01
3.361798070864517873e-01
3.278161925219642558e-01
3.194327578595745343e-01
3.110300289097875370e-01
3.026085301524605309e-01
2.941687849415183797e-01
2.857113175521032722e-01
2.772366510310674825e-01
2.687453085276207965e-01
2.602378126791853874e-01
2.517146852019659931e-01
2.431764478121671569e-01
2.346236224307086671e-01
2.260567297502200923e-01
2.174762901562585504e-01
2.088828244438111492e-01
2.002768525890049611e-01
1.916588948750396482e-01
1.830294706638971591e-01
1.743890991128445589e-01
1.657382989697188669e-01
1.570775896988596820e-01
1.484074890245288825e-01
1.397285154898485204e-01
1.310411870237955800e-01
1.223460214529895063e-01
1.136435377299823274e-01
1.049342510200983875e-01
9.621868078767721599e-02
8.749734301690319238e-02
7.877075553439577549e-02
7.003943514319938002e-02
6.130390028407851910e-02
5.256466550821248251e-02
4.382224823279071146e-02
3.507716536321511813e-02
2.632993400960264435e-02
1.758107005378015120e-02
8.831089787004526084e-03
8.051083118022028622e-05
-8.670150522435875542e-03
-1.742037798258687722e-02
-2.616965607687593565e-02
-3.491746636453856023e-02
-4.366329214488783722e-02
-5.240661804788442762e-02
-6.114692675869639465e-02
-6.988370075777677881e-02
-7.861642262793616664e-02
-8.734457587320261507e-02
-9.606764379288924849e-02
-1.047851082533040462e-01
-1.134964516325426137e-01
-1.222011556945554051e-01
-1.308987035339405358e-01
-1.395885757887159462e-01
-1.482702543251896987e-01
-1.569432222379597841e-01
-1.656069587320391501e-01
-1.742609439336581800e-01
-1.829046610397725148e-01
-1.915375887436074342e-01
-2.001592072737509165e-01
-2.087689965517184054e-01
-2.173664358848802214e-01
-2.259510047853218184e-01
-2.345221819462685042e-01
-2.430794446279405940e-01
-2.516222712164908892e-01
-2.601501407122172593e-01
-2.686625296588374678e-01
-2.771589149071417846e-01
-2.856387726937753557e-01
-2.941015793577410609e-01
-3.025468100097513657e-01
-3.109739405793791600e-01
-3.193824449490468842e-01
-3.277717982294673371e-01
-3.361414733818455236e-01
-3.444909443909615621e-01
-3.528196838085904119e-01
-3.611271630605746852e-01
-3.694128537774717391e-01
-3.776762279992691429e-01
-3.859167554117317600e-01
-3.941339057006243984e-01
-4.023271503941472371e-01
-4.104959567214848670e-01
-4.186397928330396478e-01
-4.267581267768563169e-01
-4.348504248609021960e-01
-4.429161539049319418e-01
-4.509547800121977423e-01
-4.589657675458742592e-01
-4.669485816879960782e-01
-4.749026862899503043e-01
-4.828275443842639514e-01
-4.907226178775315750e-01
-4.985873685739900529e-01
-5.064212569472288372e-01
-5.142237433684798686e-01
-5.219942877995449315e-01
-5.297323489739358404e-01
-5.374373848063044301e-01
-5.451088526995149230e-01
-5.527462089304990833e-01
-5.603489090596859290e-01
-5.679164081357170879e-01
-5.754481610025191651e-01
-5.829436207639413503e-01
-5.904022393978999306e-01
-5.978234692917414606e-01
-6.052067612974497690e-01
-6.125515653457912491e-01
-6.198573314698898606e-01
-6.271235069392165906e-01
-6.343495400468179835e-01
-6.415348778574500033e-01
-6.486789656957914207e-01
-6.557812481700182605e-01
-6.628411705024516154e-01
-6.698581755611899835e-01
-6.768317063166894298e-01
-6.837612037946132482e-01
-6.906461090206248432e-01
-6.974858599496623901e-01
-7.042798984262494955e-01
-7.110276609723191754e-01
-7.177285846215921694e-01
-7.243821056912865819e-01
-7.309876590656155804e-01
-7.375446801405796116e-01
-7.440526009343816360e-01
-7.505108559218047759e-01
-7.569188755856893769e-01
-7.632760905112332406e-01
-7.695819304647741887e-01
-7.758358243937898413e-01
-7.820372011434006954e-01
-7.881854860785716399e-01
-7.942801072255629702e-01
-8.003204887210497720e-01
-8.063060554182094330e-01
-8.122362297136395126e-01
-8.181104354369425069e-01
-8.239280924257780248e-01
-8.296886228720287138e-01
-8.353914453850640465e-01
-8.410359793931140304e-01
-8.466216435055482492e-01
-8.521478540798712586e-01
-8.576140275759452924e-01
-8.630195786111973799e-01
-8.683639225195569633e-01
-8.736464727925185025e-01
-8.788666415909290874e-01
-8.840238409732777969e-01
-8.891174818721216955e-01
-8.941469742987998570e-01
-8.991117275481492754e-01
-9.040111501985038656e-01
-9.088446501116955734e-01
-9.136116344330532657e-01
-9.183115082607561375e-01
-9.229436782283457763e-01
-9.275075469774208825e-01
-9.320025205273783087e-01
-9.364280002915267298e-01
-9.407833892185375468e-01
-9.450680888240770017e-01
-9.492814997025941226e-01
-9.534230231650401288e-01
-9.574920573492835540e-01
-9.614880008026231994e-01
-9.654102529935753019e-01
-9.692582116505783496e-01
-9.730312733761385946e-01
-9.767288348751196336e-01
-9.803502911123073149e-01
-9.838950385878502125e-01
-9.873624710382443714e-01
-9.907519840424208191e-01
-9.940629699038702194e-01
-9.972948237920937764e-01
-1.000446937601152220e+00
-1.003518703941609136e+00
-1.006509516242887425e+00
-1.009418765682545960e+00
-1.012245844461717725e+00
-1.014990142222598646e+00
-1.017651052189896932e+00
-1.020227963698735918e+00
-1.022720267824316354e+00
-1.025127355232408943e+00
-1.027448616998214659e+00
-1.029683442354498935e+00
-1.031831222171747608e+00
-1.033891345682726559e+00
-1.035863203757921625e+00
-1.037746187574890788e+00
-1.039539687082902342e+00
-1.041243092128867120e+00
-1.042855794709203643e+00
-1.044377185284967258e+00
-1.045806655545503894e+00
-1.047143596156584699e+00
-1.048387399421700117e+00
-1.049537458667916034e+00
-1.050593165789293515e+00
-1.051553915136473449e+00
-1.052419099320019313e+00
-1.053188114021219368e+00
-1.053860354819004863e+00
-1.054435216780519102e+00
-1.054912097531843340e+00
-1.055290393061338650e+00
-1.055569504577598794e+00
-1.055748829501989894e+00
-1.055827770066680715e+00
-1.055805726968477964e+00
-1.055682103667840099e+00
-1.055456303420511111e+00
-1.055127732962390263e+00
-1.054695798927019146e+00
-1.054159908869156892e+00
-1.053519472697785231e+00
-1.052773902471393574e+00
-1.051922610453186469e+00
-1.050965012488880523e+00
-1.049900524526550694e+00
-1.048728565789711853e+00
-1.047448556423095978e+00
-1.046059918925658083e+00
-1.044562079685938283e+00
-1.042954464785404545e+00
-1.041236504502181637e+00
-1.039407630956830308e+00
-1.037467280057138730e+00
-1.035414886584962391e+00
-1.033249892282467108e+00
-1.030971739710678792e+00
-1.028579875115493980e+00
-1.026073747711176321e+00
-1.023452810192144513e+00
-1.020716517402325607e+00
-1.017864328484661129e+00
-1.014895706471678150e+00
-1.011810117671344100e+00
-1.008607032383568747e+00
-1.005285923671914716e+00
-1.001846270843752107e+00
-9.982875547418141871e-01
-9.946092636809318321e-01
-9.908108879207282449e-01
-9.868919234528473750e-01
-9.828518701585181594e-01
-9.786902333439173596e-01
-9.744065243543142962e-01
-9.700002577080615307e-01
-9.654709541673188733e-01
-9.608181412498417728e-01
-9.560413499535408421e-01
-9.511401188507819793e-01
-9.461139929624540201e-01
-9.409625217108186224e-01
-9.356852627067375749e-01
-9.302817782695180782e-01
-9.247516392141404973e-01
-9.190944230088226030e-01
-9.133097165386729888e-01
-9.073971111925303035e-01
-9.013562083902688649e-01
-8.951866170238608200e-01
-8.888879568351738536e-01
-8.824598546287434342e-01
-8.759019470354256764e-01
-8.692138833784074370e-01
-8.623953222954082731e-01
-8.554459346046912049e-01
-8.483654032027045933e-01
-8.411534268513102264e-01
-8.338097154693381308e-01
-8.263339999589067730e-01
-8.187260253474701877e-01
-8.109855582599164725e-01
-8.031123860997069208e-01
-7.951063210408193527e-01
-7.869672022796126987e-01
-7.786948989008378730e-01
-7.702893131530771376e-01
-7.617503868972674841e-01
-7.530781044727105078e-01
-7.442724989408806557e-01
-7.353336564867972713e-01
-7.262617279854232111e-01
-7.170569295134522347e-01
-7.077195589312248458e-01
-6.982500018194637281e-01
-6.886487419197390158e-01
-6.789163746456591264e-01
-6.690536221294242081e-01
-6.590613433552190426e-01
-6.489405537094965482e-01
-6.386924407440334184e-01
-6.283183841356441146e-01
-6.178199731893139202e-01
-6.071990319157877236e-01
-5.964576376606361974e-01
-5.855981472054198056e-01
-5.746232201051991728e-01
-5.635358442779127008e-01
-5.523393636409019702e-01
-5.410375013460658744e-01
-5.296343902823970051e-01
-5.181345979488558573e-01
-5.065431503036691430e-01
-4.948655589914263131e-01
-4.831078420192958522e-01
-4.712765518029815026e-01
-4.593787841741827083e-01
-4.474222031511110864e-01
-4.354150498435933603e-01
-4.233661514605317477e-01
-4.112849267348516191e-01
-3.991813813174141523e-01
-3.870661080840884782e-01
-3.749502685066857799e-01
-3.628455778111211449e-01
-3.507642791833222029e-01
-3.387191116289723358e-01
-3.267232695422961908e-01
-3.147903574640421587e-01
-3.029343383909424703e-01
-2.911694722588522577e-01
-2.795102469537908418e-01
-2.679713132125688402e-01
-2.565673990519132253e-01
-2.453132289060381832e-01
-2.342234387722735289e-01
-2.233124828610194013e-01
-2.125945427022818413e-01
-2.020834334885553418e-01
-1.917925088823427826e-01
-1.817345699179757912e-01
-1.719217723680723786e-01
-1.623655420938800997e-01
-1.530764925451266467e-01
-1.440643471730308767e-01
-1.353378706972379608e-01
-1.269048069748137386e-01
-1.187718278214918571e-01
-1.109444868484390223e-01
-1.034271886014671293e-01
-9.622316466055572115e-02
-8.933446278995640921e-02
-8.276194356039527633e-02
-7.650529442322979989e-02
-7.056304690650973266e-02
-6.493260906230638452e-02
-5.961030725416403830e-02
-5.459143508398762307e-02
-4.987031196612504158e-02
-4.544034963415635731e-02
-4.129412389350491097e-02
-3.742345243873086008e-02
-3.381947681630351199e-02
-3.047274704866886896e-02
-2.737330902196981330e-02
-2.451079195053439130e-02
-2.187449599490039198e-02
-1.945347825491450938e-02
-1.723663638301951156e-02
-1.521278980493471523e-02
-1.337075595040808536e-02
-1.169942226172123248e-02
-1.018781289879616518e-02
-8.825150371208189543e-03
-7.600909851637184696e-03
-6.504868275483421253e-03
