5.949253791999759879e-03
6.952819814638970704e-03
8.075533197744207484e-03
9.326474491440696693e-03
1.071697603420280337e-02
1.225583094348609708e-02
1.395598286321651608e-02
1.582550208773636155e-02
1.787898002488706728e-02
2.012326606787938690e-02
2.257459608744069937e-02
2.523805415527139231e-02
2.813147221547415353e-02
3.125760001286687073e-02
3.463576876031686930e-02
3.826582768521879369e-02
4.216846055251540631e-02
4.634008293031691844e-02
5.080253622136200048e-02
5.554833532835835863e-02
6.060024003117187724e-02
6.594649434001095822e-02
7.161050027690867015e-02
7.757598658103016798e-02
8.386669384744678546e-02
9.046173838141845225e-02
9.738487971415500655e-02
1.046106873281720806e-01
1.121626164969949241e-01
1.200109226413620389e-01
1.281784437166839929e-01
1.366315156701052025e-01
1.453920680853551528e-01
1.544230590095448108e-01
1.637452521744180156e-01
1.733188912084019095e-01
1.831633596034596134e-01
1.932369386922835885e-01
2.035574682621203724e-01
2.140820723917071511e-01
2.248269348262117162e-01
2.357488428881786835e-01
2.468622656298465612e-01
2.581244487306688651e-01
2.695481391802144189e-01
2.810917771700238710e-01
2.927664267275634780e-01
3.045323703771123380e-01
3.163990673851680979e-01
3.283291812139413901e-01
3.403306756867769400e-01
3.523690102635009258e-01
3.644507854678447067e-01
3.765445436653375166e-01
3.886556688607596954e-01
4.007559465148394784e-01
4.128496974449493706e-01
4.249119938113137263e-01
4.369462463707252109e-01
4.489307544108361303e-01
4.608681659203094361e-01
4.727398643207906259e-01
4.845478700470774447e-01
4.962764423572851857e-01
5.079270974731402433e-01
5.194867164378994540e-01
5.309564188379560790e-01
5.423254273492165156e-01
5.535945569421379941e-01
5.647550814346763426e-01
5.758075881541968588e-01
5.867451142313997448e-01
5.975680826074968310e-01
6.082710206361080507e-01
6.188542367203971883e-01
6.293134971492285734e-01
6.396490345812119171e-01
6.498576287468720292e-01
6.599394667557286764e-01
6.698921451511989922e-01
6.797158270911467515e-01
6.894087587820755259e-01
6.989710952956057488e-01
7.084015918621152652e-01
7.177004074428098290e-01
7.268666918562500801e-01
7.359006147088223981e-01
7.448016291043758619e-01
7.535699200029225553e-01
7.622051710174134742e-01
7.707075856345693143e-01
7.790770216798150738e-01
7.873137030090147093e-01
7.954176182604855150e-01
8.033890124780951325e-01
8.112279731775106084e-01
8.189347658741007452e-01
8.265095537257289848e-01
8.339526221051202226e-01
8.412641920021285413e-01
8.484445683397622284e-01
8.554940170428201318e-01
8.624128620728066519e-01
8.692014049749325899e-01
8.758599876232655568e-01
8.823889408372629362e-01
8.887886238917683812e-01
8.950593918649678571e-01
9.012016204089060567e-01
9.072156855850572743e-01
9.131019790132371972e-01
9.188608944627687514e-01
9.244928392141655848e-01
9.299982229021640512e-01
9.353774671373286109e-01
9.406309963962339316e-01
9.457592462100651298e-01
9.507626542595148944e-01
9.556416692798868073e-01
9.603967415418467324e-01
9.650283315518111138e-01
9.695369020680615346e-01
9.739229243445526318e-01
9.781868733201091182e-01
9.823292298702909209e-01
9.863504801932484467e-01
9.902511148885048131e-01
9.940316303899606742e-01
9.976925266116722923e-01
1.001234309711503290e+00
1.004657487894467849e+00
1.007962576632962737e+00
1.011150092218244811e+00
1.014220558413668982e+00
1.017174499596734671e+00
1.020012447309967651e+00
1.022734932891177451e+00
1.025342495457345127e+00
1.027835673306590980e+00
1.030215012106776129e+00
1.032481056706901379e+00
1.034634358813920185e+00
1.036675470134786448e+00
1.038604947289614389e+00
1.040423348331522835e+00
1.042131234691428432e+00
1.043729169847398275e+00
1.045217720552939378e+00
1.046597454994563581e+00
1.047868944429508176e+00
1.049032761650373180e+00
1.050089482213411030e+00
1.051039683107879208e+00
1.051883943267827748e+00
1.052622844288602089e+00
1.053256968072620037e+00
1.053786900104811908e+00
1.054213225255963504e+00
1.054536532081730149e+00
1.054757409137767610e+00
1.054876447026881658e+00
1.054894237375453292e+00
1.054811373345225567e+00
1.054628448814444397e+00
1.054346059503791011e+00
1.053964800929231505e+00
1.053485271268026713e+00
1.052908067980935503e+00
1.052233790780581435e+00
1.051463039072515926e+00
1.050596413797652673e+00
1.049634515896905373e+00
1.048577947641835539e+00
1.047427311406362138e+00
1.046183210383263562e+00
1.044846247765319314e+00
1.043417028075955599e+00
1.041896155019738979e+00
1.040284233631883160e+00
1.038581868640530148e+00
1.036789665387966020e+00
1.034908229318834971e+00
1.032938165570708389e+00
1.030880080509448016e+00
1.028734579170268004e+00
1.026502267919029432e+00
1.024183752098019484e+00
1.021779637561311516e+00
1.019290530162980213e+00
1.016717035142954195e+00
1.014059757945877438e+00
1.011319304323466728e+00
1.008496278389718670e+00
1.005591285691634251e+00
1.002604930445567977e+00
9.995378169702310300e-01
9.963905489701898599e-01
9.931637302523684818e-01
9.898579637024733646e-01
9.864738523085682109e-01
9.830119982398570766e-01
9.794730033584712059e-01
9.758574691171119087e-01
9.721659965590505603e-01
9.683991854992682891e-01
9.645576365716065359e-01
9.606419483627562927e-01
9.566527200735538417e-01
9.525905491647577161e-01
9.484560338136293067e-01
9.442497702526368997e-01
9.399723550213217038e-01
9.356243831238620912e-01
9.312064500762242680e-01
9.267191493472239916e-01
9.221630749174646313e-01
9.175388187203996626e-01
9.128469735083424297e-01
9.080881295770261152e-01
9.032628782457590155e-01
8.983718084796268322e-01
8.934155094484302895e-01
8.883945690936798645e-01
8.833095746403838433e-01
8.781611125970475440e-01
8.729497684486016151e-01
8.676761271681889820e-01
8.623407722959475219e-01
8.569442875767301349e-01
8.514872544011670152e-01
8.459702550811062371e-01
8.403938690623851127e-01
8.347586771214892121e-01
8.290652568618209761e-01
8.233141874221455714e-01
8.175060446657879121e-01
8.116414055820057039e-01
8.057208444987612461e-01
7.997449368699495187e-01
7.937142549763829269e-01
7.876293725318787020e-01
7.814908599748141560e-01
7.752992894836440163e-01
7.690552291425228892e-01
7.627592499016154770e-01
7.564119176955688140e-01
7.500138020415424434e-01
7.435654666223183717e-01
7.370674795220512054e-01
7.305204022740149350e-01
7.239248016317167966e-01
7.172812370812808869e-01
7.105902732267065369e-01
7.038524686329005187e-01
6.970683855496393466e-01
6.902385810064671778e-01
6.833636151036531770e-01
6.764440435400937979e-01
6.694804245736231119e-01
6.624733120607023684e-01
6.554232626214456792e-01
6.483308282698792002e-01
6.411965642954693401e-01
6.340210205627347939e-01
6.268047505187068769e-01
6.195483033114017601e-01
6.122522296241978967e-01
6.049170776838940222e-01
5.975433961267186955e-01
5.901317318488228381e-01
5.826826318487150491e-01
5.751966410777533678e-01
5.676743052037991344e-01
5.601161677452055621e-01
5.525227726297557984e-01
5.448946618404406639e-01
5.372323777696809133e-01
5.295364609674622081e-01
5.218074522908426882e-01
5.140458909591604231e-01
5.062523160893960261e-01
4.984272657749549418e-01
4.905712774950977684e-01
4.826848880125824137e-01
4.747686335783792844e-01
4.668230491128112503e-01
4.588486700479887381e-01
4.508460298712294034e-01
4.428156623769237132e-01
4.347581002335292877e-01
4.266738757000738680e-01
4.185635201143675932e-01
4.104275646095057462e-01
4.022665394997232968e-01
3.940809745874679360e-01
3.858713990610422306e-01
3.776383415969611357e-01
3.693823300528796816e-01
3.611038921840952765e-01
3.528035549270455151e-01
3.444818446040226467e-01
3.361392875373191980e-01
3.277764088209374482e-01
3.193937339583097779e-01
3.109917868151484965e-01
3.025710922807409164e-01
2.941321729925092665e-01
2.856755530208807681e-01
2.772017545938477157e-01
2.687113001441172599e-01
2.602047118996816399e-01
2.516825108602429584e-01
2.431452190490783760e-01
2.345933561352425145e-01
2.260274438349400006e-01
2.174480012030803600e-01
2.088555490346507282e-01
2.002506056680581348e-01
1.916336914888596421e-01
1.830053244260322065e-01
1.743660237392003765e-01
1.657163071526261133e-01
1.570566937212189706e-01
1.483877003503808745e-01
1.397098456855912774e-01
1.310236462228221155e-01
1.223296198910503729e-01
1.136282832886054417e-01
1.049201538326767491e-01
9.620574760980621365e-02
8.748558183246821218e-02
7.876017248484715183e-02
7.003003647234493090e-02
6.129568936971592497e-02
5.255764818471954369e-02
4.381642787796510841e-02
3.507254576428454895e-02
2.632651639485716899e-02
1.757885708451490878e-02
8.830082384437063295e-03
8.070940474056129989e-05
-8.668746689250269449e-03
-1.741776981099355318e-02
-2.616584387394740863e-02
-3.491245309864248608e-02
-4.365708129617940081e-02
-5.239921238001626208e-02
-6.113833026361122081e-02
-6.987391855334985913e-02
-7.860546085561781471e-02
-8.733244077680066275e-02
-9.605434151385401631e-02
-1.047706462637334190e-01
-1.134808381210370143e-01
-1.221843999756478255e-01
-1.308808143080189279e-01
-1.395695639056758752e-01
-1.482501305325692187e-01
-1.569219968738669313e-01
-1.655846439770170542e-01
-1.742375537083276082e-01
-1.828802074223190577e-01
-1.915120859617243654e-01
-2.001326700669189551e-01
-2.087414399664908327e-01
-2.173378757866704092e-01
-2.259214572442580782e-01
-2.344916637489817268e-01
-2.430479744034967360e-01
-2.515898674915983957e-01
-2.601168216041546133e-01
-2.686283145131731498e-01
-2.771238236835893431e-01
-2.856028262732658862e-01
-2.940647984164906359e-01
-3.025092169640536399e-01
-3.109355568219527299e-01
-3.193432941244755408e-01
-3.277319025493297122e-01
-3.361008576166579220e-01
-3.444496317758776183e-01
-3.527776994211990202e-01
-3.610845320808220849e-01
-3.693696031253819179e-01
-3.776323831618608740e-01
-3.858723439231739882e-01
-3.940889555045160586e-01
-4.022816878987247047e-01
-4.104500102797771222e-01
-4.185933915145781947e-01
-4.267112996511727707e-01
-4.348032020211030080e-01
-4.428685655464811854e-01
-4.509068561258445240e-01
-4.589175396577301891e-01
-4.669000801982402526e-01
-4.748539429294094116e-01
-4.827785902696196119e-01
-4.906734858655429354e-01
-4.985380908049138471e-01
-5.063718673013992699e-01
-5.141742750097286763e-01
-5.219447747105638857e-01
-5.296828246256293227e-01
-5.373878838978666250e-01
-5.450594092136376023e-01
-5.526968583852365224e-01
-5.602996862565899905e-01
-5.678673493093447933e-01
-5.753993005449922205e-01
-5.828949953192466005e-01
-5.903538842793767394e-01
-5.977754216551642852e-01
-6.051590565585154291e-01
-6.125042410697042472e-01
-6.198104230723470165e-01
-6.270770524972099080e-01
-6.343035757949042619e-01
-6.414894415655488791e-01
-6.486340937008171492e-01
-6.557369795725379591e-01
-6.627975414346646277e-01
-6.698152244071607919e-01
-6.767894694133324007e-01
-6.837197196283503198e-01
-6.906054142354430825e-01
-6.974459941579163047e-01
-7.042408974530659505e-01
-7.109895629970476305e-01
-7.176914268000070818e-01
-7.243459261003799554e-01
-7.309524948611617612e-01
-7.375105686830681906e-01
-7.440195796866595490e-01
-7.504789613231438450e-01
-7.568881443824340138e-01
-7.632465599615153584e-01
-7.695536375196532219e-01
-7.758088054925378341e-01
-7.820114922135018576e-01
-7.881611235592979048e-01
-7.942571267373262911e-01
-8.002989253724743790e-01
-8.062859448297071685e-01
-8.122176068914772618e-01
-8.180933349779569985e-01
-8.239125492338785772e-01
-8.296746709299070988e-01
-8.353791185730545799e-01
-8.410253116939084839e-01
-8.466126666499732556e-01
-8.521406015388310884e-01
-8.576085304661215103e-01
-8.630158698917067550e-01
-8.683620325905785364e-01
-8.736464323613039040e-01
-8.788684811600148139e-01
-8.840275902263405872e-01
-8.891231700834079099e-01
-8.941546304354835994e-01
-8.991213797585444478e-01
-9.040228263238520023e-01
-9.088583768673054175e-01
-9.136274380224462810e-01
-9.183294146827386539e-01
-9.229637122534339877e-01
-9.275297337855613611e-01
-9.320268831490094996e-01
-9.364545617570874114e-01
-9.408121723537514747e-01
-9.450991144075177042e-01
-9.493147895364102418e-01
-9.534585955712250316e-01
-9.575299329016959682e-01
-9.615281978232564919e-01
-9.654527895997079279e-01
-9.693031031958361243e-01
-9.730785365447949253e-01
-9.767784834854376097e-01
-9.804023406202703184e-01
-9.839495008669288945e-01
-9.874193594972718868e-01
-9.908113085077177029e-01
-9.941247424536221455e-01
-9.973590520007560301e-01
-1.000513631192687880e+00
-1.003587869262183352e+00
-1.006581159741023468e+00
-1.009492891554901073e+00
-1.012322456802592363e+00
-1.015069244102718038e+00
-1.017732645349338494e+00
-1.020312048137499650e+00
-1.022806844054189979e+00
-1.025216420592097055e+00
-1.027540168621707162e+00
-1.029777475840423229e+00
-1.031927732504586137e+00
-1.033990326618671185e+00
-1.035964647824874518e+00
-1.037850085048888760e+00
-1.039646027318765098e+00
-1.041351864071984101e+00
-1.042966984848384016e+00
-1.044490779290160321e+00
-1.045922637346581530e+00
-1.047261949171630624e+00
-1.048508105431078530e+00
-1.049660497200125997e+00
-1.050718515963403821e+00
-1.051681553614973064e+00
-1.052549002867754213e+00
-1.053320256639383334e+00
-1.053994708973428951e+00
-1.054571754220531954e+00
-1.055050788061980827e+00
-1.055431206281421730e+00
-1.055712406300220563e+00
-1.055893785642101124e+00
-1.055974744287367262e+00
-1.055954681397462513e+00
-1.055832999204555644e+00
-1.055609099326670686e+00
-1.055282386861986721e+00
-1.054852265578035020e+00
-1.054318143643719896e+00
-1.053679427999655305e+00
-1.052935529476040522e+00
-1.052085858698360354e+00
-1.051129829669896099e+00
-1.050066856701002749e+00
-1.048896357582189687e+00
-1.047617750718111918e+00
-1.046230457788864143e+00
-1.044733901498116291e+00
-1.043127508029693340e+00
-1.041410704590995939e+00
-1.039582922483723859e+00
-1.037643594033152983e+00
-1.035592155454143848e+00
-1.033428044803992085e+00
-1.031150703517791145e+00
-1.028759575896644574e+00
-1.026254109414738824e+00
-1.023633754412270003e+00
-1.020897965221377213e+00
-1.018046198630779831e+00
-1.015077916239999656e+00
-1.011992582105138760e+00
-1.008789664990744628e+00
-1.005468636629732071e+00
-1.002028974077606716e+00
-9.984701571535260500e-01
-9.947916713063109651e-01
-9.909930056696523160e-01
-9.870736540856863694e-01
-9.830331153097092711e-01
-9.788708929078204779e-01
-9.745864953592791036e-01
-9.701794366706499861e-01
-9.656492360687306542e-01
-9.609954181029086717e-01
-9.562175130545922386e-01
-9.513150574489971367e-01
-9.462875935433595620e-01
-9.411346699410809702e-01
-9.358558417964432108e-01
-9.304506709169659828e-01
-9.249187255586917011e-01
-9.192595824733360566e-01
-9.134728236328469864e-01
-9.075580415519960420e-01
-9.015148332492844974e-01
-8.953428088449747468e-01
-8.890415808135515574e-01
-8.826107792349905390e-01
-8.760500329609774983e-01
-8.693589956137143249e-01
-8.625373128315176885e-01
-8.555846655660432898e-01
-8.485007181870313220e-01
-8.412851844005392321e-01
-8.339377482289481724e-01
-8.264581645260328235e-01
-8.188461373762452311e-01
-8.111014748592629831e-01
-8.032239021451843541e-01
-7.952132953814275984e-01
-7.870694022567423787e-01
-7.787921882766494219e-01
-7.703814247744814603e-01
-7.618371944551031172e-01
-7.531592931152910619e-01
-7.443479596574629209e-01
-7.354030140347666000e-01
-7.263249003764179479e-01
-7.171134637131538758e-01
-7.077694173744288886e-01
-6.982926298308486102e-01
-6.886841657028262009e-01
-6.789439141371832465e-01
-6.690733925839362772e-01
-6.590725066694653744e-01
-6.489433509354021190e-01
-6.386858400155871474e-01
-6.283027954970122897e-01
-6.177941294545805651e-01
-6.071635660637657583e-01
-5.964109993845500002e-01
-5.855412572110296754e-01
-5.745541936837594843e-01
-5.634559657090428830e-01
-5.522463585408335929e-01
-5.409331032415091167e-01
-5.295158772825702131e-01
-5.180042458705326203e-01
-5.063977291534110803e-01
-4.947079896430056634e-01
-4.829343292611299465e-01
-4.710907634115588105e-01
-4.591763015807130976e-01
-4.472075449276674552e-01
-4.351831237042854683e-01
-4.231224179735539326e-01
-4.110235786471390651e-01
-3.989089010321368312e-01
-3.867759451303353080e-01
-3.746499822932979340e-01
-3.625278607287205634e-01
-3.504377964088801201e-01
-3.383757996429338499e-01
-3.263728943766023849e-01
-3.144241240500475487e-01
-3.025630704206906385e-01
-2.907836851835418068e-01
-2.791217397277762635e-01
-2.675699794652038332e-01
-2.561658830058311520e-01
-2.449008929551401981e-01
-2.338136088401785162e-01
-2.228940984004164072e-01
-2.121814124571424764e-01
-2.016642018148807336e-01
-1.913812412367279225e-01
-1.813197579390238290e-01
-1.715174967636466374e-01
-1.619602954749800316e-01
-1.526841221421458561e-01
-1.436735017433432571e-01
-1.349619238118812403e-01
-1.265327190697654591e-01
-1.184162749013909083e-01
-1.105948870920268473e-01
-1.030953260189023946e-01
-9.589904818692188138e-02
-8.902882522383238906e-02
-8.246549867064623118e-02
-7.622760895173391615e-02
-7.029562855812228339e-02
-6.468378963560374173e-02
-5.937245295198805006e-02
-5.437161811904345221e-02
-4.966179350410238752e-02
-4.524896292692648370e-02
-4.111403328379517608e-02
-3.725931061253542897e-02
-3.366633407173712234e-02
-3.033416563163203808e-02
-2.724518518976945178e-02
-2.439571117698701927e-02
-2.176914130827764179e-02
-1.935958714827999347e-02
-1.715160536763576937e-02
-1.513764440064765786e-02
-1.330352289643526274e-02
-1.164055047888899221e-02
-1.013587224804002838e-02
-8.780141965666029766e-03
-7.561858499368996102e-03
-6.471444929096289295e-03
