6.120528283592401378e-03
8.273891993372960510e-03
1.094688784464968589e-02
1.422255273918519337e-02
1.818792646286204739e-02
2.293217773691690747e-02
2.854434464086297654e-02
3.511078057584365864e-02
4.271237422866135808e-02
5.142170085842924510e-02
6.130021901831556042e-02
7.239567852965932138e-02
8.473990565239719608e-02
9.834707780006494982e-02
1.132126105338345928e-01
1.293127385319006173e-01
1.466048258364315571e-01
1.650283732062055309e-01
1.845067032138983931e-01
2.049491576326347153e-01
2.262537951694825467e-01
2.483102754629236131e-01
2.710029469320764939e-01
2.942138444433227695e-01
3.178255193502122489e-01
3.417236175866426584e-01
3.657989890421439738e-01
3.899494473529391270e-01
4.140810321687897755e-01
4.381088034257237251e-01
4.619572486876528661e-01
4.855603136173786694e-01
5.088611047938130794e-01
5.318113602692045028e-01
5.543707794965194724e-01
5.765062166077536965e-01
5.981908288904541626e-01
6.194032356866289168e-01
6.401267057360874313e-01
6.603483917100315681e-01
6.800586671590740373e-01
6.992505282392836863e-01
7.179190738956447992e-01
7.360610976519066373e-01
7.536747341903422548e-01
7.707591488514754507e-01
7.873143632038566153e-01
8.033410301665921960e-01
8.188403329700952860e-01
8.338138745629799509e-01
8.482635681046239995e-01
8.621916261808919568e-01
8.756004836495228094e-01
8.884927621750634552e-01
9.008712856453156004e-01
9.127390057670748957e-01
9.240990249374793075e-01
9.349545788009869796e-01
9.453090227147491476e-01
9.551657931713027905e-01
9.645284669311408043e-01
9.734006872698498514e-01
9.817862055952792932e-01
9.896888485880722675e-01
9.971125335457348138e-01
1.004061243122823743e+00
1.010539033509624707e+00
1.016550027122006261e+00
1.022098409489179627e+00
1.027188424332014849e+00
1.031824379280879889e+00
1.036010618734006128e+00
1.039751531746658131e+00
1.043051577797588836e+00
1.045915225557517036e+00
1.048347006231482581e+00
1.050351459565092460e+00
1.051933195365553297e+00
1.053096809905445186e+00
1.053846964524887353e+00
1.054188324110505670e+00
1.054125588217838416e+00
1.053663464291590524e+00
1.052806682792572168e+00
1.051559990032306269e+00
1.049928153022333888e+00
1.047915944274900424e+00
1.045528146507505030e+00
1.042769544536599646e+00
1.039644947497538885e+00
1.036159167348407184e+00
1.032317008158120775e+00
1.028123281667630895e+00
1.023582808447966785e+00
1.018700399371547327e+00
1.013480860244353243e+00
1.007929025678685031e+00
1.002049693591355428e+00
9.958476675446374937e-01
9.893277534892674918e-01
9.824947493420584932e-01
9.753534418736601319e-01
9.679086180718550203e-01
9.601650506660215356e-01
9.521275063781901027e-01
9.438007425212919799e-01
9.351895080124470461e-01
9.262985429386970671e-01
9.171325717535039335e-01
9.076963090669640799e-01
8.979944620342722450e-01
8.880317210913778458e-01
8.778127714630366007e-01
8.673422774568533278e-01
8.566248991101489407e-01
8.456652759049818613e-01
8.344680328478730758e-01
8.230377916883476752e-01
8.113791549234663503e-01
7.994967104299973704e-01
7.873950321158150745e-01
7.750786797027677810e-01
7.625522043721366661e-01
7.498201378356053048e-01
7.368870031919126928e-01
7.237573007408266701e-01
7.104355237614795593e-01
6.969261551106169517e-01
6.832336575239873477e-01
6.693624874404809910e-01
6.553170780657506800e-01
6.411018551505474061e-01
6.267212296081968725e-01
6.121796004820838633e-01
5.974813521229231927e-01
5.826308586761755892e-01
5.676324810421856659e-01
5.524905709293316258e-01
5.372094647742997608e-01
5.217934882295013344e-01
5.062469553669179945e-01
4.905741680267019511e-01
4.747794138629794491e-01
4.588669826288292453e-01
4.428411422192691793e-01
4.267061545943465761e-01
4.104662711469667657e-01
3.941257345847125615e-01
3.776887785679563514e-01
3.611596266965717561e-01
3.445424983001491581e-01
3.278416015621151702e-01
3.110611385137931340e-01
2.942052999679650171e-01
2.772782760860136864e-01
2.602842461002913277e-01
2.432273851176219304e-01
2.261118610070610435e-01
2.089418385254236399e-01
1.917214785935072996e-01
1.744549359076286721e-01
1.571463585777349015e-01
1.397998938452409412e-01
1.224196849707889917e-01
1.050098744912443260e-01
8.757459980465660820e-02
7.011799751292090155e-02
5.264420153995791329e-02
3.515734631633209845e-02
1.766156344987820231e-02
1.609890358474986075e-04
-1.734024727212281347e-02
-3.483801278053271638e-02
-5.232817305881772019e-02
-6.980659288025876930e-02
-8.726913426778479255e-02
-1.047116568558610211e-01
-1.221300196999312027e-01
-1.395200795393531368e-01
-1.568776865994929159e-01
-1.741986880658537296e-01
-1.914789259851231440e-01
-2.087142395812589257e-01
-2.259004640250683316e-01
-2.430334279009893628e-01
-2.601089521214250966e-01
-2.771228530389845401e-01
-2.940709374524220765e-01
-3.109490099167838140e-01
-3.277528640580852359e-01
-3.444782861198178447e-01
-3.611210544563054348e-01
-3.776769407631245801e-01
-3.941417047211559499e-01
-4.105110980497349016e-01
-4.267808630590972929e-01
-4.429467317094701873e-01
-4.590044247425391077e-01
-4.749496527671136503e-01
-4.907781169105263075e-01
-5.064855036074396022e-01
-5.220674909690817822e-01
-5.375197443682088183e-01
-5.528379154981933885e-01
-5.680176449062450672e-01
-5.830545601839672853e-01
-5.979442770530232210e-01
-6.126823977004484112e-01
-6.272645067978785960e-01
-6.416861814172923895e-01
-6.559429810428906160e-01
-6.700304525651568088e-01
-6.839441253591744818e-01
-6.976795189566618038e-01
-7.112321340711383888e-01
-7.245974588224067814e-01
-7.377709814026468527e-01
-7.507481448403626745e-01
-7.635244010665135361e-01
-7.760951745809157032e-01
-7.884558811980630910e-01
-8.006019197960709821e-01
-8.125286786135350603e-01
-8.242315196883284178e-01
-8.357058080981869530e-01
-8.469468801869053376e-01
-8.579500601388267977e-01
-8.687106547676499702e-01
-8.792239634321717956e-01
-8.894852673967676981e-01
-8.994898393852461815e-01
-9.092329312042645162e-01
-9.187097830800499132e-01
-9.279156250335761635e-01
-9.368456739854555959e-01
-9.454951354930041241e-01
-9.538592015789100209e-01
-9.619330535539643012e-01
-9.697118629579701832e-01
-9.771907877961036881e-01
-9.843649838298322852e-01
-9.912295878576701247e-01
-9.977797365333757051e-01
-1.004010555292166318e+00
-1.009917168049327518e+00
-1.015494676717328515e+00
-1.020738206803764481e+00
-1.025642858918306199e+00
-1.030203734828667450e+00
-1.034415938691025438e+00
-1.038274570101763938e+00
-1.041774727716356042e+00
-1.044911522277348626e+00
-1.047680059605605951e+00
-1.050075451456962572e+00
-1.052092821674326606e+00
-1.053727293883472971e+00
-1.054974003724872933e+00
-1.055828117816646872e+00
-1.056284779471300395e+00
-1.056339164498920624e+00
-1.055986479831998892e+00
-1.055221942246392430e+00
-1.054040787842800420e+00
-1.052438279718799441e+00
-1.050409706521288733e+00
-1.047950388164327951e+00
-1.045055683284038972e+00
-1.041720953049763088e+00
-1.037941648523927007e+00
-1.033713228658125649e+00
-1.029031193080213624e+00
-1.023891113650976070e+00
-1.018288595959199849e+00
-1.012219303712954099e+00
-1.005678960621409157e+00
-9.986633613962462297e-01
-9.911683503278608809e-01
-9.831898560990309788e-01
-9.747238800597312069e-01
-9.657665101236487804e-01
-9.563139079573332868e-01
-9.463623517554087261e-01
-9.359081742128968484e-01
-9.249478557476769058e-01
-9.134779796986974842e-01
-9.014952419522095362e-01
-8.889964683124103040e-01
-8.759786419325867879e-01
-8.624388949916815816e-01
-8.483745502390850346e-01
-8.337831505971086132e-01
-8.186624721165906005e-01
-8.030106027961967374e-01
-7.868260011359681227e-01
-7.701075704692043056e-01
-7.528547797608223791e-01
-7.350678223316219340e-01
-7.167478137388793025e-01
-6.978969986317740126e-01
-6.785191004079913490e-01
-6.586196652972410304e-01
-6.382065184130587543e-01
-6.172903000714590194e-01
-5.958850592879626484e-01
-5.740089628617868200e-01
-5.516850461495836910e-01
-5.289420340455336378e-01
-5.058151453869497161e-01
-4.823469275413754809e-01
-4.585879788082706798e-01
-4.345976146556117525e-01
-4.104442669552088585e-01
-3.862057059650687574e-01
-3.619689055621436169e-01
-3.378295477446917050e-01
-3.138911246423254919e-01
-2.902636097340723365e-01
-2.670616446425814194e-01
-2.444023704815146136e-01
-2.224028932613560938e-01
-2.011774592054557387e-01
-1.808345351789265587e-01
-1.614738300573496377e-01
-1.431834962073514350e-01
-1.260375804168761549e-01
-1.100939139408797923e-01
-9.539256278650375120e-02
-8.195489548847753603e-02
-6.978333311659085103e-02
-5.886181223956292452e-02
-4.915688122985419073e-02
-4.061941532531677251e-02
-3.318680080681744859e-02
-2.678546424552647603e-02
-2.133363522252747571e-02
-1.674415573203481486e-02
-1.292722481562910523e-02
-9.792948066250983102e-03
-7.253594957046744299e-03
