5.975794159119701340e-03
6.983872906659231543e-03
8.111293391567410763e-03
9.367894217256596268e-03
1.076385582282288721e-02
1.230965852926362188e-02
1.401603436107909731e-02
1.589391244494080604e-02
1.795435821573062099e-02
2.020850692894374245e-02
2.266749167777306131e-02
2.534236686807925590e-02
2.824402724080937385e-02
3.138312383648495657e-02
3.476997733677909819e-02
3.841449031854499152e-02
4.232605853544817859e-02
4.651348358142513850e-02
5.098488673125316922e-02
5.574762656834799518e-02
6.080822039978901056e-02
6.617227109629236770e-02
7.184440079013687530e-02
7.782819143104285908e-02
8.412613486129880136e-02
9.073959110507805181e-02
9.766875735411459369e-02
1.049126472403083266e-01
1.124690814188345350e-01
1.203346889499701533e-01
1.285049195819944756e-01
1.369740679075603651e-01
1.457353081140673745e-01
1.547807382532827292e-01
1.641014352073217886e-01
1.736875176385136721e-01
1.835282174349401330e-01
1.936119586792508229e-01
2.039264404558851496e-01
2.144587259021019376e-01
2.251953352509517003e-01
2.361223394883940618e-01
2.472254557504927341e-01
2.584901422088228817e-01
2.699016927511637132e-01
2.814453266466729886e-01
2.931062774945591975e-01
3.048698759289459881e-01
3.167216287412234488e-01
3.286472907350174166e-01
3.406329308491373165e-01
3.526649912178571045e-01
3.647303403968179536e-01
3.768163175814705501e-01
3.889107710934970319e-01
4.010020886786326844e-01
4.130792217653946885e-01
4.251317021493553616e-01
4.371496527406804056e-01
4.491237929890763980e-01
4.610454372460711103e-01
4.729064895447804284e-01
4.846994332618003165e-01
4.964173172989439498e-01
5.080537380683202153e-01
5.196028201467657315e-01
5.310591934501207589e-01
5.424179684627131737e-01
5.536747113644846507e-01
5.648254170086091097e-01
5.758664826156139060e-01
5.867946796250659292e-01
5.976071284132676853e-01
6.083012705543734411e-01
6.188748446640178758e-01
6.293258610146549303e-01
6.396525776862589385e-01
6.498534784571033951e-01
6.599272522299025612e-01
6.698727727650252151e-01
6.796890801537863736e-01
6.893753649530339755e-01
6.989309508867301846e-01
7.083552823583361135e-01
7.176479103254759240e-01
7.268084799146785624e-01
7.358367214139176493e-01
7.447324399345027768e-01
7.534955066083348640e-01
7.621258512181653400e-01
7.706234558514306610e-01
7.789883483493722505e-01
7.872205972915186090e-01
7.953203076966705032e-01
8.032876171333148685e-01
8.111226913182528753e-01
8.188257221718070467e-01
8.263969243376660945e-01
8.338365327263046467e-01
8.411448017984810566e-01
8.483220030062994521e-01
8.553684231554896655e-01
8.622843638936199540e-01
8.690701393558741827e-01
8.757260765744819819e-01
8.822525138409983425e-01
8.886498002968739041e-01
8.949182948075226074e-01
9.010583662693932849e-01
9.070703926887534463e-01
9.129547604651856441e-01
9.187118648010178523e-01
9.243421079612460511e-01
9.298459008088966193e-01
9.352236612696639417e-01
9.404758136154075521e-01
9.456027899995148589e-01
9.506050289215388638e-01
9.554829744083376264e-01
9.602370783682970812e-01
9.648677971111760954e-01
9.693755934976137079e-01
9.737609363249843941e-01
9.780242992014652748e-01
9.821661613648964284e-01
9.861870075804228808e-01
9.900873269122052456e-01
9.938676138493517387e-01
9.975283674870584205e-01
1.001070091014821362e+00
1.004493292842369767e+00
1.007798485269017386e+00
1.010986184586021519e+00
1.014056911178939258e+00
1.017011189629985157e+00
1.019849548103886949e+00
1.022572518347884429e+00
1.025180635794088690e+00
1.027674439252407090e+00
1.030054470910545694e+00
1.032321275617505529e+00
1.034475402316587189e+00
1.036517401793527471e+00
1.038447828723647159e+00
1.040267239931775833e+00
1.041976195825254692e+00
1.043575257732643147e+00
1.045064990360298207e+00
1.046445961178229300e+00
1.047718739294166035e+00
1.048883896579490882e+00
1.049942006952736095e+00
1.050893645560724066e+00
1.051739390416287501e+00
1.052479820760549023e+00
1.053115517881781260e+00
1.053647065013049833e+00
1.054075046410995142e+00
1.054400048277050139e+00
1.054622658552725412e+00
1.054743465691319049e+00
1.054763060500351957e+00
1.054682034401489998e+00
1.054500980249403863e+00
1.054220491308194507e+00
1.053841162991470348e+00
1.053363591224627527e+00
1.052788372956637186e+00
1.052116105648257971e+00
1.051347387681465850e+00
1.050482818461812018e+00
1.049522998213707980e+00
1.048468527980424891e+00
1.047320008293446625e+00
1.046078040810189291e+00
1.044743228109286992e+00
1.043316172974088518e+00
1.041797478699730162e+00
1.040187748069561158e+00
1.038487585197577667e+00
1.036697594402491207e+00
1.034818379593583249e+00
1.032850544987207853e+00
1.030794695106791448e+00
1.028651434782833052e+00
1.026421368538759094e+00
1.024105101307426047e+00
1.021703237714618018e+00
1.019216381976688846e+00
1.016645138514707503e+00
1.013990112261530685e+00
1.011251907331154554e+00
1.008431127428145668e+00
1.005528376564143178e+00
1.002544258034283375e+00
9.994793751337025522e-01
9.963343310551797671e-01
9.931097282749913324e-01
9.898061689623410819e-01
9.864242550817179378e-01
9.829645877787506203e-01
9.794277687108555730e-01
9.758143977953714909e-01
9.721250754614245704e-01
9.683604010122085493e-01
9.645209736485597096e-01
9.606073917524541317e-01
9.566202533987955281e-01
9.525601554341974753e-01
9.484276948076310054e-01
9.442234678539221937e-01
9.399480699866795685e-01
9.356020959030090234e-01
9.311861395835140387e-01
9.267007949064406391e-01
9.221466547264595137e-01
9.175243105675942035e-01
9.128343541585827170e-01
9.080773757951585701e-01
9.032539655683399227e-01
8.983647122384973427e-01
8.934102043612864863e-01
8.883910293664305513e-01
8.833077739671501005e-01
8.781610244672354293e-01
8.729513658398297959e-01
8.676793820345010122e-01
8.623456566937444112e-01
8.569507726411953463e-01
8.514953116769141683e-01
8.459798545773861145e-01
8.404049817096663766e-01
8.347712724172351439e-01
8.290793047129250137e-01
8.233296567119261500e-01
8.175229046869935123e-01
8.116596246038094709e-01
8.057403917115542047e-01
7.997657796216874893e-01
7.937363619456692110e-01
7.876527105548815078e-01
7.815153972183495057e-01
7.753249925791650954e-01
7.690820659497729084e-01
7.627871861308302970e-01
7.564409212064917565e-01
7.500438382373366686e-01
7.435965032603697455e-01
7.370994811866626861e-01
7.305533371320025449e-01
7.239586342673837160e-01
7.173159348425828252e-01
7.106258011073767200e-01
7.038887933667495878e-01
6.971054720280431827e-01
6.902763961679514448e-01
6.834021241466661234e-01
6.764832131984461761e-01
6.695202199434054924e-01
6.625136996710105919e-01
6.554642077730854499e-01
6.483722983108062277e-01
6.412385240147019383e-01
6.340634374105862392e-01
6.268475904101278307e-01
6.195915328778454079e-01
6.122958151900451673e-01
6.049609861876706907e-01
5.975875941998779473e-01
5.901761869416779493e-01
5.827273106950766612e-01
5.752415117420801582e-01
5.677193349316891346e-01
5.601613248058321393e-01
5.525680246781473626e-01
5.449399774528430607e-01
5.372777252152673988e-01
5.295818094366238071e-01
5.218527703598251355e-01
5.140911481254272219e-01
5.062974820551255917e-01
4.984723105493982231e-01
4.906161711898631705e-01
4.827296011487084426e-01
4.748131368816193576e-01
4.668673139230639091e-01
4.588926676027949569e-01
4.508897323293478143e-01
4.428590419994702376e-01
4.348011293839775804e-01
4.267165272536849741e-01
4.186057680723352381e-01
4.104693824612359321e-01
4.023079016558397947e-01
3.941218554585944056e-01
3.859117736719473446e-01
3.776781853818435564e-01
3.694216190600831951e-01
3.611426024619637243e-01
3.528416633427825522e-01
3.445193285366197067e-01
3.361761242634100366e-01
3.278125767430884463e-01
3.194292114790873161e-01
3.110265536677665477e-01
3.026051276866258410e-01
2.941654575037350727e-01
2.857080671895214641e-01
2.772334793814072995e-01
2.687422174333173319e-01
2.602348037779587120e-01
2.517117605409661674e-01
2.431736088243993121e-01
2.346208706515353626e-01
2.260540669197189378e-01
2.174737178097920776e-01
2.088803445261719904e-01
2.002744665331982199e-01
1.916566036022828157e-01
1.830272750954078098e-01
1.743870008863427912e-01
1.657362993134947338e-01
1.570756890223432012e-01
1.484056888630826410e-01
1.397268169694050599e-01
1.310395910655724749e-01
1.223445290805617869e-01
1.136421490457075190e-01
1.049329682758415871e-01
9.621750377872342885e-02
8.749627327861499160e-02
7.876979337384566737e-02
7.003858137924742766e-02
6.130315379079214616e-02
5.256402751388175587e-02
4.382171945391817591e-02
3.507674590215827809e-02
2.632962355928897963e-02
1.758086912599718735e-02
8.830998893539792130e-03
8.052946024619041677e-05
-8.670022780269223683e-03
-1.742014112731954043e-02
-2.616930898257536012e-02
-3.491700995242229266e-02
-4.366272764324594102e-02
-5.240594474021436494e-02
-6.114614484971317432e-02
-6.988281096398295256e-02
-7.861542607526426918e-02
-8.734347317579770065e-02
-9.606643484839379188e-02
-1.047837936758630878e-01
-1.134950321386586913e-01
-1.221996326148760970e-01
-1.308970770731808508e-01
-1.395868475845959689e-01
-1.482684256059994543e-01
-1.569412924919117991e-01
-1.656049294944959560e-01
-1.742588176611999662e-01
-1.829024375276842029e-01
-1.915352695272516670e-01
-2.001567937861327418e-01
-2.087664903282003825e-01
-2.173638382561099425e-01
-2.259483170819468478e-01
-2.345194053965789227e-01
-2.430765815861589962e-01
-2.516193241391974089e-01
-2.601471104182719318e-01
-2.686594180930329534e-01
-2.771557237071980984e-01
-2.856355038044851580e-01
-2.940982347238968453e-01
-3.025433916785033595e-01
-3.109704503931624009e-01
-3.193788853644415338e-01
-3.277681709865509774e-01
-3.361377807324832379e-01
-3.444871881775884437e-01
-3.528158658736416098e-01
-3.611232860653452725e-01
-3.694089207926869456e-01
-3.776722408673640063e-01
-3.859127172034314546e-01
-3.941298193842965869e-01
-4.023230171980819447e-01
-4.104917795116923007e-01
-4.186355745778874704e-01
-4.267538697282096671e-01
-4.348461322942011598e-01
-4.429118286861866705e-01
-4.509504244956309416e-01
-4.589613850069260148e-01
-4.669441743785315291e-01
-4.748982570759796573e-01
-4.828230956200098012e-01
-4.907181526337190403e-01
-4.985828899213443077e-01
-5.064167678541175999e-01
-5.142192471103431695e-01
-5.219897875494655670e-01
-5.297278477002814734e-01
-5.374328854774426123e-01
-5.451043584885284510e-01
-5.527417231128279873e-01
-5.603444353202003958e-01
-5.679119496474999140e-01
-5.754437204268654238e-01
-5.829392013762911828e-01
-5.903978447807660679e-01
-5.978191024134915654e-01
-6.052024255358814386e-01
-6.125472643857747812e-01
-6.198530676656477389e-01
-6.271192844874067251e-01
-6.343453621205228377e-01
-6.415307474250374620e-01
-6.486748864421314487e-01
-6.557772241894112009e-01
-6.628372049679801536e-01
-6.698542716459366941e-01
-6.768278670913794315e-01
-6.837574327394018159e-01
-6.906424092062370956e-01
-6.974822363916162171e-01
-7.042763528646223126e-01
-7.110241972966963031e-01
-7.177252064144862276e-01
-7.243788165352103015e-01
-7.309844628501540598e-01
-7.375415793223131233e-01
-7.440495997099678682e-01
-7.505079565431088673e-01
-7.569160816352238363e-01
-7.632734054691533432e-01
-7.695793583230227108e-01
-7.758333683254494684e-01
-7.820348636050514779e-01
-7.881832714715862886e-01
-7.942780180065216467e-01
-8.003185282677501844e-01
-8.063042266990192442e-01
-8.122345360039988638e-01
-8.181088795005039271e-01
-8.239266786639144469e-01
-8.296873535366050545e-01
-8.353903242633081705e-01
-8.410350095557509453e-01
-8.466208274091582275e-01
-8.521471947951794190e-01
-8.576135277642468191e-01
-8.630192418550047817e-01
-8.683637511730930569e-01
-8.736464692100058826e-01
-8.788668087407351948e-01
-8.840241814143405819e-01
-8.891179980610210976e-01
-8.941476694086185617e-01
-8.991126042401823559e-01
-9.040122112364041840e-01
-9.088458976449704796e-01
-9.136130705088530979e-01
-9.183131355403758578e-01
-9.229454986565780450e-01
-9.275095636249909292e-01
-9.320047344178611359e-01
-9.364304141885748667e-01
-9.407860052716586763e-01
-9.450709085686338495e-01
-9.492845254928091725e-01
-9.534262558197734716e-01
-9.574954991204002175e-01
-9.614916545561335015e-01
-9.654141198554115899e-01
-9.692622924396009365e-01
-9.730355697300673290e-01
-9.767333479198870849e-01
-9.803550226903486875e-01
-9.838999894156680304e-01
-9.873676426512012494e-01
-9.907573769523041474e-01
-9.940685860554727693e-01
-9.973006630830578700e-01
-1.000453001259768104e+00
-1.003524992991451592e+00
-1.006516030683956675e+00
-1.009425505924272048e+00
-1.012252810299385519e+00
-1.014997334884498281e+00
-1.017658470447738273e+00
-1.020235608473736511e+00
-1.022728139423548788e+00
-1.025135453246443173e+00
-1.027456940301118005e+00
-1.029691990946271618e+00
-1.031839995438244673e+00
-1.033900343828662693e+00
-1.035872426373866784e+00
-1.037755633330197602e+00
-1.039549354646923218e+00
-1.041252981194529692e+00
-1.042865903638787506e+00
-1.044387512543110130e+00
-1.045817199494485594e+00
-1.047154355465757414e+00
-1.048398373067489064e+00
-1.049548644193741165e+00
-1.050604561455076968e+00
-1.051565518280920264e+00
-1.052430908407766763e+00
-1.053200126698044858e+00
-1.053872568321255754e+00
-1.054447628856330477e+00
-1.054924705212847424e+00
-1.055303194402742673e+00
-1.055582495485102745e+00
-1.055762007519013723e+00
-1.055841131508354236e+00
-1.055819268252288001e+00
-1.055695821211274366e+00
-1.055470194152844599e+00
-1.055141792686965063e+00
-1.054710022833032390e+00
-1.054174293374096072e+00
-1.053534013809707570e+00
-1.052788595379496206e+00
-1.051937450858454248e+00
-1.050979995375795895e+00
-1.049915645186668245e+00
-1.048743819105156128e+00
-1.047463937173634285e+00
-1.046075422607560368e+00
-1.044577700260111763e+00
-1.042970197031616308e+00
-1.041252342074266313e+00
-1.039423568020410249e+00
-1.037483308833043516e+00
-1.035431002364746611e+00
-1.033266088310535569e+00
-1.030988009640866121e+00
-1.028596212089847306e+00
-1.026090144769385093e+00
-1.023469259657396213e+00
-1.020733012621382052e+00
-1.017880862292497079e+00
-1.014912271293838320e+00
-1.011826705626300393e+00
-1.008623635487435832e+00
-1.005302534554952221e+00
-1.001862880703214609e+00
-9.983041560032462902e-01
-9.946258473368728703e-01
-9.908274453731480413e-01
-9.869084456942853745e-01
-9.828683483862288295e-01
-9.787066585504401450e-01
-9.744228866109714282e-01
-9.700165479050348871e-01
-9.654871629900754204e-01
-9.608342587697036308e-01
-9.560573665489023876e-01
-9.511560246953227882e-01
-9.461297767968485095e-01
-9.409781734016736676e-01
-9.357007706876551145e-01
-9.302971325094626653e-01
-9.247668288632164835e-01
-9.191094381383519973e-01
-9.133245444563251603e-01
-9.074117410484097146e-01
-9.013706285156198872e-01
-8.952008162617153264e-01
-8.889019223908435352e-01
-8.824735743216853834e-01
-8.759154092992417207e-01
-8.692270751113368998e-01
-8.624082301909754555e-01
-8.554585454587778637e-01
-8.483777038111925961e-01
-8.411654025770763932e-01
-8.338213534153366968e-01
-8.263452849762269459e-01
-8.187369425942737644e-01
-8.109960921778626153e-01
-8.031225210280972249e-01
-7.951160405000954334e-01
-7.869764890737137586e-01
-7.787037356289880918e-01
-7.702976822097854503e-01
-7.617582695511104784e-01
-7.530854812757622474e-01
-7.442793487051373447e-01
-7.353399584336854922e-01
-7.262674581632866389e-01
-7.170620655059971593e-01
-7.077240764797226857e-01
-6.982538748227504755e-01
-6.886519443790082295e-01
-6.789188791290995395e-01
-6.690553988510017369e-01
-6.590623621194695581e-01
-6.489407831950234629e-01
-6.386918487082225981e-01
-6.283169371075912890e-01
-6.178176378004722746e-01
-6.071957727504604385e-01
-5.964534197125566095e-01
-5.855929345471032610e-01
-5.746169769115190284e-01
-5.635285350308145702e-01
-5.523309530270464895e-01
-5.410279556898337505e-01
-5.296236768293866026e-01
-5.181226846611679537e-01
-5.065300078046997001e-01
-4.948511606682240438e-01
-4.830921661720695148e-01
-4.712595771413700119e-01
-4.593604962657777957e-01
-4.474025915554473154e-01
-4.353941092380803624e-01
-4.233438823569570242e-01
-4.112613353770230851e-01
-3.991564823424549879e-01
-3.870399217587848217e-01
-3.749228237982115686e-01
-3.628169112611058233e-01
-3.507344352149230349e-01
-3.386881417280145357e-01
-3.266912339973503943e-01
-3.147573246499219546e-01
-3.029003839498442541e-01
-2.911346785885677857e-01
-2.794747058690024710e-01
-2.679351205199015928e-01
-2.565306568017998168e-01
-2.452760448809317706e-01
-2.341859244394974005e-01
-2.232747534751245710e-01
-2.125567157696844622e-01
-2.020456271298165241e-01
-1.917548419345262156e-01
-1.816971600922126229e-01
-1.718847359424886534e-01
-1.623289922758767156e-01
-1.530405381919105190e-01
-1.440290924333636480e-01
-1.353034138343248149e-01
-1.268712399568731886e-01
-1.187392343769632513e-01
-1.109129434383788609e-01
-1.033967629353651774e-01
-9.619391549162002730e-02
-8.930643899389578699e-02
-8.273518572196057741e-02
-7.647983284024259532e-02
-7.053890281815239360e-02
-6.490979485383704950e-02
-5.958882622661226119e-02
-5.457128204270999400e-02
-4.985147396289715122e-02
-4.542280624865588368e-02
-4.127784784745668761e-02
-3.740841033799877091e-02
-3.380562979062490259e-02
-3.046005167287211407e-02
-2.736171785335118553e-02
-2.450025433492343876e-02
-2.186495864242090845e-02
-1.944488596928174370e-02
-1.722893291878428018e-02
-1.520591825132405761e-02
-1.336465929429153134e-02
-1.169404398256380755e-02
-1.018309760839279654e-02
-8.821043788094333482e-03
-7.597359485604637808e-03
-6.501823689871432874e-03
