1.762772876766253646e-02
2.365397801762296123e-02
3.085073862348933563e-02
3.936763301285176042e-02
4.915142724112413208e-02
6.039076317407720412e-02
7.284370037628964956e-02
8.675662039975154394e-02
1.016483868000226248e-01
1.178507587989569422e-01
1.346194487733313183e-01
1.524034629559436194e-01
1.702080047848944788e-01
1.886266009771445373e-01
2.064649264112848881e-01
2.244732491367707472e-01
2.413391821853160535e-01
2.579586822828119352e-01
2.729978319462244563e-01
2.874615206226792119e-01
3.000874907726950314e-01
3.119320091559086294e-01
3.218782709780456663e-01
3.309665235604764555e-01
3.382701625667297041e-01
3.447496245235018297e-01
3.496824675257600434e-01
3.539007910827434711e-01
3.568745005513104807e-01
3.592807502313721812e-01
3.607530874981398905e-01
3.618096019615840153e-01
3.622114344770725469e-01
3.623315482838114221e-01
3.620230548138511639e-01
3.615387297774663722e-01
3.607933054612108004e-01
3.599481396792540977e-01
3.589564798427761216e-01
3.579153545894814270e-01
3.568005238275433477e-01
3.556669394889384050e-01
3.545026880421450199e-01
3.533370580355095769e-01
3.521644661407409282e-01
3.509995738570076407e-01
3.498398499423170938e-01
3.486921545781102028e-01
3.475553398764913982e-01
3.464323697291499804e-01
3.453226871783654506e-01
3.442274340456640824e-01
3.431462928477593266e-01
3.420796087307785838e-01
3.410271579543019960e-01
3.399889614653111014e-01
3.389648326953711432e-01
3.379546714496932114e-01
3.369583077046225950e-01
3.359756014976142957e-01
3.350063922118335924e-01
3.340505304612668702e-01
3.331078626146538046e-01
3.321782403193730970e-01
3.312615160485551935e-01
3.303575457373905122e-01
3.294661875555487951e-01
3.285873025601674935e-01
3.277207543506136522e-01
3.268664091895265855e-01
3.260241358839346404e-01
3.251938057747592037e-01
3.243752926733768360e-01
3.235684728223207629e-01
3.227732248458788922e-01
3.219894297063984334e-01
3.212169706595521257e-01
3.204557332115433588e-01
3.197056050770080149e-01
3.189664761381085234e-01
3.182382384045925328e-01
3.175207859748716555e-01
3.168140149980654963e-01
3.161178236369959205e-01
3.154321120321039174e-01
3.147567822662667991e-01
3.140917383304909216e-01
3.134368860904594434e-01
3.127921332539113086e-01
3.121573893388324139e-01
3.115325656424368095e-01
3.109175752109193391e-01
3.103123328099594569e-01
3.097167548959592343e-01
3.091307595879952408e-01
3.085542666404689771e-01
3.079871974164373749e-01
3.074294748616084316e-01
3.068810234789834945e-01
3.063417693041348144e-01
3.058116398810979963e-01
3.052905642388707985e-01
3.047784728684984623e-01
3.042752977007370241e-01
3.037809720842767902e-01
3.032954307645170378e-01
3.028186098628765643e-01
3.023504468566298731e-01
3.018908805592561695e-01
3.014398511012905679e-01
3.009972999116657388e-01
3.005631696995345048e-01
3.001374044365610061e-01
2.997199493396732195e-01
2.993107508542640627e-01
2.989097566378344228e-01
2.985169155440666189e-01
2.981321776073214136e-01
2.977554940275479178e-01
2.973868171556011131e-01
2.970261004789545023e-01
2.966732986078052803e-01
2.963283672615596442e-01
2.959912632556945256e-01
2.956619444889862502e-01
2.953403699311011321e-01
2.950264996105392834e-01
2.947202946029277570e-01
2.944217170196538613e-01
2.941307299968360378e-01
2.938472976846223106e-01
2.935713852368157517e-01
2.933029588008154720e-01
2.930419855078752467e-01
2.927884334636658425e-01
2.925422717391463201e-01
2.923034703617285457e-01
2.920720003067418524e-01
2.918478334891819737e-01
2.916309427557510769e-01
2.914213018771744657e-01
2.912188855407996657e-01
2.910236693434655741e-01
2.908356297846449445e-01
2.906547442598514941e-01
2.904809910543130202e-01
2.903143493369020889e-01
2.901547991543273475e-01
2.900023214255755266e-01
2.898568979366095144e-01
2.897185113353109021e-01
2.895871451266735508e-01
2.894627836682367450e-01
2.893454121657650924e-01
2.892350166691633473e-01
2.891315840686330962e-01
2.890351020910623125e-01
2.889455592966508335e-01
2.888629450757672634e-01
2.887872496460369698e-01
2.887184640496600063e-01
2.886565801509560769e-01
2.886015906341377057e-01
2.885534890013082276e-01
2.885122695706850982e-01
2.884779274750472466e-01
2.884504586604053067e-01
2.884298598848947237e-01
2.884161287178909072e-01
2.884092635393458171e-01
2.884092635393458171e-01
2.884161287178909072e-01
2.884298598848947237e-01
2.884504586604053067e-01
2.884779274750472466e-01
2.885122695706850982e-01
2.885534890013082276e-01
2.886015906341377057e-01
2.886565801509560769e-01
2.887184640496600063e-01
2.887872496460369698e-01
2.888629450757672634e-01
2.889455592966508890e-01
2.890351020910623125e-01
2.891315840686331518e-01
2.892350166691633473e-01
2.893454121657651479e-01
2.894627836682367450e-01
2.895871451266735508e-01
2.897185113353109021e-01
2.898568979366095699e-01
2.900023214255755821e-01
2.901547991543274030e-01
2.903143493369021444e-01
2.904809910543130758e-01
2.906547442598515496e-01
2.908356297846450000e-01
2.910236693434656297e-01
2.912188855407997212e-01
2.914213018771745212e-01
2.916309427557511325e-01
2.918478334891820292e-01
2.920720003067419079e-01
2.923034703617286012e-01
2.925422717391463756e-01
2.927884334636659536e-01
2.930419855078753022e-01
2.933029588008155830e-01
2.935713852368158627e-01
2.938472976846224216e-01
2.941307299968361488e-01
2.944217170196539723e-01
2.947202946029278681e-01
2.950264996105393944e-01
2.953403699311012431e-01
2.956619444889863613e-01
2.959912632556945811e-01
2.963283672615597553e-01
2.966732986078053358e-01
2.970261004789546133e-01
2.973868171556011686e-01
2.977554940275480289e-01
2.981321776073214691e-01
2.985169155440667299e-01
2.989097566378344784e-01
2.993107508542641182e-01
2.997199493396732750e-01
3.001374044365610616e-01
3.005631696995345603e-01
3.009972999116658499e-01
3.014398511012906234e-01
3.018908805592562805e-01
3.023504468566299286e-01
3.028186098628766754e-01
3.032954307645170933e-01
3.037809720842769012e-01
3.042752977007371351e-01
3.047784728684985733e-01
3.052905642388709095e-01
3.058116398810981074e-01
3.063417693041349255e-01
3.068810234789836056e-01
3.074294748616085426e-01
3.079871974164374304e-01
3.085542666404690881e-01
3.091307595879953518e-01
3.097167548959594563e-01
3.103123328099596234e-01
3.109175752109195057e-01
3.115325656424370315e-01
3.121573893388326359e-01
3.127921332539114752e-01
3.134368860904597209e-01
3.140917383304911437e-01
3.147567822662670767e-01
3.154321120321041394e-01
3.161178236369961980e-01
3.168140149980657183e-01
3.175207859748719330e-01
3.182382384045926438e-01
3.189664761381088010e-01
3.197056050770081259e-01
3.204557332115436363e-01
3.212169706595521812e-01
3.219894297063987110e-01
3.227732248458789477e-01
3.235684728223210405e-01
3.243752926733768915e-01
3.251938057747594257e-01
3.260241358839348069e-01
3.268664091895268631e-01
3.277207543506138188e-01
3.285873025601677710e-01
3.294661875555489061e-01
3.303575457373908453e-01
3.312615160485553045e-01
3.321782403193734301e-01
3.331078626146539712e-01
3.340505304612672588e-01
3.350063922118337589e-01
3.359756014976146288e-01
3.369583077046227615e-01
3.379546714496934889e-01
3.389648326953713653e-01
3.399889614653113790e-01
3.410271579543022735e-01
3.420796087307789168e-01
3.431462928477596597e-01
3.442274340456644155e-01
3.453226871783658392e-01
3.464323697291503135e-01
3.475553398764917312e-01
3.486921545781105913e-01
3.498398499423174823e-01
3.509995738570080293e-01
3.521644661407413723e-01
3.533370580355099655e-01
3.545026880421454640e-01
3.556669394889387381e-01
3.568005238275437363e-01
3.579153545894817601e-01
3.589564798427764547e-01
3.599481396792543753e-01
3.607933054612111334e-01
3.615387297774666497e-01
3.620230548138514970e-01
3.623315482838116997e-01
3.622114344770728800e-01
3.618096019615841819e-01
3.607530874981401681e-01
3.592807502313723478e-01
3.568745005513106472e-01
3.539007910827435266e-01
3.496824675257600434e-01
3.447496245235017742e-01
3.382701625667295375e-01
3.309665235604762334e-01
3.218782709780452223e-01
3.119320091559082408e-01
3.000874907726943097e-01
2.874615206226784903e-01
2.729978319462235126e-01
2.579586822828109915e-01
2.413391821853149433e-01
2.244732491367696647e-01
2.064649264112836113e-01
1.886266009771433438e-01
1.702080047848931466e-01
1.524034629559423704e-01
1.346194487733300416e-01
1.178507587989557626e-01
1.016483868000214869e-01
8.675662039975047535e-02
7.284370037628865036e-02
6.039076317407631594e-02
4.915142724112334799e-02
3.936763301285107347e-02
3.085073862348875623e-02
2.365397801762248592e-02
1.762772876766215135e-02
