2.082503284641969155e-02
3.580047670892230055e-02
5.614534711489684721e-02
8.193428307192356097e-02
1.125690696215776859e-01
1.467771550588863605e-01
1.827632939423684821e-01
2.184837537548437181e-01
2.519727998980382799e-01
2.816367581543749443e-01
3.064465192955114770e-01
3.259962962913119378e-01
3.404382882651911246e-01
3.503338719043668226e-01
3.564736926866218236e-01
3.597124764077495040e-01
3.608468703844830983e-01
3.605451139811997052e-01
3.593224439586936714e-01
3.575485138095048088e-01
3.554720099739027139e-01
3.532506058910557245e-01
3.509787912475829663e-01
3.487101206631668671e-01
3.464732135415065084e-01
3.442823349012233969e-01
3.421439138484259623e-01
3.400603164556274538e-01
3.380319096070730778e-01
3.360581325802770580e-01
3.341380267479311938e-01
3.322704852791205643e-01
3.304543653368179346e-01
3.286885358862101647e-01
3.269718966844606944e-01
3.253033849293076596e-01
3.236819768578587664e-01
3.221066873854236401e-01
3.205765690402944124e-01
3.190907106842055807e-01
3.176482362010250027e-01
3.162483032179175257e-01
3.148901018793483497e-01
3.135728536787050769e-01
3.122958103470425129e-01
3.110582527968068223e-01
3.098594901179853589e-01
3.086988586241077859e-01
3.075757209456355112e-01
3.064894651684150761e-01
3.054395040149933127e-01
3.044252740667444668e-01
3.034462350248693374e-01
3.025018690084516071e-01
3.015916798878660043e-01
3.007151926519353591e-01
2.998719528073305884e-01
2.990615258087961914e-01
2.982834965188864706e-01
2.975374686959481596e-01
2.968230645091927133e-01
2.961399240797560339e-01
2.954877050467187849e-01
2.948660821571170154e-01
2.942747468790453680e-01
2.937134070370071015e-01
2.931817864687133457e-01
2.926796247025981734e-01
2.922066766553632067e-01
2.917627123489010543e-01
2.913475166460123278e-01
2.909608890043482443e-01
2.906026432480832145e-01
2.902726073568315801e-01
2.899706232713802345e-01
2.896965467158372776e-01
2.894502470358346624e-01
2.892316070524548755e-01
2.890405229315874958e-01
2.888769040684533995e-01
2.887406729870616862e-01
2.886317652543980983e-01
2.885501294091785685e-01
2.884957269050174022e-01
2.884685320679050147e-01
2.884685320679050147e-01
2.884957269050174022e-01
2.885501294091785685e-01
2.886317652543980983e-01
2.887406729870616862e-01
2.888769040684533995e-01
2.890405229315874958e-01
2.892316070524548755e-01
2.894502470358346624e-01
2.896965467158372776e-01
2.899706232713802345e-01
2.902726073568315801e-01
2.906026432480832145e-01
2.909608890043482998e-01
2.913475166460123833e-01
2.917627123489011098e-01
2.922066766553632622e-01
2.926796247025982289e-01
2.931817864687134012e-01
2.937134070370071570e-01
2.942747468790454790e-01
2.948660821571171264e-01
2.954877050467189514e-01
2.961399240797562005e-01
2.968230645091928799e-01
2.975374686959483261e-01
2.982834965188866372e-01
2.990615258087963579e-01
2.998719528073307550e-01
3.007151926519355256e-01
3.015916798878661709e-01
3.025018690084517736e-01
3.034462350248695039e-01
3.044252740667446333e-01
3.054395040149934792e-01
3.064894651684152427e-01
3.075757209456356778e-01
3.086988586241079524e-01
3.098594901179855254e-01
3.110582527968070443e-01
3.122958103470426794e-01
3.135728536787052989e-01
3.148901018793485163e-01
3.162483032179176923e-01
3.176482362010252247e-01
3.190907106842057472e-01
3.205765690402946344e-01
3.221066873854238621e-01
3.236819768578589884e-01
3.253033849293078816e-01
3.269718966844609165e-01
3.286885358862103867e-01
3.304543653368181566e-01
3.322704852791207863e-01
3.341380267479314159e-01
3.360581325802772801e-01
3.380319096070732998e-01
3.400603164556277314e-01
3.421439138484262399e-01
3.442823349012237300e-01
3.464732135415067860e-01
3.487101206631672001e-01
3.509787912475833549e-01
3.532506058910561131e-01
3.554720099739031580e-01
3.575485138095051973e-01
3.593224439586941155e-01
3.605451139812000938e-01
3.608468703844834868e-01
3.597124764077497816e-01
3.564736926866219346e-01
3.503338719043668226e-01
3.404382882651909581e-01
3.259962962913116047e-01
3.064465192955109774e-01
2.816367581543741117e-01
2.519727998980371697e-01
2.184837537548424968e-01
1.827632939423671776e-01
1.467771550588850282e-01
1.125690696215764369e-01
8.193428307192246463e-02
5.614534711489595903e-02
3.580047670892162748e-02
2.082503284641922317e-02
