1.615199083924323195e-02
1.721151557387785164e-02
1.831451388552904000e-02
1.946186742442366016e-02
2.065443487816873841e-02
2.189304974571168461e-02
2.317851809951857953e-02
2.451161634187191615e-02
2.589308896137920701e-02
2.732364629595589525e-02
2.880396230869846155e-02
3.033467238319571477e-02
3.191637114493647842e-02
3.354961031555966228e-02
3.523489660675654250e-02
3.697268966067460139e-02
3.876340004368643288e-02
4.060738730037544153e-02
4.250495807455182545e-02
4.445636430404728556e-02
4.646180149594433123e-02
4.852140708877652336e-02
5.063525890808884961e-02
5.280337372157260095e-02
5.502570589978788423e-02
5.730214618825807404e-02
5.963252059646622499e-02
6.201658940900252326e-02
6.445404632380720422e-02
6.694451772212356433e-02
6.948756207442383093e-02
7.208266948619612702e-02
7.472926138708686772e-02
7.742669036647827074e-02
8.017424015814998695e-02
8.297112577622597906e-02
8.581649380414631267e-02
8.870942283792891681e-02
9.164892408450181494e-02
9.463394211539247203e-02
9.766335577556087277e-02
1.007359792466577669e-01
1.038505632634828535e-01
1.070057964819092350e-01
1.102003069960354464e-01
1.134326640018240712e-01
1.167013796039908236e-01
1.200049107624203276e-01
1.233416613739086037e-01
1.267099844845675227e-01
1.301081846277780119e-01
1.335345202821445754e-01
1.369872064434906611e-01
1.404644173045399846e-01
1.439642890355566640e-01
1.474849226588701434e-01
1.510243870098873231e-01
1.545807217768987163e-01
1.581519406117179172e-01
1.617360343029544123e-01
1.653309740035122932e-01
1.689347145037292663e-01
1.725451975414258043e-01
1.761603551400205969e-01
1.797781129657895494e-01
1.833963936952973939e-01
1.870131203840184608e-01
1.906262198271826414e-01
1.942336259039343649e-01
1.978332828959794010e-01
2.014231487720102298e-01
2.050011984293512446e-01
2.085654268844434056e-01
2.121138524039990758e-01
2.156445195688949934e-01
2.191555022631372085e-01
2.226449065805248262e-01
2.261108736419546461e-01
2.295515823166502378e-01
2.329652518409593698e-01
2.363501443287458204e-01
2.397045671678012246e-01
2.430268752971177781e-01
2.463154733602928304e-01
2.495688177307796018e-01
2.527854184051496200e-01
2.559638407609948207e-01
2.591027071765636958e-01
2.622006985096989595e-01
2.652565554341161924e-01
2.682690796315388981e-01
2.712371348386775072e-01
2.741596477485082617e-01
2.770356087657721011e-01
2.798640726170685267e-01
2.826441588163688401e-01
2.853750519872058633e-01
2.880560020432239021e-01
2.906863242291820582e-01
2.932653990248965670e-01
2.957926719149889250e-01
2.982676530276632265e-01
3.006899166460798578e-01
3.030591005962121054e-01
3.053749055153724967e-01
3.076370940058744674e-01
3.098454896785514667e-01
3.119999760910868725e-01
3.141004955863209158e-01
3.161470480358847812e-01
3.181396894946756371e-01
3.200785307718254646e-01
3.219637359239307384e-01
3.237955206764015492e-01
3.255741507788570965e-01
3.272999403005391605e-01
3.289732498717364839e-01
3.305944848772156552e-01
3.321640936076293849e-01
3.336825653748347054e-01
3.351504285969892361e-01
3.365682488592132149e-01
3.379366269555074687e-01
3.392561969174983094e-01
3.405276240354502271e-01
3.417516028768379788e-01
3.429288553076086932e-01
3.440601285210893034e-01
3.451461930793083832e-01
3.461878409713036731e-01
3.471858836927804726e-01
3.481411503512712446e-01
3.490544858007224582e-01
3.499267488092098755e-01
3.507588102632465676e-01
3.515515514119144647e-01
3.523058621538076585e-01
3.530226393695370946e-01
3.537027853023024804e-01
3.543472059887975978e-01
3.549568097424735669e-01
3.555325056909484638e-01
3.560752023691168278e-01
3.565858063692813329e-01
3.570652210494039691e-01
3.575143453003533089e-01
3.579340723728104967e-01
3.583252887642889295e-01
3.586888731665217045e-01
3.590256954732795047e-01
3.593366158484969652e-01
3.596224838544074820e-01
3.598841376392237779e-01
3.601224031837392259e-01
3.603380936060796569e-01
3.605320085236935479e-01
3.607049334715428102e-01
3.608576393753323286e-01
3.609908820785096562e-01
3.611054019216651256e-01
3.612019233728701040e-01
3.612811547074138985e-01
3.613437877353226635e-01
3.613904975749856474e-01
3.614219424711579420e-01
3.614387636555638217e-01
3.614415852482896763e-01
3.614310141981251778e-01
3.614076402599927795e-01
3.613720360075908244e-01
3.613247568793712117e-01
3.612663412559715126e-01
3.611973105672317552e-01
3.611181694269363085e-01
3.610294057934431144e-01
3.609314911543851090e-01
3.608248807336588704e-01
3.607100137189496736e-01
3.605873135080787661e-01
3.604571879725021466e-01
3.603200297363333693e-01
3.601762164693124713e-01
3.600261111921930213e-01
3.598700625930721930e-01
3.597084053532434433e-01
3.595414604812093295e-01
3.593695356535471230e-01
3.591929255613811600e-01
3.590119122612738800e-01
3.588267655294071212e-01
3.586377432179869706e-01
3.584450916128628095e-01
3.582490457914127013e-01
3.580498299798063333e-01
3.578476579088131215e-01
3.576427331673829313e-01
3.574352495532816532e-01
3.572253914201193870e-01
3.570133340201632199e-01
3.567992438423779333e-01
3.565832789451900964e-01
3.563655892835180805e-01
3.561463170296597647e-01
3.559255968876745557e-01
3.557035564009390360e-01
3.554803162525989046e-01
3.552559905586779587e-01
3.550306871536440534e-01
3.548045078682676712e-01
3.545775487996412623e-01
3.543499005732614893e-01
3.541216485971048211e-01
3.538928733076562860e-01
3.536636504078760623e-01
3.534340510971143434e-01
3.532041422930065067e-01
3.529739868454018770e-01
3.527436437423975280e-01
3.525131683085679368e-01
3.522826123954942990e-01
3.520520245647150159e-01
3.518214502632275864e-01
3.515909319916877829e-01
3.513605094654582706e-01
3.511302197686704263e-01
3.509000975014686663e-01
3.506701749206139196e-01
3.504404820736277681e-01
3.502110469266639936e-01
3.499818954862953246e-01
3.497530519154082862e-01
3.495245386433992185e-01
3.492963764708642560e-01
3.490685846689790539e-01
3.488411810737609975e-01
3.486141821754054071e-01
3.483876032028884184e-01
3.481614582040227779e-01
3.479357601211540141e-01
3.477105208626790067e-01
3.474857513705660317e-01
3.472614616840528634e-01
3.470376609996938533e-01
3.468143577279234613e-01
3.465915595463002763e-01
3.463692734495883441e-01
3.461475057968312896e-01
3.459262623555673932e-01
3.457055483433301157e-01
3.454853684665726288e-01
3.452657269571516307e-01
3.450466276064994009e-01
3.448280737976077148e-01
3.446100685349446358e-01
3.443926144724172578e-01
3.441757139394913678e-01
3.439593689655723319e-01
3.437435813027482912e-01
3.435283524469908145e-01
3.433136836579054885e-01
3.430995759771187092e-01
3.428860302453833331e-01
3.426730471184833426e-01
3.424606270820106935e-01
3.422487704650865603e-01
3.420374774530933748e-01
3.418267480994819918e-01
3.416165823367134924e-01
3.414069799863932442e-01
3.411979407686499544e-01
3.409894643108118406e-01
3.407815501554259385e-01
3.405741977676663423e-01
3.403674065421739559e-01
3.401611758093667226e-01
3.399555048412577496e-01
3.397503928568169629e-01
3.395458390269078253e-01
3.393418424788313126e-01
3.391384023005043491e-01
3.389355175443009571e-01
3.387331872305801572e-01
3.385314103509243777e-01
3.383301858711105226e-01
3.381295127338337925e-01
3.379293898612030222e-01
3.377298161570255197e-01
3.375307905088977267e-01
3.373323117901169121e-01
3.371343788614277748e-01
3.369369905726178338e-01
3.367401457639729312e-01
3.365438432676047809e-01
3.363480819086605567e-01
3.361528605064242892e-01
3.359581778753194525e-01
3.357640328258201801e-01
3.355704241652795461e-01
3.353773506986811315e-01
3.351848112293211446e-01
3.349928045594267045e-01
3.348013294907153936e-01
3.346103848249019630e-01
3.344199693641559668e-01
3.342300819115155974e-01
3.340407212712602214e-01
3.338518862492469985e-01
3.336635756532130292e-01
3.334757882930478035e-01
3.332885229810370054e-01
3.331017785320819491e-01
3.329155537638953111e-01
3.327298474971764342e-01
3.325446585557679802e-01
3.323599857667947077e-01
3.321758279607875952e-01
3.319921839717930867e-01
3.318090526374705695e-01
3.316264327991773619e-01
3.314443233020442636e-01
3.312627229950410035e-01
3.310816307310331386e-01
3.309010453668325136e-01
3.307209657632391719e-01
3.305413907850783262e-01
3.303623193012312220e-01
3.301837501846608958e-01
3.300056823124338234e-01
3.298281145657372959e-01
3.296510458298929636e-01
3.294744749943674944e-01
3.292984009527801237e-01
3.291228226029077608e-01
3.289477388466873764e-01
3.287731485902166684e-01
3.285990507437527852e-01
3.284254442217095504e-01
3.282523279426524110e-01
3.280797008292936079e-01
3.279075618084845711e-01
3.277359098112082592e-01
3.275647437725702771e-01
3.273940626317893288e-01
3.272238653321866697e-01
3.270541508211751713e-01
3.268849180502479967e-01
3.267161659749664437e-01
3.265478935549473993e-01
3.263800997538507942e-01
3.262127835393661690e-01
3.260459438831998513e-01
3.258795797610607448e-01
3.257136901526470618e-01
3.255482740416319465e-01
3.253833304156493744e-01
3.252188582662804972e-01
3.250548565890386543e-01
3.248913243833552733e-01
3.247282606525655480e-01
3.245656644038937833e-01
3.244035346484390181e-01
3.242418704011604813e-01
3.240806706808628812e-01
3.239199345101821947e-01
3.237596609155710126e-01
3.235998489272839951e-01
3.234404975793636616e-01
3.232816059096254580e-01
3.231231729596439894e-01
3.229651977747383107e-01
3.228076794039577702e-01
3.226506169000676327e-01
3.224940093195350355e-01
3.223378557225146102e-01
3.221821551728347166e-01
3.220269067379830652e-01
3.218721094890929502e-01
3.217177625009292607e-01
3.215638648518748810e-01
3.214104156239163679e-01
3.212574139026307951e-01
3.211048587771716534e-01
3.209527493402556386e-01
3.208010846881487188e-01
3.206498639206529222e-01
3.204990861410930703e-01
3.203487504563028443e-01
3.201988559766124065e-01
3.200494018158342446e-01
3.199003870912507930e-01
3.197518109236008876e-01
3.196036724370671100e-01
3.194559707592624642e-01
3.193087050212177758e-01
3.191618743573688688e-01
3.190154779055435763e-01
3.188695148069493612e-01
3.187239842061605488e-01
3.185788852511056701e-01
3.184342170930551386e-01
3.182899788866089263e-01
3.181461697896837415e-01
3.180027889635010929e-01
3.178598355725751889e-01
3.177173087847002808e-01
3.175752077709390608e-01
3.174335317056100614e-01
3.172922797662761640e-01
3.171514511337323872e-01
3.170110449919940621e-01
3.168710605282852311e-01
3.167314969330265462e-01
3.165923533998238892e-01
3.164536291254564371e-01
3.163153233098653927e-01
3.161774351561423280e-01
3.160399638705176373e-01
3.159029086623493798e-01
3.157662687441117888e-01
3.156300433313839471e-01
3.154942316428387405e-01
3.153588329002315338e-01
3.152238463283890679e-01
3.150892711551984693e-01
3.149551066115964804e-01
3.148213519315579134e-01
3.146880063520855475e-01
3.145550691131985266e-01
3.144225394579222010e-01
3.142904166322769699e-01
3.141586998852681778e-01
3.140273884688747907e-01
3.138964816380392930e-01
3.137659786506571957e-01
3.136358787675663784e-01
3.135061812525369307e-01
3.133768853722604941e-01
3.132479903963402701e-01
3.131194955972807503e-01
3.129914002504773918e-01
3.128637036342065136e-01
3.127364050296154718e-01
3.126095037207120009e-01
3.124829989943550546e-01
3.123568901402442588e-01
3.122311764509102527e-01
3.121058572217050298e-01
3.119809317507917790e-01
3.118563993391355593e-01
3.117322592904932521e-01
3.116085109114041241e-01
3.114851535111805014e-01
3.113621864018975560e-01
3.112396088983846454e-01
3.111174203182152098e-01
3.109956199816977240e-01
3.108742072118662603e-01
3.107531813344712179e-01
3.106325416779702198e-01
3.105122875735185084e-01
3.103924183549602867e-01
3.102729333588193361e-01
3.101538319242899133e-01
3.100351133932279790e-01
3.099167771101420943e-01
3.097988224221843168e-01
3.096812486791416519e-01
3.095640552334271156e-01
3.094472414400707416e-01
3.093308066567111991e-01
3.092147502435867445e-01
3.090990715635267838e-01
3.089837699819432681e-01
3.088688448668221453e-01
3.087542955887145335e-01
3.086401215207287274e-01
3.085263220385213723e-01
3.084128965202892481e-01
3.082998443467609428e-01
3.081871649011884151e-01
3.080748575693389446e-01
3.079629217394865837e-01
3.078513568024043856e-01
3.077401621513559116e-01
3.076293371820872924e-01
3.075188812928191795e-01
3.074087938842387513e-01
3.072990743594916085e-01
3.071897221241741138e-01
3.070807365863249538e-01
3.069721171564180895e-01
3.068638632473542072e-01
3.067559742744533913e-01
3.066484496554471306e-01
3.065412888104708800e-01
3.064344911620561218e-01
3.063280561351230391e-01
3.062219831569726880e-01
3.061162716572796150e-01
3.060109210680842518e-01
3.059059308237856989e-01
3.058013003611339542e-01
3.056970291192228073e-01
3.055931165394823457e-01
3.054895620656716271e-01
3.053863651438715188e-01
3.052835252224774254e-01
3.051810417521920726e-01
3.050789141860184572e-01
3.049771419792523530e-01
3.048757245894758161e-01
3.047746614765496354e-01
3.046739521026065600e-01
3.045735959320442499e-01
3.044735924315182252e-01
3.043739410699353165e-01
3.042746413184463927e-01
3.041756926504397551e-01
3.040770945415343651e-01
3.039788464695727388e-01
3.038809479146146741e-01
3.037833983589302567e-01
3.036861972869934201e-01
3.035893441854750630e-01
3.034928385432365538e-01
3.033966798513234031e-01
3.033008676029583794e-01
3.032054012935352372e-01
3.031102804206122214e-01
3.030155044839056844e-01
3.029210729852834794e-01
3.028269854287589102e-01
3.027332413204842365e-01
3.026398401687444562e-01
3.025467814839508662e-01
3.024540647786351233e-01
3.023616895674428595e-01
3.022696553671275210e-01
3.021779616965442616e-01
3.020866080766440032e-01
3.019955940304672182e-01
3.019049190831378793e-01
3.018145827618574084e-01
3.017245845958990147e-01
3.016349241166012551e-01
3.015456008573627056e-01
3.014566143536355769e-01
3.013679641429201639e-01
3.012796497647589056e-01
3.011916707607307231e-01
3.011040266744450800e-01
3.010167170515364865e-01
3.009297414396585602e-01
3.008430993884785853e-01
3.007567904496717959e-01
3.006708141769157128e-01
3.005851701258845932e-01
3.004998578542439347e-01
3.004148769216450354e-01
3.003302268897192207e-01
3.002459073220726804e-01
3.001619177842809738e-01
3.000782578438835890e-01
2.999949270703785587e-01
2.999119250352170196e-01
2.998292513117982172e-01
2.997469054754638429e-01
2.996648871034931494e-01
2.995831957750974550e-01
2.995018310714149257e-01
2.994207925755056343e-01
2.993400798723462319e-01
2.992596925488248960e-01
2.991796301937361680e-01
2.990998923977760682e-01
2.990204787535368225e-01
2.989413888555020882e-01
2.988626223000417914e-01
2.987841786854072978e-01
2.987060576117265276e-01
2.986282586809987372e-01
2.985507814970899676e-01
2.984736256657282150e-01
2.983967907944984344e-01
2.983202764928378770e-01
2.982440823720312051e-01
2.981682080452058292e-01
2.980926531273271340e-01
2.980174172351939266e-01
2.979424999874335511e-01
2.978679010044975595e-01
2.977936199086568259e-01
2.977196563239969396e-01
2.976460098764139306e-01
2.975726801936095511e-01
2.974996669050867792e-01
2.974269696421452669e-01
2.973545880378769546e-01
2.972825217271616860e-01
2.972107703466626560e-01
2.971393335348222475e-01
2.970682109318574793e-01
2.969974021797556207e-01
2.969269069222700841e-01
2.968567248049160390e-01
2.967868554749661381e-01
2.967172985814462427e-01
2.966480537751312596e-01
2.965791207085410330e-01
2.965104990359359594e-01
2.964421884133130458e-01
2.963741884984016917e-01
2.963064989506595803e-01
2.962391194312686826e-01
2.961720496031310934e-01
2.961052891308651458e-01
2.960388376808013589e-01
2.959726949209783853e-01
2.959068605211391256e-01
2.958413341527266205e-01
2.957761154888804978e-01
2.957112042044327538e-01
2.956465999759040897e-01
2.955823024815000255e-01
2.955183114011069034e-01
2.954546264162882241e-01
2.953912472102809827e-01
2.953281734679917836e-01
2.952654048759931205e-01
2.952029411225196576e-01
2.951407818974645658e-01
2.950789268923758590e-01
2.950173758004527302e-01
2.949561283165418879e-01
2.948951841371341143e-01
2.948345429603606016e-01
2.947742044859892330e-01
2.947141684154214181e-01
2.946544344516880409e-01
2.945950022994465733e-01
2.945358716649770225e-01
2.944770422561791001e-01
2.944185137825681697e-01
2.943602859552723050e-01
2.943023584870285703e-01
2.942447310921799675e-01
2.941874034866718834e-01
2.941303753880486482e-01
2.940736465154505375e-01
2.940172165896103862e-01
2.939610853328502582e-01
2.939052524690782819e-01
2.938497177237850977e-01
2.937944808240412486e-01
2.937395414984935171e-01
2.936848994773620936e-01
2.936305544924369682e-01
2.935765062770754330e-01
2.935227545661984738e-01
2.934692990962879389e-01
2.934161396053833748e-01
2.933632758330790846e-01
2.933107075205209635e-01
2.932584344104035567e-01
2.932064562469672286e-01
2.931547727759949429e-01
2.931033837448095425e-01
2.930522889022705857e-01
2.930014879987716814e-01
2.929509807862374360e-01
2.929007670181207335e-01
2.928508464493997376e-01
2.928012188365751167e-01
2.927518839376672677e-01
2.927028415122135407e-01
2.926540913212652972e-01
2.926056331273855227e-01
2.925574666946456071e-01
2.925095917886231800e-01
2.924620081763987800e-01
2.924147156265538006e-01
2.923677139091673260e-01
2.923210027958138557e-01
2.922745820595604171e-01
2.922284514749641238e-01
2.921826108180696213e-01
2.921370598664063678e-01
2.920917983989860800e-01
2.920468261963004020e-01
2.920021430403183516e-01
2.919577487144834893e-01
2.919136430037119756e-01
2.918698256943896840e-01
2.918262965743698145e-01
2.917830554329708392e-01
2.917401020609735052e-01
2.916974362506191132e-01
2.916550577956064094e-01
2.916129664910899755e-01
2.915711621336773418e-01
2.915296445214268783e-01
2.914884134538456850e-01
2.914474687318869273e-01
2.914068101579477266e-01
2.913664375358671621e-01
2.913263506709236061e-01
2.912865493698328367e-01
2.912470334407456507e-01
2.912078026932459207e-01
2.911688569383482084e-01
2.911301959884956547e-01
2.910918196575579819e-01
2.910537277608292173e-01
2.910159201150257502e-01
2.909783965382841675e-01
2.909411568501591439e-01
2.909042008716216654e-01
2.908675284250566428e-01
2.908311393342611351e-01
2.907950334244422397e-01
2.907592105222153167e-01
2.907236704556017681e-01
2.906884130540272060e-01
2.906534381483196205e-01
2.906187455707073264e-01
2.905843351548171860e-01
2.905502067356726115e-01
2.905163601496918435e-01
2.904827952346860087e-01
2.904495118298573986e-01
2.904165097757975267e-01
2.903837889144854079e-01
2.903513490892857263e-01
2.903191901449471701e-01
2.902873119276007663e-01
2.902557142847577154e-01
2.902243970653081706e-01
2.901933601195194057e-01
2.901626032990339832e-01
2.901321264568682001e-01
2.901019294474104782e-01
2.900720121264197537e-01
2.900423743510235908e-01
2.900130159797169038e-01
2.899839368723601263e-01
2.899551368901779891e-01
2.899266158957575779e-01
2.898983737530469451e-01
2.898704103273536115e-01
2.898427254853432333e-01
2.898153190950376601e-01
2.897881910258138238e-01
2.897613411484022405e-01
2.897347693348855113e-01
2.897084754586968236e-01
2.896824593946185633e-01
2.896567210187810382e-01
2.896312602086610344e-01
2.896060768430803178e-01
2.895811708022045239e-01
2.895565419675416585e-01
2.895321902219406551e-01
2.895081154495904308e-01
2.894843175360183318e-01
2.894607963680888574e-01
2.894375518340025488e-01
2.894145838232945467e-01
2.893918922268335359e-01
2.893694769368204134e-01
2.893473378467872892e-01
2.893254748515959873e-01
2.893038878474371023e-01
2.892825767318287777e-01
2.892615414036155963e-01
2.892407817629674138e-01
2.892202977113783602e-01
2.892000891516655070e-01
2.891801559879680905e-01
2.891604981257460683e-01
2.891411154717795640e-01
2.891220079341673688e-01
2.891031754223262196e-01
2.890846178469896888e-01
2.890663351202071296e-01
2.890483271553429545e-01
2.890305938670751917e-01
2.890131351713952079e-01
2.889959509856059872e-01
2.889790412283219090e-01
2.889624058194675826e-01
2.889460446802767923e-01
2.889299577332919977e-01
2.889141449023630015e-01
2.888986061126466165e-01
2.888833412906054443e-01
2.888683503640072092e-01
2.888536332619239810e-01
2.888391899147313979e-01
2.888250202541078893e-01
2.888111242130336764e-01
2.887975017257905508e-01
2.887841527279607079e-01
2.887710771564261369e-01
2.887582749493680101e-01
2.887457460462659609e-01
2.887334903878973069e-01
2.887215079163366060e-01
2.887097985749548235e-01
2.886983623084188322e-01
2.886871990626908024e-01
2.886763087850275356e-01
2.886656914239797977e-01
2.886553469293919316e-01
2.886452752524011900e-01
2.886354763454373473e-01
2.886259501622219781e-01
2.886166966577679571e-01
2.886077157883792377e-01
2.885990075116500186e-01
2.885905717864645226e-01
2.885824085729963295e-01
2.885745178327082661e-01
2.885668995283514060e-01
2.885595536239654035e-01
2.885524800848775495e-01
2.885456788777024384e-01
2.885391499703420237e-01
2.885328933319846745e-01
2.885269089331052306e-01
2.885211967454646143e-01
2.885157567421093860e-01
2.885105888973716337e-01
2.885056931868684171e-01
2.885010695875018794e-01
2.884967180774585249e-01
2.884926386362096085e-01
2.884888312445101910e-01
2.884852958843995285e-01
2.884820325392004614e-01
2.884790411935194143e-01
2.884763218332462298e-01
2.884738744455539461e-01
2.884716990188988528e-01
2.884697955430199912e-01
2.884681640089393762e-01
2.884668044089617744e-01
2.884657167366745378e-01
2.884649009869478253e-01
2.884643571559341035e-01
2.884640852410684797e-01
2.884640852410684797e-01
2.884643571559341035e-01
2.884649009869478253e-01
2.884657167366745378e-01
2.884668044089617744e-01
2.884681640089393762e-01
2.884697955430199912e-01
2.884716990188988528e-01
2.884738744455539461e-01
2.884763218332462298e-01
2.884790411935194143e-01
2.884820325392004614e-01
2.884852958843995285e-01
2.884888312445101910e-01
2.884926386362096085e-01
2.884967180774585249e-01
2.885010695875018794e-01
2.885056931868684171e-01
2.885105888973716337e-01
2.885157567421093860e-01
2.885211967454646143e-01
2.885269089331052306e-01
2.885328933319846745e-01
2.885391499703420237e-01
2.885456788777024384e-01
2.885524800848775495e-01
2.885595536239654035e-01
2.885668995283514060e-01
2.885745178327082661e-01
2.885824085729963295e-01
2.885905717864645226e-01
2.885990075116500186e-01
2.886077157883792377e-01
2.886166966577679571e-01
2.886259501622219781e-01
2.886354763454373473e-01
2.886452752524011900e-01
2.886553469293919316e-01
2.886656914239797977e-01
2.886763087850275356e-01
2.886871990626908024e-01
2.886983623084188322e-01
2.887097985749548235e-01
2.887215079163366060e-01
2.887334903878973069e-01
2.887457460462659609e-01
2.887582749493680101e-01
2.887710771564261369e-01
2.887841527279607079e-01
2.887975017257905508e-01
2.888111242130336764e-01
2.888250202541078893e-01
2.888391899147313979e-01
2.888536332619239810e-01
2.888683503640072092e-01
2.888833412906054443e-01
2.888986061126466165e-01
2.889141449023630015e-01
2.889299577332919977e-01
2.889460446802767923e-01
2.889624058194675826e-01
2.889790412283219090e-01
2.889959509856059872e-01
2.890131351713952079e-01
2.890305938670751917e-01
2.890483271553429545e-01
2.890663351202071296e-01
2.890846178469896888e-01
2.891031754223262196e-01
2.891220079341673688e-01
2.891411154717795640e-01
2.891604981257460683e-01
2.891801559879680905e-01
2.892000891516655625e-01
2.892202977113784157e-01
2.892407817629674693e-01
2.892615414036156518e-01
2.892825767318288332e-01
2.893038878474371578e-01
2.893254748515960428e-01
2.893473378467873447e-01
2.893694769368204689e-01
2.893918922268335914e-01
2.894145838232946022e-01
2.894375518340026043e-01
2.894607963680889129e-01
2.894843175360183873e-01
2.895081154495904863e-01
2.895321902219407106e-01
2.895565419675417140e-01
2.895811708022045794e-01
2.896060768430803734e-01
2.896312602086610899e-01
2.896567210187810937e-01
2.896824593946186188e-01
2.897084754586968791e-01
2.897347693348855668e-01
2.897613411484022961e-01
2.897881910258138793e-01
2.898153190950377156e-01
2.898427254853432888e-01
2.898704103273536670e-01
2.898983737530470006e-01
2.899266158957576334e-01
2.899551368901780446e-01
2.899839368723601818e-01
2.900130159797169593e-01
2.900423743510236463e-01
2.900720121264198093e-01
2.901019294474105337e-01
2.901321264568682556e-01
2.901626032990340387e-01
2.901933601195194612e-01
2.902243970653082261e-01
2.902557142847577709e-01
2.902873119276008218e-01
2.903191901449472256e-01
2.903513490892857818e-01
2.903837889144854634e-01
2.904165097757975822e-01
2.904495118298574541e-01
2.904827952346860642e-01
2.905163601496918990e-01
2.905502067356726670e-01
2.905843351548172415e-01
2.906187455707073819e-01
2.906534381483196761e-01
2.906884130540272615e-01
2.907236704556018236e-01
2.907592105222153722e-01
2.907950334244422952e-01
2.908311393342611906e-01
2.908675284250566984e-01
2.909042008716217209e-01
2.909411568501591994e-01
2.909783965382842230e-01
2.910159201150258057e-01
2.910537277608292728e-01
2.910918196575580374e-01
2.911301959884957102e-01
2.911688569383482639e-01
2.912078026932459762e-01
2.912470334407456507e-01
2.912865493698328367e-01
2.913263506709236061e-01
2.913664375358671621e-01
2.914068101579477266e-01
2.914474687318869273e-01
2.914884134538456850e-01
2.915296445214268783e-01
2.915711621336773418e-01
2.916129664910899755e-01
2.916550577956064094e-01
2.916974362506191132e-01
2.917401020609735052e-01
2.917830554329708392e-01
2.918262965743698145e-01
2.918698256943896840e-01
2.919136430037119756e-01
2.919577487144834893e-01
2.920021430403183516e-01
2.920468261963004020e-01
2.920917983989860245e-01
2.921370598664063123e-01
2.921826108180695658e-01
2.922284514749640683e-01
2.922745820595603616e-01
2.923210027958138557e-01
2.923677139091673260e-01
2.924147156265538006e-01
2.924620081763987800e-01
2.925095917886231800e-01
2.925574666946456071e-01
2.926056331273855227e-01
2.926540913212652972e-01
2.927028415122135407e-01
2.927518839376672677e-01
2.928012188365751167e-01
2.928508464493997376e-01
2.929007670181207335e-01
2.929509807862374360e-01
2.930014879987716814e-01
2.930522889022705857e-01
2.931033837448095425e-01
2.931547727759949429e-01
2.932064562469672286e-01
2.932584344104035567e-01
2.933107075205209635e-01
2.933632758330791401e-01
2.934161396053834303e-01
2.934692990962879944e-01
2.935227545661985293e-01
2.935765062770754885e-01
2.936305544924370237e-01
2.936848994773621491e-01
2.937395414984935726e-01
2.937944808240413042e-01
2.938497177237851532e-01
2.939052524690783375e-01
2.939610853328503137e-01
2.940172165896104417e-01
2.940736465154505930e-01
2.941303753880487037e-01
2.941874034866719390e-01
2.942447310921800230e-01
2.943023584870286258e-01
2.943602859552723605e-01
2.944185137825682252e-01
2.944770422561791556e-01
2.945358716649770781e-01
2.945950022994466289e-01
2.946544344516880964e-01
2.947141684154214736e-01
2.947742044859893440e-01
2.948345429603607126e-01
2.948951841371342253e-01
2.949561283165419989e-01
2.950173758004528413e-01
2.950789268923759701e-01
2.951407818974646768e-01
2.952029411225197686e-01
2.952654048759932315e-01
2.953281734679918946e-01
2.953912472102810938e-01
2.954546264162883351e-01
2.955183114011070145e-01
2.955823024815001365e-01
2.956465999759042007e-01
2.957112042044328648e-01
2.957761154888806088e-01
2.958413341527267315e-01
2.959068605211392367e-01
2.959726949209784963e-01
2.960388376808014699e-01
2.961052891308652568e-01
2.961720496031312044e-01
2.962391194312687936e-01
2.963064989506596913e-01
2.963741884984018582e-01
2.964421884133132123e-01
2.965104990359361259e-01
2.965791207085411996e-01
2.966480537751314261e-01
2.967172985814464092e-01
2.967868554749663046e-01
2.968567248049162055e-01
2.969269069222702506e-01
2.969974021797557873e-01
2.970682109318576458e-01
2.971393335348224141e-01
2.972107703466628226e-01
2.972825217271618525e-01
2.973545880378771211e-01
2.974269696421454334e-01
2.974996669050869458e-01
2.975726801936097177e-01
2.976460098764140971e-01
2.977196563239971061e-01
2.977936199086569924e-01
2.978679010044977260e-01
2.979424999874337177e-01
2.980174172351940931e-01
2.980926531273273006e-01
2.981682080452059957e-01
2.982440823720313716e-01
2.983202764928380990e-01
2.983967907944986564e-01
2.984736256657284370e-01
2.985507814970901341e-01
2.986282586809989037e-01
2.987060576117266941e-01
2.987841786854075199e-01
2.988626223000420135e-01
2.989413888555022547e-01
2.990204787535369890e-01
2.990998923977762347e-01
2.991796301937363345e-01
2.992596925488250625e-01
2.993400798723463985e-01
2.994207925755058008e-01
2.995018310714150922e-01
2.995831957750976215e-01
2.996648871034933159e-01
2.997469054754640094e-01
2.998292513117983837e-01
2.999119250352171862e-01
2.999949270703787252e-01
3.000782578438837556e-01
3.001619177842811403e-01
3.002459073220728469e-01
3.003302268897193872e-01
3.004148769216452020e-01
3.004998578542441012e-01
3.005851701258847597e-01
3.006708141769158238e-01
3.007567904496719069e-01
3.008430993884786409e-01
3.009297414396586157e-01
3.010167170515365420e-01
3.011040266744451355e-01
3.011916707607307786e-01
3.012796497647590166e-01
3.013679641429202749e-01
3.014566143536356324e-01
3.015456008573627611e-01
3.016349241166013107e-01
3.017245845958990702e-01
3.018145827618574639e-01
3.019049190831379348e-01
3.019955940304672737e-01
3.020866080766440587e-01
3.021779616965443171e-01
3.022696553671275765e-01
3.023616895674429150e-01
3.024540647786351788e-01
3.025467814839509217e-01
3.026398401687445117e-01
3.027332413204842920e-01
3.028269854287589657e-01
3.029210729852834794e-01
3.030155044839056844e-01
3.031102804206122214e-01
3.032054012935352372e-01
3.033008676029583794e-01
3.033966798513234031e-01
3.034928385432365538e-01
3.035893441854750630e-01
3.036861972869934201e-01
3.037833983589302567e-01
3.038809479146146741e-01
3.039788464695727388e-01
3.040770945415343651e-01
3.041756926504397551e-01
3.042746413184463927e-01
3.043739410699353165e-01
3.044735924315182807e-01
3.045735959320443054e-01
3.046739521026066155e-01
3.047746614765497464e-01
3.048757245894759271e-01
3.049771419792524640e-01
3.050789141860185683e-01
3.051810417521921837e-01
3.052835252224775364e-01
3.053863651438716298e-01
3.054895620656717381e-01
3.055931165394824567e-01
3.056970291192229183e-01
3.058013003611340652e-01
3.059059308237858099e-01
3.060109210680843628e-01
3.061162716572797260e-01
3.062219831569727990e-01
3.063280561351232056e-01
3.064344911620562883e-01
3.065412888104710465e-01
3.066484496554472972e-01
3.067559742744535578e-01
3.068638632473543737e-01
3.069721171564182560e-01
3.070807365863251204e-01
3.071897221241742804e-01
3.072990743594917751e-01
3.074087938842388623e-01
3.075188812928192905e-01
3.076293371820874034e-01
3.077401621513560226e-01
3.078513568024044966e-01
3.079629217394866947e-01
3.080748575693390556e-01
3.081871649011885261e-01
3.082998443467610539e-01
3.084128965202893591e-01
3.085263220385214833e-01
3.086401215207288384e-01
3.087542955887146445e-01
3.088688448668222564e-01
3.089837699819433792e-01
3.090990715635268948e-01
3.092147502435868556e-01
3.093308066567113102e-01
3.094472414400708526e-01
3.095640552334272266e-01
3.096812486791417629e-01
3.097988224221844278e-01
3.099167771101422053e-01
3.100351133932280900e-01
3.101538319242900243e-01
3.102729333588194471e-01
3.103924183549603977e-01
3.105122875735186194e-01
3.106325416779703308e-01
3.107531813344713290e-01
3.108742072118663158e-01
3.109956199816977795e-01
3.111174203182153208e-01
3.112396088983847564e-01
3.113621864018976670e-01
3.114851535111805569e-01
3.116085109114041796e-01
3.117322592904932521e-01
3.118563993391355593e-01
3.119809317507918345e-01
3.121058572217050853e-01
3.122311764509102527e-01
3.123568901402442588e-01
3.124829989943551101e-01
3.126095037207120564e-01
3.127364050296155273e-01
3.128637036342065691e-01
3.129914002504774473e-01
3.131194955972808058e-01
3.132479903963403256e-01
3.133768853722605496e-01
3.135061812525369862e-01
3.136358787675664339e-01
3.137659786506572512e-01
3.138964816380393485e-01
3.140273884688748463e-01
3.141586998852682333e-01
3.142904166322770254e-01
3.144225394579222566e-01
3.145550691131985821e-01
3.146880063520856030e-01
3.148213519315580244e-01
3.149551066115965914e-01
3.150892711551985803e-01
3.152238463283891790e-01
3.153588329002316448e-01
3.154942316428389071e-01
3.156300433313841136e-01
3.157662687441119553e-01
3.159029086623495464e-01
3.160399638705178038e-01
3.161774351561424945e-01
3.163153233098655592e-01
3.164536291254565481e-01
3.165923533998240003e-01
3.167314969330267127e-01
3.168710605282853421e-01
3.170110449919941176e-01
3.171514511337324427e-01
3.172922797662762195e-01
3.174335317056101169e-01
3.175752077709391163e-01
3.177173087847003363e-01
3.178598355725752445e-01
3.180027889635011484e-01
3.181461697896837415e-01
3.182899788866089263e-01
3.184342170930551386e-01
3.185788852511056701e-01
3.187239842061604933e-01
3.188695148069493612e-01
3.190154779055435763e-01
3.191618743573688688e-01
3.193087050212177758e-01
3.194559707592624642e-01
3.196036724370671100e-01
3.197518109236008876e-01
3.199003870912507930e-01
3.200494018158343001e-01
3.201988559766124620e-01
3.203487504563028998e-01
3.204990861410931258e-01
3.206498639206529777e-01
3.208010846881487743e-01
3.209527493402556941e-01
3.211048587771717089e-01
3.212574139026308506e-01
3.214104156239164789e-01
3.215638648518749920e-01
3.217177625009293718e-01
3.218721094890930612e-01
3.220269067379831762e-01
3.221821551728348276e-01
3.223378557225147212e-01
3.224940093195351465e-01
3.226506169000677438e-01
3.228076794039578812e-01
3.229651977747384217e-01
3.231231729596441005e-01
3.232816059096255690e-01
3.234404975793637727e-01
3.235998489272841061e-01
3.237596609155711236e-01
3.239199345101823058e-01
3.240806706808629922e-01
3.242418704011605923e-01
3.244035346484391291e-01
3.245656644038938943e-01
3.247282606525656590e-01
3.248913243833553288e-01
3.250548565890387098e-01
3.252188582662805527e-01
3.253833304156494299e-01
3.255482740416319465e-01
3.257136901526470618e-01
3.258795797610607448e-01
3.260459438831998513e-01
3.262127835393661690e-01
3.263800997538507387e-01
3.265478935549473993e-01
3.267161659749664437e-01
3.268849180502480523e-01
3.270541508211752268e-01
3.272238653321867252e-01
3.273940626317894398e-01
3.275647437725703881e-01
3.277359098112083147e-01
3.279075618084846266e-01
3.280797008292937189e-01
3.282523279426525775e-01
3.284254442217096615e-01
3.285990507437529518e-01
3.287731485902168349e-01
3.289477388466875429e-01
3.291228226029079829e-01
3.292984009527803457e-01
3.294744749943677165e-01
3.296510458298931856e-01
3.298281145657375180e-01
3.300056823124340455e-01
3.301837501846611178e-01
3.303623193012314441e-01
3.305413907850785482e-01
3.307209657632393385e-01
3.309010453668326801e-01
3.310816307310333051e-01
3.312627229950411145e-01
3.314443233020443746e-01
3.316264327991774730e-01
3.318090526374706251e-01
3.319921839717931422e-01
3.321758279607876507e-01
3.323599857667947632e-01
3.325446585557680357e-01
3.327298474971764897e-01
3.329155537638953666e-01
3.331017785320820046e-01
3.332885229810370609e-01
3.334757882930478590e-01
3.336635756532130848e-01
3.338518862492470540e-01
3.340407212712602769e-01
3.342300819115156529e-01
3.344199693641560223e-01
3.346103848249020185e-01
3.348013294907154491e-01
3.349928045594267600e-01
3.351848112293212001e-01
3.353773506986811315e-01
3.355704241652794906e-01
3.357640328258201246e-01
3.359581778753193970e-01
3.361528605064241781e-01
3.363480819086605011e-01
3.365438432676047253e-01
3.367401457639728757e-01
3.369369905726178338e-01
3.371343788614278303e-01
3.373323117901169677e-01
3.375307905088978377e-01
3.377298161570256307e-01
3.379293898612031333e-01
3.381295127338339035e-01
3.383301858711106336e-01
3.385314103509244887e-01
3.387331872305802682e-01
3.389355175443011237e-01
3.391384023005045711e-01
3.393418424788315346e-01
3.395458390269080473e-01
3.397503928568171849e-01
3.399555048412579161e-01
3.401611758093668336e-01
3.403674065421740669e-01
3.405741977676664534e-01
3.407815501554261051e-01
3.409894643108120071e-01
3.411979407686501209e-01
3.414069799863933552e-01
3.416165823367136034e-01
3.418267480994821028e-01
3.420374774530934858e-01
3.422487704650866713e-01
3.424606270820108045e-01
3.426730471184834537e-01
3.428860302453834996e-01
3.430995759771188758e-01
3.433136836579056550e-01
3.435283524469909811e-01
3.437435813027484577e-01
3.439593689655724984e-01
3.441757139394915344e-01
3.443926144724174243e-01
3.446100685349448023e-01
3.448280737976078814e-01
3.450466276064995674e-01
3.452657269571518528e-01
3.454853684665728508e-01
3.457055483433303378e-01
3.459262623555676153e-01
3.461475057968314561e-01
3.463692734495885661e-01
3.465915595463004983e-01
3.468143577279236833e-01
3.470376609996940753e-01
3.472614616840530855e-01
3.474857513705661982e-01
3.477105208626792288e-01
3.479357601211542361e-01
3.481614582040229444e-01
3.483876032028885850e-01
3.486141821754055736e-01
3.488411810737611640e-01
3.490685846689792760e-01
3.492963764708644780e-01
3.495245386433994406e-01
3.497530519154085082e-01
3.499818954862955467e-01
3.502110469266642712e-01
3.504404820736280457e-01
3.506701749206141416e-01
3.509000975014689439e-01
3.511302197686707038e-01
3.513605094654586036e-01
3.515909319916881159e-01
3.518214502632279195e-01
3.520520245647153490e-01
3.522826123954946875e-01
3.525131683085682699e-01
3.527436437423979165e-01
3.529739868454023211e-01
3.532041422930069507e-01
3.534340510971147875e-01
3.536636504078765064e-01
3.538928733076567301e-01
3.541216485971052097e-01
3.543499005732618778e-01
3.545775487996415953e-01
3.548045078682680042e-01
3.550306871536443865e-01
3.552559905586783473e-01
3.554803162525992932e-01
3.557035564009393691e-01
3.559255968876748333e-01
3.561463170296600422e-01
3.563655892835183581e-01
3.565832789451904294e-01
3.567992438423782664e-01
3.570133340201634975e-01
3.572253914201197200e-01
3.574352495532819862e-01
3.576427331673832644e-01
3.578476579088134546e-01
3.580498299798066664e-01
3.582490457914130344e-01
3.584450916128630871e-01
3.586377432179873037e-01
3.588267655294073988e-01
3.590119122612741576e-01
3.591929255613814376e-01
3.593695356535473451e-01
3.595414604812095516e-01
3.597084053532437209e-01
3.598700625930724706e-01
3.600261111921932988e-01
3.601762164693126933e-01
3.603200297363335913e-01
3.604571879725024242e-01
3.605873135080790437e-01
3.607100137189499511e-01
3.608248807336591479e-01
3.609314911543853865e-01
3.610294057934433920e-01
3.611181694269365861e-01
3.611973105672319773e-01
3.612663412559717346e-01
3.613247568793714337e-01
3.613720360075910465e-01
3.614076402599930016e-01
3.614310141981253999e-01
3.614415852482898983e-01
3.614387636555640437e-01
3.614219424711581641e-01
3.613904975749858139e-01
3.613437877353228300e-01
3.612811547074141205e-01
3.612019233728703260e-01
3.611054019216653477e-01
3.609908820785099337e-01
3.608576393753325506e-01
3.607049334715430322e-01
3.605320085236937699e-01
3.603380936060798234e-01
3.601224031837394479e-01
3.598841376392239999e-01
3.596224838544077040e-01
3.593366158484972428e-01
3.590256954732797823e-01
3.586888731665219820e-01
3.583252887642892071e-01
3.579340723728108298e-01
3.575143453003535865e-01
3.570652210494042467e-01
3.565858063692816105e-01
3.560752023691171053e-01
3.555325056909487413e-01
3.549568097424737889e-01
3.543472059887978198e-01
3.537027853023026469e-01
3.530226393695372611e-01
3.523058621538078250e-01
3.515515514119146867e-01
3.507588102632467897e-01
3.499267488092100420e-01
3.490544858007226248e-01
3.481411503512714112e-01
3.471858836927806391e-01
3.461878409713037841e-01
3.451461930793084942e-01
3.440601285210893590e-01
3.429288553076086932e-01
3.417516028768379788e-01
3.405276240354502271e-01
3.392561969174982539e-01
3.379366269555073576e-01
3.365682488592130484e-01
3.351504285969890695e-01
3.336825653748344833e-01
3.321640936076291073e-01
3.305944848772153777e-01
3.289732498717361509e-01
3.272999403005387720e-01
3.255741507788567080e-01
3.237955206764011051e-01
3.219637359239302943e-01
3.200785307718250206e-01
3.181396894946751930e-01
3.161470480358843371e-01
3.141004955863204717e-01
3.119999760910863729e-01
3.098454896785509671e-01
3.076370940058739123e-01
3.053749055153718861e-01
3.030591005962114948e-01
3.006899166460792472e-01
2.982676530276626159e-01
2.957926719149883144e-01
2.932653990248959563e-01
2.906863242291813920e-01
2.880560020432232360e-01
2.853750519872051972e-01
2.826441588163681740e-01
2.798640726170678050e-01
2.770356087657713240e-01
2.741596477485074845e-01
2.712371348386766745e-01
2.682690796315380655e-01
2.652565554341153042e-01
2.622006985096980713e-01
2.591027071765628076e-01
2.559638407609938771e-01
2.527854184051486763e-01
2.495688177307786304e-01
2.463154733602918034e-01
2.430268752971167234e-01
2.397045671678001699e-01
2.363501443287447379e-01
2.329652518409582596e-01
2.295515823166491276e-01
2.261108736419535081e-01
2.226449065805236882e-01
2.191555022631360705e-01
2.156445195688938277e-01
2.121138524039979101e-01
2.085654268844422399e-01
2.050011984293500789e-01
2.014231487720090641e-01
1.978332828959782075e-01
1.942336259039331714e-01
1.906262198271814201e-01
1.870131203840172396e-01
1.833963936952961726e-01
1.797781129657883281e-01
1.761603551400193757e-01
1.725451975414245831e-01
1.689347145037280451e-01
1.653309740035110442e-01
1.617360343029531633e-01
1.581519406117166959e-01
1.545807217768974950e-01
1.510243870098861019e-01
1.474849226588688944e-01
1.439642890355554150e-01
1.404644173045387356e-01
1.369872064434894121e-01
1.335345202821433264e-01
1.301081846277767906e-01
1.267099844845663015e-01
1.233416613739073964e-01
1.200049107624191341e-01
1.167013796039896439e-01
1.134326640018229054e-01
1.102003069960342946e-01
1.070057964819080831e-01
1.038505632634817155e-01
1.007359792466566428e-01
9.766335577555976255e-02
9.463394211539137568e-02
9.164892408450073247e-02
8.870942283792786209e-02
8.581649380414528572e-02
8.297112577622496599e-02
8.017424015814898774e-02
7.742669036647729930e-02
7.472926138708591015e-02
7.208266948619519721e-02
6.948756207442291499e-02
6.694451772212267615e-02
6.445404632380632992e-02
6.201658940900166284e-02
5.963252059646538539e-02
5.730214618825725525e-02
5.502570589978707932e-02
5.280337372157181686e-02
5.063525890808807939e-02
4.852140708877577396e-02
4.646180149594359571e-02
4.445636430404657780e-02
4.250495807455113850e-02
4.060738730037477540e-02
3.876340004368578757e-02
3.697268966067397689e-02
3.523489660675593188e-02
3.354961031555907941e-02
3.191637114493590943e-02
3.033467238319517006e-02
2.880396230869793420e-02
2.732364629595538871e-02
2.589308896137872129e-02
2.451161634187144778e-02
2.317851809951812850e-02
2.189304974571125093e-02
2.065443487816832208e-02
1.946186742442326117e-02
1.831451388552865836e-02
1.721151557387748735e-02
1.615199083924288501e-02
