1.820507137567456413e-02
2.441061254478322021e-02
3.183221696723313038e-02
4.054865525922207031e-02
5.061001542095987238e-02
6.203168455945499288e-02
7.478964463484394365e-02
8.881755773981929447e-02
1.040060100027211387e-01
1.202041319368289257e-01
1.372236302873182934e-01
1.548450702043792926e-01
1.728260574737559285e-01
1.909108090220630327e-01
2.088404836109092055e-01
2.263635859888765978e-01
2.432457624338709434e-01
2.592783718021557382e-01
2.742853350966273362e-01
2.881279237295971685e-01
3.007073240965977834e-01
3.119649947258516520e-01
3.218809943996581158e-01
3.304705909352089188e-01
3.377795512442291481e-01
3.438785597722133769e-01
3.488572156242208955e-01
3.528180242319605697e-01
3.558707360801400821e-01
3.581273032229447817e-01
3.596976347082153080e-01
3.606862441562855848e-01
3.611898042346201043e-01
3.612955588214433744e-01
3.610804969364839745e-01
3.606111634273234112e-01
3.599439685052546745e-01
3.591258588449407485e-01
3.581952237543047923e-01
3.571829273994276410e-01
3.561133790117571585e-01
3.550055747219194036e-01
3.538740651336579335e-01
3.527298206397014302e-01
3.515809810819599535e-01
3.504334874769429176e-01
3.492916013448672530e-01
3.481583221188785382e-01
3.470357157117550106e-01
3.459251681520846278e-01
3.448275778038493722e-01
3.437434985099835361e-01
3.426732444156899704e-01
3.416169654998980620e-01
3.405747011561428561e-01
3.395464176288133795e-01
3.385320337837807170e-01
3.375314385913616433e-01
3.365445028163798757e-01
3.355710867221048388e-01
3.346110450726413332e-01
3.336642303312054025e-01
3.327304946708264932e-01
3.318096912142993182e-01
3.309016747808306569e-01
3.300063023213197777e-01
3.291234331598463236e-01
3.282529291162764595e-01
3.273946545570655675e-01
3.265484764034310983e-01
3.257142641147465212e-01
3.248918896579253701e-01
3.240812274692074224e-01
3.232821544121135537e-01
3.224945497337474709e-01
3.217182950206831649e-01
3.209532741551324175e-01
3.201993732717636210e-01
3.194564807153689734e-01
3.187244869994738106e-01
3.180032847659275963e-01
3.172927687454812351e-01
3.165928357193470433e-01
3.159033844817202286e-01
3.152243158032436710e-01
3.145555323953943549e-01
3.138969388757666401e-01
3.132484417342315530e-01
3.126099492999466767e-01
3.119813717091979854e-01
3.113626208740520318e-01
3.107536104517956144e-01
3.101542558151431650e-01
3.095644740231965342e-01
3.089841837931313617e-01
3.084133054725988754e-01
3.078517610128209681e-01
3.072994739423629551e-01
3.067563693415676362e-01
3.062223738176328425e-01
3.056974154803198673e-01
3.051814239182754074e-01
3.046743301759535782e-01
3.041760667311223520e-01
3.036865674729412601e-01
3.032057676806006463e-01
3.027336040025024322e-01
3.022700144359757313e-01
3.018149383075137138e-01
3.013683162535178983e-01
3.009300902015419332e-01
3.005002033520217108e-01
3.000786001604794917e-01
2.996652263201963207e-01
2.992600287453389130e-01
2.988629555545320171e-01
2.984739560548683168e-01
2.980929807263436593e-01
2.977199812067133911e-01
2.973549102767569230e-01
2.969977218459440849e-01
2.966483709384954426e-01
2.963068136798281960e-01
2.959730072833802184e-01
2.956469100378059656e-01
2.953284812945350390e-01
2.950176814556887961e-01
2.947144719623472353e-01
2.944188152831603289e-01
2.941306749032964740e-01
2.938500153137236226e-01
2.935768020008173718e-01
2.933110014362876328e-01
2.930525810674220466e-01
2.928015093076409836e-01
2.925577555273535801e-01
2.923212900451184204e-01
2.920920841190975392e-01
2.918701099388000264e-01
2.916553406171172313e-01
2.914477501826355232e-01
2.912473135722312145e-01
2.910540066239382107e-01
2.908678060700881640e-01
2.906886895307165819e-01
2.905166355072359985e-01
2.903516233763667742e-01
2.901936333843269655e-01
2.900426466412791005e-01
2.898986451160258104e-01
2.897616116309567058e-01
2.896315298572413321e-01
2.895083843102679300e-01
2.893921603453206148e-01
2.892828441535020279e-01
2.891804227578878561e-01
2.890848840099213835e-01
2.889962165860405219e-01
2.889144099845377678e-01
2.888394545226493082e-01
2.887713413338772739e-01
2.887100623655348142e-01
2.886556103765226533e-01
2.886079789353285241e-01
2.885671624182522543e-01
2.885331560078539526e-01
2.885059556916277912e-01
2.884855582608933933e-01
2.884719613099145374e-01
2.884651632352340789e-01
2.884651632352340789e-01
2.884719613099145374e-01
2.884855582608933933e-01
2.885059556916277912e-01
2.885331560078539526e-01
2.885671624182522543e-01
2.886079789353285241e-01
2.886556103765226533e-01
2.887100623655348142e-01
2.887713413338772739e-01
2.888394545226493082e-01
2.889144099845377678e-01
2.889962165860405219e-01
2.890848840099213835e-01
2.891804227578878561e-01
2.892828441535020279e-01
2.893921603453206148e-01
2.895083843102679300e-01
2.896315298572413321e-01
2.897616116309567058e-01
2.898986451160258104e-01
2.900426466412791005e-01
2.901936333843269655e-01
2.903516233763667742e-01
2.905166355072359985e-01
2.906886895307165819e-01
2.908678060700882195e-01
2.910540066239382662e-01
2.912473135722312700e-01
2.914477501826355788e-01
2.916553406171172869e-01
2.918701099388000819e-01
2.920920841190975947e-01
2.923212900451185314e-01
2.925577555273536912e-01
2.928015093076411501e-01
2.930525810674221576e-01
2.933110014362876883e-01
2.935768020008174273e-01
2.938500153137236781e-01
2.941306749032964740e-01
2.944188152831603289e-01
2.947144719623472353e-01
2.950176814556887961e-01
2.953284812945350390e-01
2.956469100378059656e-01
2.959730072833802739e-01
2.963068136798282515e-01
2.966483709384954981e-01
2.969977218459441404e-01
2.973549102767569785e-01
2.977199812067134466e-01
2.980929807263437148e-01
2.984739560548684278e-01
2.988629555545321836e-01
2.992600287453390795e-01
2.996652263201964872e-01
3.000786001604796582e-01
3.005002033520218774e-01
3.009300902015420998e-01
3.013683162535180649e-01
3.018149383075138803e-01
3.022700144359758978e-01
3.027336040025025987e-01
3.032057676806008129e-01
3.036865674729414266e-01
3.041760667311225186e-01
3.046743301759538003e-01
3.051814239182755739e-01
3.056974154803200339e-01
3.062223738176330090e-01
3.067563693415678028e-01
3.072994739423631216e-01
3.078517610128211346e-01
3.084133054725990419e-01
3.089841837931315283e-01
3.095644740231967007e-01
3.101542558151433315e-01
3.107536104517958364e-01
3.113626208740522538e-01
3.119813717091982075e-01
3.126099492999468432e-01
3.132484417342317196e-01
3.138969388757668066e-01
3.145555323953945215e-01
3.152243158032438375e-01
3.159033844817203951e-01
3.165928357193472098e-01
3.172927687454814016e-01
3.180032847659277073e-01
3.187244869994739216e-01
3.194564807153690844e-01
3.201993732717637875e-01
3.209532741551325841e-01
3.217182950206833314e-01
3.224945497337476374e-01
3.232821544121137203e-01
3.240812274692075889e-01
3.248918896579255366e-01
3.257142641147466877e-01
3.265484764034313203e-01
3.273946545570657896e-01
3.282529291162766816e-01
3.291234331598465457e-01
3.300063023213199997e-01
3.309016747808308234e-01
3.318096912142995403e-01
3.327304946708267708e-01
3.336642303312056801e-01
3.346110450726415553e-01
3.355710867221050608e-01
3.365445028163800978e-01
3.375314385913618653e-01
3.385320337837809390e-01
3.395464176288136571e-01
3.405747011561431337e-01
3.416169654998983396e-01
3.426732444156902480e-01
3.437434985099838136e-01
3.448275778038496497e-01
3.459251681520849053e-01
3.470357157117552882e-01
3.481583221188788713e-01
3.492916013448675860e-01
3.504334874769432506e-01
3.515809810819602865e-01
3.527298206397017633e-01
3.538740651336583221e-01
3.550055747219197921e-01
3.561133790117575471e-01
3.571829273994279741e-01
3.581952237543051254e-01
3.591258588449411371e-01
3.599439685052550075e-01
3.606111634273237443e-01
3.610804969364843076e-01
3.612955588214437630e-01
3.611898042346204374e-01
3.606862441562858623e-01
3.596976347082155301e-01
3.581273032229450037e-01
3.558707360801402486e-01
3.528180242319606807e-01
3.488572156242209510e-01
3.438785597722133214e-01
3.377795512442289816e-01
3.304705909352086413e-01
3.218809943996577272e-01
3.119649947258512079e-01
3.007073240965971173e-01
2.881279237295963358e-01
2.742853350966264481e-01
2.592783718021547945e-01
2.432457624338698610e-01
2.263635859888754320e-01
2.088404836109079565e-01
1.909108090220617837e-01
1.728260574737546518e-01
1.548450702043780158e-01
1.372236302873170444e-01
1.202041319368277322e-01
1.040060100027199869e-01
8.881755773981822588e-02
7.478964463484297220e-02
6.203168455945411858e-02
5.061001542095909522e-02
4.054865525922139724e-02
3.183221696723255445e-02
2.441061254478274489e-02
1.820507137567417555e-02
