1.821091658209755826e-02
2.441834746845573598e-02
3.184206549515606471e-02
4.056078904635510018e-02
5.062453334471125194e-02
6.204859428290114554e-02
7.480884829587625129e-02
8.883884363278300722e-02
1.040290517257364544e-01
1.202284958658160624e-01
1.372487914653470753e-01
1.548704358893758792e-01
1.728509967728329433e-01
1.909346863627973956e-01
2.088626933500181693e-01
2.263835852995634279e-01
2.432630997678009166e-01
2.592927086712227269e-01
2.742964596041255754e-01
2.881357551108758019e-01
3.007119084002657927e-01
3.119664925729715987e-01
3.218796624093899217e-01
3.304667588379431309e-01
3.377735968872567773e-01
3.438708841631006319e-01
3.488482198883122720e-01
3.528080899392027070e-01
3.558602098909443012e-01
3.581164862813714378e-01
3.596867767330332866e-01
3.606755417910798012e-01
3.611794029429813979e-01
3.612855574599586062e-01
3.610709540985349575e-01
3.606021047047120454e-01
3.599353939360455668e-01
3.591177499764806047e-01
3.581875499241563565e-01
3.571756510029485132e-01
3.561064596683181649e-01
3.549989723639968009e-01
3.538677421215643548e-01
3.527237430513374128e-01
3.515751193464088376e-01
3.504278165194353312e-01
3.492861003948884435e-01
3.481529743094838869e-01
3.470305075710404807e-01
3.459200890611908719e-01
3.448226194721183413e-01
3.437386544981732572e-01
3.426685097230202093e-01
3.416123362197623359e-01
3.405701741981059238e-01
3.395419905003412842e-01
3.385277044230592947e-01
3.375272052421297575e-01
3.365403639361622123e-01
3.355670409162672674e-01
3.346070910478322058e-01
3.336603668631067943e-01
3.327267205821703988e-01
3.318060053601483705e-01
3.308980760388752773e-01
3.300027895856021964e-01
3.291200053367473455e-01
3.282495851220173511e-01
3.273913933161764489e-01
3.265452968478333440e-01
3.257111651832131360e-01
3.248888702957958285e-01
3.240782866282239660e-01
3.232792910503372585e-01
3.224917628155533067e-01
3.217155835167399003e-01
3.209506370424184407e-01
3.201968095335715470e-01
3.194539893413246845e-01
3.187220669855411748e-01
3.180009351144163499e-01
3.172904884650433743e-01
3.165906238249770466e-01
3.159012399947549454e-01
3.152222377513357876e-01
3.145535198125014587e-01
3.138949908021333446e-01
3.132465572163611878e-01
3.126081273905764180e-01
3.119796114672640508e-01
3.113609213646496565e-01
3.107519707461510183e-01
3.101526749905698654e-01
3.095629511630450525e-01
3.089827179867502549e-01
3.084118958152864409e-01
3.078504066057557442e-01
3.072981738925752992e-01
3.067551227618707799e-01
3.062211798265678797e-01
3.056962732020937490e-01
3.051803324827021546e-01
3.046732887183898342e-01
3.041750743924054867e-01
3.036856233993209808e-01
3.032048710236722733e-01
3.027327539191395633e-01
3.022692100882572452e-01
3.018141788626557687e-01
3.013676008838023224e-01
3.009294180842425059e-01
3.004995736693317210e-01
3.000780120994334110e-01
2.996646790725974174e-01
2.992595215076827575e-01
2.988624875279299875e-01
2.984735264449716041e-01
2.980925887432635535e-01
2.977196260649371817e-01
2.973545911950797316e-01
2.969974380473803799e-01
2.966481216502014351e-01
2.963065981330223475e-01
2.959728247132661916e-01
2.956467596834849165e-01
2.953283623989321760e-01
2.950175932654635624e-01
2.947144137278136511e-01
2.944187862582067772e-01
2.941306743453007133e-01
2.938500424834742941e-01
2.935768561624297335e-01
2.933110818571196265e-01
2.930526870179930854e-01
2.928016400615485182e-01
2.925579103611897769e-01
2.923214682383862284e-01
2.920922849541269239e-01
2.918703327006673676e-01
2.916555845935602798e-01
2.914480146639700231e-01
2.912475978512680252e-01
2.910543099959016500e-01
2.908681278325277453e-01
2.906890289834281327e-01
2.905169919521760624e-01
2.903519961175697883e-01
2.901940217278232148e-01
2.900430498950082314e-01
2.898990625897568951e-01
2.897620426362012558e-01
2.896319737071733069e-01
2.895088403196379168e-01
2.893926278303759481e-01
2.892833224318990260e-01
2.891809111486128847e-01
2.890853818332055347e-01
2.889967231632756262e-01
2.889149246381962910e-01
2.888399765761984206e-01
2.887718701116960274e-01
2.887105971928330406e-01
2.886561505792565319e-01
2.886085238401182584e-01
2.885677113522969739e-01
2.885337082988516100e-01
2.885065106676898972e-01
2.884861152504643034e-01
2.884725196416858539e-01
2.884657222380649366e-01
2.884657222380649366e-01
2.884725196416858539e-01
2.884861152504643034e-01
2.885065106676898972e-01
2.885337082988516100e-01
2.885677113522969739e-01
2.886085238401182584e-01
2.886561505792565319e-01
2.887105971928330961e-01
2.887718701116960829e-01
2.888399765761984761e-01
2.889149246381963465e-01
2.889967231632756817e-01
2.890853818332055902e-01
2.891809111486129402e-01
2.892833224318990815e-01
2.893926278303760036e-01
2.895088403196379723e-01
2.896319737071733624e-01
2.897620426362013113e-01
2.898990625897569506e-01
2.900430498950082869e-01
2.901940217278232703e-01
2.903519961175698438e-01
2.905169919521761179e-01
2.906890289834281882e-01
2.908681278325278008e-01
2.910543099959017055e-01
2.912475978512680808e-01
2.914480146639701341e-01
2.916555845935603908e-01
2.918703327006674786e-01
2.920922849541270350e-01
2.923214682383863394e-01
2.925579103611898324e-01
2.928016400615485737e-01
2.930526870179931964e-01
2.933110818571197376e-01
2.935768561624298445e-01
2.938500424834744051e-01
2.941306743453008243e-01
2.944187862582068882e-01
2.947144137278137621e-01
2.950175932654637290e-01
2.953283623989322870e-01
2.956467596834850275e-01
2.959728247132663581e-01
2.963065981330225140e-01
2.966481216502016016e-01
2.969974380473805464e-01
2.973545911950798981e-01
2.977196260649373483e-01
2.980925887432637200e-01
2.984735264449717707e-01
2.988624875279301540e-01
2.992595215076829240e-01
2.996646790725975840e-01
3.000780120994335776e-01
3.004995736693318875e-01
3.009294180842426725e-01
3.013676008838024889e-01
3.018141788626559352e-01
3.022692100882574118e-01
3.027327539191397854e-01
3.032048710236724953e-01
3.036856233993211474e-01
3.041750743924056533e-01
3.046732887183900007e-01
3.051803324827023767e-01
3.056962732020939155e-01
3.062211798265679907e-01
3.067551227618708909e-01
3.072981738925754103e-01
3.078504066057559108e-01
3.084118958152866075e-01
3.089827179867504214e-01
3.095629511630452191e-01
3.101526749905700320e-01
3.107519707461511849e-01
3.113609213646498231e-01
3.119796114672642728e-01
3.126081273905766400e-01
3.132465572163613543e-01
3.138949908021335666e-01
3.145535198125016807e-01
3.152222377513360096e-01
3.159012399947551675e-01
3.165906238249772686e-01
3.172904884650435964e-01
3.180009351144165719e-01
3.187220669855414523e-01
3.194539893413249620e-01
3.201968095335718245e-01
3.209506370424187183e-01
3.217155835167401778e-01
3.224917628155535843e-01
3.232792910503375361e-01
3.240782866282242436e-01
3.248888702957960506e-01
3.257111651832133581e-01
3.265452968478335660e-01
3.273913933161766709e-01
3.282495851220175176e-01
3.291200053367475120e-01
3.300027895856024185e-01
3.308980760388754438e-01
3.318060053601485371e-01
3.327267205821705653e-01
3.336603668631070163e-01
3.346070910478323723e-01
3.355670409162674339e-01
3.365403639361623789e-01
3.375272052421299795e-01
3.385277044230595167e-01
3.395419905003415062e-01
3.405701741981061459e-01
3.416123362197625579e-01
3.426685097230204313e-01
3.437386544981734793e-01
3.448226194721185633e-01
3.459200890611910939e-01
3.470305075710406473e-01
3.481529743094839979e-01
3.492861003948885545e-01
3.504278165194354977e-01
3.515751193464090596e-01
3.527237430513376348e-01
3.538677421215646324e-01
3.549989723639970784e-01
3.561064596683184424e-01
3.571756510029487353e-01
3.581875499241565786e-01
3.591177499764808267e-01
3.599353939360457333e-01
3.606021047047122119e-01
3.610709540985351240e-01
3.612855574599588282e-01
3.611794029429815645e-01
3.606755417910799677e-01
3.596867767330334531e-01
3.581164862813715488e-01
3.558602098909443567e-01
3.528080899392027070e-01
3.488482198883122165e-01
3.438708841631005209e-01
3.377735968872564998e-01
3.304667588379427423e-01
3.218796624093894221e-01
3.119664925729710436e-01
3.007119084002651266e-01
2.881357551108750248e-01
2.742964596041246317e-01
2.592927086712217277e-01
2.432630997677997786e-01
2.263835852995622344e-01
2.088626933500168925e-01
1.909346863627961188e-01
1.728509967728316110e-01
1.548704358893745470e-01
1.372487914653457708e-01
1.202284958658148273e-01
1.040290517257352609e-01
8.883884363278188312e-02
7.480884829587522433e-02
6.204859428290022960e-02
5.062453334471044009e-02
4.056078904635439242e-02
3.184206549515545409e-02
2.441834746845523638e-02
1.821091658209715580e-02
