1.589724009662628335e-02
1.641628479512991304e-02
1.694602535512166816e-02
1.748657946403036137e-02
1.803805121034378692e-02
1.860056086204742859e-02
1.917420444570154189e-02
1.975910485732470384e-02
2.035534945671272147e-02
2.096306382172188551e-02
2.158232603032571653e-02
2.221326440277630529e-02
2.285594711097313492e-02
2.351050528529255099e-02
2.417699655920061211e-02
2.485555494850275049e-02
2.554622690890841902e-02
2.624914942492584391e-02
2.696435712942017032e-02
2.769199006722141906e-02
2.843207039875052244e-02
2.918474132948132432e-02
2.995001189458119245e-02
3.072802856952921643e-02
3.151878660957065093e-02
3.232243587890305109e-02
3.313895719771650650e-02
3.396850394727777417e-02
3.481104185855983524e-02
3.566672796814353286e-02
3.653551226606675112e-02
3.741755559258834463e-02
3.831279154904339290e-02
3.922138493804237097e-02
4.014325232993575659e-02
4.107856265882300906e-02
4.202721482883467474e-02
4.298938208527554317e-02
4.396494503944833876e-02
4.495408143823270697e-02
4.595665298371987006e-02
4.697284212541798232e-02
4.800249105165500102e-02
4.904578712629133891e-02
5.010255243278532306e-02
5.117297947168276268e-02
5.225686964552563735e-02
5.335442082437835687e-02
5.446541317048929354e-02
5.559005016661583420e-02
5.672809019360483540e-02
5.787974260021216955e-02
5.904474346462940809e-02
6.022330826478556470e-02
6.141515027638128760e-02
6.262049137924778630e-02
6.383902156971529851e-02
6.507096941143261648e-02
6.631600116894260932e-02
6.757435238039158354e-02
6.884566515205003956e-02
7.013018229553100169e-02
7.142752135970657779e-02
7.273793273638604062e-02
7.406100904665539886e-02
7.539700857642833709e-02
7.674549867868184216e-02
7.810674585388650837e-02
7.948029187792082784e-02
8.086641179212361585e-02
8.226462151882460438e-02
8.367520497166555660e-02
8.509765197665422609e-02
8.653225565550948239e-02
8.797847952988691045e-02
8.943662626886542122e-02
9.090613291745029689e-02
9.238731203399688785e-02
9.387957405120293808e-02
9.538324176033231849e-02
9.689769888358271133e-02
9.842327878951705189e-02
9.995933842984093542e-02
1.015062220945711635e-01
1.030632599437740077e-01
1.046308075318110598e-01
1.062081682453566434e-01
1.077957092436855335e-01
1.093927071981748572e-01
1.109995412101727336e-01
1.126154613340542149e-01
1.142408589458838442e-01
1.158749576217817379e-01
1.175181613395262503e-01
1.191696673763304182e-01
1.208298926318940314e-01
1.224980083045158902e-01
1.241744445280801301e-01
1.258583466825477226e-01
1.275501584391435239e-01
1.292489996604839486e-01
1.309553278480198313e-01
1.326682376881604120e-01
1.343882007940344625e-01
1.361142870567472740e-01
1.378469824699685986e-01
1.395853325496856367e-01
1.413298379252391213e-01
1.430795201963794838e-01
1.448348948683873538e-01
1.465949601216636200e-01
1.483602465617292754e-01
1.501297294837388163e-01
1.519039548007038443e-01
1.536818754929626663e-01
1.554640529701659390e-01
1.572494185036085734e-01
1.590385491696094944e-01
1.608303551704586276e-01
1.626254293990752053e-01
1.644226616618806591e-01
1.662226607972948911e-01
1.680242969208524673e-01
1.698281949234557719e-01
1.716332059652432851e-01
1.734399710738284695e-01
1.752473232185403074e-01
1.770559196243989275e-01
1.788645758621190962e-01
1.806739653905703458e-01
1.824828872001008906e-01
1.842920309949624413e-01
1.861001800278167528e-01
1.879080402343297207e-01
1.897143799949099208e-01
1.915199214366465896e-01
1.933234189541497006e-01
1.951256107994683020e-01
1.969252382871089779e-01
1.987230557007684251e-01
2.005177921979636180e-01
2.023102179735786765e-01
2.040990509668142439e-01
2.058850771359129195e-01
2.076670041541018585e-01
2.094456335676431191e-01
2.112196637478892802e-01
2.129899116262121972e-01
2.147550672460120658e-01
2.165159626933118864e-01
2.182712806653598347e-01
2.200218681449263580e-01
2.217664014708343734e-01
2.235057422374395475e-01
2.252385614168403993e-01
2.269657349028259830e-01
2.286859292944987132e-01
2.304000344462902583e-01
2.321067135781270663e-01
2.338068701400856653e-01
2.354991649649101071e-01
2.371845147076285798e-01
2.388615788020740371e-01
2.405312866924279869e-01
2.421922973962936099e-01
2.438455527067687478e-01
2.454897122004843779e-01
2.471257295555199796e-01
2.487522658735728254e-01
2.503702862308846422e-01
2.519784542092866619e-01
2.535777457743610408e-01
2.551668279304665776e-01
2.567466870026499093e-01
2.583159943458663843e-01
2.598757460947083708e-01
2.614246188668790105e-01
2.629636180376254129e-01
2.644914263820996592e-01
2.660090579294669966e-01
2.675152024881114476e-01
2.690108821377121817e-01
2.704947945753513605e-01
2.719679693123756570e-01
2.734291127683860512e-01
2.748792612533770829e-01
2.763171307203897697e-01
2.777437636321815062e-01
2.791578862620774371e-01
2.805605465681887400e-01
2.819504819057929712e-01
2.833287450607933633e-01
2.846940852058941762e-01
2.860475592784720300e-01
2.873879289770019940e-01
2.887162547066742802e-01
2.900313113720956459e-01
2.913341621566997164e-01
2.926235958228345924e-01
2.939006776381365427e-01
2.951642108448697122e-01
2.964152620978084407e-01
2.976526497112734204e-01
2.988774410285341410e-01
3.000884699975615022e-01
3.012868039513400542e-01
3.024712930021089541e-01
3.036430037750829647e-01
3.048008030460667706e-01
3.059457560377337737e-01
3.070767466571703297e-01
3.081948380338495608e-01
3.092989316420944879e-01
3.103900878330088098e-01
3.114672260522480807e-01
3.125314031942158510e-01
3.135815570481177428e-01
3.146187403814830752e-01
3.156419096674640823e-01
3.166521128859814405e-01
3.176483255028422770e-01
3.186315900603073903e-01
3.196009012940643768e-01
3.205572956705471377e-01
3.214997874413423884e-01
3.224294063719293502e-01
3.233451864449486401e-01
3.242481501139429234e-01
3.251373512773050312e-01
3.260138044808599811e-01
3.268765836934636737e-01
3.277266949736429846e-01
3.285632324859693032e-01
3.293871932392341551e-01
3.301976916901007142e-01
3.309957152532171376e-01
3.317803987454737147e-01
3.325527194618198568e-01
3.333118326199507875e-01
3.340587048891758837e-01
3.347925119017456375e-01
3.355142092157002986e-01
3.362229928655375844e-01
3.369198068333463247e-01
3.376038675183140048e-01
3.382761068834099216e-01
3.389357616305476717e-01
3.395837512824264048e-01
3.402193327581890525e-01
3.408434127415683190e-01
3.414552682608081313e-01
3.420557927848033031e-01
3.426442833210638361e-01
3.432216197709045957e-01
3.437871189705057340e-01
3.443416469242296385e-01
3.448845401265318578e-01
3.454166503789939391e-01
3.459373336451291303e-01
3.464474272415662415e-01
3.469463063938212355e-01
3.474347936751036037e-01
3.479122833490334021e-01
3.483795830106279912e-01
3.488361057218654637e-01
3.492826438884206186e-01
3.497186291160349625e-01
3.501448384333833985e-01
3.505607217215230831e-01
3.509670404677801003e-01
3.513632625472175586e-01
3.517501337645337345e-01
3.521271396956095479e-01
3.524950103440160354e-01
3.528532486823588998e-01
3.532025688170227218e-01
3.535424908033014124e-01
3.538737127763880719e-01
3.541957715512308869e-01
3.545093492394494894e-01
3.548139990845454728e-01
3.551103871433338721e-01
3.553980827496123207e-01
3.556777358948001178e-01
3.559489316584678043e-01
3.562123039761393994e-01
3.564674533232378706e-01
3.567149976084033614e-01
3.569545523484373151e-01
3.571867194730071193e-01
3.574111291820842307e-01
3.576283674925344602e-01
3.578380789263494455e-01
3.580408336713597484e-01
3.582362902082510403e-01
3.584250029964939910e-01
3.586066441107024771e-01
3.587817523988658386e-01
3.589500131640279701e-01
3.591119497750556167e-01
3.592672603978701029e-01
3.594164530693186865e-01
3.595592384532390606e-01
3.596961094155599614e-01
3.598267887542818122e-01
3.599517543387572571e-01
3.600707407391884329e-01
3.601842110151745047e-01
3.602919111495034299e-01
3.603942895905590804e-01
3.604911033769666040e-01
3.605827865553821732e-01
3.606691068668764211e-01
3.607504841760514336e-01
3.608266965768472390e-01
3.608981499809099658e-01
3.609646324897170522e-01
3.610265362997265304e-01
3.610836591792615513e-01
3.611363798552831850e-01
3.611845054272755373e-01
3.612284014055793246e-01
3.612678838904991863e-01
3.613033054350913709e-01
3.613344908157922752e-01
3.613617798934568581e-01
3.613850058018947542e-01
3.614044959798918821e-01
3.614200916060541502e-01
3.614321079715984708e-01
3.614403939937556598e-01
3.614452530943768060e-01
3.614465416297491518e-01
3.614445514336194765e-01
3.614391460085381036e-01
3.614306058838418489e-01
3.614188014224734569e-01
3.614040021348818299e-01
3.613860849655782248e-01
3.613653086928908520e-01
3.613415565712231881e-01
3.613150769342348689e-01
3.612857590817720177e-01
3.612538411904251956e-01
3.612192183483194929e-01
3.611821188622094114e-01
3.611424433586596372e-01
3.611004105609657011e-01
3.610559263916373052e-01
3.610092002755659890e-01
3.609601431960592910e-01
3.609089555628975932e-01
3.608555531923716142e-01
3.608001277602645440e-01
3.607425996953387837e-01
3.606831522179237970e-01
3.606217101560007521e-01
3.605584485500513692e-01
3.604932964212225754e-01
3.604264209024745091e-01
3.603577550091963122e-01
3.602874582355543032e-01
3.602154673993023803e-01
3.601419346206486405e-01
3.600668003347871071e-01
3.599902095486399167e-01
3.599121061367659413e-01
3.598326282490630912e-01
3.597517230281164768e-01
3.596695220184262243e-01
3.595859754658812246e-01
3.595012085563720206e-01
3.594151744808573024e-01
3.593279923083870231e-01
3.592396180231096081e-01
3.591501648138245018e-01
3.590595913122032190e-01
3.589680050580658643e-01
3.588753671910094312e-01
3.587817798277062042e-01
3.586872064820010308e-01
3.585917440677095502e-01
3.584953583450131154e-01
3.583981412395385036e-01
3.583000606355031259e-01
3.582012036793233989e-01
3.581015402624054267e-01
3.580011529551953009e-01
3.579000135447334419e-01
3.577982002229637692e-01
3.576956865661392593e-01
3.575925465793796110e-01
3.574887555266995642e-01
3.573843834122777396e-01
3.572794070912493347e-01
3.571738927469501057e-01
3.570678187336421838e-01
3.569612475881530633e-01
3.568541590763659177e-01
3.567466122572047205e-01
3.566385882249956674e-01
3.565301427236786669e-01
3.564212580970146371e-01
3.563119869312483812e-01
3.562023127445811954e-01
3.560922851172854120e-01
3.559818886708676633e-01
3.558711701258568394e-01
3.557601151396383998e-01
3.556487677138138181e-01
3.555371144777796366e-01
3.554251968497014746e-01
3.553130023705312612e-01
3.552005700052611736e-01
3.550878881492118277e-01
3.549749934393345296e-01
3.548618750712614900e-01
3.547485674740117889e-01
3.546350605924646349e-01
3.545213867629021798e-01
3.544075366312451347e-01
3.542935405514353042e-01
3.541793898249583350e-01
3.540651129291309540e-01
3.539507017781309828e-01
3.538361830738046554e-01
3.537215493026301116e-01
3.536068254876998385e-01
3.534920046497628254e-01
3.533771102255619523e-01
3.532621357343354584e-01
3.531471031146938278e-01
3.530320063507196293e-01
3.529168659670486874e-01
3.528016763809929124e-01
3.526864567834393505e-01
3.525712019952404463e-01
3.524559299499564480e-01
3.523406358441183439e-01
3.522253364267052267e-01
3.521100272437960865e-01
3.519947239289849539e-01
3.518794223534073562e-01
3.517641371010454265e-01
3.516488643451507468e-01
3.515336176825684111e-01
3.514183935671921222e-01
3.513032046680302778e-01
3.511880476995296041e-01
3.510729344591098644e-01
3.509578619029896096e-01
3.508428410103152095e-01
3.507278689615294653e-01
3.506129559680062346e-01
3.504980994180272313e-01
3.503833088029965070e-01
3.502685817037445859e-01
3.501539269369228213e-01
3.500393422616510652e-01
3.499248358625708932e-01
3.498104056638013937e-01
3.496960592583511773e-01
3.495817947229595823e-01
3.494676190971180985e-01
3.493535305986631423e-01
3.492395357495269859e-01
3.491256328979230328e-01
3.490118280821237762e-01
3.488981197707526349e-01
3.487845135503603311e-01
3.486710080007189294e-01
3.485576082867281600e-01
3.484443130907081132e-01
3.483311271842010615e-01
3.482180493440936164e-01
3.481050839751748116e-01
3.479922299414947018e-01
3.478794913060890281e-01
3.477668670133089446e-01
3.476543608079141201e-01
3.475419717081991156e-01
3.474297031626810695e-01
3.473175542577115471e-01
3.472055281662300152e-01
3.470936240371987336e-01
3.469818447873483924e-01
3.468701896232151416e-01
3.467586612234643262e-01
3.466472588475508765e-01
3.465359849530590952e-01
3.464248388480626328e-01
3.463138227849545947e-01
3.462029361164577490e-01
3.460921809046300091e-01
3.459815565431811346e-01
3.458710649177148544e-01
3.457607054595510099e-01
3.456504798908017762e-01
3.455403876772847882e-01
3.454304303897174910e-01
3.453206075255491059e-01
3.452109205153848226e-01
3.451013688856666706e-01
3.449919539374038946e-01
3.448826752236041071e-01
3.447735339254763831e-01
3.446645296203625919e-01
3.445556633787910106e-01
3.444469348003870168e-01
3.443383448534831914e-01
3.442298931581047605e-01
3.441215805882784640e-01
3.440134067827003705e-01
3.439053725284230700e-01
3.437974774812276868e-01
3.436897223480018804e-01
3.435821068001572720e-01
3.434746314707370352e-01
3.433672960454509093e-01
3.432601010893598370e-01
3.431530463012514298e-01
3.430461321836397737e-01
3.429393584472730239e-01
3.428327255371541593e-01
3.427262331749700297e-01
3.426198817528756657e-01
3.425136710025620812e-01
3.424076012676516290e-01
3.423016722889855590e-01
3.421958843656448535e-01
3.420902372468410668e-01
3.419847311908032483e-01
3.418793659544009933e-01
3.417741417584198027e-01
3.416690583667377212e-01
3.415641159658433512e-01
3.414593143260309382e-01
3.413546536023956968e-01
3.412501335711082273e-01
3.411457543585479923e-01
3.410415157462700630e-01
3.409374178344064532e-01
3.408334604094484521e-01
3.407296435475543617e-01
3.406259670397439043e-01
3.405224309402944405e-01
3.404190350443836444e-01
3.403157793863336167e-01
3.402126637651427532e-01
3.401096881969485897e-01
3.400068524842639883e-01
3.399041566266693959e-01
3.398016004299135862e-01
3.396991838785149431e-01
3.395969067812055764e-01
3.394947691088135433e-01
3.393927706728252502e-01
3.392909114316373098e-01
3.391891911992824804e-01
3.390876099228801732e-01
3.389861674188206497e-01
3.388848636240041068e-01
3.387836983570073901e-01
3.386826715454803183e-01
3.385817830100313341e-01
3.384810326699464467e-01
3.383804203477256967e-01
3.382799459551025234e-01
3.381796093163413897e-01
3.380794103363649605e-01
3.379793488410870461e-01
3.378794247292973285e-01
3.377796378284550483e-01
3.376799880318357427e-01
3.375804751683500471e-01
3.374810991263239579e-01
3.373818597360347948e-01
3.372827568813741572e-01
3.371837903939089998e-01
3.370849601535663709e-01
3.369862659931332494e-01
3.368877077890001237e-01
3.367892853751112137e-01
3.366909986247099140e-01
3.365928473728410641e-01
3.364948314899555148e-01
3.363969508121474328e-01
3.362992052073975335e-01
3.362015945128029037e-01
3.361041185941672227e-01
3.360067772895488081e-01
3.359095704628403123e-01
3.358124979530232035e-01
3.357155596223211913e-01
3.356187553106044774e-01
3.355220848786469867e-01
3.354255481671767902e-01
3.353291450357167025e-01
3.352328753258246863e-01
3.351367388959523574e-01
3.350407355884625349e-01
3.349448652608986166e-01
3.348491277564051294e-01
3.347535229317647465e-01
3.346580506308831082e-01
3.345627107099155562e-01
3.344675030135096372e-01
3.343724273973142092e-01
3.342774837067016835e-01
3.341826717969227922e-01
3.340879915140596568e-01
3.339934427130629713e-01
3.338990252407101900e-01
3.338047389517406760e-01
3.337105836936143932e-01
3.336165593209388658e-01
3.335226656818449653e-01
3.334289026308799864e-01
3.333352700168351057e-01
3.332417676942618923e-01
3.331483955126017249e-01
3.330551533264687336e-01
3.329620409859454511e-01
3.328690583457603047e-01
3.327762052566289874e-01
3.326834815734407425e-01
3.325908871475368178e-01
3.324984218340089615e-01
3.324060854848169821e-01
3.323138779552925470e-01
3.322217990980073643e-01
3.321298487685666601e-01
3.320380268201477136e-01
3.319463331086591751e-01
3.318547674878783993e-01
3.317633298140438280e-01
3.316720199415278403e-01
3.315808377269220952e-01
3.314897830251891109e-01
3.313988556932946916e-01
3.313080555867868870e-01
3.312173825630244095e-01
3.311268364781364548e-01
3.310364171898907970e-01
3.309461245549940034e-01
3.308559584316371760e-01
3.307659186771005344e-01
3.306760051500111652e-01
3.305862177082192210e-01
3.304965562107992083e-01
3.304070205161673823e-01
3.303176104838556615e-01
3.302283259728429621e-01
3.301391668431271076e-01
3.300501329542465667e-01
3.299612241666725065e-01
3.298724403404995620e-01
3.297837813366787940e-01
3.296952470158581172e-01
3.296068372394738710e-01
3.295185518687243631e-01
3.294303907655358188e-01
3.293423537916542743e-01
3.292544408094996156e-01
3.291666516813628873e-01
3.290789862701610224e-01
3.289914444387274095e-01
3.289040260504786928e-01
3.288167309687879403e-01
3.287295590575737836e-01
3.286425101807465277e-01
3.285555842027282902e-01
3.284687809879642262e-01
3.283821004013812717e-01
3.282955423079570445e-01
3.282091065731241875e-01
3.281227930623902833e-01
3.280366016416943475e-01
3.279505321770717075e-01
3.278645845349679178e-01
3.277787585819437743e-01
3.276930541849515377e-01
3.276074712110750853e-01
3.275220095277732169e-01
3.274366690026505600e-01
3.273514495036720651e-01
3.272663508989612224e-01
3.271813730569881895e-01
3.270965158463932654e-01
3.270117791361512039e-01
3.269271627954167259e-01
3.268426666936685154e-01
3.267582907005734394e-01
3.266740346861130573e-01
3.265898985204645499e-01
3.265058820741110202e-01
3.264219852177378534e-01
3.263382078223286409e-01
3.262545497590747523e-01
3.261710108994589907e-01
3.260875911151768225e-01
3.260042902782087637e-01
3.259211082607522125e-01
3.258380449352841768e-01
3.257551001745019326e-01
3.256722738513775361e-01
3.255895658391059766e-01
3.255069760111528598e-01
3.254245042412089450e-01
3.253421504032318334e-01
3.252599143714061114e-01
3.251777960201797102e-01
3.250957952242289339e-01
3.250139118584904896e-01
3.249321457981306782e-01
3.248504969185730951e-01
3.247689650954720397e-01
3.246875502047365525e-01
3.246062521225068220e-01
3.245250707251755573e-01
3.244440058893670042e-01
3.243630574919559306e-01
3.242822254100486412e-01
3.242015095210001308e-01
3.241209097023970975e-01
3.240404258320727648e-01
3.239600577880925592e-01
3.238798054487661005e-01
3.237996686926354895e-01
3.237196473984852996e-01
3.236397414453322519e-01
3.235599507124340968e-01
3.234802750792805104e-01
3.234007144256005328e-01
3.233212686313549078e-01
3.232419375767422998e-01
3.231627211421924661e-01
3.230836192083721969e-01
3.230046316561784869e-01
3.229257583667443088e-01
3.228469992214321183e-01
3.227683541018392388e-01
3.226898228897919219e-01
3.226114054673501763e-01
3.225331017168019399e-01
3.224549115206683525e-01
3.223768347616974284e-01
3.222988713228693847e-01
3.222210210873906466e-01
3.221432839386987323e-01
3.220656597604568683e-01
3.219881484365579860e-01
3.219107498511203924e-01
3.218334638884908783e-01
3.217562904332407769e-01
3.216792293701691841e-01
3.216022805842987387e-01
3.215254439608790649e-01
3.214487193853824420e-01
3.213721067435071355e-01
3.212956059211735660e-01
3.212192168045269747e-01
3.211429392799340921e-01
3.210667732339853586e-01
3.209907185534921492e-01
3.209147751254886050e-01
3.208389428372289132e-01
3.207632215761891947e-01
3.206876112300648396e-01
3.206121116867722831e-01
3.205367228344463415e-01
3.204614445614420992e-01
3.203862767563323555e-01
3.203112193079090120e-01
3.202362721051811301e-01
3.201614350373759854e-01
3.200867079939371251e-01
3.200120908645255335e-01
3.199375835390174672e-01
3.198631859075063422e-01
3.197888978602994592e-01
3.197147192879206123e-01
3.196406500811069806e-01
3.195666901308108487e-01
3.194928393281976642e-01
3.194190975646468700e-01
3.193454647317502393e-01
3.192719407213129856e-01
3.191985254253515980e-01
3.191252187360952841e-01
3.190520205459839165e-01
3.189789307476689206e-01
3.189059492340119983e-01
3.188330758980852386e-01
3.187603106331706182e-01
3.186876533327594463e-01
3.186151038905521427e-01
3.185426622004577379e-01
3.184703281565937627e-01
3.183981016532853037e-01
3.183259825850651703e-01
3.182539708466732842e-01
3.181820663330561794e-01
3.181102689393669469e-01
3.180385785609643468e-01
3.179669950934131406e-01
3.178955184324828709e-01
3.178241484741482492e-01
3.177528851145881572e-01
3.176817282501858686e-01
3.176106777775278833e-01
3.175397335934046494e-01
3.174688955948089530e-01
3.173981636789365290e-01
3.173275377431852839e-01
3.172570176851545742e-01
3.171866034026458170e-01
3.171162947936610466e-01
3.170460917564031922e-01
3.169759941892755228e-01
3.169060019908812587e-01
3.168361150600232379e-01
3.167663332957036393e-01
3.166966565971232606e-01
3.166270848636819624e-01
3.165576179949768920e-01
3.164882558908041488e-01
3.164189984511559528e-01
3.163498455762229211e-01
3.162807971663912365e-01
3.162118531222444240e-01
3.161430133445610191e-01
3.160742777343163445e-01
3.160056461926798455e-01
3.159371186210168658e-01
3.158686949208866501e-01
3.158003749940432314e-01
3.157321587424339326e-01
3.156640460682003102e-01
3.155960368736762667e-01
3.155281310613894385e-01
3.154603285340590313e-01
3.153926291945974292e-01
3.153250329461075863e-01
3.152575396918851913e-01
3.151901493354157813e-01
3.151228617803767396e-01
3.150556769306349647e-01
3.149885946902482581e-01
3.149216149634633810e-01
3.148547376547170540e-01
3.147879626686347909e-01
3.147212899100307881e-01
3.146547192839078688e-01
3.145882506954565394e-01
3.145218840500554336e-01
3.144556192532699801e-01
3.143894562108533464e-01
3.143233948287447177e-01
3.142574350130702965e-01
3.141915766701416923e-01
3.141258197064566993e-01
3.140601640286982410e-01
3.139946095437344820e-01
3.139291561586179946e-01
3.138638037805862036e-01
3.137985523170599422e-01
3.137334016756447852e-01
3.136683517641283836e-01
3.136034024904829631e-01
3.135385537628620489e-01
3.134738054896030746e-01
3.134091575792241624e-01
3.133446099404265106e-01
3.132801624820917286e-01
3.132158151132836132e-01
3.131515677432458178e-01
3.130874202814034057e-01
3.130233726373609082e-01
3.129594247209033786e-01
3.128955764419948382e-01
3.128318277107793310e-01
3.127681784375789809e-01
3.127046285328954900e-01
3.126411779074078634e-01
3.125778264719742405e-01
3.125145741376292863e-01
3.124514208155864115e-01
3.123883664172345531e-01
3.123254108541411167e-01
3.122625540380482567e-01
3.121997958808760965e-01
3.121371362947187311e-01
3.120745751918478361e-01
3.120121124847081706e-01
3.119497480859216854e-01
3.118874819082828598e-01
3.118253138647624212e-01
3.117632438685033480e-01
3.117012718328242005e-01
3.116393976712151237e-01
3.115776212973412895e-01
3.115159426250388441e-01
3.114543615683183497e-01
3.113928780413607877e-01
3.113314919585208895e-01
3.112702032343232506e-01
3.112090117834657721e-01
3.111479175208153314e-01
3.110869203614118339e-01
3.110260202204634949e-01
3.109652170133507254e-01
3.109045106556220239e-01
3.108439010629971966e-01
3.107833881513638041e-01
3.107229718367801041e-01
3.106626520354712762e-01
3.106024286638329746e-01
3.105423016384268875e-01
3.104822708759850669e-01
3.104223362934043218e-01
3.103624978077519914e-01
3.103027553362590063e-01
3.102431087963266609e-01
3.101835581055192304e-01
3.101241031815705207e-01
3.100647439423769858e-01
3.100054803060040554e-01
3.099463121906791963e-01
3.098872395147982961e-01
3.098282621969187245e-01
3.097693801557657167e-01
3.097105933102253794e-01
3.096519015793512408e-01
3.095933048823571454e-01
3.095348031386237486e-01
3.094763962676914115e-01
3.094180841892669176e-01
3.093598668232161453e-01
3.093017440895708403e-01
3.092437159085212883e-01
3.091857822004231426e-01
3.091279428857900413e-01
3.090701978853003240e-01
3.090125471197900930e-01
3.089549905102593752e-01
3.088975279778654048e-01
3.088401594439288966e-01
3.087828848299273288e-01
3.087257040575009381e-01
3.086686170484463920e-01
3.086116237247222283e-01
3.085547240084434706e-01
3.084979178218859586e-01
3.084412050874818512e-01
3.083845857278233460e-01
3.083280596656586270e-01
3.082716268238952506e-01
3.082152871255963711e-01
3.081590404939838490e-01
3.081028868524348652e-01
3.080468261244845851e-01
3.079908582338230505e-01
3.079349831042977881e-01
3.078792006599105902e-01
3.078235108248203455e-01
3.077679135233397645e-01
3.077124086799379321e-01
3.076569962192374774e-01
3.076016760660168492e-01
3.075464481452072629e-01
3.074913123818956984e-01
3.074362687013210693e-01
3.073813170288776098e-01
3.073264572901111547e-01
3.072716894107222485e-01
3.072170133165625372e-01
3.071624289336378766e-01
3.071079361881048353e-01
3.070535350062734703e-01
3.069992253146044403e-01
3.069450070397110042e-01
3.068908801083566895e-01
3.068368444474573464e-01
3.067828999840782611e-01
3.067290466454367648e-01
3.066752843588990696e-01
3.066216130519830996e-01
3.065680326523549937e-01
3.065145430878321031e-01
3.064611442863797164e-01
3.064078361761137792e-01
3.063546186852975639e-01
3.063014917423447780e-01
3.062484552758157341e-01
3.061955092144209023e-01
3.061426534870166916e-01
3.060898880226094465e-01
3.060372127503507844e-01
3.059846275995418141e-01
3.059321324996286395e-01
3.058797273802060790e-01
3.058274121710137239e-01
3.057751868019394914e-01
3.057230512030152392e-01
3.056710053044210951e-01
3.056190490364804613e-01
3.055671823296645662e-01
3.055154051145874683e-01
3.054637173220106638e-01
3.054121188828379241e-01
3.053606097281201803e-01
3.053091897890498063e-01
3.052578589969665024e-01
3.052066172833503566e-01
3.051554645798286725e-01
3.051044008181685863e-01
3.050534259302841167e-01
3.050025398482285044e-01
3.049517425042015395e-01
3.049010338305416790e-01
3.048504137597336516e-01
3.047998822244004646e-01
3.047494391573105643e-01
3.046990844913707863e-01
3.046488181596324618e-01
3.045986400952852002e-01
3.045485502316626070e-01
3.044985485022361771e-01
3.044486348406206799e-01
3.043988091805687191e-01
3.043490714559755617e-01
3.042994216008739206e-01
3.042498595494386726e-01
3.042003852359819183e-01
3.041509985949571448e-01
3.041016995609550633e-01
3.040524880687069942e-01
3.040033640530811487e-01
3.039543274490862368e-01
3.039053781918669705e-01
3.038565162167083389e-01
3.038077414590310554e-01
3.037590538543955554e-01
3.037104533384975547e-01
3.036619398471721576e-01
3.036135133163892497e-01
3.035651736822578273e-01
3.035169208810211128e-01
3.034687548490611064e-01
3.034206755228936458e-01
3.033726828391728469e-01
3.033247767346863855e-01
3.032769571463597158e-01
3.032292240112515191e-01
3.031815772665577557e-01
3.031340168496072796e-01
3.030865426978657795e-01
3.030391547489315052e-01
3.029918529405389860e-01
3.029446372105552565e-01
3.028975074969829095e-01
3.028504637379566544e-01
3.028035058717465366e-01
3.027566338367542742e-01
3.027098475715164771e-01
3.026631470147008729e-01
3.026165321051103030e-01
3.025700027816773940e-01
3.025235589834703864e-01
3.024772006496864729e-01
3.024309277196580159e-01
3.023847401328462192e-01
3.023386378288467902e-01
3.022926207473842219e-01
3.022466888283167341e-01
3.022008420116313321e-01
3.021550802374479150e-01
3.021094034460154454e-01
3.020638115777147248e-01
3.020183045730556737e-01
3.019728823726794964e-01
3.019275449173561277e-01
3.018822921479865640e-01
3.018371240055999771e-01
3.017920404313563232e-01
3.017470413665433449e-01
3.017021267525792916e-01
3.016572965310096444e-01
3.016125506435101689e-01
3.015678890318833072e-01
3.015233116380617306e-01
3.014788184041041208e-01
3.014344092721992774e-01
3.013900841846613998e-01
3.013458430839346391e-01
3.013016859125881575e-01
3.012576126133204024e-01
3.012136231289549437e-01
3.011697174024440815e-01
3.011258953768647939e-01
3.010821569954223453e-01
3.010385022014467893e-01
3.009949309383955218e-01
3.009514431498507836e-01
3.009080387795216027e-01
3.008647177712415188e-01
3.008214800689707480e-01
3.007783256167932961e-01
3.007352543589197347e-01
3.006922662396839807e-01
3.006493612035462393e-01
3.006065391950896171e-01
3.005638001590232866e-01
3.005211440401788225e-01
3.004785707835136432e-01
3.004360803341073471e-01
3.003936726371646548e-01
3.003513476380124114e-01
3.003091052821021956e-01
3.002669455150075439e-01
3.002248682824258386e-01
3.001828735301767526e-01
3.001409612042029162e-01
3.000991312505694730e-01
3.000573836154635243e-01
3.000157182451949067e-01
2.999741350861948042e-01
2.999326340850170247e-01
2.998912151883360022e-01
2.998498783429487946e-01
2.998086234957726970e-01
2.997674505938472400e-01
2.997263595843319139e-01
2.996853504145081115e-01
2.996444230317767410e-01
2.996035773836605576e-01
2.995628134178012214e-01
2.995221310819619620e-01
2.994815303240247473e-01
2.994410110919927259e-01
2.994005733339874520e-01
2.993602169982512717e-01
2.993199420331447147e-01
2.992797483871486586e-01
2.992396360088621088e-01
2.991996048470038638e-01
2.991596548504104613e-01
2.991197859680382320e-01
2.990799981489607462e-01
2.990402913423708675e-01
2.990006654975788103e-01
2.989611205640134162e-01
2.989216564912207663e-01
2.988822732288650696e-01
2.988429707267277191e-01
2.988037489347076248e-01
2.987646078028209362e-01
2.987255472812005985e-01
2.986865673200969629e-01
2.986476678698764542e-01
2.986088488810226815e-01
2.985701103041352167e-01
2.985314520899304824e-01
2.984928741892403092e-01
2.984543765530133230e-01
2.984159591323131688e-01
2.983776218783200651e-01
2.983393647423287498e-01
2.983011876757504788e-01
2.982630906301107498e-01
2.982250735570508571e-01
2.981871364083265585e-01
2.981492791358088534e-01
2.981115016914829829e-01
2.980738040274490408e-01
2.980361860959211961e-01
2.979986478492280821e-01
2.979611892398122408e-01
2.979238102202302341e-01
2.978865107431523662e-01
2.978492907613625174e-01
2.978121502277583099e-01
2.977750890953503315e-01
2.977381073172628567e-01
2.977012048467327365e-01
2.976643816371102313e-01
2.976276376418578451e-01
2.975909728145513800e-01
2.975543871088784931e-01
2.975178804786397513e-01
2.974814528777474654e-01
2.974451042602265782e-01
2.974088345802133326e-01
2.973726437919565480e-01
2.973365318498157883e-01
2.973004987082631945e-01
2.972645443218812633e-01
2.972286686453646798e-01
2.971928716335184850e-01
2.971571532412592975e-01
2.971215134236140365e-01
2.970859521357210320e-01
2.970504693328284151e-01
2.970150649702954504e-01
2.969797390035911477e-01
2.969444913882951509e-01
2.969093220800967381e-01
2.968742310347955438e-01
2.968392182083004482e-01
2.968042835566305215e-01
2.967694270359139130e-01
2.967346486023884622e-01
2.966999482124009768e-01
2.966653258224077327e-01
2.966307813889735856e-01
2.965963148687725259e-01
2.965619262185872351e-01
2.965276153953088079e-01
2.964933823559373072e-01
2.964592270575802657e-01
2.964251494574544621e-01
2.963911495128837559e-01
2.963572271813009751e-01
2.963233824202455846e-01
2.962896151873661288e-01
2.962559254404174003e-01
2.962223131372627161e-01
2.961887782358718635e-01
2.961553206943225991e-01
2.961219404707990388e-01
2.960886375235928791e-01
2.960554118111019539e-01
2.960222632918315111e-01
2.959891919243928249e-01
2.959561976675040285e-01
2.959232804799892258e-01
2.958904403207789913e-01
2.958576771489098700e-01
2.958249909235243780e-01
2.957923816038708353e-01
2.957598491493034221e-01
2.957273935192816783e-01
2.956950146733710039e-01
2.956627125712416038e-01
2.956304871726695427e-01
2.955983384375354683e-01
2.955662663258254441e-01
2.955342707976300609e-01
2.955023518131450477e-01
2.954705093326703835e-01
2.954387433166108523e-01
2.954070537254754880e-01
2.953754405198777966e-01
2.953439036605353119e-01
2.953124431082696510e-01
2.952810588240064038e-01
2.952497507687750211e-01
2.952185189037084823e-01
2.951873631900437944e-01
2.951562835891208270e-01
2.951252800623834216e-01
2.950943525713782822e-01
2.950635010777554190e-01
2.950327255432678153e-01
2.950020259297713721e-01
2.949714021992249080e-01
2.949408543136897709e-01
2.949103822353299487e-01
2.948799859264118473e-01
2.948496653493045683e-01
2.948194204664787432e-01
2.947892512405079768e-01
2.947591576340672925e-01
2.947291396099339100e-01
2.946991971309867453e-01
2.946693301602064663e-01
2.946395386606752709e-01
2.946098225955769423e-01
2.945801819281965162e-01
2.945506166219204469e-01
2.945211266402360528e-01
2.944917119467321820e-01
2.944623725050979912e-01
2.944331082791242227e-01
2.944039192327015386e-01
2.943748053298220202e-01
2.943457665345775021e-01
2.943168028111609602e-01
2.942879141238650131e-01
2.942591004370830876e-01
2.942303617153081419e-01
2.942016979231337204e-01
2.941731090252526215e-01
2.941445949864581189e-01
2.941161557716424069e-01
2.940877913457980997e-01
2.940595016740164547e-01
2.940312867214888159e-01
2.940031464535053374e-01
2.939750808354555933e-01
2.939470898328281345e-01
2.939191734112105436e-01
2.938913315362892131e-01
2.938635641738492343e-01
2.938358712897746750e-01
2.938082528500478019e-01
2.937807088207496919e-01
2.937532391680595101e-01
2.937258438582548981e-01
2.936985228577115303e-01
2.936712761329033361e-01
2.936441036504021107e-01
2.936170053768775712e-01
2.935899812790971897e-01
2.935630313239261380e-01
2.935361554783272875e-01
2.935093537093609317e-01
2.934826259841846197e-01
2.934559722700535445e-01
2.934293925343197662e-01
2.934028867444327671e-01
2.933764548679388406e-01
2.933500968724813140e-01
2.933238127258003258e-01
2.932976023957327150e-01
2.932714658502121319e-01
2.932454030572685388e-01
2.932194139850285985e-01
2.931934986017151745e-01
2.931676568756476087e-01
2.931418887752411107e-01
2.931161942690074795e-01
2.930905733255538270e-01
2.930650259135840763e-01
2.930395520018969080e-01
2.930141515593879808e-01
2.929888245550471559e-01
2.929635709579614944e-01
2.929383907373117601e-01
2.929132838623758617e-01
2.928882503025253548e-01
2.928632900272284401e-01
2.928384030060471321e-01
2.928135892086397019e-01
2.927888486047581784e-01
2.927641811642506253e-01
2.927395868570586424e-01
2.927150656532198081e-01
2.926906175228649043e-01
2.926662424362206361e-01
2.926419403636066341e-01
2.926177112754384524e-01
2.925935551422242376e-01
2.925694719345681150e-01
2.925454616231663030e-01
2.925215241788109988e-01
2.924976595723864370e-01
2.924738677748724980e-01
2.924501487573409886e-01
2.924265024909591393e-01
2.924029289469861070e-01
2.923794280967760284e-01
2.923559999117751884e-01
2.923326443635242966e-01
2.923093614236562665e-01
2.922861510638981586e-01
2.922630132560693483e-01
2.922399479720828586e-01
2.922169551839439161e-01
2.921940348637513951e-01
2.921711869836961517e-01
2.921484115160624118e-01
2.921257084332264942e-01
2.921030777076576435e-01
2.920805193119171417e-01
2.920580332186591410e-01
2.920356194006294426e-01
2.920132778306669397e-01
2.919910084817014528e-01
2.919688113267563390e-01
2.919466863389453826e-01
2.919246334914757379e-01
2.919026527576449870e-01
2.918807441108439704e-01
2.918589075245535680e-01
2.918371429723479182e-01
2.918154504278909767e-01
2.917938298649399576e-01
2.917722812573416702e-01
2.917508045790357940e-01
2.917293998040519365e-01
2.917080669065119092e-01
2.916868058606277292e-01
2.916656166407031736e-01
2.916444992211322806e-01
2.916234535764004598e-01
2.916024796810836595e-01
2.915815775098485885e-01
2.915607470374526056e-01
2.915399882387435526e-01
2.915193010886599767e-01
2.914986855622306305e-01
2.914781416345747500e-01
2.914576692809017766e-01
2.914372684765114685e-01
2.914169391967935674e-01
2.913966814172280761e-01
2.913764951133848147e-01
2.913563802609238640e-01
2.913363368355946226e-01
2.913163648132369166e-01
2.912964641697796675e-01
2.912766348812421136e-01
2.912568769237324218e-01
2.912371902734489648e-01
2.912175749066788222e-01
2.911980307997992790e-01
2.911785579292760495e-01
2.911591562716651649e-01
2.911398258036105857e-01
2.911205665018467004e-01
2.911013783431957158e-01
2.910822613045700447e-01
2.910632153629697516e-01
2.910442404954851070e-01
2.910253366792938112e-01
2.910065038916637703e-01
2.909877421099498762e-01
2.909690513115973931e-01
2.909504314741384046e-01
2.909318825751951998e-01
2.909134045924765544e-01
2.908949975037817826e-01
2.908766612869961854e-01
2.908583959200955471e-01
2.908402013811415832e-01
2.908220776482863257e-01
2.908040246997677380e-01
2.907860425139136562e-01
2.907681310691381249e-01
2.907502903439446729e-01
2.907325203169230377e-01
2.907148209667521077e-01
2.906971922721973134e-01
2.906796342121125698e-01
2.906621467654386670e-01
2.906447299112044358e-01
2.906273836285255818e-01
2.906101078966059625e-01
2.905929026947357552e-01
2.905757680022933997e-01
2.905587037987436561e-01
2.905417100636392136e-01
2.905247867766191372e-01
2.905079339174101438e-01
2.904911514658254923e-01
2.904744394017654829e-01
2.904577977052173465e-01
2.904412263562550223e-01
2.904247253350393243e-01
2.904082946218174976e-01
2.903919341969237733e-01
2.903756440407785910e-01
2.903594241338893212e-01
2.903432744568493207e-01
2.903271949903388771e-01
2.903111857151241537e-01
2.902952466120581332e-01
2.902793776620795074e-01
2.902635788462136213e-01
2.902478501455716398e-01
2.902321915413510478e-01
2.902166030148352061e-01
2.902010845473936285e-01
2.901856361204815382e-01
2.901702577156403673e-01
2.901549493144969794e-01
2.901397108987644469e-01
2.901245424502411074e-01
2.901094439508115075e-01
2.900944153824451810e-01
2.900794567271979818e-01
2.900645679672105293e-01
2.900497490847096516e-01
2.900350000620068314e-01
2.900203208814998157e-01
2.900057115256707840e-01
2.899911719770879581e-01
2.899767022184040477e-01
2.899623022323578048e-01
2.899479720017721363e-01
2.899337115095561579e-01
2.899195207387027517e-01
2.899053996722910642e-01
2.898913482934840080e-01
2.898773665855304271e-01
2.898634545317632649e-01
2.898496121156006189e-01
2.898358393205452965e-01
2.898221361301847598e-01
2.898085025281910698e-01
2.897949384983211640e-01
2.897814440244161904e-01
2.897680190904022290e-01
2.897546636802893483e-01
2.897413777781727151e-01
2.897281613682310408e-01
2.897150144347283018e-01
2.897019369620119633e-01
2.896889289345144780e-01
2.896759903367517874e-01
2.896631211533247097e-01
2.896503213689176071e-01
2.896375909682993854e-01
2.896249299363227170e-01
2.896123382579243177e-01
2.895998159181250031e-01
2.895873629020293549e-01
2.895749791948258323e-01
2.895626647817871047e-01
2.895504196482688308e-01
2.895382437797114905e-01
2.895261371616381085e-01
2.895140997796565863e-01
2.895021316194573702e-01
2.894902326668154502e-01
2.894784029075884724e-01
2.894666423277184042e-01
2.894549509132300913e-01
2.894433286502322011e-01
2.894317755249165569e-01
2.894202915235585261e-01
2.894088766325166873e-01
2.893975308382329970e-01
2.893862541272324007e-01
2.893750464861235550e-01
2.893639079015976057e-01
2.893528383604296872e-01
2.893418378494770349e-01
2.893309063556809835e-01
2.893200438660648577e-01
2.893092503677360816e-01
2.892985258478837918e-01
2.892878702937813351e-01
2.892772836927837155e-01
2.892667660323299805e-01
2.892563172999408350e-01
2.892459374832207497e-01
2.892356265698561302e-01
2.892253845476168150e-01
2.892152114043545774e-01
2.892051071280046792e-01
2.891950717065840393e-01
2.891851051281931761e-01
2.891752073810140988e-01
2.891653784533124161e-01
2.891556183334350605e-01
2.891459270098125645e-01
2.891363044709566732e-01
2.891267507054628427e-01
2.891172657020075198e-01
2.891078494493508066e-01
2.890985019363337405e-01
2.890892231518808475e-01
2.890800130849978666e-01
2.890708717247735815e-01
2.890617990603782661e-01
2.890527950810648505e-01
2.890438597761678108e-01
2.890349931351043899e-01
2.890261951473731550e-01
2.890174658025553844e-01
2.890088050903135697e-01
2.890002130003930247e-01
2.889916895226201654e-01
2.889832346469041191e-01
2.889748483632350040e-01
2.889665306616857055e-01
2.889582815324100995e-01
2.889501009656445518e-01
2.889419889517065854e-01
2.889339454809959351e-01
2.889259705439938264e-01
2.889180641312631970e-01
2.889102262334485860e-01
2.889024568412763005e-01
2.888947559455541381e-01
2.888871235371716084e-01
2.888795596070996563e-01
2.888720641463907168e-01
2.888646371461789930e-01
2.888572785976797341e-01
2.888499884921901795e-01
2.888427668210885590e-01
2.888356135758348153e-01
2.888285287479699370e-01
2.888215123291167363e-01
2.888145643109789606e-01
2.888076846853419033e-01
2.888008734440719594e-01
2.887941305791170699e-01
2.887874560825062220e-01
2.887808499463496714e-01
2.887743121628388865e-01
2.887678427242464929e-01
2.887614416229264402e-01
2.887551088513134467e-01
2.887488444019239431e-01
2.887426482673547401e-01
2.887365204402845276e-01
2.887304609134720979e-01
2.887244696797584553e-01
2.887185467320643184e-01
2.887126920633927285e-01
2.887069056668264411e-01
2.887011875355303681e-01
2.886955376627491909e-01
2.886899560418097477e-01
2.886844426661185348e-01
2.886789975291640387e-01
2.886736206245147929e-01
2.886683119458207658e-01
2.886630714868123060e-01
2.886578992413009193e-01
2.886527952031787692e-01
2.886477593664186769e-01
2.886427917250745101e-01
2.886378922732806274e-01
2.886330610052523782e-01
2.886282979152856032e-01
2.886236029977569673e-01
2.886189762471237930e-01
2.886144176579239495e-01
2.886099272247762970e-01
2.886055049423799090e-01
2.886011508055149055e-01
2.885968648090415645e-01
2.885926469479013767e-01
2.885884972171156582e-01
2.885844156117869930e-01
2.885804021270980124e-01
2.885764567583123386e-01
2.885725795007736405e-01
2.885687703499065782e-01
2.885650293012159140e-01
2.885613563502872347e-01
2.885577514927862852e-01
2.885542147244598010e-01
2.885507460411341207e-01
2.885473454387170733e-01
2.885440129131958686e-01
2.885407484606391515e-01
2.885375520771949476e-01
2.885344237590928840e-01
2.885313635026416357e-01
2.885283713042315901e-01
2.885254471603322934e-01
2.885225910674947825e-01
2.885198030223492527e-01
2.885170830216075566e-01
2.885144310620604835e-01
2.885118471405806462e-01
2.885093312541194832e-01
2.885068833997099791e-01
2.885045035744644992e-01
2.885021917755764553e-01
2.884999480003188621e-01
2.884977722460456140e-01
2.884956645101903194e-01
2.884936247902674111e-01
2.884916530838710358e-01
2.884897493886760533e-01
2.884879137024372042e-01
2.884861460229897201e-01
2.884844463482489352e-01
2.884828146762105083e-01
2.884812510049501455e-01
2.884797553326238773e-01
2.884783276574680033e-01
2.884769679777989260e-01
2.884756762920132611e-01
2.884744525985878383e-01
2.884732968960798116e-01
2.884722091831261603e-01
2.884711894584445213e-01
2.884702377208323010e-01
2.884693539691672859e-01
2.884685382024074762e-01
2.884677904195908638e-01
2.884671106198358204e-01
2.884664988023405985e-01
2.884659549663839972e-01
2.884654791113246408e-01
2.884650712366014780e-01
2.884647313417336711e-01
2.884644594263202078e-01
2.884642554900407330e-01
2.884641195326546059e-01
2.884640515540017325e-01
2.884640515540016215e-01
2.884641195326546614e-01
2.884642554900406219e-01
2.884644594263202633e-01
2.884647313417334491e-01
2.884650712366014780e-01
2.884654791113244188e-01
2.884659549663839417e-01
2.884664988023403209e-01
2.884671106198357093e-01
2.884677904195905862e-01
2.884685382024073097e-01
2.884693539691670083e-01
2.884702377208320789e-01
2.884711894584441882e-01
2.884722091831259383e-01
2.884732968960794230e-01
2.884744525985875607e-01
2.884756762920128170e-01
2.884769679777985374e-01
2.884783276574675037e-01
2.884797553326234887e-01
2.884812510049496459e-01
2.884828146762100087e-01
2.884844463482484356e-01
2.884861460229891095e-01
2.884879137024365936e-01
2.884897493886753317e-01
2.884916530838704252e-01
2.884936247902665785e-01
2.884956645101896533e-01
2.884977722460447258e-01
2.884999480003181405e-01
2.885021917755754561e-01
2.885045035744637776e-01
2.885068833997089244e-01
2.885093312541187061e-01
2.885118471405795360e-01
2.885144310620597063e-01
2.885170830216064464e-01
2.885198030223484200e-01
2.885225910674936722e-01
2.885254471603313497e-01
2.885283713042304798e-01
2.885313635026405810e-01
2.885344237590916627e-01
2.885375520771938374e-01
2.885407484606378747e-01
2.885440129131946474e-01
2.885473454387157966e-01
2.885507460411328440e-01
2.885542147244585243e-01
2.885577514927849530e-01
2.885613563502859580e-01
2.885650293012144707e-01
2.885687703499052459e-01
2.885725795007721972e-01
2.885764567583109508e-01
2.885804021270965691e-01
2.885844156117855497e-01
2.885884972171141594e-01
2.885926469478998224e-01
2.885968648090400657e-01
2.886011508055133512e-01
2.886055049423782992e-01
2.886099272247746872e-01
2.886144176579222842e-01
2.886189762471221276e-01
2.886236029977551909e-01
2.886282979152838823e-01
2.886330610052505463e-01
2.886378922732789065e-01
2.886427917250725672e-01
2.886477593664168451e-01
2.886527952031767152e-01
2.886578992412990319e-01
2.886630714868102521e-01
2.886683119458188229e-01
2.886736206245127390e-01
2.886789975291620403e-01
2.886844426661164253e-01
2.886899560418076938e-01
2.886955376627470815e-01
2.887011875355282586e-01
2.887069056668242761e-01
2.887126920633905636e-01
2.887185467320621535e-01
2.887244696797562349e-01
2.887304609134698774e-01
2.887365204402822516e-01
2.887426482673524086e-01
2.887488444019216116e-01
2.887551088513110598e-01
2.887614416229241088e-01
2.887678427242439949e-01
2.887743121628365550e-01
2.887808499463470624e-01
2.887874560825038350e-01
2.887941305791144053e-01
2.888008734440694614e-01
2.888076846853391277e-01
2.888145643109763516e-01
2.888215123291139608e-01
2.888285287479672725e-01
2.888356135758319287e-01
2.888427668210858390e-01
2.888499884921872929e-01
2.888572785976769586e-01
2.888646371461759954e-01
2.888720641463878858e-01
2.888795596070966587e-01
2.888871235371687218e-01
2.888947559455511405e-01
2.889024568412733585e-01
2.889102262334455884e-01
2.889180641312602549e-01
2.889259705439907733e-01
2.889339454809929930e-01
2.889419889517034767e-01
2.889501009656414987e-01
2.889582815324069909e-01
2.889665306616825968e-01
2.889748483632318954e-01
2.889832346469009550e-01
2.889916895226170013e-01
2.890002130003898051e-01
2.890088050903103500e-01
2.890174658025521093e-01
2.890261951473698798e-01
2.890349931351010593e-01
2.890438597761644801e-01
2.890527950810614644e-01
2.890617990603748799e-01
2.890708717247701398e-01
2.890800130849944805e-01
2.890892231518772948e-01
2.890985019363302988e-01
2.891078494493471984e-01
2.891172657020040226e-01
2.891267507054592345e-01
2.891363044709530650e-01
2.891459270098088452e-01
2.891556183334313412e-01
2.891653784533086968e-01
2.891752073810103241e-01
2.891851051281894014e-01
2.891950717065802090e-01
2.892051071280008490e-01
2.892152114043506361e-01
2.892253845476129293e-01
2.892356265698520779e-01
2.892459374832168639e-01
2.892563172999367826e-01
2.892667660323260392e-01
2.892772836927796631e-01
2.892878702937773383e-01
2.892985258478796839e-01
2.893092503677319738e-01
2.893200438660606943e-01
2.893309063556768757e-01
2.893418378494728160e-01
2.893528383604255239e-01
2.893639079015933313e-01
2.893750464861193916e-01
2.893862541272280153e-01
2.893975308382287781e-01
2.894088766325122464e-01
2.894202915235543072e-01
2.894317755249121160e-01
2.894433286502278713e-01
2.894549509132255949e-01
2.894666423277139633e-01
2.894784029075839205e-01
2.894902326668109538e-01
2.895021316194527627e-01
2.895140997796520899e-01
2.895261371616334456e-01
2.895382437797068831e-01
2.895504196482640569e-01
2.895626647817824417e-01
2.895749791948210583e-01
2.895873629020246920e-01
2.895998159181201181e-01
2.896123382579195993e-01
2.896249299363177210e-01
2.896375909682946115e-01
2.896503213689125555e-01
2.896631211533198802e-01
2.896759903367466804e-01
2.896889289345095375e-01
2.897019369620068008e-01
2.897150144347233058e-01
2.897281613682258228e-01
2.897413777781676081e-01
2.897546636802840747e-01
2.897680190903971220e-01
2.897814440244108614e-01
2.897949384983159460e-01
2.898085025281856297e-01
2.898221361301795418e-01
2.898358393205397454e-01
2.898496121155954008e-01
2.898634545317576028e-01
2.898773665855250981e-01
2.898913482934783459e-01
2.899053996722856241e-01
2.899195207386970896e-01
2.899337115095506623e-01
2.899479720017664741e-01
2.899623022323523092e-01
2.899767022183983300e-01
2.899911719770824070e-01
2.900057115256649554e-01
2.900203208814942646e-01
2.900350000620010027e-01
2.900497490847040449e-01
2.900645679672045896e-01
2.900794567271922642e-01
2.900944153824391858e-01
2.901094439508057343e-01
2.901245424502350012e-01
2.901397108987586737e-01
2.901549493144908176e-01
2.901702577156345386e-01
2.901856361204753210e-01
2.902010845473876888e-01
2.902166030148289333e-01
2.902321915413451081e-01
2.902478501455653670e-01
2.902635788462076261e-01
2.902793776620732347e-01
2.902952466120520270e-01
2.903111857151178810e-01
2.903271949903327154e-01
2.903432744568429924e-01
2.903594241338830484e-01
2.903756440407722628e-01
2.903919341969174450e-01
2.904082946218111139e-01
2.904247253350329405e-01
2.904412263562485830e-01
2.904577977052109072e-01
2.904744394017589881e-01
2.904911514658190530e-01
2.905079339174035935e-01
2.905247867766126979e-01
2.905417100636325523e-01
2.905587037987371613e-01
2.905757680022866829e-01
2.905929026947292049e-01
2.906101078965991347e-01
2.906273836285189760e-01
2.906447299111975524e-01
2.906621467654319502e-01
2.906796342121056309e-01
2.906971922721905410e-01
2.907148209667451688e-01
2.907325203169162653e-01
2.907502903439376785e-01
2.907681310691312970e-01
2.907860425139066618e-01
2.908040246997608547e-01
2.908220776482792203e-01
2.908402013811346998e-01
2.908583959200883862e-01
2.908766612869892465e-01
2.908949975037746216e-01
2.909134045924695600e-01
2.909318825751880389e-01
2.909504314741312991e-01
2.909690513115901767e-01
2.909877421099427153e-01
2.910065038916564983e-01
2.910253366792865948e-01
2.910442404954777795e-01
2.910632153629624241e-01
2.910822613045626617e-01
2.911013783431882773e-01
2.911205665018393174e-01
2.911398258036030917e-01
2.911591562716577264e-01
2.911785579292685555e-01
2.911980307997918405e-01
2.912175749066712727e-01
2.912371902734414708e-01
2.912568769237248167e-01
2.912766348812345640e-01
2.912964641697720070e-01
2.913163648132293115e-01
2.913363368355869065e-01
2.913563802609162590e-01
2.913764951133770431e-01
2.913966814172204711e-01
2.914169391967856848e-01
2.914372684765038080e-01
2.914576692808938940e-01
2.914781416345670895e-01
2.914986855622226924e-01
2.915193010886522607e-01
2.915399882387355590e-01
2.915607470374448340e-01
2.915815775098405394e-01
2.916024796810758324e-01
2.916234535763923552e-01
2.916444992211243981e-01
2.916656166406950135e-01
2.916868058606198466e-01
2.917080669065037490e-01
2.917293998040439429e-01
2.917508045790276339e-01
2.917722812573336766e-01
2.917938298649317419e-01
2.918154504278829831e-01
2.918371429723396471e-01
2.918589075245454634e-01
2.918807441108356993e-01
2.919026527576368268e-01
2.919246334914674668e-01
2.919466863389371114e-01
2.919688113267480123e-01
2.919910084816931262e-01
2.920132778306585575e-01
2.920356194006210049e-01
2.920580332186507588e-01
2.920805193119085930e-01
2.921030777076492058e-01
2.921257084332178899e-01
2.921484115160539186e-01
2.921711869836874365e-01
2.921940348637427909e-01
2.922169551839351453e-01
2.922399479720742543e-01
2.922630132560605776e-01
2.922861510638894988e-01
2.923093614236474957e-01
2.923326443635155258e-01
2.923559999117663621e-01
2.923794280967672021e-01
2.924029289469772808e-01
2.924265024909502020e-01
2.924501487573321623e-01
2.924738677748635052e-01
2.924976595723775552e-01
2.925215241788020060e-01
2.925454616231574212e-01
2.925694719345591222e-01
2.925935551422153003e-01
2.926177112754294041e-01
2.926419403635975858e-01
2.926662424362115322e-01
2.926906175228558005e-01
2.927150656532107043e-01
2.927395868570494830e-01
2.927641811642414660e-01
2.927888486047489636e-01
2.928135892086304870e-01
2.928384030060378063e-01
2.928632900272191142e-01
2.928882503025159734e-01
2.929132838623664803e-01
2.929383907373023788e-01
2.929635709579520575e-01
2.929888245550377190e-01
2.930141515593784884e-01
2.930395520018874156e-01
2.930650259135745839e-01
2.930905733255443346e-01
2.931161942689979871e-01
2.931418887752315072e-01
2.931676568756380052e-01
2.931934986017054601e-01
2.932194139850189396e-01
2.932454030572586579e-01
2.932714658502023619e-01
2.932976023957227785e-01
2.933238127257905004e-01
2.933500968724713220e-01
2.933764548679289597e-01
2.934028867444227195e-01
2.934293925343098297e-01
2.934559722700433859e-01
2.934826259841745721e-01
2.935093537093506622e-01
2.935361554783171290e-01
2.935630313239158684e-01
2.935899812790869201e-01
2.936170053768671906e-01
2.936441036503917856e-01
2.936712761328929555e-01
2.936985228577010387e-01
2.937258438582444064e-01
2.937532391680489074e-01
2.937807088207392003e-01
2.938082528500371993e-01
2.938358712897641278e-01
2.938635641738385762e-01
2.938913315362786660e-01
2.939191734111998300e-01
2.939470898328175874e-01
2.939750808354448797e-01
2.940031464534947347e-01
2.940312867214780468e-01
2.940595016740057965e-01
2.940877913457872195e-01
2.941161557716317487e-01
2.941445949864471832e-01
2.941731090252419079e-01
2.942016979231227292e-01
2.942303617152973727e-01
2.942591004370720409e-01
2.942879141238541330e-01
2.943168028111498580e-01
2.943457665345665109e-01
2.943748053298108625e-01
2.944039192326904919e-01
2.944331082791130094e-01
2.944623725050868890e-01
2.944917119467209687e-01
2.945211266402248951e-01
2.945506166219092337e-01
2.945801819281852474e-01
2.946098225955656735e-01
2.946395386606639466e-01
2.946693301601950865e-01
2.946991971309753655e-01
2.947291396099224747e-01
2.947591576340558572e-01
2.947892512404964860e-01
2.948194204664673079e-01
2.948496653492929664e-01
2.948799859264004120e-01
2.949103822353182913e-01
2.949408543136782246e-01
2.949714021992131951e-01
2.950020259297598257e-01
2.950327255432559914e-01
2.950635010777437617e-01
2.950943525713664028e-01
2.951252800623717643e-01
2.951562835891088921e-01
2.951873631900320816e-01
2.952185189036965474e-01
2.952497507687632528e-01
2.952810588239943579e-01
2.953124431082578827e-01
2.953439036605231549e-01
2.953754405198660282e-01
2.954070537254633311e-01
2.954387433165990284e-01
2.954705093326581156e-01
2.955023518131332239e-01
2.955342707976177929e-01
2.955662663258136202e-01
2.955983384375231449e-01
2.956304871726576078e-01
2.956627125712292803e-01
2.956950146733590135e-01
2.957273935192692993e-01
2.957598491492913761e-01
2.957923816038584008e-01
2.958249909235122765e-01
2.958576771488973800e-01
2.958904403207668343e-01
2.959232804799767358e-01
2.959561976674917605e-01
2.959891919243802794e-01
2.960222632918191876e-01
2.960554118110892974e-01
2.960886375235804446e-01
2.961219404707863267e-01
2.961553206943101646e-01
2.961887782358591514e-01
2.962223131372502261e-01
2.962559254404045772e-01
2.962896151873535833e-01
2.963233824202327060e-01
2.963572271812883185e-01
2.963911495128708218e-01
2.964251494574418055e-01
2.964592270575672206e-01
2.964933823559245951e-01
2.965276153952957072e-01
2.965619262185745231e-01
2.965963148687593143e-01
2.966307813889608180e-01
2.966653258223944101e-01
2.966999482123882093e-01
2.967346486023750840e-01
2.967694270359010900e-01
2.968042835566170323e-01
2.968392182082875697e-01
2.968742310347819990e-01
2.969093220800838040e-01
2.969444913882816062e-01
2.969797390035782136e-01
2.970150649702818502e-01
2.970504693328154810e-01
2.970859521357073763e-01
2.971215134236010469e-01
2.971571532412455308e-01
2.971928716335053844e-01
2.972286686453509130e-01
2.972645443218681627e-01
2.973004987082493722e-01
2.973365318498026877e-01
2.973726437919426702e-01
2.974088345802001765e-01
2.974451042602127004e-01
2.974814528777341982e-01
2.975178804786258180e-01
2.975543871088651149e-01
2.975909728145373356e-01
2.976276376418444669e-01
2.976643816370961315e-01
2.977012048467193028e-01
2.977381073172487569e-01
2.977750890953368423e-01
2.978121502277441546e-01
2.978492907613489726e-01
2.978865107431381554e-01
2.979238102202166338e-01
2.979611892397979744e-01
2.979986478492144264e-01
2.980361860959068743e-01
2.980738040274352740e-01
2.981115016914686056e-01
2.981492791357949756e-01
2.981871364083121811e-01
2.982250735570368683e-01
2.982630906300963725e-01
2.983011876757363789e-01
2.983393647423143724e-01
2.983776218783058543e-01
2.984159591322987359e-01
2.984543765529990567e-01
2.984928741892258208e-01
2.985314520899161606e-01
2.985701103041207283e-01
2.986088488810083597e-01
2.986476678698618548e-01
2.986865673200825855e-01
2.987255472811860546e-01
2.987646078028064478e-01
2.988037489346929698e-01
2.988429707267131197e-01
2.988822732288503037e-01
2.989216564912061114e-01
2.989611205639985947e-01
2.990006654975640998e-01
2.990402913423559350e-01
2.990799981489459247e-01
2.991197859680231885e-01
2.991596548503955844e-01
2.991996048469887648e-01
2.992396360088471763e-01
2.992797483871335040e-01
2.993199420331296157e-01
2.993602169982360062e-01
2.994005733339722974e-01
2.994410110919774048e-01
2.994815303240095372e-01
2.995221310819465299e-01
2.995628134177859003e-01
2.996035773836450700e-01
2.996444230317613644e-01
2.996853504144925129e-01
2.997263595843164263e-01
2.997674505938316414e-01
2.998086234957570984e-01
2.998498783429331405e-01
2.998912151883202926e-01
2.999326340850013151e-01
2.999741350861790945e-01
3.000157182451791971e-01
3.000573836154477037e-01
3.000991312505537634e-01
3.001409612041870401e-01
3.001828735301610429e-01
3.002248682824098513e-01
3.002669455149918343e-01
3.003091052820861528e-01
3.003513476379967018e-01
3.003936726371485011e-01
3.004360803340915265e-01
3.004785707834974340e-01
3.005211440401629464e-01
3.005638001590070219e-01
3.006065391950737409e-01
3.006493612035299190e-01
3.006922662396681045e-01
3.007352543589033589e-01
3.007783256167773644e-01
3.008214800689543167e-01
3.008647177712255316e-01
3.009080387795050604e-01
3.009514431498346299e-01
3.009949309383789240e-01
3.010385022014305245e-01
3.010821569954057475e-01
3.011258953768484736e-01
3.011697174024274282e-01
3.012136231289385124e-01
3.012576126133036380e-01
3.013016859125716707e-01
3.013458430839178193e-01
3.013900841846448575e-01
3.014344092721823465e-01
3.014788184040874675e-01
3.015233116380447442e-01
3.015678890318665428e-01
3.016125506434931824e-01
3.016572965309928245e-01
3.017021267525623052e-01
3.017470413665264695e-01
3.017920404313392813e-01
3.018371240055830462e-01
3.018822921479694665e-01
3.019275449173391968e-01
3.019728823726623435e-01
3.020183045730386873e-01
3.020638115776974608e-01
3.021094034459984035e-01
3.021550802374305400e-01
3.022008420116142902e-01
3.022466888282992481e-01
3.022926207473671800e-01
3.023386378288292486e-01
3.023847401328291218e-01
3.024309277196403634e-01
3.024772006496693200e-01
3.025235589834527339e-01
3.025700027816602411e-01
3.026165321050925394e-01
3.026631470146836644e-01
3.027098475714987136e-01
3.027566338367369547e-01
3.028035058717287731e-01
3.028504637379392239e-01
3.028975074969650350e-01
3.029446372105377150e-01
3.029918529405210559e-01
3.030391547489138526e-01
3.030865426978477384e-01
3.031340168495895715e-01
3.031815772665396591e-01
3.032292240112337556e-01
3.032769571463415637e-01
3.033247767346685664e-01
3.033726828391546393e-01
3.034206755228757157e-01
3.034687548490428433e-01
3.035169208810031827e-01
3.035651736822395086e-01
3.036135133163712641e-01
3.036619398471537834e-01
3.037104533384795135e-01
3.037590538543771257e-01
3.038077414590129588e-01
3.038565162166898537e-01
3.039053781918487629e-01
3.039543274490676406e-01
3.040033640530629411e-01
3.040524880686883979e-01
3.041016995609367446e-01
3.041509985949384931e-01
3.042003852359635441e-01
3.042498595494198543e-01
3.042994216008554909e-01
3.043490714559566324e-01
3.043988091805502338e-01
3.044486348406016396e-01
3.044985485022176364e-01
3.045485502316435111e-01
3.045986400952666040e-01
3.046488181596132550e-01
3.046990844913521346e-01
3.047494391572913019e-01
3.047998822243818129e-01
3.048504137597143338e-01
3.049010338305229717e-01
3.049517425041821106e-01
3.050025398482097416e-01
3.050534259302646878e-01
3.051044008181497680e-01
3.051554645798091880e-01
3.052066172833313717e-01
3.052578589969469069e-01
3.053091897890307105e-01
3.053606097281005294e-01
3.054121188828187172e-01
3.054637173219910129e-01
3.055154051145682059e-01
3.055671823296448042e-01
3.056190490364611434e-01
3.056710053044013331e-01
3.057230512029958658e-01
3.057751868019196184e-01
3.058274121709942395e-01
3.058797273801861505e-01
3.059321324996090441e-01
3.059846275995218301e-01
3.060372127503311335e-01
3.060898880225893515e-01
3.061426534869970406e-01
3.061955092144006962e-01
3.062484552757959722e-01
3.063014917423245720e-01
3.063546186852776909e-01
3.064078361760935176e-01
3.064611442863597324e-01
3.065145430878118415e-01
3.065680326523349541e-01
3.066216130519627825e-01
3.066752843588789745e-01
3.067290466454163922e-01
3.067828999840580551e-01
3.068368444474368628e-01
3.068908801083364279e-01
3.069450070396904651e-01
3.069992253145840677e-01
3.070535350062528757e-01
3.071079361880844072e-01
3.071624289336171709e-01
3.072170133165420536e-01
3.072716894107014318e-01
3.073264572900906155e-01
3.073813170288567931e-01
3.074362687013004747e-01
3.074913123818748817e-01
3.075464481451866128e-01
3.076016760659960325e-01
3.076569962192167162e-01
3.077124086799170044e-01
3.077679135233188368e-01
3.078235108247993068e-01
3.078792006598896069e-01
3.079349831042766383e-01
3.079908582338020673e-01
3.080468261244634354e-01
3.081028868524138264e-01
3.081590404939626437e-01
3.082152871255752213e-01
3.082716268238739343e-01
3.083280596656374217e-01
3.083845857278019187e-01
3.084412050874605349e-01
3.084979178218644758e-01
3.085547240084220988e-01
3.086116237247006899e-01
3.086686170484249647e-01
3.087257040574793443e-01
3.087828848299059015e-01
3.088401594439072473e-01
3.088975279778439220e-01
3.089549905102376703e-01
3.090125471197685547e-01
3.090701978852785636e-01
3.091279428857684475e-01
3.091857822004012712e-01
3.092437159084996945e-01
3.093017440895489134e-01
3.093598668231944959e-01
3.094180841892448797e-01
3.094763962676696512e-01
3.095348031386015997e-01
3.095933048823352740e-01
3.096519015793290919e-01
3.097105933102034525e-01
3.097693801557434568e-01
3.098282621968966866e-01
3.098872395147759251e-01
3.099463121906571028e-01
3.100054803059815733e-01
3.100647439423548368e-01
3.101241031815479277e-01
3.101835581054969704e-01
3.102431087963040124e-01
3.103027553362366908e-01
3.103624978077293428e-01
3.104223362933818953e-01
3.104822708759624184e-01
3.105423016384042945e-01
3.106024286638102705e-01
3.106626520354485166e-01
3.107229718367573446e-01
3.107833881513409890e-01
3.108439010629743260e-01
3.109045106555990978e-01
3.109652170133277993e-01
3.110260202204405133e-01
3.110869203613888523e-01
3.111479175207923498e-01
3.112090117834427350e-01
3.112702032343002134e-01
3.113314919584978524e-01
3.113928780413376951e-01
3.114543615682953126e-01
3.115159426250156960e-01
3.115776212973181969e-01
3.116393976711918645e-01
3.117012718328010523e-01
3.117632438684799778e-01
3.118253138647391620e-01
3.118874819082593786e-01
3.119497480858983707e-01
3.120121124846846894e-01
3.120745751918244104e-01
3.121371362946951389e-01
3.121997958808526152e-01
3.122625540380245535e-01
3.123254108541175245e-01
3.123883664172107943e-01
3.124514208155628192e-01
3.125145741376054720e-01
3.125778264719506483e-01
3.126411779073839936e-01
3.127046285328717867e-01
3.127681784375550555e-01
3.128318277107555723e-01
3.128955764419708574e-01
3.129594247208795088e-01
3.130233726373368164e-01
3.130874202813794804e-01
3.131515677432217259e-01
3.132158151132595769e-01
3.132801624820675812e-01
3.133446099404023633e-01
3.134091575791999040e-01
3.134738054895788162e-01
3.135385537628377350e-01
3.136034024904587048e-01
3.136683517641039587e-01
3.137334016756204713e-01
3.137985523170354618e-01
3.138638037805618342e-01
3.139291561585934032e-01
3.139946095437100571e-01
3.140601640286735940e-01
3.141258197064322744e-01
3.141915766701169899e-01
3.142574350130457606e-01
3.143233948287199597e-01
3.143894562108286994e-01
3.144556192532451666e-01
3.145218840500307311e-01
3.145882506954316704e-01
3.146547192838831108e-01
3.147212899100058081e-01
3.147879626686099219e-01
3.148547376546919629e-01
3.149216149634384010e-01
3.149885946902230005e-01
3.150556769306099847e-01
3.151228617803513710e-01
3.151901493353906902e-01
3.152575396918597672e-01
3.153250329460824952e-01
3.153926291945720051e-01
3.154603285340338292e-01
3.155281310613639589e-01
3.155960368736509536e-01
3.156640460681747196e-01
3.157321587424085640e-01
3.158003749940175853e-01
3.158686949208612260e-01
3.159371186209911642e-01
3.160056461926543658e-01
3.160742777342905874e-01
3.161430133445354840e-01
3.162118531222186113e-01
3.162807971663656459e-01
3.163498455761970529e-01
3.164189984511302511e-01
3.164882558907781696e-01
3.165576179949510793e-01
3.166270848636559276e-01
3.166966565970973924e-01
3.167663332956776046e-01
3.168361150599972587e-01
3.169060019908551684e-01
3.169759941892494326e-01
3.170460917563769909e-01
3.171162947936349008e-01
3.171866034026195602e-01
3.172570176851284285e-01
3.173275377431589162e-01
3.173981636789102723e-01
3.174688955947825852e-01
3.175397335933782816e-01
3.176106777775015155e-01
3.176817282501593898e-01
3.177528851145616784e-01
3.178241484741217149e-01
3.178955184324562810e-01
3.179669950933865508e-01
3.180385785609377014e-01
3.181102689393403016e-01
3.181820663330294230e-01
3.182539708466465833e-01
3.183259825850383584e-01
3.183981016532584918e-01
3.184703281565668953e-01
3.185426622004308705e-01
3.186151038905251642e-01
3.186876533327325234e-01
3.187603106331435843e-01
3.188330758980582047e-01
3.189059492339847979e-01
3.189789307476417757e-01
3.190520205459566050e-01
3.191252187360680281e-01
3.191985254253242310e-01
3.192719407212856186e-01
3.193454647317227613e-01
3.194190975646193920e-01
3.194928393281700751e-01
3.195666901307832597e-01
3.196406500810793361e-01
3.197147192878929123e-01
3.197888978602718146e-01
3.198631859074785311e-01
3.199375835389898226e-01
3.200120908644976114e-01
3.200867079939093696e-01
3.201614350373480078e-01
3.202362721051533745e-01
3.203112193078809788e-01
3.203862767563045444e-01
3.204614445614140106e-01
3.205367228344184749e-01
3.206121116867440834e-01
3.206876112300369175e-01
3.207632215761609951e-01
3.208389428372008800e-01
3.209147751254602943e-01
3.209907185534640051e-01
3.210667732339569369e-01
3.211429392799057814e-01
3.212192168044984419e-01
3.212956059211451998e-01
3.213721067434784917e-01
3.214487193853539648e-01
3.215254439608503656e-01
3.216022805842702614e-01
3.216792293701404848e-01
3.217562904332122442e-01
3.218334638884621235e-01
3.219107498510917487e-01
3.219881484365291202e-01
3.220656597604281135e-01
3.221432839386697555e-01
3.222210210873617808e-01
3.222988713228402968e-01
3.223768347616685070e-01
3.224549115206392091e-01
3.225331017167729075e-01
3.226114054673209219e-01
3.226898228897627230e-01
3.227683541018099844e-01
3.228469992214028084e-01
3.229257583667149434e-01
3.230046316561490660e-01
3.230836192083427760e-01
3.231627211421628787e-01
3.232419375767127678e-01
3.233212686313252648e-01
3.234007144255709454e-01
3.234802750792508119e-01
3.235599507124043983e-01
3.236397414453024979e-01
3.237196473984554346e-01
3.237996686926056245e-01
3.238798054487361799e-01
3.239600577880625276e-01
3.240404258320427333e-01
3.241209097023670105e-01
3.242015095209698772e-01
3.242822254100184431e-01
3.243630574919256215e-01
3.244440058893366952e-01
3.245250707251451927e-01
3.246062521224764019e-01
3.246875502047061324e-01
3.247689650954415086e-01
3.248504969185426194e-01
3.249321457981000361e-01
3.250139118584599029e-01
3.250957952241982363e-01
3.251777960201490680e-01
3.252599143713754137e-01
3.253421504032011358e-01
3.254245042411781363e-01
3.255069760111220512e-01
3.255895658390750014e-01
3.256722738513466164e-01
3.257551001744708463e-01
3.258380449352531461e-01
3.259211082607210153e-01
3.260042902781776220e-01
3.260875911151455142e-01
3.261710108994277380e-01
3.262545497590433885e-01
3.263382078222972771e-01
3.264219852177064340e-01
3.265058820740795453e-01
3.265898985204330751e-01
3.266740346860815269e-01
3.267582907005419646e-01
3.268426666936368741e-01
3.269271627953852510e-01
3.270117791361195625e-01
3.270965158463616795e-01
3.271813730569564371e-01
3.272663508989295256e-01
3.273514495036402017e-01
3.274366690026188631e-01
3.275220095277412424e-01
3.276074712110432774e-01
3.276930541849195078e-01
3.277787585819118554e-01
3.278645845349357768e-01
3.279505321770396220e-01
3.280366016416620956e-01
3.281227930623581424e-01
3.282091065730918245e-01
3.282955423079248480e-01
3.283821004013488531e-01
3.284687809879319187e-01
3.285555842026957607e-01
3.286425101807141091e-01
3.287295590575411985e-01
3.288167309687554107e-01
3.289040260504459967e-01
3.289914444386947689e-01
3.290789862701283264e-01
3.291666516813301357e-01
3.292544408094668640e-01
3.293423537916214672e-01
3.294303907655029562e-01
3.295185518686915005e-01
3.296068372394409529e-01
3.296952470158251436e-01
3.297837813366457649e-01
3.298724403404664218e-01
3.299612241666394219e-01
3.300501329542133155e-01
3.301391668430939674e-01
3.302283259728095444e-01
3.303176104838224103e-01
3.304070205161339091e-01
3.304965562107658461e-01
3.305862177081856368e-01
3.306760051499776365e-01
3.307659186770668391e-01
3.308559584316035362e-01
3.309461245549602526e-01
3.310364171898569907e-01
3.311268364781026485e-01
3.312173825629904922e-01
3.313080555867529697e-01
3.313988556932607188e-01
3.314897830251550825e-01
3.315808377268880669e-01
3.316720199414937564e-01
3.317633298140096887e-01
3.318547674878442044e-01
3.319463331086248692e-01
3.320380268201133522e-01
3.321298487685322431e-01
3.322217990979728919e-01
3.323138779552581301e-01
3.324060854847823987e-01
3.324984218339744335e-01
3.325908871475021233e-01
3.326834815734061035e-01
3.327762052565942930e-01
3.328690583457255547e-01
3.329620409859106456e-01
3.330551533264338171e-01
3.331483955125668084e-01
3.332417676942268647e-01
3.333352700168000227e-01
3.334289026308448478e-01
3.335226656818098268e-01
3.336165593209036162e-01
3.337105836935791991e-01
3.338047389517052599e-01
3.338990252406749404e-01
3.339934427130274441e-01
3.340879915140242962e-01
3.341826717968871541e-01
3.342774837066662119e-01
3.343724273972784600e-01
3.344675030134741101e-01
3.345627107098796960e-01
3.346580506308474701e-01
3.347535229317288308e-01
3.348491277563693802e-01
3.349448652608625343e-01
3.350407355884266747e-01
3.351367388959161642e-01
3.352328753257886595e-01
3.353291450356803427e-01
3.354255481671407080e-01
3.355220848786105714e-01
3.356187553105682841e-01
3.357155596222847205e-01
3.358124979529868437e-01
3.359095704628037304e-01
3.360067772895123372e-01
3.361041185941306408e-01
3.362015945127663219e-01
3.362992052073608407e-01
3.363969508121107399e-01
3.364948314899187110e-01
3.365928473728042603e-01
3.366909986246729436e-01
3.367892853750743543e-01
3.368877077889630423e-01
3.369862659930962789e-01
3.370849601535292339e-01
3.371837903938718628e-01
3.372827568813369092e-01
3.373818597359974913e-01
3.374810991262866544e-01
3.375804751683126326e-01
3.376799880317983282e-01
3.377796378284175227e-01
3.378794247292598585e-01
3.379793488410494096e-01
3.380794103363273795e-01
3.381796093163036421e-01
3.382799459550648868e-01
3.383804203476878381e-01
3.384810326699087546e-01
3.385817830099933645e-01
3.386826715454425152e-01
3.387836983569693095e-01
3.388848636239661927e-01
3.389861674187824025e-01
3.390876099228422036e-01
3.391891911992441222e-01
3.392909114315992292e-01
3.393927706727868365e-01
3.394947691087752961e-01
3.395969067811670516e-01
3.396991838784765849e-01
3.398016004298749504e-01
3.399041566266309267e-01
3.400068524842251860e-01
3.401096881969100649e-01
3.402126637651038399e-01
3.403157793862950364e-01
3.404190350443446200e-01
3.405224309402557492e-01
3.406259670397047690e-01
3.407296435475155594e-01
3.408334604094092057e-01
3.409374178343675399e-01
3.410415157462307056e-01
3.411457543585089680e-01
3.412501335710687589e-01
3.413546536023565614e-01
3.414593143259913588e-01
3.415641159658040493e-01
3.416690583666980308e-01
3.417741417583803898e-01
3.418793659543611918e-01
3.419847311907637799e-01
3.420902372468011543e-01
3.421958843656052740e-01
3.423016722889454244e-01
3.424076012676119940e-01
3.425136710025218356e-01
3.426198817528359752e-01
3.427262331749296731e-01
3.428327255371143023e-01
3.429393584472325007e-01
3.430461321835998056e-01
3.431530463012108512e-01
3.432601010893198135e-01
3.433672960454101641e-01
3.434746314706969006e-01
3.435821068001164158e-01
3.436897223479615793e-01
3.437974774811866641e-01
3.439053725283826579e-01
3.440134067826591813e-01
3.441215805882378853e-01
3.442298931580635157e-01
3.443383448534425573e-01
3.444469348003457165e-01
3.445556633787502654e-01
3.446645296203212361e-01
3.447735339254354714e-01
3.448826752235626958e-01
3.449919539373628163e-01
3.451013688856251482e-01
3.452109205153436888e-01
3.453206075255074725e-01
3.454304303896763018e-01
3.455403876772430438e-01
3.456504798907604759e-01
3.457607054595091545e-01
3.458710649176734431e-01
3.459815565431391682e-01
3.460921809045884867e-01
3.462029361164158381e-01
3.463138227849129613e-01
3.464248388480206109e-01
3.465359849530173508e-01
3.466472588475086325e-01
3.467586612234224708e-01
3.468701896231728421e-01
3.469818447873064260e-01
3.470936240371563231e-01
3.472055281661879933e-01
3.473175542576690256e-01
3.474297031626388810e-01
3.475419717081564275e-01
3.476543608078718761e-01
3.477668670132661455e-01
3.478794913060466731e-01
3.479922299414517917e-01
3.481050839751322901e-01
3.482180493440506508e-01
3.483311271841584289e-01
3.484443130906650921e-01
3.485576082866854164e-01
3.486710080006757972e-01
3.487845135503174765e-01
3.488981197707093918e-01
3.490118280820808661e-01
3.491256328978797341e-01
3.492395357494839092e-01
3.493535305986197326e-01
3.494676190970749108e-01
3.495817947229161171e-01
3.496960592583078786e-01
3.498104056637578174e-01
3.499248358625274280e-01
3.500393422616073780e-01
3.501539269368792451e-01
3.502685817037007321e-01
3.503833088029528198e-01
3.504980994179832665e-01
3.506129559679624363e-01
3.507278689614853895e-01
3.508428410102713002e-01
3.509578619029454782e-01
3.510729344590657330e-01
3.511880476994853617e-01
3.513032046679859799e-01
3.514183935671478243e-01
3.515336176825240022e-01
3.516488643451063933e-01
3.517641371010009066e-01
3.518794223533629473e-01
3.519947239289403229e-01
3.521100272437516221e-01
3.522253364266604847e-01
3.523406358440737685e-01
3.524559299499115950e-01
3.525712019951958154e-01
3.526864567833943864e-01
3.528016763809482259e-01
3.529168659670036123e-01
3.530320063506748873e-01
3.531471031146486972e-01
3.532621357342907165e-01
3.533771102255168217e-01
3.534920046497180834e-01
3.536068254876546524e-01
3.537215493025853141e-01
3.538361830737594693e-01
3.539507017780860743e-01
3.540651129290856569e-01
3.541793898249133710e-01
3.542935405513899516e-01
3.544075366312001707e-01
3.545213867628568272e-01
3.546350605924195598e-01
3.547485674739663253e-01
3.548618750712163594e-01
3.549749934392890105e-01
3.550878881491666417e-01
3.552005700052156545e-01
3.553130023704859641e-01
3.554251968496560110e-01
3.555371144777342840e-01
3.556487677137683545e-01
3.557601151395930472e-01
3.558711701258113203e-01
3.559818886708222552e-01
3.560922851172398929e-01
3.562023127445357318e-01
3.563119869312029175e-01
3.564212580969691180e-01
3.565301427236332032e-01
3.566385882249501482e-01
3.567466122571592568e-01
3.568541590763203430e-01
3.569612475881075442e-01
3.570678187335966092e-01
3.571738927469045866e-01
3.572794070912038156e-01
3.573843834122323315e-01
3.574887555266540451e-01
3.575925465793342584e-01
3.576956865660937401e-01
3.577982002229184166e-01
3.579000135446879227e-01
3.580011529551500038e-01
3.581015402623599075e-01
3.582012036792781018e-01
3.583000606354576068e-01
3.583981412394932620e-01
3.584953583449677073e-01
3.585917440676644197e-01
3.586872064819556782e-01
3.587817798276611847e-01
3.588753671909641341e-01
3.589680050580209558e-01
3.590595913121580329e-01
3.591501648137797598e-01
3.592396180230645331e-01
3.593279923083423921e-01
3.594151744808123383e-01
3.595012085563275561e-01
3.595859754658364271e-01
3.596695220183819264e-01
3.597517230280718459e-01
3.598326282490189598e-01
3.599121061367214769e-01
3.599902095485960074e-01
3.600668003347428647e-01
3.601419346206048977e-01
3.602154673992584155e-01
3.602874582355107824e-01
3.603577550091526249e-01
3.604264209024312104e-01
3.604932964211791657e-01
3.605584485500082925e-01
3.606217101559576199e-01
3.606831522178809979e-01
3.607425996952958736e-01
3.608001277602219670e-01
3.608555531923289261e-01
3.609089555628553492e-01
3.609601431960168805e-01
3.610092002755240781e-01
3.610559263915952277e-01
3.611004105609241788e-01
3.611424433586180038e-01
3.611821188621682777e-01
3.612192183482782482e-01
3.612538411903843949e-01
3.612857590817312170e-01
3.613150769341945123e-01
3.613415565711828870e-01
3.613653086928509395e-01
3.613860849655383678e-01
3.614040021348423615e-01
3.614188014224340995e-01
3.614306058838028801e-01
3.614391460084991903e-01
3.614445514335810627e-01
3.614465416297107381e-01
3.614452530943390030e-01
3.614403939937178012e-01
3.614321079715612783e-01
3.614200916060168467e-01
3.614044959798553558e-01
3.613850058018581168e-01
3.613617798934210534e-01
3.613344908157563595e-01
3.613033054350562878e-01
3.612678838904639922e-01
3.612284014055449632e-01
3.611845054272411759e-01
3.611363798552496007e-01
3.610836591792280226e-01
3.610265362996938343e-01
3.609646324896844116e-01
3.608981499808781024e-01
3.608266965768154866e-01
3.607504841760204584e-01
3.606691068668455569e-01
3.605827865553521416e-01
3.604911033769366280e-01
3.603942895905299926e-01
3.602919111494745086e-01
3.601842110151464715e-01
3.600707407391605663e-01
3.599517543387303342e-01
3.598267887542550558e-01
3.596961094155340932e-01
3.595592384532134700e-01
3.594164530692939286e-01
3.592672603978457890e-01
3.591119497750320244e-01
3.589500131640049330e-01
3.587817523988434676e-01
3.586066441106807168e-01
3.584250029964729523e-01
3.582362902082305567e-01
3.580408336713400974e-01
3.578380789263303496e-01
3.576283674925162526e-01
3.574111291820665226e-01
3.571867194729903550e-01
3.569545523484210503e-01
3.567149976083880958e-01
3.564674533232232156e-01
3.562123039761257437e-01
3.559489316584548146e-01
3.556777358947880163e-01
3.553980827496009964e-01
3.551103871433234915e-01
3.548139990845357583e-01
3.545093492394408852e-01
3.541957715512229488e-01
3.538737127763812440e-01
3.535424908032951952e-01
3.532025688170176703e-01
3.528532486823545145e-01
3.524950103440128157e-01
3.521271396956071054e-01
3.517501337645324022e-01
3.513632625472170035e-01
3.509670404677805999e-01
3.505607217215245264e-01
3.501448384333859520e-01
3.497186291160384597e-01
3.492826438884252815e-01
3.488361057218710148e-01
3.483795830106347635e-01
3.479122833490410072e-01
3.474347936751125410e-01
3.469463063938310055e-01
3.464474272415773437e-01
3.459373336451411207e-01
3.454166503790072618e-01
3.448845401265461241e-01
3.443416469242452371e-01
3.437871189705223318e-01
3.432216197709224703e-01
3.426442833210827654e-01
3.420557927848235646e-01
3.414552682608295031e-01
3.408434127415910231e-01
3.402193327582128668e-01
3.395837512824516069e-01
3.389357616305740395e-01
3.382761068834376772e-01
3.376038675183429261e-01
3.369198068333765228e-01
3.362229928655690592e-01
3.355142092157330502e-01
3.347925119017797213e-01
3.340587048892113553e-01
3.333118326199875914e-01
3.325527194618579929e-01
3.317803987455132941e-01
3.309957152532581048e-01
3.301976916901429027e-01
3.293871932392777868e-01
3.285632324860143227e-01
3.277266949736894475e-01
3.268765836935115243e-01
3.260138044809091640e-01
3.251373512773556018e-01
3.242481501139950484e-01
3.233451864450020419e-01
3.224294063719843062e-01
3.214997874413986767e-01
3.205572956706049803e-01
3.196009012941235516e-01
3.186315900603681195e-01
3.176483255029042829e-01
3.166521128860451673e-01
3.156419096675290303e-01
3.146187403815497441e-01
3.135815570481856884e-01
3.125314031942854620e-01
3.114672260523190239e-01
3.103900878330813629e-01
3.092989316421684287e-01
3.081948380339250559e-01
3.070767466572472126e-01
3.059457560378123220e-01
3.048008030461466511e-01
3.036430037751644551e-01
3.024712930021918877e-01
3.012868039514245422e-01
3.000884699976473780e-01
2.988774410286215710e-01
2.976526497113622938e-01
2.964152620978988684e-01
2.951642108449615276e-01
2.939006776382299124e-01
2.926235958229293499e-01
2.913341621567960282e-01
2.900313113721933456e-01
2.887162547067734231e-01
2.873879289771025802e-01
2.860475592785740595e-01
2.846940852059976490e-01
2.833287450608982794e-01
2.819504819058993306e-01
2.805605465682965427e-01
2.791578862621866275e-01
2.777437636322921399e-01
2.763171307205017357e-01
2.748792612534904367e-01
2.734291127685007927e-01
2.719679693124918418e-01
2.704947945754688221e-01
2.690108821378310311e-01
2.675152024882316293e-01
2.660090579295885105e-01
2.644914263822225053e-01
2.629636180377495358e-01
2.614246188670044102e-01
2.598757460948350473e-01
2.583159943459943375e-01
2.567466870027791392e-01
2.551668279305970288e-01
2.535777457744927688e-01
2.519784542094195001e-01
2.503702862310187016e-01
2.487522658737079950e-01
2.471257295556563427e-01
2.454897122006217958e-01
2.438455527069073592e-01
2.421922973964332482e-01
2.405312866925687632e-01
2.388615788022157571e-01
2.371845147077714377e-01
2.354991649650538532e-01
2.338068701402305216e-01
2.321067135782728108e-01
2.304000344464370298e-01
2.286859292946463174e-01
2.269657349029745586e-01
2.252385614169898076e-01
2.235057422375898717e-01
2.217664014709854747e-01
2.200218681450783198e-01
2.182712806655125182e-01
2.165159626934653747e-01
2.147550672461662480e-01
2.129899116263671566e-01
2.112196637480448780e-01
2.094456335677994385e-01
2.076670041542587608e-01
2.058850771360704879e-01
2.040990509669723674e-01
2.023102179737374107e-01
2.005177921981228517e-01
1.987230557009282139e-01
1.969252382872692386e-01
1.951256107996290068e-01
1.933234189543109049e-01
1.915199214368081548e-01
1.897143799950719301e-01
1.879080402344920353e-01
1.861001800279794838e-01
1.842920309951253943e-01
1.824828872002641766e-01
1.806739653907337984e-01
1.788645758622828541e-01
1.770559196245628242e-01
1.752473232187044261e-01
1.734399710739926714e-01
1.716332059654076536e-01
1.698281949236201682e-01
1.680242969210170023e-01
1.662226607974593984e-01
1.644226616620452219e-01
1.626254293992396571e-01
1.608303551706230794e-01
1.590385491697738352e-01
1.572494185037728309e-01
1.554640529703300578e-01
1.536818754931266462e-01
1.519039548008676577e-01
1.501297294839023799e-01
1.483602465618925892e-01
1.465949601218266840e-01
1.448348948685501125e-01
1.430795201965419094e-01
1.413298379254012416e-01
1.395853325498473407e-01
1.378469824701299418e-01
1.361142870569081731e-01
1.343882007941949452e-01
1.326682376883203951e-01
1.309553278481793703e-01
1.292489996606429326e-01
1.275501584393020083e-01
1.258583466827055963e-01
1.241744445282374348e-01
1.224980083046725426e-01
1.208298926320500732e-01
1.191696673764857661e-01
1.175181613396809183e-01
1.158749576219356703e-01
1.142408589460370688e-01
1.126154613342066346e-01
1.109995412103244455e-01
1.093927071983256949e-01
1.077957092438356218e-01
1.062081682455058157e-01
1.046308075319594133e-01
1.030632599439214453e-01
1.015062220947177407e-01
9.995933842998652730e-02
9.842327878966175558e-02
9.689769888372640194e-02
9.538324176047509317e-02
9.387957405134465805e-02
9.238731203413763637e-02
9.090613291758996295e-02
8.943662626900408807e-02
8.797847953002446708e-02
8.653225565564601207e-02
8.509765197678961779e-02
8.367520497179987971e-02
8.226462151895777564e-02
8.086641179225567688e-02
7.948029187805172313e-02
7.810674585401625181e-02
7.674549867881041987e-02
7.539700857655572130e-02
7.406100904678157570e-02
7.273793273651101010e-02
7.142752135983032602e-02
7.013018229565352868e-02
6.884566515217131755e-02
6.757435238051161253e-02
6.631600116906137543e-02
6.507096941155014747e-02
6.383902156983152498e-02
6.262049137936279153e-02
6.141515027649493974e-02
6.022330826489800254e-02
5.904474346474047203e-02
5.787974260032201224e-02
5.672809019371328337e-02
5.559005016672304705e-02
5.446541317059510473e-02
5.335442082448293294e-02
5.225686964562880482e-02
5.117297947178468115e-02
5.010255243288583987e-02
4.904578712639058591e-02
4.800249105175285330e-02
4.697284212551455784e-02
4.595665298381506475e-02
4.495408143832661102e-02
4.396494503954085503e-02
4.298938208536677574e-02
4.202721482892451260e-02
4.107856265891157016e-02
4.014325233002292992e-02
3.922138493812826060e-02
3.831279154912790863e-02
3.741755559267159054e-02
3.653551226614862313e-02
3.566672796822413505e-02
3.481104185863908435e-02
3.396850394735574652e-02
3.313895719779313964e-02
3.232243587897840748e-02
3.151878660964468892e-02
3.072802856960198808e-02
2.995001189465266306e-02
2.918474132955153552e-02
2.843207039881944995e-02
2.769199006728909410e-02
2.696435712948658248e-02
2.624914942499101400e-02
2.554622690897234011e-02
2.485555494856545033e-02
2.417699655926207683e-02
2.351050528535281181e-02
2.285594711103217797e-02
2.221326440283416179e-02
2.158232603038237260e-02
2.096306382177736891e-02
2.035534945676702873e-02
1.975910485737785924e-02
1.917420444575354196e-02
1.860056086209829415e-02
1.803805121039351797e-02
1.748657946407897873e-02
1.694602535516917530e-02
1.641628479517633077e-02
1.589724009667161167e-02
