2.991963134630946236e-02
9.270333249924699037e-02
1.797126632241812794e-01
2.621437081008555769e-01
3.191421871984603253e-01
3.482071558523521793e-01
3.578580883380834687e-01
3.575548162407318209e-01
3.533363887176034779e-01
3.480240065640834435e-01
3.426569555181364635e-01
3.375421686743356742e-01
3.327455863438271155e-01
3.282677817536013842e-01
3.240951251678936273e-01
3.202123059735595967e-01
3.166048965136265547e-01
3.132597278767326188e-01
3.101648554203364494e-01
3.073094655162734723e-01
3.046837837318319142e-01
3.022789926453496867e-01
3.000871593680455307e-01
2.981011718311631919e-01
2.963146829023613482e-01
2.947220615156464496e-01
2.933183501170126828e-01
2.920992278316663082e-01
2.910609788492062311e-01
2.902004656026112572e-01
2.895151063872978270e-01
2.890028571293903892e-01
2.886621970693007411e-01
2.884921181788845379e-01
2.884921181788845379e-01
2.886621970693007411e-01
2.890028571293904447e-01
2.895151063872978825e-01
2.902004656026113127e-01
2.910609788492062311e-01
2.920992278316663082e-01
2.933183501170127938e-01
2.947220615156465606e-01
2.963146829023614592e-01
2.981011718311633030e-01
3.000871593680456417e-01
3.022789926453498532e-01
3.046837837318321363e-01
3.073094655162736943e-01
3.101648554203367270e-01
3.132597278767330073e-01
3.166048965136268878e-01
3.202123059735599298e-01
3.240951251678939049e-01
3.282677817536016618e-01
3.327455863438274486e-01
3.375421686743360072e-01
3.426569555181367410e-01
3.480240065640838321e-01
3.533363887176036444e-01
3.575548162407320985e-01
3.578580883380836908e-01
3.482071558523524013e-01
3.191421871984599368e-01
2.621437081008547998e-01
1.797126632241801969e-01
9.270333249924604668e-02
2.991963134630883092e-02
