6.676381954405795349e-02
2.287806722481293686e-01
3.267007741140701138e-01
3.527603038120162848e-01
3.494552069041192421e-01
3.399344945665546125e-01
3.304986420583840845e-01
3.221590478943728297e-01
3.149367050430073034e-01
3.087400268717123142e-01
3.034830887481085870e-01
2.990950173350153674e-01
2.955186140930830541e-01
2.927086015247101214e-01
2.906302446084685354e-01
2.892583250707121967e-01
2.885764155634860106e-01
2.885764155634860662e-01
2.892583250707122522e-01
2.906302446084686464e-01
2.927086015247101769e-01
2.955186140930831651e-01
2.990950173350155339e-01
3.034830887481086426e-01
3.087400268717124252e-01
3.149367050430074144e-01
3.221590478943728852e-01
3.304986420583844176e-01
3.399344945665550011e-01
3.494552069041195752e-01
3.527603038120163959e-01
3.267007741140698363e-01
2.287806722481284250e-01
6.676381954405692654e-02
