1.691854134928252179e-02
1.973216132463301298e-02
2.283004560305109884e-02
2.622478648334576265e-02
2.992774443578707574e-02
3.394883004148918637e-02
3.829629126187549665e-02
4.297651016362789150e-02
4.799381328844170430e-02
5.335029982275406313e-02
5.904569158570174836e-02
6.507720861213352193e-02
7.143947376291859275e-02
7.812444935165886728e-02
8.512140824305078346e-02
9.241694126446783897e-02
9.999500209259470918e-02
1.078369900473663684e-01
1.159218704642678566e-01
1.242263315429129461e-01
1.327249758052335138e-01
1.413905435612343164e-01
1.501941650942254791e-01
1.591056376596697297e-01
1.680937228593535337e-01
1.771264595201841319e-01
1.861714868862789085e-01
1.951963727326087028e-01
2.041689409331578220e-01
2.130575930675465413e-01
2.218316188247742571e-01
2.304614902550421451e-01
2.389191353210198265e-01
2.471781866959743001e-01
2.552142023329172504e-01
2.630048549694122273e-01
2.705300884186143118e-01
2.777722392094444936e-01
2.847161228583712789e-01
2.913490847634332970e-01
2.976610163903044559e-01
3.036443380544024406e-01
3.092939501782808742e-01
3.146071554082413568e-01
3.195835543992323058e-01
3.242249184164178732e-01
3.285350421518231645e-01
3.325195803144459505e-01
3.361858716239720657e-01
3.395427538259344069e-01
3.426003732560073400e-01
3.453699923210818423e-01
3.478637980440908439e-01
3.500947145484710199e-01
3.520762220474508708e-01
3.538221845640118213e-01
3.553466882501802315e-01
3.566638918096078914e-01
3.577878901647492116e-01
3.587325921579493371e-01
3.595116127419057950e-01
3.601381798054573147e-01
3.606250555004292258e-01
3.609844716879219151e-01
3.612280789102921275e-01
3.613669081192794619e-01
3.614113442512754681e-01
3.613711106366781500e-01
3.612552631598245911e-01
3.610721930466939678e-01
3.608296371464383423e-01
3.605346945864801311e-01
3.601938487158554136e-01
3.598129933040170592e-01
3.593974620288314381e-01
3.589520603645096619e-01
3.584810990644444195e-01
3.579884285223817186e-01
3.574774733853741671e-01
3.569512668812329093e-01
3.564124844097695255e-01
3.558634760294248078e-01
3.553062975476936058e-01
3.547427399941927573e-01
3.541743573186953986e-01
3.536024922126701497e-01
3.530283000017397921e-01
3.524527705981406189e-01
3.518767485370183912e-01
3.513009511486368530e-01
3.507259849408291830e-01
3.501523602828394699e-01
3.495805044936967643e-01
3.490107734460446420e-01
3.484434618005294304e-01
3.478788119869966611e-01
3.473170220474322001e-01
3.467582524522843102e-01
3.462026319970060717e-01
3.456502628797315513e-01
3.451012250543294413e-01
3.445555799459376622e-01
3.440133736087366279e-01
3.434746393983597601e-01
3.429394002241467065e-01
3.424076704395137560e-01
3.418794574221712401e-01
3.413547628897919406e-01
3.408335839910820453e-01
3.403159142070485976e-01
3.398017440925786836e-01
3.392910618842623904e-01
3.387838539966580576e-01
3.382801054259108597e-01
3.377798000767506248e-01
3.372829210263788569e-01
3.367894507365878365e-01
3.362993712235826105e-01
3.358126641933805723e-01
3.353293111493073075e-01
3.348492934769594642e-01
3.343725925110425101e-01
3.338991895876810556e-01
3.334290660851361165e-01
3.329622034552967014e-01
3.324985832478652426e-01
3.320381871287748088e-01
3.315809968940695573e-01
3.311269944802324727e-01
3.306761619717400458e-01
3.302284816064625095e-01
3.297839357793954651e-01
3.293425070451065362e-01
3.289041781191951452e-01
3.284689318790007806e-01
3.280367513637381105e-01
3.276076197742016638e-01
3.271815204721469361e-01
3.267584369794315213e-01
3.263383529769800506e-01
3.259212523036195130e-01
3.255071189548259247e-01
3.250959370814048843e-01
3.246876909881319384e-01
3.242823651323648027e-01
3.238799441226412057e-01
3.234804127172709043e-01
3.230837558229275319e-01
3.226899584932449994e-01
3.222990059274243868e-01
3.219108834688485521e-01
3.215255766037121155e-01
3.211430709596642674e-01
3.207633523044662316e-01
3.203864065446644371e-01
3.200122197242789013e-01
3.196407780235075435e-01
3.192720677574469312e-01
3.189060753748278465e-01
3.185427874567677287e-01
3.181821907155374940e-01
3.178242719933455640e-01
3.174690182611361600e-01
3.171164166174026411e-01
3.167664542870167743e-01
3.164191186200727701e-01
3.160743970907451406e-01
3.157322772961617674e-01
3.153927469552909035e-01
3.150557939078431624e-01
3.147214061131861640e-01
3.143895716492734471e-01
3.140602787115884253e-01
3.137335156120985014e-01
3.134092707782259457e-01
3.130875327518296558e-01
3.127682901881999045e-01
3.124515318550670773e-01
3.121372466316218452e-01
3.118254235075483272e-01
3.115160515820684650e-01
3.112091200630004439e-01
3.109046182658274371e-01
3.106025356127777304e-01
3.103028616319185584e-01
3.100055859562597105e-01
3.097106983228685162e-01
3.094181885719969882e-01
3.091280466462195120e-01
3.088402625895813602e-01
3.085548265467575324e-01
3.082717287622234736e-01
3.079909595794352306e-01
3.077125094400207095e-01
3.074363688829805930e-01
3.071625285438996378e-01
3.068909791541681864e-01
3.066217115402132820e-01
3.063547166227396645e-01
3.060899854159805922e-01
3.058275090269577667e-01
3.055672786547509734e-01
3.053092855897772129e-01
3.050535212130788265e-01
3.047999769956203919e-01
3.045486444975952223e-01
3.042995153677399700e-01
3.040525813426592783e-01
3.038078342461576486e-01
3.035652659885806348e-01
3.033248685661642519e-01
3.030866340603937670e-01
3.028505546373687074e-01
3.026166225471779714e-01
3.023848301232823221e-01
3.021551697819043203e-01
3.019276340214273047e-01
3.017022154218013674e-01
3.014789066439574894e-01
3.012577004292285587e-01
3.010385895987788829e-01
3.008215670530410280e-01
3.006066257711592637e-01
3.003937588104417800e-01
3.001829593058183421e-01
2.999742204693062742e-01
2.997675355894834914e-01
2.995628980309684164e-01
2.993603012339058900e-01
2.991597387134616870e-01
2.989612040593223052e-01
2.987646909352026370e-01
2.985701930783587477e-01
2.983777042991089257e-01
2.981872184803604497e-01
2.979987295771421296e-01
2.978122316161447292e-01
2.976277186952663856e-01
2.974451849831650230e-01
2.972646247188165947e-01
2.970860322110789875e-01
2.969094018382638089e-01
2.967347280477113380e-01
2.965620053553741364e-01
2.963912283454049890e-01
2.962223916697506731e-01
2.960554900477525564e-01
2.958905182657515787e-01
2.957274711766998965e-01
2.955663436997777449e-01
2.954071308200158508e-01
2.952498275879231748e-01
2.950944291191204827e-01
2.949409305939794668e-01
2.947893272572661982e-01
2.946396144177911292e-01
2.944917874480634801e-01
2.943458417839510677e-01
2.942017729243459612e-01
2.940595764308341908e-01
2.939192479273710634e-01
2.937807830999616399e-01
2.936441776963458761e-01
2.935094275256889262e-01
2.933765284582759980e-01
2.932454764252129253e-01
2.931162674181309047e-01
2.929888974888955055e-01
2.928633627493215652e-01
2.927396593708923578e-01
2.926177835844827602e-01
2.924977316800881910e-01
2.923795000065573801e-01
2.922630849713299672e-01
2.921484830401789301e-01
2.920356907369560107e-01
2.919247046433443016e-01
2.918155213986123320e-01
2.917081376993753139e-01
2.916025502993579432e-01
2.914987560091640839e-01
2.913967516960491166e-01
2.912965342836972837e-01
2.911981007520030862e-01
2.911014481368566220e-01
2.910065735299341982e-01
2.909134740784914408e-01
2.908221469851621221e-01
2.907325895077600419e-01
2.906447989590852932e-01
2.905587727067350245e-01
2.904745081729175338e-01
2.903920028342710791e-01
2.903112542216863545e-01
2.902322599201321851e-01
2.901550175684867727e-01
2.900795248593717734e-01
2.900057795389902049e-01
2.899337794069689611e-01
2.898635223162042140e-01
2.897950061727118110e-01
2.897282289354806695e-01
2.896631886163301695e-01
2.895998832797716527e-01
2.895383110428726425e-01
2.894784700751269479e-01
2.894203585983255445e-01
2.893639748864344496e-01
2.893093172654732093e-01
2.892563841133996005e-01
2.892051738599962785e-01
2.891556849867619183e-01
2.891079160268057446e-01
2.890618655647463342e-01
2.890175322366129729e-01
2.889749147297508980e-01
2.889340117827309262e-01
2.888948221852619125e-01
2.888573447781068726e-01
2.888215784530032693e-01
2.887875221525857405e-01
2.887551748703136578e-01
2.887245356504009597e-01
2.886956035877505933e-01
2.886683778278920642e-01
2.886428575669222618e-01
2.886190420514498367e-01
2.885969305785436312e-01
2.885765224956842734e-01
2.885578172007183251e-01
2.885408141418178141e-01
2.885255128174418759e-01
2.885119127763018931e-01
2.885000136173308527e-01
2.884898149896552022e-01
2.884813165925714240e-01
2.884745181755248300e-01
2.884694195380918535e-01
2.884660205299676705e-01
2.884643210509540423e-01
2.884643210509540423e-01
2.884660205299676150e-01
2.884694195380917980e-01
2.884745181755247745e-01
2.884813165925713130e-01
2.884898149896550912e-01
2.885000136173306862e-01
2.885119127763016711e-01
2.885255128174416539e-01
2.885408141418175920e-01
2.885578172007181030e-01
2.885765224956839958e-01
2.885969305785433536e-01
2.886190420514495036e-01
2.886428575669219287e-01
2.886683778278917312e-01
2.886956035877502602e-01
2.887245356504005711e-01
2.887551748703132137e-01
2.887875221525853520e-01
2.888215784530028252e-01
2.888573447781063730e-01
2.888948221852613574e-01
2.889340117827303156e-01
2.889749147297502319e-01
2.890175322366123067e-01
2.890618655647456126e-01
2.891079160268050230e-01
2.891556849867611412e-01
2.892051738599954458e-01
2.892563841133987679e-01
2.893093172654723766e-01
2.893639748864336170e-01
2.894203585983246563e-01
2.894784700751260598e-01
2.895383110428716988e-01
2.895998832797706535e-01
2.896631886163291703e-01
2.897282289354796148e-01
2.897950061727107562e-01
2.898635223162031593e-01
2.899337794069678509e-01
2.900057795389890392e-01
2.900795248593706077e-01
2.901550175684856070e-01
2.902322599201309639e-01
2.903112542216851333e-01
2.903920028342698578e-01
2.904745081729163125e-01
2.905587727067338033e-01
2.906447989590840719e-01
2.907325895077587652e-01
2.908221469851608454e-01
2.909134740784901640e-01
2.910065735299329215e-01
2.911014481368553453e-01
2.911981007520017539e-01
2.912965342836958960e-01
2.913967516960477289e-01
2.914987560091626961e-01
2.916025502993565555e-01
2.917081376993738706e-01
2.918155213986108887e-01
2.919247046433428028e-01
2.920356907369544563e-01
2.921484830401773758e-01
2.922630849713284129e-01
2.923795000065557703e-01
2.924977316800865257e-01
2.926177835844810948e-01
2.927396593708906369e-01
2.928633627493198444e-01
2.929888974888937292e-01
2.931162674181290728e-01
2.932454764252110935e-01
2.933765284582741106e-01
2.935094275256870389e-01
2.936441776963439887e-01
2.937807830999597525e-01
2.939192479273691760e-01
2.940595764308322480e-01
2.942017729243440183e-01
2.943458417839490693e-01
2.944917874480614262e-01
2.946396144177890197e-01
2.947893272572640333e-01
2.949409305939773018e-01
2.950944291191183178e-01
2.952498275879210099e-01
2.954071308200136858e-01
2.955663436997755245e-01
2.957274711766976760e-01
2.958905182657493027e-01
2.960554900477502249e-01
2.962223916697482862e-01
2.963912283454026020e-01
2.965620053553716939e-01
2.967347280477088400e-01
2.969094018382612554e-01
2.970860322110763785e-01
2.972646247188139301e-01
2.974451849831623584e-01
2.976277186952636655e-01
2.978122316161419536e-01
2.979987295771392986e-01
2.981872184803575632e-01
2.983777042991060391e-01
2.985701930783558056e-01
2.987646909351996394e-01
2.989612040593192521e-01
2.991597387134586339e-01
2.993603012339028369e-01
2.995628980309653633e-01
2.997675355894804383e-01
2.999742204693031655e-01
3.001829593058152335e-01
3.003937588104386158e-01
3.006066257711560996e-01
3.008215670530378083e-01
3.010385895987756633e-01
3.012577004292253391e-01
3.014789066439542697e-01
3.017022154217981478e-01
3.019276340214240295e-01
3.021551697819009896e-01
3.023848301232789915e-01
3.026166225471745852e-01
3.028505546373653212e-01
3.030866340603904363e-01
3.033248685661609212e-01
3.035652659885772486e-01
3.038078342461542625e-01
3.040525813426558366e-01
3.042995153677364728e-01
3.045486444975916696e-01
3.047999769956168392e-01
3.050535212130752738e-01
3.053092855897736047e-01
3.055672786547473097e-01
3.058275090269541030e-01
3.060899854159768729e-01
3.063547166227359453e-01
3.066217115402095073e-01
3.068909791541644116e-01
3.071625285438958630e-01
3.074363688829768182e-01
3.077125094400168792e-01
3.079909595794313448e-01
3.082717287622195323e-01
3.085548265467535911e-01
3.088402625895774190e-01
3.091280466462155152e-01
3.094181885719928804e-01
3.097106983228642973e-01
3.100055859562554361e-01
3.103028616319142841e-01
3.106025356127734005e-01
3.109046182658231072e-01
3.112091200629960586e-01
3.115160515820639686e-01
3.118254235075437752e-01
3.121372466316172933e-01
3.124515318550625254e-01
3.127682901881952970e-01
3.130875327518251039e-01
3.134092707782212828e-01
3.137335156120937829e-01
3.140602787115837069e-01
3.143895716492687287e-01
3.147214061131813900e-01
3.150557939078383329e-01
3.153927469552860741e-01
3.157322772961568824e-01
3.160743970907402001e-01
3.164191186200677741e-01
3.167664542870117228e-01
3.171164166173975341e-01
3.174690182611309974e-01
3.178242719933403460e-01
3.181821907155322759e-01
3.185427874567624551e-01
3.189060753748225729e-01
3.192720677574416022e-01
3.196407780235021590e-01
3.200122197242734612e-01
3.203864065446589970e-01
3.207633523044607360e-01
3.211430709596586608e-01
3.215255766037064533e-01
3.219108834688428900e-01
3.222990059274187247e-01
3.226899584932392262e-01
3.230837558229217588e-01
3.234804127172650756e-01
3.238799441226352660e-01
3.242823651323588074e-01
3.246876909881259432e-01
3.250959370813988336e-01
3.255071189548198185e-01
3.259212523036133513e-01
3.263383529769738889e-01
3.267584369794253596e-01
3.271815204721407744e-01
3.276076197741954465e-01
3.280367513637318377e-01
3.284689318789944523e-01
3.289041781191888170e-01
3.293425070451001524e-01
3.297839357793890258e-01
3.302284816064560702e-01
3.306761619717335510e-01
3.311269944802259224e-01
3.315809968940630070e-01
3.320381871287682030e-01
3.324985832478585812e-01
3.329622034552899845e-01
3.334290660851293997e-01
3.338991895876742833e-01
3.343725925110356823e-01
3.348492934769525253e-01
3.353293111493003131e-01
3.358126641933735224e-01
3.362993712235755051e-01
3.367894507365807311e-01
3.372829210263716959e-01
3.377798000767434639e-01
3.382801054259035878e-01
3.387838539966507301e-01
3.392910618842550630e-01
3.398017440925713561e-01
3.403159142070412146e-01
3.408335839910746623e-01
3.413547628897844466e-01
3.418794574221636906e-01
3.424076704395061510e-01
3.429394002241390460e-01
3.434746393983520441e-01
3.440133736087288563e-01
3.445555799459298352e-01
3.451012250543215587e-01
3.456502628797236687e-01
3.462026319969981891e-01
3.467582524522763165e-01
3.473170220474241510e-01
3.478788119869886120e-01
3.484434618005213813e-01
3.490107734460364819e-01
3.495805044936885486e-01
3.501523602828311987e-01
3.507259849408209118e-01
3.513009511486285263e-01
3.518767485370100645e-01
3.524527705981322923e-01
3.530283000017314099e-01
3.536024922126617120e-01
3.541743573186869054e-01
3.547427399941842641e-01
3.553062975476851126e-01
3.558634760294163146e-01
3.564124844097609768e-01
3.569512668812243050e-01
3.574774733853655628e-01
3.579884285223730589e-01
3.584810990644358153e-01
3.589520603645011132e-01
3.593974620288229449e-01
3.598129933040086215e-01
3.601938487158470314e-01
3.605346945864719155e-01
3.608296371464302377e-01
3.610721930466860297e-01
3.612552631598168196e-01
3.613711106366706560e-01
3.614113442512682517e-01
3.613669081192725230e-01
3.612280789102855216e-01
3.609844716879156978e-01
3.606250555004234526e-01
3.601381798054520411e-01
3.595116127419010765e-01
3.587325921579452292e-01
3.577878901647456589e-01
3.566638918096050048e-01
3.553466882501780666e-01
3.538221845640104335e-01
3.520762220474503157e-01
3.500947145484714085e-01
3.478637980440922872e-01
3.453699923210843958e-01
3.426003732560110593e-01
3.395427538259394029e-01
3.361858716239781719e-01
3.325195803144532780e-01
3.285350421518318798e-01
3.242249184164277542e-01
3.195835543992436856e-01
3.146071554082540134e-01
3.092939501782949741e-01
3.036443380544179282e-01
2.976610163903214423e-01
2.913490847634517267e-01
2.847161228583910964e-01
2.777722392094656989e-01
2.705300884186369048e-01
2.630048549694360971e-01
2.552142023329422860e-01
2.471781866960005014e-01
2.389191353210471380e-01
2.304614902550705113e-01
2.218316188248034837e-01
2.130575930675765728e-01
2.041689409331884919e-01
1.951963727326398723e-01
1.861714868863104111e-01
1.771264595202159120e-01
1.680937228593853972e-01
1.591056376597015654e-01
1.501941650942572037e-01
1.413905435612657635e-01
1.327249758052645445e-01
1.242263315429434217e-01
1.159218704642976799e-01
1.078369900473954562e-01
9.999500209262293660e-02
9.241694126449512270e-02
8.512140824307705411e-02
7.812444935168402771e-02
7.143947376294260132e-02
6.507720861215630925e-02
5.904569158572327975e-02
5.335029982277430388e-02
4.799381328846064748e-02
4.297651016364555099e-02
3.829629126189184468e-02
3.394883004150425071e-02
2.992774443580089108e-02
2.622478648335837062e-02
2.283004560306252720e-02
1.973216132464329989e-02
1.691854134929171236e-02
