2.470419870304515371e+02
4.527706527831206813e+02
-2.893875684453014856e+03
2.595221672695091456e+03
-2.094851895235239681e+03
2.720296930946927205e+03
-2.471794166381638206e+03
2.554377042773113772e+03
9.650903396841844142e+02
-2.974618340379324763e+02
-3.395302713412813318e+03
1.592615484931331139e+03
3.683683475381241351e+03
2.445123225719507900e+02
-4.359076078339050582e+03
-1.131430247527757501e+03
2.174380152089026524e+03
-3.368706106173525541e+02
-1.047072745423286051e+03
-1.384258059425777219e+03
1.127603527208094192e+03
4.565329575700940950e+03
6.673632466610399661e+02
-2.475643215356592464e+03
-3.189677800327451223e+03
5.852216729112175244e+02
2.426534787757716003e+03
-1.717695356156708385e+03
1.085220173149977427e+03
7.987552238952976325e+01
5.415843779856941183e+02
-3.895381837610048933e+03
1.338625452482835954e+03
1.043043847171192510e+03
