1.871967082898006451e-01
2.802396515518655873e-01
3.235178047410682267e-01
3.154842824419588077e-01
3.066543086394381001e-01
3.085825950781629912e-01
3.119222692964941368e-01
3.116304232161730137e-01
3.097938632281599380e-01
3.073604246488551017e-01
2.978045573316915884e-01
3.011744772945885162e-01
2.885707235504269552e-01
2.986301131232815820e-01
2.979183132289205949e-01
2.833914624888833611e-01
2.962858988383789693e-01
2.841978130390100388e-01
2.988250820616841219e-01
2.973008674504863391e-01
2.939506312601430915e-01
2.941541067307411605e-01
2.987273020048182293e-01
2.992405890864008877e-01
3.043158551446968896e-01
3.043136764126772031e-01
2.965860772490006569e-01
3.110208188054820466e-01
3.041093505326631918e-01
3.070579409327683362e-01
3.082794946409585513e-01
3.039124675269541109e-01
2.848133488818280212e-01
1.830367012515303204e-01
