\BOOKMARK [1][-]{section.1}{Model problem}{}% 1
\BOOKMARK [2][-]{subsection.1.1}{Advection-diffusion}{section.1}% 2
\BOOKMARK [2][-]{subsection.1.2}{Discretization}{section.1}% 3
\BOOKMARK [1][-]{section.2}{Method}{}% 4
\BOOKMARK [2][-]{subsection.2.1}{Coarse time stepper}{section.2}% 5
\BOOKMARK [3][-]{subsubsection.2.1.1}{Lifting: bold0mu mumu X }{subsection.2.1}% 6
\BOOKMARK [3][-]{subsubsection.2.1.2}{Restriction: X bold0mu mumu }{subsection.2.1}% 7
\BOOKMARK [2][-]{subsection.2.2}{Fixed-point algorithm}{section.2}% 8
\BOOKMARK [3][-]{subsubsection.2.2.1}{Newton-Krylov solver}{subsection.2.2}% 9
\BOOKMARK [3][-]{subsubsection.2.2.2}{Variance reduced Jacobian-vector products}{subsection.2.2}% 10
\BOOKMARK [1][-]{section.3}{Analysis}{}% 11
\BOOKMARK [2][-]{subsection.3.1}{Variance}{section.3}% 12
\BOOKMARK [2][-]{subsection.3.2}{bias}{section.3}% 13
\BOOKMARK [3][-]{subsubsection.3.2.1}{Analysis of GMRES}{subsection.3.2}% 14
\BOOKMARK [3][-]{subsubsection.3.2.2}{experiments}{subsection.3.2}% 15
\BOOKMARK [1][-]{section.4}{Application: Systemic Risk}{}% 16
\BOOKMARK [2][-]{subsection.4.1}{Bifurcation study}{section.4}% 17
\BOOKMARK [3][-]{subsubsection.4.1.1}{Nota's}{subsection.4.1}% 18
\BOOKMARK [2][-]{subsection.4.2}{Results for the pde}{section.4}% 19
\BOOKMARK [2][-]{subsection.4.3}{Results for the sde}{section.4}% 20
\BOOKMARK [3][-]{subsubsection.4.3.1}{Calculating fixed points}{subsection.4.3}% 21
\BOOKMARK [3][-]{subsubsection.4.3.2}{Continuation}{subsection.4.3}% 22
\BOOKMARK [1][-]{section.5}{Convergence of the Newton Method}{}% 23
\BOOKMARK [2][-]{subsubsection.5.0.3}{Maximal accuracy}{section.5}% 24
\BOOKMARK [2][-]{subsection.5.1}{Results for the pde}{section.5}% 25
\BOOKMARK [2][-]{subsection.5.2}{Results for the sde}{section.5}% 26
